Connect MD5 differential paths
Copyright (C) 2009 Marc Stevens
http://homepages.cwi.nl/~stevens/

delta_m[11] = [!9!]
Loading workdir2/paths16_0of1.bin.gz...done: 500000.
Loading workdir2/paths11_0of1.bin.gz...done: 500000.
t=12: 0%   10   20   30   40   50   60   70   80   90   100%
      |----|----|----|----|----|----|----|----|----|----|
      *Q-3:	|00001111 01100000 00001011 10000101|
Q-2:	|+010+-11 0-1-+-++ 11110+-0 1-00011+|
Q-1:	|-01+--10 -+0-+00- 000010+1 1-0111+-|
Q0:	|---+0+00 1+---0-- ++++0-1+ --100001| ok p=0.485352
Q1:	|.00.00.- -.0+1.0+ 0+0+.-11 -+..+.+1| ok p=1
Q2:	|01-0.+.- +100-01+ 0.-..-.0 .+..0.1.| ok p=1
Q3:	|1-1..0.1 1..111.- .011.1.. 0+..1.0.| ok p=1
Q4:	|.-1..1.1 +.!.--.1 ..-..0.. 1.....+0| ok p=1
Q5:	|^+...+.- -...+1.0 ..-..+^. 01!...+0| ok p=1
Q6:	|!1...0.1 1..^++.. ....!-+. +..1...+| ok p=1
Q7:	|!-.0.1.1 -..+.1.! ..0..-1. -..1..0-| ok p=1
Q8:	|^+.0.... +.!101.. .....-1. -..-..01| ok p=1
Q9:	|.+!+..0. +..-.... ..1..-.. ...-..+-| ok p=1
Q10:	|!0.+1.11 1..+001. 0001.-11 001-..+1| ok p=1
Q11:	|.11001-0 001-010^ 11+1^-01 011-^0+1| ok p=1
Q12:	|^+0++00- -100+--+ ++0++1++ +++0+100| ok p=1
Q13:	|+0--0+1+ +++1-++1 ++++1-0+ 01++0-+-| ok p=1
Q14:	|11+0+0-0 10-0011+ .1-.0111 11.-0110| ok p=1
Q15:	|1001+111 110+0110 0011-00- .01-.111| ok p=0.737305
Q16:	|..1.1.+. .0+..0.- ..+.-.+. .1.+.0..| ok p=0.251953
Q17:	|....1.0. .0.^.1.. ..0.0.1^ .-.1.1..| ok p=0.866211
Q18:	|.0....0. .-^..+.^ ..-.0.1. ...+.-..| ok p=0.856445
Q19:	|10....-. ........ ..-.0.+. .^.+....| ok p=0.432617
Q20:	|1-..0... 0^...^.. ..001... 0..0.^..| ok p=1
Q21:	|-0..1.^. 1....0.. ..11-.^. 1..0....| ok p=0.336914
Q22:	|.1..+... -....1.. ...+.... +.......| ok p=0.691406
Q23:	|^....... .....+.0 ....^... ...0....| ok p=0.743164
Q24:	|....^... ^.0....1 ...^.... ^..1...0| ok p=0.445312
Q25:	|........ .....^.- ........ ...-...1| ok p=0.966797
Q26:	|........ .0+..... ......0. .......-| ok p=1
Q27:	|........ .1+....^ ......1. ...^....| ok p=0.999023
Q28:	|........ .+-..... ......+. .......^| ok p=1
Q29:	|........ ..0..... ......0. ........| ok p=1
Q30:	|........ .^1..... ......-. ........| ok p=1
Q31:	|........ ........ ......-. ........| ok p=0.999023
Q32:	|........ ........ ........ ........| ok p=1
Q33:	|........ ........ ......!. ........| ok p=1
Q34:	|........ ........ ........ ........| ok p=1
Q35:	|........ ........ ........ ........| ok p=1
Q36:	|........ ........ ........ ........| ok p=1
Q37:	|........ ........ ........ ........| ok p=1
Q38:	|........ ........ ........ ........| ok p=1
Q39:	|........ ........ ........ ........| ok p=1
Q40:	|........ ........ ........ ........| ok p=1
Q41:	|........ ........ ........ ........| ok p=1
Q42:	|........ ........ ........ ........| ok p=1
Q43:	|........ ........ ........ ........| ok p=1
Q44:	|........ ........ ........ ........| ok p=1
Q45:	|........ ........ ........ ........| ok p=1
Q46:	|........ ........ ........ ........| ok p=1
Q47:	|........ ........ ........ ........| ok p=1
Q48:	|........ ........ ........ ........| ok p=1
Q49:	|........ ........ ........ ........| ok p=1
Q50:	|........ ........ ........ ........| ok p=1
Q51:	|........ ........ ........ ........| ok p=1
Q52:	|........ ........ ........ ........| ok p=1
Q53:	|........ ........ ........ ........| ok p=1
Q54:	|........ ........ ........ ........| ok p=1
Q55:	|........ ........ ........ ........| ok p=1
Q56:	|........ ........ ........ ........| ok p=1
Q57:	|........ ........ ........ ........| ok p=1
Q58:	|........ ........ ........ ........| ok p=1
Q59:	|........ ........ ........ ........| ok p=1
Q60:	|........ ...00... ........ ........| ok p=1
Q61:	|........ ....1... ........ ........| ok p=1
Q62:	|........ ...+-... ........ ........| ok p=1
Q63:	|........ ...?+... ........ ........| ok p=0.998047
Q64:	|........ ....+... ......-. ........|
Best path: totcompl=-30 tottunnel=32, totcond=573, p=0.00273684
Q-3:	|00001111 01100000 00001011 10000101|
Q-2:	|+010+-11 0-1-+-++ 11110+-0 1-00011+|
Q-1:	|-01+--10 -+0-+00- 000010+1 1-0111+-|
Q0:	|---+0+00 1+---0-- ++++0-1+ --100001| ok p=0.505859
Q1:	|.00.00.- -.0+1.0+ 0+0+.-11 -+..+.+1| ok p=1
Q2:	|01-0.+.- +100-01+ 0.-..-.0 .+..0.1.| ok p=1
Q3:	|1-1..0.1 1..111.- .011.1.. 0+..1.0.| ok p=1
Q4:	|.-1..1.1 +.!.--.1 ..-..0.. 1.....+0| ok p=1
Q5:	|^+...+.- -...+1.0 ..-..+^. 01!...+0| ok p=1
Q6:	|!1...0.1 1..^++.. ....!-+. +..1...+| ok p=1
Q7:	|!-.0.1.1 -..+.1.! ..0..-1. -..1..0-| ok p=1
Q8:	|^+.0.... +.!101.. .....-1. -..-..01| ok p=1
Q9:	|!+.+..0. +..-.... ..1..-.. ...-..+-| ok p=1
Q10:	|!0.+.01. 1..+001. 0001.-11 001-..+1| ok p=1
Q11:	|.110^1-. 011-010^ 11+1^-01 011-^0+1| ok p=1
Q12:	|^+0++-+^ +000+--+ ++0++1++ +++0+100| ok p=1
Q13:	|+0--0++- +++1-++1 ++++1-0+ 01++0-+-| ok p=1
Q14:	|11+0+0-1 .0-0011+ .1-.0111 11.-0110| ok p=1
Q15:	|1001+111 110+0110 0011-00- .01-.111| ok p=0.75293
Q16:	|..1.1.+. .0+..0.- ..+.-.+. .1.+.0..| ok p=0.249023
Q17:	|....1.0. .0.^.1.. ..0.0.1^ .-.1.1..| ok p=0.848633
Q18:	|.0....0. .-^..+.^ ..-.0.1. ...+.-..| ok p=0.863281
Q19:	|10....-. ........ ..-.0.+. .^.+....| ok p=0.447266
Q20:	|1-..0... 0^...^.. ..001... 0..0.^..| ok p=1
Q21:	|-0..1.^. 1....0.. ..11-.^. 1..0....| ok p=0.356445
Q22:	|.1..+... -....1.. ...+.... +.......| ok p=0.711914
Q23:	|^....... .....+.0 ....^... ...0....| ok p=0.734375
Q24:	|....^... ^.0....1 ...^.... ^..1...0| ok p=0.443359
Q25:	|........ .....^.- ........ ...-...1| ok p=0.97168
Q26:	|........ .0+..... ......0. .......-| ok p=1
Q27:	|........ .1+....^ ......1. ...^....| ok p=0.999023
Q28:	|........ .+-..... ......+. .......^| ok p=1
Q29:	|........ ..0..... ......0. ........| ok p=1
Q30:	|........ .^1..... ......-. ........| ok p=1
Q31:	|........ ........ ......-. ........| ok p=1
Q32:	|........ ........ ........ ........| ok p=1
Q33:	|........ ........ ......!. ........| ok p=1
Q34:	|........ ........ ........ ........| ok p=1
Q35:	|........ ........ ........ ........| ok p=1
Q36:	|........ ........ ........ ........| ok p=1
Q37:	|........ ........ ........ ........| ok p=1
Q38:	|........ ........ ........ ........| ok p=1
Q39:	|........ ........ ........ ........| ok p=1
Q40:	|........ ........ ........ ........| ok p=1
Q41:	|........ ........ ........ ........| ok p=1
Q42:	|........ ........ ........ ........| ok p=1
Q43:	|........ ........ ........ ........| ok p=1
Q44:	|........ ........ ........ ........| ok p=1
Q45:	|........ ........ ........ ........| ok p=1
Q46:	|........ ........ ........ ........| ok p=1
Q47:	|........ ........ ........ ........| ok p=1
Q48:	|........ ........ ........ ........| ok p=1
Q49:	|........ ........ ........ ........| ok p=1
Q50:	|........ ........ ........ ........| ok p=1
Q51:	|........ ........ ........ ........| ok p=1
Q52:	|........ ........ ........ ........| ok p=1
Q53:	|........ ........ ........ ........| ok p=1
Q54:	|........ ........ ........ ........| ok p=1
Q55:	|........ ........ ........ ........| ok p=1
Q56:	|........ ........ ........ ........| ok p=1
Q57:	|........ ........ ........ ........| ok p=1
Q58:	|........ ........ ........ ........| ok p=1
Q59:	|........ ........ ........ ........| ok p=1
Q60:	|........ ...00... ........ ........| ok p=1
Q61:	|........ ....1... ........ ........| ok p=1
Q62:	|........ ...+-... ........ ........| ok p=1
Q63:	|........ ...?+... ........ ........| ok p=1
Q64:	|........ ....+... ......-. ........|
Best path: totcompl=-27 tottunnel=35, totcond=570, p=0.00254768
Q-3:	|00001111 01100000 00001011 10000101|
Q-2:	|+010+-11 0-1-+-++ 11110+-0 1-00011+|
Q-1:	|-01+--10 -+0-+00- 000010+1 1-0111+-|
Q0:	|---+0+00 1+---0-- ++++0-1+ --100001| ok p=0.5
Q1:	|.00.00.- -.0+1.0+ 0+0+.-11 -+..+.+1| ok p=1
Q2:	|01-0.+.- +100-01+ 0.-..-.0 .+..0.1.| ok p=1
Q3:	|1-1..0.1 1..111.- .011.1.. 0+..1.0.| ok p=1
Q4:	|.-1..1.1 +.!.--.1 ..-..0.. 10....+0| ok p=1
Q5:	|^+...+.- -...+1.0 ..-..+^. 01....+0| ok p=1
Q6:	|!1...0.1 1..^++.. ....!-+. +..1...+| ok p=1
Q7:	|!-.0.1.1 -..+.1.. !.0..-1. -..1..0-| ok p=1
Q8:	|^+.0.... +.!101.. .....-1. -..-..01| ok p=1
Q9:	|!+.+..0. +..-.... ..1..-.. ...-..+-| ok p=1
Q10:	|!0.+.01. 1..+001. 0001.-11 001-..+1| ok p=1
Q11:	|.110^1-. 001-010^ 11+1^-01 011-^0+1| ok p=1
Q12:	|^+0++-+. +100+--+ ++0++1++ +++0+100| ok p=1
Q13:	|+0--0++. -++1-++1 ++++1-0+ 01++0-+-| ok p=1
Q14:	|11+0+0-. 10-0011+ 1.-.0111 11.-0110| ok p=1
Q15:	|1001+11. 110+0110 0011-00- .01-.111| ok p=0.749023
Q16:	|..1.1.+. .0+..0.- ..+.-.+. .1.+.0..| ok p=0.232422
Q17:	|....1.0. .0.^.1.. ..0.0.1^ .-.1.1..| ok p=0.870117
Q18:	|.0....0. .-^..+.^ ..-.0.1. ...+.-..| ok p=0.863281
Q19:	|10....-. ........ ..-.0.+. .^.+....| ok p=0.444336
Q20:	|1-..0... 0^...^.. ..001... 0..0.^..| ok p=1
Q21:	|-0..1.^. 1....0.. ..11-.^. 1..0....| ok p=0.336914
Q22:	|.1..+... -....1.. ...+.... +.......| ok p=0.681641
Q23:	|^....... .....+.0 ....^... ...0....| ok p=0.777344
Q24:	|....^... ^.0....1 ...^.... ^..1...0| ok p=0.438477
Q25:	|........ .....^.- ........ ...-...1| ok p=0.97168
Q26:	|........ .0+..... ......0. .......-| ok p=1
Q27:	|........ .1+....^ ......1. ...^....| ok p=1
Q28:	|........ .+-..... ......+. .......^| ok p=1
Q29:	|........ ..0..... ......0. ........| ok p=1
Q30:	|........ .^1..... ......-. ........| ok p=1
Q31:	|........ ........ ......-. ........| ok p=0.998047
Q32:	|........ ........ ........ ........| ok p=1
Q33:	|........ ........ ......!. ........| ok p=1
Q34:	|........ ........ ........ ........| ok p=1
Q35:	|........ ........ ........ ........| ok p=1
Q36:	|........ ........ ........ ........| ok p=1
Q37:	|........ ........ ........ ........| ok p=1
Q38:	|........ ........ ........ ........| ok p=1
Q39:	|........ ........ ........ ........| ok p=1
Q40:	|........ ........ ........ ........| ok p=1
Q41:	|........ ........ ........ ........| ok p=1
Q42:	|........ ........ ........ ........| ok p=1
Q43:	|........ ........ ........ ........| ok p=1
Q44:	|........ ........ ........ ........| ok p=1
Q45:	|........ ........ ........ ........| ok p=1
Q46:	|........ ........ ........ ........| ok p=1
Q47:	|........ ........ ........ ........| ok p=1
Q48:	|........ ........ ........ ........| ok p=1
Q49:	|........ ........ ........ ........| ok p=1
Q50:	|........ ........ ........ ........| ok p=1
Q51:	|........ ........ ........ ........| ok p=1
Q52:	|........ ........ ........ ........| ok p=1
Q53:	|........ ........ ........ ........| ok p=1
Q54:	|........ ........ ........ ........| ok p=1
Q55:	|........ ........ ........ ........| ok p=1
Q56:	|........ ........ ........ ........| ok p=1
Q57:	|........ ........ ........ ........| ok p=1
Q58:	|........ ........ ........ ........| ok p=1
Q59:	|........ ........ ........ ........| ok p=1
Q60:	|........ ...00... ........ ........| ok p=1
Q61:	|........ ....1... ........ ........| ok p=1
Q62:	|........ ...+-... ........ ........| ok p=1
Q63:	|........ ...?+... ........ ........| ok p=1
Q64:	|........ ....+... ......-. ........|
Best path: totcompl=-26 tottunnel=36, totcond=567, p=0.00220638
Q-3:	|00001111 01100000 00001011 10000101|
Q-2:	|+010+-11 0-1-+-++ 11110+-0 1-00011+|
Q-1:	|-01+--10 -+0-+00- 000010+1 1-0111+-|
Q0:	|---+0+00 1+---0-- ++++0-1+ --100001| ok p=0.512695
Q1:	|.00.00.- -.0+1.0+ 0+0+.-11 -+..+.+1| ok p=1
Q2:	|01-0.+.- +100-01+ 0.-..-.0 .+..0.1.| ok p=1
Q3:	|1-1..0.1 1..111.- .011.1.. 0+..1.0.| ok p=1
Q4:	|.-1..1.1 +.!.--.1 ..-..0.. 10....+0| ok p=1
Q5:	|^+...+.- -...+1.0 ..-..+^. 01....+0| ok p=1
Q6:	|!1...0.1 1..^++.. ....!0-. +..1...+| ok p=1
Q7:	|!-.0.1.1 -..+.1.. ..0..-1. -..1..0-| ok p=1
Q8:	|^+.0.... +.!101.. .....-1. -..-..01| ok p=1
Q9:	|!+.+..0. +..-.... ..1..-.. ...-..+-| ok p=1
Q10:	|!0.+.01. 1..+001. 0001.-11 001-..+1| ok p=1
Q11:	|.110^1-. 001-010^ 11+1^-01 011-^0+1| ok p=1
Q12:	|^+0++-+. +100+--+ ++0++1++ +++0+100| ok p=1
Q13:	|+0--0++. -++1-++1 ++++1-0+ 01++0-+-| ok p=1
Q14:	|11+0+0-. 10-0011+ .1-.0111 11.-0110| ok p=1
Q15:	|1001+11. 110+0110 0011-00- .01-.111| ok p=0.75293
Q16:	|..1.1.+. .0+..0.- ..+.-.+. .1.+.0..| ok p=0.255859
Q17:	|....1.0. .0.^.1.. ..0.0.1^ .-.1.1..| ok p=0.858398
Q18:	|.0....0. .-^..+.^ ..-.0.1. ...+.-..| ok p=0.87207
Q19:	|10....-. ........ ..-.0.+. .^.+....| ok p=0.441406
Q20:	|1-..0... 0^...^.. ..001... 0..0.^..| ok p=1
Q21:	|-0..1.^. 1....0.. ..11-.^. 1..0....| ok p=0.376953
Q22:	|.1..+... -....1.. ...+.... +.......| ok p=0.682617
Q23:	|^....... .....+.0 ....^... ...0....| ok p=0.74707
Q24:	|....^... ^.0....1 ...^.... ^..1...0| ok p=0.455078
Q25:	|........ .....^.- ........ ...-...1| ok p=0.976562
Q26:	|........ .0+..... ......0. .......-| ok p=1
Q27:	|........ .1+....^ ......1. ...^....| ok p=1
Q28:	|........ .+-..... ......+. .......^| ok p=0.999023
Q29:	|........ ..0..... ......0. ........| ok p=1
Q30:	|........ .^1..... ......-. ........| ok p=1
Q31:	|........ ........ ......-. ........| ok p=0.998047
Q32:	|........ ........ ........ ........| ok p=1
Q33:	|........ ........ ......!. ........| ok p=1
Q34:	|........ ........ ........ ........| ok p=1
Q35:	|........ ........ ........ ........| ok p=1
Q36:	|........ ........ ........ ........| ok p=1
Q37:	|........ ........ ........ ........| ok p=1
Q38:	|........ ........ ........ ........| ok p=1
Q39:	|........ ........ ........ ........| ok p=1
Q40:	|........ ........ ........ ........| ok p=1
Q41:	|........ ........ ........ ........| ok p=1
Q42:	|........ ........ ........ ........| ok p=1
Q43:	|........ ........ ........ ........| ok p=1
Q44:	|........ ........ ........ ........| ok p=1
Q45:	|........ ........ ........ ........| ok p=1
Q46:	|........ ........ ........ ........| ok p=1
Q47:	|........ ........ ........ ........| ok p=1
Q48:	|........ ........ ........ ........| ok p=1
Q49:	|........ ........ ........ ........| ok p=1
Q50:	|........ ........ ........ ........| ok p=1
Q51:	|........ ........ ........ ........| ok p=1
Q52:	|........ ........ ........ ........| ok p=1
Q53:	|........ ........ ........ ........| ok p=1
Q54:	|........ ........ ........ ........| ok p=1
Q55:	|........ ........ ........ ........| ok p=1
Q56:	|........ ........ ........ ........| ok p=1
Q57:	|........ ........ ........ ........| ok p=1
Q58:	|........ ........ ........ ........| ok p=1
Q59:	|........ ........ ........ ........| ok p=1
Q60:	|........ ...00... ........ ........| ok p=1
Q61:	|........ ....1... ........ ........| ok p=1
Q62:	|........ ...+-... ........ ........| ok p=1
Q63:	|........ ...?+... ........ ........| ok p=0.999023
Q64:	|........ ....+... ......-. ........|
Best path: totcompl=-26 tottunnel=36, totcond=566, p=0.00251281
Best paths: 2
Q-3:	|00001111 01100000 00001011 10000101|
Q-2:	|+010+-11 0-1-+-++ 11110+-0 1-00011+|
Q-1:	|-01+--10 -+0-+00- 000010+1 1-0111+-|
Q0:	|---+0+00 1+---0-- ++++0-1+ --100001| ok p=0.494141
Q1:	|.00.00.- -.0+1.0+ 0+0+.-11 -+..+.+1| ok p=1
Q2:	|01-0.+.- +100-01+ 0.-..-.0 .+..0.1.| ok p=1
Q3:	|1-1..0.1 1..111.- .011.1.. 0+..1.0.| ok p=1
Q4:	|.-1..1.1 +..0--.1 ..-..0.. 1.....+0| ok p=1
Q5:	|^+...+.- -..0+1.0 ..-..+^. 01!...+0| ok p=1
Q6:	|!1...0.1 1..1++.. ....!-+. +...1..+| ok p=1
Q7:	|!-..11.1 -..+.0.! ..1..-1. -...1.0-| ok p=1
Q8:	|^+..1... +.!001.. ......-. +...-0.0| ok p=1
Q9:	|!+..+1.. +.^-..0. .....001 0.!.-0.+| ok p=1
Q10:	|!..1+1.1 ..+-010. .0....00 00000-1-| ok p=1
Q11:	|!0010-^1 001110-^ ^0....11 11011-0-| ok p=1
Q12:	|.10+++-- 01-1+--- --.^^^++ ++++++-+| ok p=1
Q13:	|!++-+-1+ +++00+-1 0+1--+1- 11+00-1+| ok p=1
Q14:	|.0+0+1-0 00+000.1 1-11001+ 00.-001.| ok p=1
Q15:	|.101+010 110+.011 .0+10-.- .01-.0.1| ok p=0.871094
Q16:	|..1.1.+. .0-..0.- .1+..-.1 .1.+.0..| ok p=0.242188
Q17:	|....1.0. .1.^.1.. ..1..000 .-.1.1..| ok p=0.861328
Q18:	|.0....0. .-^..+.^ ..-..11. ...+.-..| ok p=0.931641
Q19:	|10....-. ........ ..-.0.+. .^.+....| ok p=0.984375
Q20:	|0-..0... 0^...^.. ..001... 0..0.^..| ok p=0.375
Q21:	|+1..1.^. 1....0.. ..11-.^. 1..0....| ok p=0.356445
Q22:	|.0..+... -....1.. ...+.... +.......| ok p=0.69043
Q23:	|^....... .....+.0 ....^... ...0....| ok p=0.783203
Q24:	|....^... ^.0....1 ...^.... ^..1...0| ok p=0.463867
Q25:	|........ .....^.- ........ ...-...1| ok p=0.963867
Q26:	|........ .0+..... ......0. .......-| ok p=1
Q27:	|........ .1+....^ ......1. ...^....| ok p=1
Q28:	|........ .+-..... ......+. .......^| ok p=0.999023
Q29:	|........ ..0..... ......0. ........| ok p=1
Q30:	|........ .^1..... ......-. ........| ok p=1
Q31:	|........ ........ ......-. ........| ok p=0.998047
Q32:	|........ ........ ........ ........| ok p=1
Q33:	|........ ........ ......!. ........| ok p=1
Q34:	|........ ........ ........ ........| ok p=1
Q35:	|........ ........ ........ ........| ok p=1
Q36:	|........ ........ ........ ........| ok p=1
Q37:	|........ ........ ........ ........| ok p=1
Q38:	|........ ........ ........ ........| ok p=1
Q39:	|........ ........ ........ ........| ok p=1
Q40:	|........ ........ ........ ........| ok p=1
Q41:	|........ ........ ........ ........| ok p=1
Q42:	|........ ........ ........ ........| ok p=1
Q43:	|........ ........ ........ ........| ok p=1
Q44:	|........ ........ ........ ........| ok p=1
Q45:	|........ ........ ........ ........| ok p=1
Q46:	|........ ........ ........ ........| ok p=1
Q47:	|........ ........ ........ ........| ok p=1
Q48:	|........ ........ ........ ........| ok p=1
Q49:	|........ ........ ........ ........| ok p=1
Q50:	|........ ........ ........ ........| ok p=1
Q51:	|........ ........ ........ ........| ok p=1
Q52:	|........ ........ ........ ........| ok p=1
Q53:	|........ ........ ........ ........| ok p=1
Q54:	|........ ........ ........ ........| ok p=1
Q55:	|........ ........ ........ ........| ok p=1
Q56:	|........ ........ ........ ........| ok p=1
Q57:	|........ ........ ........ ........| ok p=1
Q58:	|........ ........ ........ ........| ok p=1
Q59:	|........ ........ ........ ........| ok p=1
Q60:	|........ ...00... ........ ........| ok p=1
Q61:	|........ ....1... ........ ........| ok p=1
Q62:	|........ ...+-... ........ ........| ok p=1
Q63:	|........ ...?+... ........ ........| ok p=1
Q64:	|........ ....+... ......-. ........|
Best path: totcompl=-26 tottunnel=36, totcond=565, p=0.00247406
Best paths: 2
Best paths: 4
Q-3:	|00001111 01100000 00001011 10000101|
Q-2:	|+010+-11 0-1-+-++ 11110+-0 1-00011+|
Q-1:	|-01+--10 -+0-+00- 000010+1 1-0111+-|
Q0:	|---+0+00 1+---0-- ++++0-1+ --100001| ok p=0.50293
Q1:	|.00.00.- -.0+1.0+ 0+0+.-11 -+..+.+1| ok p=1
Q2:	|01-0.+.- +100-01+ 0.-..-.0 .+..0.1.| ok p=1
Q3:	|1-1..0.1 1..111.- .011.1.. 0+..1.0.| ok p=1
Q4:	|.-1..1.1 +.!.--.1 ..-..0.. 1.....+0| ok p=1
Q5:	|^+...+.- -..0+1.0 ..-..+^. 01.!..+0| ok p=1
Q6:	|!1...0.1 1..1++.. ....!-+. +...1..+| ok p=1
Q7:	|!-..11.1 -..+.0.. !.1..-1. -...1.0-| ok p=1
Q8:	|^+..1... +.!001.. ......-. +...-0.0| ok p=1
Q9:	|!+..+1.. +.^-..0. .....00. 0.!.-0.+| ok p=1
Q10:	|!1.1+1.1 ..+-010. .0...100 00000-1-| ok p=1
Q11:	|.0110-^1 001110-^ ^0....11 11011-0-| ok p=1
Q12:	|.11+++-- 010----- --.^^^++ ++++++-+| ok p=1
Q13:	|.++-+-1+ +++00+-1 0+1--+1- 11+00-1+| ok p=1
Q14:	|.1+1+1-0 00+000.1 1-11001+ 00.-001.| ok p=1
Q15:	|.101+010 110+.011 .0+10-.- .01-.0.1| ok p=0.87793
Q16:	|..1.1.+. .0-..0.- .1+..-.1 .1.+.0..| ok p=0.244141
Q17:	|....1.0. .1.^.1.. ..1..000 .-.1.1..| ok p=0.862305
Q18:	|.0....0. .-^..+.^ ..-..11. ...+.-..| ok p=0.921875
Q19:	|10....-. ........ ..-.0.+. .^.+....| ok p=0.990234
Q20:	|0-..0... 0^...^.. ..001... 0..0.^..| ok p=0.365234
Q21:	|+1..1.^. 1....0.. ..11-.^. 1..0....| ok p=0.339844
Q22:	|.0..+... -....1.. ...+.... +.......| ok p=0.6875
Q23:	|^....... .....+.0 ....^... ...0....| ok p=0.750977
Q24:	|....^... ^.0....1 ...^.... ^..1...0| ok p=0.428711
Q25:	|........ .....^.- ........ ...-...1| ok p=0.961914
Q26:	|........ .0+..... ......0. .......-| ok p=1
Q27:	|........ .1+....^ ......1. ...^....| ok p=1
Q28:	|........ .+-..... ......+. .......^| ok p=1
Q29:	|........ ..0..... ......0. ........| ok p=1
Q30:	|........ .^1..... ......-. ........| ok p=1
Q31:	|........ ........ ......-. ........| ok p=1
Q32:	|........ ........ ........ ........| ok p=1
Q33:	|........ ........ ......!. ........| ok p=1
Q34:	|........ ........ ........ ........| ok p=1
Q35:	|........ ........ ........ ........| ok p=1
Q36:	|........ ........ ........ ........| ok p=1
Q37:	|........ ........ ........ ........| ok p=1
Q38:	|........ ........ ........ ........| ok p=1
Q39:	|........ ........ ........ ........| ok p=1
Q40:	|........ ........ ........ ........| ok p=1
Q41:	|........ ........ ........ ........| ok p=1
Q42:	|........ ........ ........ ........| ok p=1
Q43:	|........ ........ ........ ........| ok p=1
Q44:	|........ ........ ........ ........| ok p=1
Q45:	|........ ........ ........ ........| ok p=1
Q46:	|........ ........ ........ ........| ok p=1
Q47:	|........ ........ ........ ........| ok p=1
Q48:	|........ ........ ........ ........| ok p=1
Q49:	|........ ........ ........ ........| ok p=1
Q50:	|........ ........ ........ ........| ok p=1
Q51:	|........ ........ ........ ........| ok p=1
Q52:	|........ ........ ........ ........| ok p=1
Q53:	|........ ........ ........ ........| ok p=1
Q54:	|........ ........ ........ ........| ok p=1
Q55:	|........ ........ ........ ........| ok p=1
Q56:	|........ ........ ........ ........| ok p=1
Q57:	|........ ........ ........ ........| ok p=1
Q58:	|........ ........ ........ ........| ok p=1
Q59:	|........ ........ ........ ........| ok p=1
Q60:	|........ ...00... ........ ........| ok p=1
Q61:	|........ ....1... ........ ........| ok p=1
Q62:	|........ ...+-... ........ ........| ok p=1
Q63:	|........ ...?+... ........ ........| ok p=1
Q64:	|........ ....+... ......-. ........|
Best path: totcompl=-26 tottunnel=36, totcond=564, p=0.00249208
Best paths: 2
Q-3:	|00001111 01100000 00001011 10000101|
Q-2:	|+010+-11 0-1-+-++ 11110+-0 1-00011+|
Q-1:	|-01+--10 -+0-+00- 000010+1 1-0111+-|
Q0:	|---+0+00 1+---0-- ++++0-1+ --100001| ok p=0.500977
Q1:	|.00.00.- -.0+1.0+ 0+0+.-11 -+..+.+1| ok p=1
Q2:	|01-0.+.- +100-01+ 0.-..-.0 .+..0.1.| ok p=1
Q3:	|1-1..0.1 1..111.- .011.1.. 0+..1.0.| ok p=1
Q4:	|.-1..1.1 +.!.--.1 ..-..0.. 1.....+0| ok p=1
Q5:	|^+...+.- -..0+1.0 ..-..+^. 01!...+0| ok p=1
Q6:	|!1...0.1 1..1++.. ....!-+. +...1..+| ok p=1
Q7:	|!-..11.1 -..+.0.. !.1..-1. -...1.0-| ok p=1
Q8:	|^+..1... +.!001.. ......-. +...-0.0| ok p=1
Q9:	|!+..+1.. +.^-..0. .....00. 0.!.-0.+| ok p=1
Q10:	|!..1+1.1 ..+-010. .0..!.00 00000-1-| ok p=1
Q11:	|!0110-^1 011110-^ ^0....11 11011-0-| ok p=1
Q12:	|.11+++-- 10-1+--- --.^^^++ ++++++-+| ok p=1
Q13:	|.++-+-1+ +++00+-1 0+.--+1- 11+00-1+| ok p=1
Q14:	|.1+1+1-0 00+000.1 1-^1001+ 00.-001.| ok p=1
Q15:	|.101+010 110+.011 00+10-.- .01-.0.1| ok p=0.882812
Q16:	|..1.1.+. .0-..0.- .1+..-.1 .1.+.0..| ok p=0.227539
Q17:	|....1.0. .1.^.1.. ..1..000 .-.1.1..| ok p=0.867188
Q18:	|.0....0. .-^..+.^ ..-..11. ...+.-..| ok p=0.928711
Q19:	|10....-. ........ ..-.0.+. .^.+....| ok p=0.987305
Q20:	|0-..0... 0^...^.. ..001... 0..0.^..| ok p=0.360352
Q21:	|+1..1.^. 1....0.. ..11-.^. 1..0....| ok p=0.335938
Q22:	|.0..+... -....1.. ...+.... +.......| ok p=0.700195
Q23:	|^....... .....+.0 ....^... ...0....| ok p=0.743164
Q24:	|....^... ^.0....1 ...^.... ^..1...0| ok p=0.415039
Q25:	|........ .....^.- ........ ...-...1| ok p=0.970703
Q26:	|........ .0+..... ......0. .......-| ok p=1
Q27:	|........ .1+....^ ......1. ...^....| ok p=1
Q28:	|........ .+-..... ......+. .......^| ok p=1
Q29:	|........ ..0..... ......0. ........| ok p=1
Q30:	|........ .^1..... ......-. ........| ok p=1
Q31:	|........ ........ ......-. ........| ok p=1
Q32:	|........ ........ ........ ........| ok p=1
Q33:	|........ ........ ......!. ........| ok p=1
Q34:	|........ ........ ........ ........| ok p=1
Q35:	|........ ........ ........ ........| ok p=1
Q36:	|........ ........ ........ ........| ok p=1
Q37:	|........ ........ ........ ........| ok p=1
Q38:	|........ ........ ........ ........| ok p=1
Q39:	|........ ........ ........ ........| ok p=1
Q40:	|........ ........ ........ ........| ok p=1
Q41:	|........ ........ ........ ........| ok p=1
Q42:	|........ ........ ........ ........| ok p=1
Q43:	|........ ........ ........ ........| ok p=1
Q44:	|........ ........ ........ ........| ok p=1
Q45:	|........ ........ ........ ........| ok p=1
Q46:	|........ ........ ........ ........| ok p=1
Q47:	|........ ........ ........ ........| ok p=1
Q48:	|........ ........ ........ ........| ok p=1
Q49:	|........ ........ ........ ........| ok p=1
Q50:	|........ ........ ........ ........| ok p=1
Q51:	|........ ........ ........ ........| ok p=1
Q52:	|........ ........ ........ ........| ok p=1
Q53:	|........ ........ ........ ........| ok p=1
Q54:	|........ ........ ........ ........| ok p=1
Q55:	|........ ........ ........ ........| ok p=1
Q56:	|........ ........ ........ ........| ok p=1
Q57:	|........ ........ ........ ........| ok p=1
Q58:	|........ ........ ........ ........| ok p=1
Q59:	|........ ........ ........ ........| ok p=1
Q60:	|........ ...00... ........ ........| ok p=1
Q61:	|........ ....1... ........ ........| ok p=1
Q62:	|........ ...+-... ........ ........| ok p=1
Q63:	|........ ...?+... ........ ........| ok p=0.999023
Q64:	|........ ....+... ......-. ........|
Best path: totcompl=-25 tottunnel=37, totcond=564, p=0.00250522
Q-3:	|00001111 01100000 00001011 10000101|
Q-2:	|+010+-11 0-1-+-++ 11110+-0 1-00011+|
Q-1:	|-01+--10 -+0-+00- 000010+1 1-0111+-|
Q0:	|---+0+00 1+---0-- ++++0-1+ --100001| ok p=0.478516
Q1:	|.00.00.- -.0+1.0+ 0+0+.-11 -+..+.+1| ok p=1
Q2:	|01-0.+.- +100-01+ 0.-..-.0 .+..0.1.| ok p=1
Q3:	|1-1..0.1 1..111.- .011.1.. 0+..1.0.| ok p=1
Q4:	|.-1..1.1 +.!.--.1 ..-..0.. 1.....+0| ok p=1
Q5:	|^+...+.- -..0+1.0 ..-..+^. 01.!..+0| ok p=1
Q6:	|!1...0.1 1..1++.. ....!-+. +...1..+| ok p=1
Q7:	|!-..11.1 -..+.0.! ..1..-1. -...1.0-| ok p=1
Q8:	|^+..1... +.!001.. ......-. +...-1.0| ok p=1
Q9:	|!+..+... +.^-..1. .....00. 0...-1.+| ok p=1
Q10:	|!01.+^.. ..+-011. .0....00 00000-1-| ok p=1
Q11:	|101!1-^1 001111-^ ^0....11 11011-0-| ok p=1
Q12:	|0+-^-1+0 01-1+--- --.^^^++ ++++++-+| ok p=1
Q13:	|--+-+-1+ +++0+--1 0+1--+1- 11+00-1+| ok p=1
Q14:	|00+1+0-1 00+0...1 1-11001+ 00.-001.| ok p=1
Q15:	|1101+011 110+0011 .0+10-.- .01-.0.1| ok p=0.746094
Q16:	|..1.1.+. .0-..0.- .1+..-.1 .1.+.0..| ok p=0.259766
Q17:	|....1.0. .1.^.1.. ..1..000 .-.1.1..| ok p=0.858398
Q18:	|.0....0. .-^..+.^ ..-..11. ...+.-..| ok p=0.922852
Q19:	|10....-. ........ ..-.0.+. .^.+....| ok p=0.982422
Q20:	|0-..0... 0^...^.. ..001... 0..0.^..| ok p=0.360352
Q21:	|+1..1.^. 1....0.. ..11-.^. 1..0....| ok p=0.363281
Q22:	|.0..+... -....1.. ...+.... +.......| ok p=0.697266
Q23:	|^....... .....+.0 ....^... ...0....| ok p=0.735352
Q24:	|....^... ^.0....1 ...^.... ^..1...0| ok p=0.407227
Q25:	|........ .....^.- ........ ...-...1| ok p=0.967773
Q26:	|........ .0+..... ......0. .......-| ok p=1
Q27:	|........ .1+....^ ......1. ...^....| ok p=0.999023
Q28:	|........ .+-..... ......+. .......^| ok p=0.999023
Q29:	|........ ..0..... ......0. ........| ok p=1
Q30:	|........ .^1..... ......-. ........| ok p=1
Q31:	|........ ........ ......-. ........| ok p=0.999023
Q32:	|........ ........ ........ ........| ok p=1
Q33:	|........ ........ ......!. ........| ok p=1
Q34:	|........ ........ ........ ........| ok p=1
Q35:	|........ ........ ........ ........| ok p=1
Q36:	|........ ........ ........ ........| ok p=1
Q37:	|........ ........ ........ ........| ok p=1
Q38:	|........ ........ ........ ........| ok p=1
Q39:	|........ ........ ........ ........| ok p=1
Q40:	|........ ........ ........ ........| ok p=1
Q41:	|........ ........ ........ ........| ok p=1
Q42:	|........ ........ ........ ........| ok p=1
Q43:	|........ ........ ........ ........| ok p=1
Q44:	|........ ........ ........ ........| ok p=1
Q45:	|........ ........ ........ ........| ok p=1
Q46:	|........ ........ ........ ........| ok p=1
Q47:	|........ ........ ........ ........| ok p=1
Q48:	|........ ........ ........ ........| ok p=1
Q49:	|........ ........ ........ ........| ok p=1
Q50:	|........ ........ ........ ........| ok p=1
Q51:	|........ ........ ........ ........| ok p=1
Q52:	|........ ........ ........ ........| ok p=1
Q53:	|........ ........ ........ ........| ok p=1
Q54:	|........ ........ ........ ........| ok p=1
Q55:	|........ ........ ........ ........| ok p=1
Q56:	|........ ........ ........ ........| ok p=1
Q57:	|........ ........ ........ ........| ok p=1
Q58:	|........ ........ ........ ........| ok p=1
Q59:	|........ ........ ........ ........| ok p=1
Q60:	|........ ...00... ........ ........| ok p=1
Q61:	|........ ....1... ........ ........| ok p=1
Q62:	|........ ...+-... ........ ........| ok p=1
Q63:	|........ ...?+... ........ ........| ok p=0.999023
Q64:	|........ ....+... ......-. ........|
Best path: totcompl=-24 tottunnel=38, totcond=564, p=0.00238642
Best paths: 2
Q-3:	|00001111 01100000 00001011 10000101|
Q-2:	|+010+-11 0-1-+-++ 11110+-0 1-00011+|
Q-1:	|-01+--10 -+0-+00- 000010+1 1-0111+-|
Q0:	|---+0+00 1+---0-- ++++0-1+ --100001| ok p=0.503906
Q1:	|.00.00.- -.0+1.0+ 0+0+.-11 -+..+.+1| ok p=1
Q2:	|01-0.+.- +100-01+ 0.-..-.0 .+..0.1.| ok p=1
Q3:	|1-1..0.1 1..111.- .011.1.. 0+..1.0.| ok p=1
Q4:	|0-1..1.1 +.!.--.1 ..-..0.. 10....+0| ok p=1
Q5:	|0+...+.- -..0+1.0 ..-..+^. 01....+0| ok p=1
Q6:	|11...0.1 1..1++.. ....!-+. +...1..+| ok p=1
Q7:	|0-...1.1 -..+.0.! ..1..-1. -...1.0-| ok p=1
Q8:	|0+...1.. +.!011.. ......-. +...-1.0| ok p=1
Q9:	|1+..1+.. +.^-..0. .....00. 1...-1.+| ok p=1
Q10:	|00110+.1 ..+1.00. ..1...00 0.0.-+0-| ok p=1
Q11:	|1011-0^1 1.0+.1-^ .10..100 0^1^0-1-| ok p=1
Q12:	|0+--0++- 1^1-.+-- ^1+^.0-+ +++++0++| ok p=1
Q13:	|--+-+-1+ +++1.+-1 --0-.-0- 00+0-+1+| ok p=1
Q14:	|01+.+1-1 00+0...+ 0-11!01+ 00.-011.| ok p=1
Q15:	|1101+110 110+.010 00+1.-.- .01-00.1| ok p=0.730469
Q16:	|..1.1.+. .0-..0.- .1+..-.1 .1.+.0..| ok p=0.243164
Q17:	|....1.0. .1.^.1.. ..1..000 .-.1.1..| ok p=0.844727
Q18:	|.0....0. .-^..+.^ ..-..11. ...+.-..| ok p=0.914062
Q19:	|10....-. ........ ..-.0.+. .^.+....| ok p=0.982422
Q20:	|0-..0... 0^...^.. ..001... 0..0.^..| ok p=1
Q21:	|-1..1.^. 1....0.. ..11-.^. 1..0....| ok p=0.369141
Q22:	|.0..+... -....1.. ...+.... +.......| ok p=0.697266
Q23:	|^....... .....+.0 ....^... ...0....| ok p=0.748047
Q24:	|....^... ^.0....1 ...^.... ^..1...0| ok p=0.447266
Q25:	|........ .....^.- ........ ...-...1| ok p=0.963867
Q26:	|........ .0+..... ......0. .......-| ok p=1
Q27:	|........ .1+....^ ......1. ...^....| ok p=1
Q28:	|........ .+-..... ......+. .......^| ok p=1
Q29:	|........ ..0..... ......0. ........| ok p=1
Q30:	|........ .^1..... ......-. ........| ok p=1
Q31:	|........ ........ ......-. ........| ok p=0.999023
Q32:	|........ ........ ........ ........| ok p=1
Q33:	|........ ........ ......!. ........| ok p=1
Q34:	|........ ........ ........ ........| ok p=1
Q35:	|........ ........ ........ ........| ok p=1
Q36:	|........ ........ ........ ........| ok p=1
Q37:	|........ ........ ........ ........| ok p=1
Q38:	|........ ........ ........ ........| ok p=1
Q39:	|........ ........ ........ ........| ok p=1
Q40:	|........ ........ ........ ........| ok p=1
Q41:	|........ ........ ........ ........| ok p=1
Q42:	|........ ........ ........ ........| ok p=1
Q43:	|........ ........ ........ ........| ok p=1
Q44:	|........ ........ ........ ........| ok p=1
Q45:	|........ ........ ........ ........| ok p=1
Q46:	|........ ........ ........ ........| ok p=1
Q47:	|........ ........ ........ ........| ok p=1
Q48:	|........ ........ ........ ........| ok p=1
Q49:	|........ ........ ........ ........| ok p=1
Q50:	|........ ........ ........ ........| ok p=1
Q51:	|........ ........ ........ ........| ok p=1
Q52:	|........ ........ ........ ........| ok p=1
Q53:	|........ ........ ........ ........| ok p=1
Q54:	|........ ........ ........ ........| ok p=1
Q55:	|........ ........ ........ ........| ok p=1
Q56:	|........ ........ ........ ........| ok p=1
Q57:	|........ ........ ........ ........| ok p=1
Q58:	|........ ........ ........ ........| ok p=1
Q59:	|........ ........ ........ ........| ok p=1
Q60:	|........ ...00... ........ ........| ok p=1
Q61:	|........ ....1... ........ ........| ok p=1
Q62:	|........ ...+-... ........ ........| ok p=1
Q63:	|........ ...?+... ........ ........| ok p=0.998047
Q64:	|........ ....+... ......-. ........|
Best path: totcompl=-24 tottunnel=38, totcond=559, p=0.00518096
Q-3:	|00001111 01100000 00001011 10000101|
Q-2:	|+010+-11 0-1-+-++ 11110+-0 1-00011+|
Q-1:	|-01+--10 -+0-+00- 000010+1 1-0111+-|
Q0:	|---+0+00 1+---0-- ++++0-1+ --100001| ok p=0.489258
Q1:	|.00.00.- -.0+1.0+ 0+0+.-11 -+..+.+1| ok p=1
Q2:	|01-0.+.- +100-01+ 0.-..-.0 .+..0.1.| ok p=1
Q3:	|1-1..0.1 1..111.- .011.1.. 0+..1.0.| ok p=1
Q4:	|0-1..1.1 +.!.--.1 ..-..0.. 10....+0| ok p=1
Q5:	|0+...+.- -..0+1.0 ..-..+^. 01....+0| ok p=1
Q6:	|11...0.1 1..1++.. ....!-+. +...1..+| ok p=1
Q7:	|0-...1.1 -..+.0.. !.1..-1. -...1.0-| ok p=1
Q8:	|0+...1.. +.!011.. ......-. +...-1.0| ok p=1
Q9:	|1+..1+.. +.^-..0. .....00. 1...-1.+| ok p=1
Q10:	|00110+.1 ..+1.00. ..1...00 0.0.-+0-| ok p=1
Q11:	|1011-0^1 1.0+.1-^ .10..100 0^1^1-1-| ok p=1
Q12:	|0+--0++- 1^1-.+-- ^1+^.0-+ ++++++-+| ok p=1
Q13:	|--+-+-1+ +++1.+-1 --0-.-0- 00+00-1+| ok p=1
Q14:	|01+.+1-1 00+0...+ 0-11!01+ 00.-001.| ok p=1
Q15:	|1101+110 110+.010 00+1.-.- .01-.0.1| ok p=0.730469
Q16:	|..1.1.+. .0-..0.- .1+..-.1 .1.+.0..| ok p=0.262695
Q17:	|....1.0. .1.^.1.. ..1..000 .-.1.1..| ok p=0.87793
Q18:	|.0....0. .-^..+.^ ..-..11. ...+.-..| ok p=0.931641
Q19:	|10....-. ........ ..-.0.+. .^.+....| ok p=0.987305
Q20:	|0-..0... 0^...^.. ..001... 0..0.^..| ok p=1
Q21:	|-1..1.^. 1....0.. ..11-.^. 1..0....| ok p=0.355469
Q22:	|.0..+... -....1.. ...+.... +.......| ok p=0.707031
Q23:	|^....... .....+.0 ....^... ...0....| ok p=0.767578
Q24:	|....^... ^.0....1 ...^.... ^..1...0| ok p=0.432617
Q25:	|........ .....^.- ........ ...-...1| ok p=0.977539
Q26:	|........ .0+..... ......0. .......-| ok p=1
Q27:	|........ .1+....^ ......1. ...^....| ok p=0.999023
Q28:	|........ .+-..... ......+. .......^| ok p=0.999023
Q29:	|........ ..0..... ......0. ........| ok p=1
Q30:	|........ .^1..... ......-. ........| ok p=1
Q31:	|........ ........ ......-. ........| ok p=0.999023
Q32:	|........ ........ ........ ........| ok p=1
Q33:	|........ ........ ......!. ........| ok p=1
Q34:	|........ ........ ........ ........| ok p=1
Q35:	|........ ........ ........ ........| ok p=1
Q36:	|........ ........ ........ ........| ok p=1
Q37:	|........ ........ ........ ........| ok p=1
Q38:	|........ ........ ........ ........| ok p=1
Q39:	|........ ........ ........ ........| ok p=1
Q40:	|........ ........ ........ ........| ok p=1
Q41:	|........ ........ ........ ........| ok p=1
Q42:	|........ ........ ........ ........| ok p=1
Q43:	|........ ........ ........ ........| ok p=1
Q44:	|........ ........ ........ ........| ok p=1
Q45:	|........ ........ ........ ........| ok p=1
Q46:	|........ ........ ........ ........| ok p=1
Q47:	|........ ........ ........ ........| ok p=1
Q48:	|........ ........ ........ ........| ok p=1
Q49:	|........ ........ ........ ........| ok p=1
Q50:	|........ ........ ........ ........| ok p=1
Q51:	|........ ........ ........ ........| ok p=1
Q52:	|........ ........ ........ ........| ok p=1
Q53:	|........ ........ ........ ........| ok p=1
Q54:	|........ ........ ........ ........| ok p=1
Q55:	|........ ........ ........ ........| ok p=1
Q56:	|........ ........ ........ ........| ok p=1
Q57:	|........ ........ ........ ........| ok p=1
Q58:	|........ ........ ........ ........| ok p=1
Q59:	|........ ........ ........ ........| ok p=1
Q60:	|........ ...00... ........ ........| ok p=1
Q61:	|........ ....1... ........ ........| ok p=1
Q62:	|........ ...+-... ........ ........| ok p=1
Q63:	|........ ...?+... ........ ........| ok p=1
Q64:	|........ ....+... ......-. ........|
Best path: totcompl=-24 tottunnel=38, totcond=558, p=0.00646643
Best paths: 2
Q-3:	|00001111 01100000 00001011 10000101|
Q-2:	|+010+-11 0-1-+-++ 11110+-0 1-00011+|
Q-1:	|-01+--10 -+0-+00- 000010+1 1-0111+-|
Q0:	|---+0+00 1+---0-- ++++0-1+ --100001| ok p=0.503906
Q1:	|.00.00.- -.0+1.0+ 0+0+.-11 -+..+.+1| ok p=1
Q2:	|01-0.+.- +100-01+ 0.-..-.0 .+..0.1.| ok p=1
Q3:	|1-1..0.1 1..111.- .011.1.. 0+..1.0.| ok p=1
Q4:	|.-1..1.1 +.!.--.1 ..-..0.. 10....+0| ok p=1
Q5:	|^+...+.- -...+1.0 ..-..+^. 01....+0| ok p=1
Q6:	|!1...0.1 1..^++.. ....!-+. +...1..+| ok p=1
Q7:	|!-.1.1.1 -..+.0.! ..1..-1. -...0.0-| ok p=1
Q8:	|^+11.... +.!101.. .....--. +..^-.10| ok p=1
Q9:	|.+0+.... +..-.... ......0. 0..-+.1+| ok p=1
Q10:	|.11+010. ..1+..^. .1...010 0.11-0+0| ok p=1
Q11:	|.0001111 001-1^-^ ^0...110 0^01-1+1| ok p=1
Q12:	|.+--+++0 01--.+0- --.^.0-+ ++++++--| ok p=1
Q13:	|!++0--1+ ++++.0+1 0+.-.-1- 11+0-++1| ok p=1
Q14:	|..+0+1-1 00+1.111 1-^1!01+ 00.-0.11| ok p=1
Q15:	|!10.+111 110+..01 00+1.-.- .01-000.| ok p=0.797852
Q16:	|..1.1.+. .0-..0.- .1+..-.1 .1.+.0..| ok p=0.741211
Q17:	|....1.0. .1.^.1.. ..1..000 .-.1.1..| ok p=0.875977
Q18:	|.0....0. .-^..+.^ ..-..11. ...+.-..| ok p=0.935547
Q19:	|10....-. ........ ..-.0.+. .^.+....| ok p=0.989258
Q20:	|0-..0... 0^...^.. ..001... 0..0.^..| ok p=0.379883
Q21:	|+1..1.^. 1....0.. ..11-.^. 1..0....| ok p=0.365234
Q22:	|.0..+... -....1.. ...+.... +.......| ok p=0.671875
Q23:	|^....... .....+.0 ....^... ...0....| ok p=0.761719
Q24:	|....^... ^.0....1 ...^.... ^..1...0| ok p=0.394531
Q25:	|........ .....^.- ........ ...-...1| ok p=0.976562
Q26:	|........ .0+..... ......0. .......-| ok p=1
Q27:	|........ .1+....^ ......1. ...^....| ok p=0.996094
Q28:	|........ .+-..... ......+. .......^| ok p=0.999023
Q29:	|........ ..0..... ......0. ........| ok p=1
Q30:	|........ .^1..... ......-. ........| ok p=1
Q31:	|........ ........ ......-. ........| ok p=1
Q32:	|........ ........ ........ ........| ok p=1
Q33:	|........ ........ ......!. ........| ok p=1
Q34:	|........ ........ ........ ........| ok p=1
Q35:	|........ ........ ........ ........| ok p=1
Q36:	|........ ........ ........ ........| ok p=1
Q37:	|........ ........ ........ ........| ok p=1
Q38:	|........ ........ ........ ........| ok p=1
Q39:	|........ ........ ........ ........| ok p=1
Q40:	|........ ........ ........ ........| ok p=1
Q41:	|........ ........ ........ ........| ok p=1
Q42:	|........ ........ ........ ........| ok p=1
Q43:	|........ ........ ........ ........| ok p=1
Q44:	|........ ........ ........ ........| ok p=1
Q45:	|........ ........ ........ ........| ok p=1
Q46:	|........ ........ ........ ........| ok p=1
Q47:	|........ ........ ........ ........| ok p=1
Q48:	|........ ........ ........ ........| ok p=1
Q49:	|........ ........ ........ ........| ok p=1
Q50:	|........ ........ ........ ........| ok p=1
Q51:	|........ ........ ........ ........| ok p=1
Q52:	|........ ........ ........ ........| ok p=1
Q53:	|........ ........ ........ ........| ok p=1
Q54:	|........ ........ ........ ........| ok p=1
Q55:	|........ ........ ........ ........| ok p=1
Q56:	|........ ........ ........ ........| ok p=1
Q57:	|........ ........ ........ ........| ok p=1
Q58:	|........ ........ ........ ........| ok p=1
Q59:	|........ ........ ........ ........| ok p=1
Q60:	|........ ...00... ........ ........| ok p=1
Q61:	|........ ....1... ........ ........| ok p=1
Q62:	|........ ...+-... ........ ........| ok p=1
Q63:	|........ ...?+... ........ ........| ok p=0.998047
Q64:	|........ ....+... ......-. ........|
Best path: totcompl=-24 tottunnel=38, totcond=555, p=0.00846453
