Extend MD5 differential paths forward
Copyright (C) 2009 Marc Stevens
http://homepages.cwi.nl/~stevens/

delta_m[11] = [!9!]
Loading workdir2/lowerpath.bin.gz...done: 1.
Estimating maxcond for upper bound 8000000 (=2000000 * 4)...
t=1:  0%   10   20   30   40   50   60   70   80   90   100%
      |----|----|----|----|----|----|----|----|----|----|
e     ***************************************************
Found maxcond = 2176
t=1:  0%   10   20   30   40   50   60   70   80   90   100%
      |----|----|----|----|----|----|----|----|----|----|
      ***************************************************
Q-3:	|00001111 01100000 00001011 10000101|
Q-2:	|+010+-11 0-1-+-++ 11110+-0 1-00011+|
Q-1:	|-01+--10 -+0-+00- 000010+1 1-0111+-|
Q0:	|---+0+00 1+---0-- ++++0-1+ --100001| ok p=0.749023
Q1:	|.00.11.- -.0+0.+. -0--.-10 0-..+.+1| ok p=0.722656
Q2:	|..-...-. +.-.+..+ ..-..-.+ .+.....+|
Saving 503808 paths...done.
Autobalance parameters: maxcond=2176
Verified: 0 bad out of 503808
Estimating maxcond for upper bound 8000000 (=2000000 * 4)...
t=2:  0%   10   20   30   40   50   60   70   80   90   100%
      |----|----|----|----|----|----|----|----|----|----|
e     ***************************************************
Found maxcond = 171
t=2:  0%   10   20   30   40   50   60   70   80   90   100%
      |----|----|----|----|----|----|----|----|----|----|
      ***************************************************
Q-3:	|00001111 01100000 00001011 10000101|
Q-2:	|+010+-11 0-1-+-++ 11110+-0 1-00011+|
Q-1:	|-01+--10 -+0-+00- 000010+1 1-0111+-|
Q0:	|---+0+00 1+---0-- ++++0-1+ --100001| ok p=0.472656
Q1:	|.00.00.- -.1+1.0+ 0+1+.-11 -+..+.+1| ok p=0.893555
Q2:	|11-1.+.+ +111-.1+ 1.-..-.1 .+..0.-.| ok p=0.148438
Q3:	|+....... ....-.+. ..-..+.- .-...-.+|
Saving 2000000 paths...done.
Autobalance parameters: maxcond=171
Verified: 0 bad out of 2792544
Estimating maxcond for upper bound 8000000 (=2000000 * 4)...
t=3:  0%   10   20   30   40   50   60   70   80   90   100%
      |----|----|----|----|----|----|----|----|----|----|
e     ***************************************************
Found maxcond = 186
t=3:  0%   10   20   30   40   50   60   70   80   90   100%
      |----|----|----|----|----|----|----|----|----|----|
      ***************************************************
Q-3:	|00001111 01100000 00001011 10000101|
Q-2:	|+010+-11 0-1-+-++ 11110+-0 1-00011+|
Q-1:	|-01+--10 -+0-+00- 000010+1 1-0111+-|
Q0:	|---+0+00 1+---0-- ++++0-1+ --100001| ok p=0.492188
Q1:	|.00.00.- -.+-1.0+ 0+0+.-00 1-..+.+1| ok p=0.768555
Q2:	|11-0.+.- +10.0.1+ 0.-..-.0 1+..0.0.| ok p=0.607422
Q3:	|.-0..0.. +.11..+. .101.... .+..1.1.| ok p=0.830078
Q4:	|.-.+.... +......- .-....+. +...-.+.|
Saving 2000000 paths...done.
Autobalance parameters: maxcond=185
Verified: 1856 bad out of 2109617
Estimating maxcond for upper bound 8000000 (=2000000 * 4)...
t=4:  0%   10   20   30   40   50   60   70   80   90   100%
      |----|----|----|----|----|----|----|----|----|----|
e     ***************************************************
Found maxcond = 199
t=4:  0%   10   20   30   40   50   60   70   80   90   100%
      |----|----|----|----|----|----|----|----|----|----|
      ***************************************************
Q-3:	|00001111 01100000 00001011 10000101|
Q-2:	|+010+-11 0-1-+-++ 11110+-0 1-00011+|
Q-1:	|-01+--10 -+0-+00- 000010+1 1-0111+-|
Q0:	|---+0+00 1+---0-- ++++0-1+ --100001| ok p=1
Q1:	|.01.10.- -.+-1.0+ 0+0+.-00 1-..+.+1| ok p=0.457031
Q2:	|1-+0.+.1 -01.0.1+ 0.-..-.- 0-..0.0.| ok p=0.311523
Q3:	|.-0..1.1 -.10..+. .100...+ .-..1.0.| ok p=0.954102
Q4:	|.-1..1.. ......01 ..-..1.- ......-.| ok p=0.702148
Q5:	|.-..+... +.+.+.-. -.+..+.. ..-..-.+|
Saving 2000000 paths...done.
Autobalance parameters: maxcond=198
Verified: 29732 bad out of 2461855
Estimating maxcond for upper bound 8000000 (=2000000 * 4)...
t=5:  0%   10   20   30   40   50   60   70   80   90   100%
      |----|----|----|----|----|----|----|----|----|----|
e     ***************************************************
Found maxcond = 214
t=5:  0%   10   20   30   40   50   60   70   80   90   100%
      |----|----|----|----|----|----|----|----|----|----|
      ***************************************************
Q-3:	|00001111 01100000 00001011 10000101|
Q-2:	|+010+-11 0-1-+-++ 11110+-0 1-00011+|
Q-1:	|-01+--10 -+0-+00- 000010+1 1-0111+-|
Q0:	|---+0+00 1+---0-- ++++0-1+ --100001| ok p=0.503906
Q1:	|.00.00.- -.1+1.0+ 0+0+.-11 -+..+.+1| ok p=1
Q2:	|11-0.+.- +100-.0+ 0.-..-.0 .+..1.-.| ok p=0.351562
Q3:	|.-1..1.. 1..1+.+. .010.... 0+..-.+.| ok p=0.660156
Q4:	|.-1..0.1 0..10.01 ..-..1.. ....1.0.| ok p=0.503906
Q5:	|.+...+.. +..++.-. ..-..... .1..1.+.| ok p=0.421875
Q6:	|...-..+. +.-.-.+. .-..-.+. ...-..+.|
Saving 2000000 paths...done.
Autobalance parameters: maxcond=213
Verified: 9298 bad out of 3553206
Estimating maxcond for upper bound 8000000 (=2000000 * 4)...
t=6:  0%   10   20   30   40   50   60   70   80   90   100%
      |----|----|----|----|----|----|----|----|----|----|
e     ***************************************************
Found maxcond = 227
t=6:  0%   10   20   30   40   50   60   70   80   90   100%
      |----|----|----|----|----|----|----|----|----|----|
      ***************************************************
Q-3:	|00001111 01100000 00001011 10000101|
Q-2:	|+010+-11 0-1-+-++ 11110+-0 1-00011+|
Q-1:	|-01+--10 -+0-+00- 000010+1 1-0111+-|
Q0:	|---+0+00 1+---0-- ++++0-1+ --100001| ok p=0.503906
Q1:	|.00.00.- -.0+1.0+ 0+0+.-11 -+..+.+1| ok p=1
Q2:	|01-0.+.- +100-V1+ 0.-..-.0 .+..0.1.| ok p=0.628906
Q3:	|.-1..0.. 1..11..- .011.1.. 0+..1.0.| ok p=1
Q4:	|.-1..1V1 +..-+-.1 ..-..0V. .0..V.+.| ok p=0.479492
Q5:	|.+...... +..1+0.0 ..-..+.. .0....+.| ok p=0.334961
Q6:	|.-....-. ...+.1.. .....0-. .+..-...| ok p=0.584961
Q7:	|+.....-. +..+.+.. -......- .+..+.-.|
Saving 2000000 paths...done.
Autobalance parameters: maxcond=226
Verified: 91838 bad out of 2368561
Estimating maxcond for upper bound 8000000 (=2000000 * 4)...
t=7:  0%   10   20   30   40   50   60   70   80   90   100%
      |----|----|----|----|----|----|----|----|----|----|
e     ***************************************************
Found maxcond = 240
t=7:  0%   10   20   30   40   50   60   70   80   90   100%
      |----|----|----|----|----|----|----|----|----|----|
      ***************************************************
Q-3:	|00001111 01100000 00001011 10000101|
Q-2:	|+010+-11 0-1-+-++ 11110+-0 1-00011+|
Q-1:	|-01+--10 -+0-+00- 000010+1 1-0111+-|
Q0:	|---+0+00 1+---0-- ++++0-1+ --100001| ok p=0.520508
Q1:	|.00.00.- -.0+1.0+ 0+0+.-11 -+..+.+1| ok p=1
Q2:	|01-1.+.- +100-.1+ 0.-..-.0 .+..0.1.| ok p=0.814453
Q3:	|.-1..1.. 0..11.1- 00-1.1.1 0+..1.1V| ok p=0.820312
Q4:	|.-1..0.1 1...-.-- -....0.0 ......+.| ok p=0.612305
Q5:	|.1...+.. +...+.0. +.0..+.+ .0.V..++| ok p=0.619141
Q6:	|.1...0.. 1...1.11 +....0.- ......+1| ok p=0.553711
Q7:	|.-...1.. +...+.-. .....1.0 ...+...1| ok p=0.557617
Q8:	|......+. -...-.-. ..+....- .-.+....|
Saving 2000000 paths...done.
Autobalance parameters: maxcond=239
Verified: 18776 bad out of 2239031
Estimating maxcond for upper bound 8000000 (=2000000 * 4)...
t=8:  0%   10   20   30   40   50   60   70   80   90   100%
      |----|----|----|----|----|----|----|----|----|----|
e     ***************************************************
Found maxcond = 251
t=8:  0%   10   20   30   40   50   60   70   80   90   100%
      |----|----|----|----|----|----|----|----|----|----|
      ***************************************************
Q-3:	|00001111 01100000 00001011 10000101|
Q-2:	|+010+-11 0-1-+-++ 11110+-0 1-00011+|
Q-1:	|-01+--10 -+0-+00- 000010+1 1-0111+-|
Q0:	|---+0+00 1+---0-- ++++0-1+ --100001| ok p=0.505859
Q1:	|.00.00.- -.0+1.0+ 0+0+.-11 -+..+.+1| ok p=1
Q2:	|01-0.+.- +100-V1+ 0.-..-.0 .+..0.1.| ok p=0.661133
Q3:	|.-1..0.0 1..11..- .011.1.. 0+..1.0.| ok p=0.916016
Q4:	|.-1..1.1 +..-1+.0 ..-..0V. .0..V.+.| ok p=0.498047
Q5:	|.+.....+ +..0+1.0 ..-..+.V .1....+.| ok p=0.546875
Q6:	|.1.....- ...+-+.. .....0-. .+..+.+.| ok p=0.728516
Q7:	|.-.....1 0..+10.. ..1..10+ .+..0...| ok p=0.722656
Q8:	|.-.....+ ....11.. ......10 .+..-.1.| ok p=0.59082
Q9:	|+..+.-.+ ...-..+. ..+.+.-. -.-.-..+|
Saving 2000000 paths...done.
Autobalance parameters: maxcond=250
Verified: 16492 bad out of 2251246
Estimating maxcond for upper bound 8000000 (=2000000 * 4)...
t=9:  0%   10   20   30   40   50   60   70   80   90   100%
      |----|----|----|----|----|----|----|----|----|----|
e     ***************************************************
Found maxcond = 264
t=9:  0%   10   20   30   40   50   60   70   80   90   100%
      |----|----|----|----|----|----|----|----|----|----|
      ***************************************************
Q-3:	|00001111 01100000 00001011 10000101|
Q-2:	|+010+-11 0-1-+-++ 11110+-0 1-00011+|
Q-1:	|-01+--10 -+0-+00- 000010+1 1-0111+-|
Q0:	|---+0+00 1+---0-- ++++0-1+ --100001| ok p=0.487305
Q1:	|.00.00.- -.0+1.0+ 0+0+.-11 -+..+.+1| ok p=1
Q2:	|01-0.+.- +100-V1+ 0.-..-.0 .+..0.1.| ok p=0.603516
Q3:	|.-1..01. 1..11..- .011.0.. 0+..1.0.| ok p=0.94043
Q4:	|.-1..101 +V.-1+.0 ..-..0V. ..1...+.| ok p=0.513672
Q5:	|.+....+. -..0+1.0 ..-..+1. .10.V.+.| ok p=0.352539
Q6:	|.1....0. --.0++.. .....-+. ..+...+.| ok p=0.751953
Q7:	|.-.V..1. -0.+.1.. ..1..1-. ..0.+...| ok p=0.286133
Q8:	|.+...... +0.101.. .....0-. ..1.0.0.| ok p=0.506836
Q9:	|.-.-.... +..-.... ........ ....1...| ok p=0.746094
Q10:	|+..-.... .+.-..+. ..+..... ...-.+.+|
Saving 2000000 paths...done.
Autobalance parameters: maxcond=263
Verified: 64494 bad out of 3534319
Estimating maxcond for upper bound 8000000 (=2000000 * 4)...
t=10: 0%   10   20   30   40   50   60   70   80   90   100%
      |----|----|----|----|----|----|----|----|----|----|
e     ***************************************************
Found maxcond = 275
t=10: 0%   10   20   30   40   50   60   70   80   90   100%
      |----|----|----|----|----|----|----|----|----|----|
      ***************************************************
Q-3:	|00001111 01100000 00001011 10000101|
Q-2:	|+010+-11 0-1-+-++ 11110+-0 1-00011+|
Q-1:	|-01+--10 -+0-+00- 000010+1 1-0111+-|
Q0:	|---+0+00 1+---0-- ++++0-1+ --100001| ok p=0.53418
Q1:	|.00.00.- -.0+1.0+ 0+0+.-11 -+..+.+1| ok p=1
Q2:	|01-0.+.- +100-01+ 0.-..-.0 .+..0.1.| ok p=0.573242
Q3:	|.-1..0.1 1..111.- .011.1.. 0+..1.0.| ok p=0.878906
Q4:	|.-1..1.1 +...--.1 ..-..0V. 1.....+V| ok p=0.518555
Q5:	|.+...+.- -..0+1.0 ..-..+.. 01....+0| ok p=0.358398
Q6:	|.1...0.1 1..1++.. .....-+. +...V..+| ok p=0.716797
Q7:	|.-...1.1 -..+.1.. ..1..-1. -...1.0-| ok p=0.324219
Q8:	|.+...1.. +..011.. ......1. -...-.01| ok p=0.979492
Q9:	|.+...+.. +..-.... .....0.. ....-.+-| ok p=0.749023
Q10:	|.....+.. ...+.... ........ 1...-.++| ok p=0.963867
Q11:	|.....-.- ........ ........ ..+..-.-|
Saving 2000000 paths...done.
Autobalance parameters: maxcond=274
Verified: 5590 bad out of 3192357
Runtime: 258.446
Extend MD5 differential paths forward
Copyright (C) 2009 Marc Stevens
http://homepages.cwi.nl/~stevens/

delta_m[11] = [!9!]
Loading workdir2/paths10_0of1...done: 2000000 (work:2000000).
Estimating maxcond for upper bound 2000000 (=500000 * 4)...
t=11: 0%   10   20   30   40   50   60   70   80   90   100%
      |----|----|----|----|----|----|----|----|----|----|
e     ***************************************************
Found maxcond = 283
t=11: 0%   10   20   30   40   50   60   70   80   90   100%
      |----|----|----|----|----|----|----|----|----|----|
      ***************************************************
Q-3:	|00001111 01100000 00001011 10000101|
Q-2:	|+010+-11 0-1-+-++ 11110+-0 1-00011+|
Q-1:	|-01+--10 -+0-+00- 000010+1 1-0111+-|
Q0:	|---+0+00 1+---0-- ++++0-1+ --100001| ok p=0.489258
Q1:	|.00.00.- -.0+1.0+ 0+0+.-11 -+..+.+1| ok p=1
Q2:	|01-0.+.- +100-01+ 0.-..-.0 .+..0.1.| ok p=0.587891
Q3:	|.-1..0.1 1..111.- .011.1.. 0+..1.0.| ok p=0.882812
Q4:	|.-1..1.1 +...--.1 ..-..0V. 1.....+V| ok p=0.489258
Q5:	|.+...+.- -..0+1.0 ..-..+.. 01....+0| ok p=0.37207
Q6:	|.1...0.1 1..1++.. .....-+. +..V...+| ok p=0.711914
Q7:	|.-...1.1 -..+.1.. ..0..-1. -..1..0-| ok p=0.318359
Q8:	|.+...1.. +..011.. ......1. -..-..01| ok p=0.969727
Q9:	|.+...+.V +..-.... .....0.. ...-..+-| ok p=0.708984
Q10:	|.....+.. ...+.... ........ 1..-..++| ok p=0.970703
Q11:	|.1...-.- 1..-.... ........ ...+..++| ok p=0.482422
Q12:	|.+.+.+.. -......+ ..+..... ...+.+.-|
Saving 500000 paths...done.
Autobalance parameters: maxcond=282
Verified: 160 bad out of 668226
Runtime: 23.4133
