MD5 differential path toolbox
Copyright (C) 2009 Marc Stevens
http://homepages.cwi.nl/~stevens/

IHV1   = {257952645,3770353377,2928740829,661975750}
IHV1   = 850b600fe106bbe0dd0991aec6f27427

IHV2   = {257952645,348189473,843582366,2871784583}
IHV2   = 850b600f21f3c0149e0b483287f42bab

dIHV   = {0,872803392,2209808833,2209808833}
NC0: delta c = delta d = [!-0,31!]
NC0: delta b           = [!-0,-20,-22,31!]
NC1: delta c = delta d = [!6!]
NC1: delta b           = [!6,28!]
NC2: delta c = delta d = [!-9!]
NC2: delta b           = [!0,-9,30!]
NC3: delta c = delta d = [!16!]
NC3: delta b           = [!-7,16!]
NC4: delta c = delta d = [!19!]
NC4: delta b           = [!-9,19!]
NC5: delta c = delta d = [!22!]
NC5: delta b           = [!-11,13,22!]
NC6: delta c = delta d = [!-26!]
NC6: delta b           = [!16,-26!]
NC0: prob=-9.30064
NC1: prob=-5.98789
NC2: prob=-6.07456
NC3: prob=-7.62802
NC4: prob=-4.9265
NC5: prob=-6.92971
NC6: prob=-5.00098
delta m_11 = [!9!]
Q-3:	|00001111 01100000 00001011 10000101|
Q-2:	|+010+-11 0-1-+-++ 11110+-0 1-00011+|
Q-1:	|-01+--10 -+0-+00- 000010+1 1-0111+-|
Q0:	|---+0+00 1+---0-- ++++0-1+ --100001| ok p=0.743164
Q1:	|......-. +..+...+ .+.+.-.. .-..+.+.|
Saved lower diff. path to 'workdir2/lowerpath.bin.gz'.

Q32:	|........ ........ ........ ........|
Q33:	|........ ........ ........ ........|
Q34:	|........ ........ ........ ........|
Q35:	|........ ........ ........ ........| ok p=1
Q36:	|........ ........ ........ ........| ok p=1
Q37:	|........ ........ ........ ........| ok p=1
Q38:	|........ ........ ........ ........| ok p=1
Q39:	|........ ........ ........ ........| ok p=1
Q40:	|........ ........ ........ ........| ok p=1
Q41:	|........ ........ ........ ........| ok p=1
Q42:	|........ ........ ........ ........| ok p=1
Q43:	|........ ........ ........ ........| ok p=1
Q44:	|........ ........ ........ ........| ok p=1
Q45:	|........ ........ ........ ........| ok p=1
Q46:	|........ ........ ........ ........| ok p=1
Q47:	|........ ........ ........ ........| ok p=1
Q48:	|........ ........ ........ ........| ok p=1
Q49:	|........ ........ ........ ........| ok p=1
Q50:	|........ ........ ........ ........| ok p=1
Q51:	|........ ........ ........ ........| ok p=1
Q52:	|........ ........ ........ ........| ok p=1
Q53:	|........ ........ ........ ........| ok p=1
Q54:	|........ ........ ........ ........| ok p=1
Q55:	|........ ........ ........ ........| ok p=1
Q56:	|........ ........ ........ ........| ok p=1
Q57:	|........ ........ ........ ........| ok p=1
Q58:	|........ ........ ........ ........| ok p=1
Q59:	|........ ........ ........ ........| ok p=1
Q60:	|........ ...00... ........ ........| ok p=1
Q61:	|........ ...Q1... ........ ........| ok p=1
Q62:	|........ ...+-... ........ ........| ok p=1
Q63:	|........ ....+... ........ ........| ok p=0.99707
Q64:	|........ ....+... ......-. ........|
Saved upper diff. path to 'workdir2/upperpath.bin.gz'.
Saved 'md5diffpathforward.cfg'.
Saved 'md5diffpathbackward.cfg'.
Saved 'md5diffpathconnect.cfg'.
Saved 'md5diffpathhelper.cfg'.
