MD5 differential path toolbox
Copyright (C) 2009 Marc Stevens
http://homepages.cwi.nl/~stevens/

delta_m[11] = [!-21!]
Q-3:	|00100100 11110010 01000110 11101000|
Q-2:	|+1011101 11111101 10101000 110101+-|
Q-1:	|-1110110 11101100 11010100 1101110+|
Q0:	|-1100000 +1--0010 10100110 1010001+| ok p=0.964844
Q1:	|-..0+... 0+1+.1.. ..1..... .......+| ok p=1
Q2:	|-..+-... 1+1+.1.. .1+.0... .......-| ok p=1
Q3:	|-.10+... 1+.+.+.. .0+^1... ......1-| ok p=1
Q4:	|-111+... +.!+.+.. .+.+-... .0....0-| ok p=1
Q5:	|0.--+... +0...... .+00+... .1.^..++| ok p=1
Q6:	|0!+0.... ..01.0^. ...+-.^0 .1.+..--| ok p=1
Q7:	|.!-11... 1.00..-! .1.--.+0 .-.0.1-0| ok p=1
Q8:	|..-..... ..-1..0. ...+..0- .-.+.0.1| ok p=1
Q9:	|.!+00... ^.00..1. .1.+1.-+ .+.1.-0.| ok p=1
Q10:	|0.+01011 +.+0.1-. 01.1.1-+ 0+.10-..| ok p=1
Q11:	|1.1+1111 1.+-.0+1 0-00.00- 1.0-1+1.| ok p=1
Q12:	|-^0++--+ 0.0+.+-0 -+1+^++0 +111-+0.| ok p=1
Q13:	|1-+0+--- 0.-+.00- +--+-000 +.-10.+1| ok p=1
Q14:	|111-..11 0.--.10+ 100.011+ +.0.00-1| ok p=1
Q15:	|.10+01-0 +.++.0.+ 10001+.1 -.1...0-| ok p=0.758789
Q16:	|.0.+..-. ..+1.1.- .0...1.1 0.-..0+.| ok p=1
Q17:	|.1.0..1. ^.10.+.1 .1...-.. 0.+..1.^| ok p=0.569336
Q18:	|.-.1..+. ..1....- .+...-.. ..1..-^.| ok p=0.643555
Q19:	|......+. 0.-..^.- ....0+.. ..+.....| ok p=0.920898
Q20:	|.^....00 1...0..0 .^..1+.. 0...0^..| ok p=1
Q21:	|.0....11 +.^.1..0 ....+0.. 1.^.1...| ok p=0.765625
Q22:	|.1.....- ....-... .....0.. -...+...| ok p=0.804688
Q23:	|.-.0.... ^......0 ....^... ........| ok p=0.732422
Q24:	|...1...^ ....^..1 ...0.... ^...^.0.| ok p=0.863281
Q25:	|.^.+.... .......+ ...1.... ........| ok p=0.935547
Q26:	|........ ..0..... ...+.... .....0-.| ok p=0.765625
Q27:	|...^.... ..1....^ ........ .....1-.| ok p=1
Q28:	|........ ..-..... ...^.... .....-+.| ok p=0.970703
Q29:	|........ ..0..... ........ ......0.| ok p=0.999023
Q30:	|........ ..+..... ........ .....^1.| ok p=1
Q31:	|........ ..+..... ........ ........| ok p=1
Q32:	|........ ........ ........ ........| ok p=1
Q33:	|........ ..!..... ........ ........| ok p=1
Q34:	|........ ........ ........ ........| ok p=1
Q35:	|........ ........ ........ ........| ok p=1
Q36:	|........ ........ ........ ........| ok p=1
Q37:	|........ ........ ........ ........| ok p=1
Q38:	|........ ........ ........ ........| ok p=1
Q39:	|........ ........ ........ ........| ok p=1
Q40:	|........ ........ ........ ........| ok p=1
Q41:	|........ ........ ........ ........| ok p=1
Q42:	|........ ........ ........ ........| ok p=1
Q43:	|........ ........ ........ ........| ok p=1
Q44:	|........ ........ ........ ........| ok p=1
Q45:	|........ ........ ........ ........| ok p=1
Q46:	|........ ........ ........ ........| ok p=1
Q47:	|........ ........ ........ ........| ok p=1
Q48:	|........ ........ ........ ........| ok p=1
Q49:	|........ ........ ........ ........| ok p=1
Q50:	|........ ........ ........ ........| ok p=1
Q51:	|........ ........ ........ ........| ok p=1
Q52:	|........ ........ ........ ........| ok p=1
Q53:	|........ ........ ........ ........| ok p=1
Q54:	|........ ........ ........ ........| ok p=1
Q55:	|........ ........ ........ ........| ok p=1
Q56:	|........ ........ ........ ........| ok p=1
Q57:	|........ ........ ........ ........| ok p=1
Q58:	|........ ........ ........ ........| ok p=1
Q59:	|........ ........ ........ ........| ok p=1
Q60:	|0....... ........ ........ .......0| ok p=1
Q61:	|0....... ........ ........ ......11| ok p=0.49707
Q62:	|-....... ........ ........ ......0-| ok p=1
Q63:	|+....... ........ ........ ......-+| ok p=0.480469
Q64:	|+....... .-.-.... ........ .......-|
Starting...
20: Q5m5tunnel      = 3
20: Q4m5tunnel      = 2
20: Q14m6Q3m5tunnel = 2
21: Q10m10tunnel    = 4
21: Q9m10tunnel     = 2
22: Q8Q12m15tunnel  = 1
23: Q4m4tunnel      = 12
24: Q9m9tunnel      = 8
25: Q14Q3m14tunnel  = 2
20: Q5m5tunnel      = 3
20: Q4m5tunnel      = 2
20: Q14m6Q3m5tunnel = 3
21: Q10m10tunnel    = 5
21: Q9m10tunnel     = 0
22: Q8Q12m15tunnel  = 1
23: Q4m4tunnel      = 11
24: Q9m9tunnel      = 9
25: Q14Q3m14tunnel  = 3
.20: Q5m5tunnel      = 3
20: Q4m5tunnel      = 2
20: Q14m6Q3m5tunnel = 2
21: Q10m10tunnel    = 4
21: Q9m10tunnel     = 2
22: Q8Q12m15tunnel  = 1
23: Q4m4tunnel      = 12
24: Q9m9tunnel      = 8
25: Q14Q3m14tunnel  = 2
.20: Q5m5tunnel      = 3
20: Q4m5tunnel      = 2
20: Q14m6Q3m5tunnel = 2
21: Q10m10tunnel    = 4
21: Q9m10tunnel     = 2
22: Q8Q12m15tunnel  = 1
23: Q4m4tunnel      = 12
24: Q9m9tunnel      = 8
25: Q14Q3m14tunnel  = 2
..1 0
2 0
4 0
8 0
16 0
32 0
64 0
128 0
256 0
512 0
1024 0
2048 0
4096 0
8192 0
16384 0
24068 1
24932 2
32768 2
65536 2
131072 3
231741 4
262144 4
417125 8
524288 8
950067 16
1048576 18
1969969 32
2097152 34
20: Q5m5tunnel      = 3
20: Q4m5tunnel      = 2
20: Q14m6Q3m5tunnel = 3
21: Q10m10tunnel    = 5
21: Q9m10tunnel     = 0
22: Q8Q12m15tunnel  = 1
23: Q4m4tunnel      = 11
24: Q9m9tunnel      = 9
25: Q14Q3m14tunnel  = 3
.3826400 64
4194304 66
8388608 115
9212796 128
16777216 229
18715795 256
Block 1: workdir8/coll1_1809480599
6a 01 41 73 2d 41 6a bd ae 41 1c 67 fd fe 94 2f 
ef 9d 40 f1 10 d8 3a f2 3d 22 c2 36 d6 6a bc a3 
73 d5 3b 07 95 14 ff 26 89 ba fa 44 9a d3 df 19 
99 7b 57 71 8e 13 ac 26 df c1 f6 dc 95 72 2d bd 
Block 2: workdir8/coll2_1809480599
6a 01 41 73 2d 41 6a bd ae 41 1c 67 fd fe 94 2f 
ef 9d 40 f1 10 d8 3a f2 3d 22 c2 36 d6 6a bc a3 
73 d5 3b 07 95 14 ff 26 89 ba fa 44 9a d3 bf 19 
99 7b 57 71 8e 13 ac 26 df c1 f6 dc 95 72 2d bd 
Found collision!
