MD5 differential path toolbox
Copyright (C) 2009 Marc Stevens
http://homepages.cwi.nl/~stevens/

delta_m[11] = [!12!]
Q-3:	|10101000 01101110 01110000 11000001|
Q-2:	|-0100110 0-10110- 01001011 0001111+|
Q-1:	|-1011100 1-00111- 11100111 1000+---|
Q0:	|+0111000 +---111- 10-+-01+ -11101+-| ok p=0.226562
Q1:	|0-.-...0 -101..+. +.+10+.+ 1+..10+-| ok p=1
Q2:	|-1.+...- --01..-0 +00--0.+ 1+......| ok p=1
Q3:	|1+1+..11 .+..1.+. 1.---1.. .1^...00| ok p=1
Q4:	|++0...1+ 1-..0.+. -.-..-11 .1-.....| ok p=1
Q5:	|-1.0..+0 .1..-.-. 1.000-0. .+1.....| ok p=1
Q6:	|00....-- .0..+.1. 1.101.+. .0+.....| ok p=1
Q7:	|-1....1+ ..1.+.01 0.+1+00. .+-.....| ok p=1
Q8:	|-.1...0+ ..0.-..1 ..--+.0. .01.....| ok p=1
Q9:	|-.0..... ^.0.1..- ..-1+0.0 .10.....| ok p=1
Q10:	|-.101..1 -.+0001- ...-0.^. 11-10.1.| ok p=1
Q11:	|+.00100. 10+1011- ..1-1.+1 00-0001.| ok p=1
Q12:	|+.-++11. 11+-++++ ..1++^00 -+--+1+.| ok p=1
Q13:	|-.+----0 -----+++ .0++0-++ 0++0++-.| ok p=1
Q14:	|-.0-1101 010.0..1 110+0110 -.10.1+.| ok p=1
Q15:	|+.01011+ -111-01+ .-00-000 -10.11-.| ok p=0.522461
Q16:	|0..+..0- ..0.-..+ ...1..1. +.0...0.| ok p=0.817383
Q17:	|0..0..11 ^.1.0..1 .^.-^.-. -.1...+.| ok p=0.493164
Q18:	|...0..+1 ..+.1..- ...-.... +.-...+.| ok p=0.428711
Q19:	|...-.... .......- .0.+..^. +....0-.| ok p=0.879883
Q20:	|.0...0^. ..^....0 01.0.0.. 1.^..1-.| ok p=1
Q21:	|.1.^.1.. ..0....1 1-.1.1.. 1....-0.| ok p=0.765625
Q22:	|.+...-.. ..1..... +....+.. ......0.| ok p=0.708984
Q23:	|........ ..+.0... .^...... 0....^..| ok p=0.996094
Q24:	|.^...^.0 ....1... ^....^.. 1...0...| ok p=1
Q25:	|........ ..^.-... ........ -...1...| ok p=0.772461
Q26:	|......0+ ........ ...0.... ....-...| ok p=1
Q27:	|......1+ ....^... ...1.... ^.......| ok p=0.99707
Q28:	|......+- ........ ...+.... ....^...| ok p=0.995117
Q29:	|.......0 ........ ...0.... ........| ok p=1
Q30:	|......^1 ........ ...-.... ........| ok p=1
Q31:	|........ ........ ...-.... ........| ok p=0.995117
Q32:	|........ ........ ........ ........| ok p=1
Q33:	|........ ........ ...!.... ........| ok p=1
Q34:	|........ ........ ........ ........| ok p=1
Q35:	|........ ........ ........ ........| ok p=1
Q36:	|........ ........ ........ ........| ok p=1
Q37:	|........ ........ ........ ........| ok p=1
Q38:	|........ ........ ........ ........| ok p=1
Q39:	|........ ........ ........ ........| ok p=1
Q40:	|........ ........ ........ ........| ok p=1
Q41:	|........ ........ ........ ........| ok p=1
Q42:	|........ ........ ........ ........| ok p=1
Q43:	|........ ........ ........ ........| ok p=1
Q44:	|........ ........ ........ ........| ok p=1
Q45:	|........ ........ ........ ........| ok p=1
Q46:	|........ ........ ........ ........| ok p=1
Q47:	|........ ........ ........ ........| ok p=1
Q48:	|........ ........ ........ ........| ok p=1
Q49:	|........ ........ ........ ........| ok p=1
Q50:	|........ ........ ........ ........| ok p=1
Q51:	|........ ........ ........ ........| ok p=1
Q52:	|........ ........ ........ ........| ok p=1
Q53:	|........ ........ ........ ........| ok p=1
Q54:	|........ ........ ........ ........| ok p=1
Q55:	|........ ........ ........ ........| ok p=1
Q56:	|........ ........ ........ ........| ok p=1
Q57:	|........ ........ ........ ........| ok p=1
Q58:	|........ ........ ........ ........| ok p=1
Q59:	|........ ........ ........ ........| ok p=1
Q60:	|........ 00...... ........ ........| ok p=1
Q61:	|........ 10...... ........ ........| ok p=0.999023
Q62:	|........ +-...... ........ ........| ok p=1
Q63:	|........ 0+...... ........ ........| ok p=0.99707
Q64:	|........ .+...... ..+.-... ........|
Starting...
20: Q5m5tunnel      = 3
20: Q4m5tunnel      = 0
20: Q14m6Q3m5tunnel = 2
21: Q10m10tunnel    = 3
21: Q9m10tunnel     = 4
22: Q8Q12m15tunnel  = 3
23: Q4m4tunnel      = 14
24: Q9m9tunnel      = 6
25: Q14Q3m14tunnel  = 1
.20: Q5m5tunnel      = 3
20: Q4m5tunnel      = 0
20: Q14m6Q3m5tunnel = 2
21: Q10m10tunnel    = 3
21: Q9m10tunnel     = 4
22: Q8Q12m15tunnel  = 3
23: Q4m4tunnel      = 14
24: Q9m9tunnel      = 6
25: Q14Q3m14tunnel  = 1
.20: Q5m5tunnel      = 3
20: Q4m5tunnel      = 0
20: Q14m6Q3m5tunnel = 2
21: Q10m10tunnel    = 3
21: Q9m10tunnel     = 4
22: Q8Q12m15tunnel  = 3
23: Q4m4tunnel      = 14
24: Q9m9tunnel      = 6
25: Q14Q3m14tunnel  = 1
.20: Q5m5tunnel      = 3
20: Q4m5tunnel      = 0
20: Q14m6Q3m5tunnel = 2
21: Q10m10tunnel    = 3
21: Q9m10tunnel     = 4
22: Q8Q12m15tunnel  = 3
23: Q4m4tunnel      = 14
24: Q9m9tunnel      = 6
25: Q14Q3m14tunnel  = 1
.1 0
2 0
4 0
8 0
16 0
32 0
64 0
128 0
256 0
512 0
1024 0
2048 0
4096 0
8192 0
16384 0
32768 0
45048 1
51121 2
65536 2
123908 4
131072 4
262144 6
329904 8
524288 12
739079 16
1048576 20
20: Q5m5tunnel      = 3
20: Q4m5tunnel      = 0
20: Q14m6Q3m5tunnel = 2
21: Q10m10tunnel    = 3
21: Q9m10tunnel     = 4
22: Q8Q12m15tunnel  = 3
23: Q4m4tunnel      = 14
24: Q9m9tunnel      = 6
25: Q14Q3m14tunnel  = 1
.20: Q5m5tunnel      = 3
20: Q4m5tunnel      = 0
20: Q14m6Q3m5tunnel = 2
21: Q10m10tunnel    = 3
21: Q9m10tunnel     = 4
22: Q8Q12m15tunnel  = 3
23: Q4m4tunnel      = 14
24: Q9m9tunnel      = 6
25: Q14Q3m14tunnel  = 1
.20: Q5m5tunnel      = 3
20: Q4m5tunnel      = 0
20: Q14m6Q3m5tunnel = 2
21: Q10m10tunnel    = 3
21: Q9m10tunnel     = 4
22: Q8Q12m15tunnel  = 3
23: Q4m4tunnel      = 14
24: Q9m9tunnel      = 6
25: Q14Q3m14tunnel  = 1
.20: Q5m5tunnel      = 3
20: Q4m5tunnel      = 0
20: Q14m6Q3m5tunnel = 2
21: Q10m10tunnel    = 3
21: Q9m10tunnel     = 4
22: Q8Q12m15tunnel  = 3
23: Q4m4tunnel      = 14
24: Q9m9tunnel      = 6
25: Q14Q3m14tunnel  = 1
.1877763 32
2097152 33
20: Q5m5tunnel      = 3
20: Q4m5tunnel      = 0
20: Q14m6Q3m5tunnel = 2
21: Q10m10tunnel    = 3
21: Q9m10tunnel     = 4
22: Q8Q12m15tunnel  = 3
23: Q4m4tunnel      = 14
24: Q9m9tunnel      = 6
25: Q14Q3m14tunnel  = 1
.20: Q5m5tunnel      = 3
20: Q4m5tunnel      = 0
20: Q14m6Q3m5tunnel = 2
21: Q10m10tunnel    = 3
21: Q9m10tunnel     = 4
22: Q8Q12m15tunnel  = 3
23: Q4m4tunnel      = 14
24: Q9m9tunnel      = 6
25: Q14Q3m14tunnel  = 1
.20: Q5m5tunnel      = 3
20: Q4m5tunnel      = 0
20: Q14m6Q3m5tunnel = 2
21: Q10m10tunnel    = 3
21: Q9m10tunnel     = 4
22: Q8Q12m15tunnel  = 3
23: Q4m4tunnel      = 14
24: Q9m9tunnel      = 6
25: Q14Q3m14tunnel  = 1
.20: Q5m5tunnel      = 3
20: Q4m5tunnel      = 0
20: Q14m6Q3m5tunnel = 2
21: Q10m10tunnel    = 3
21: Q9m10tunnel     = 4
22: Q8Q12m15tunnel  = 3
23: Q4m4tunnel      = 14
24: Q9m9tunnel      = 6
25: Q14Q3m14tunnel  = 1
.4194304 53
20: Q5m5tunnel      = 3
20: Q4m5tunnel      = 0
20: Q14m6Q3m5tunnel = 2
21: Q10m10tunnel    = 3
21: Q9m10tunnel     = 4
22: Q8Q12m15tunnel  = 3
23: Q4m4tunnel      = 14
24: Q9m9tunnel      = 6
25: Q14Q3m14tunnel  = 1
.20: Q5m5tunnel      = 3
20: Q4m5tunnel      = 0
20: Q14m6Q3m5tunnel = 2
21: Q10m10tunnel    = 3
21: Q9m10tunnel     = 4
22: Q8Q12m15tunnel  = 3
23: Q4m4tunnel      = 14
24: Q9m9tunnel      = 6
25: Q14Q3m14tunnel  = 1
.20: Q5m5tunnel      = 3
20: Q4m5tunnel      = 0
20: Q14m6Q3m5tunnel = 2
21: Q10m10tunnel    = 3
21: Q9m10tunnel     = 4
22: Q8Q12m15tunnel  = 3
23: Q4m4tunnel      = 14
24: Q9m9tunnel      = 6
25: Q14Q3m14tunnel  = 1
.20: Q5m5tunnel      = 3
20: Q4m5tunnel      = 0
20: Q14m6Q3m5tunnel = 2
21: Q10m10tunnel    = 3
21: Q9m10tunnel     = 4
22: Q8Q12m15tunnel  = 3
23: Q4m4tunnel      = 14
24: Q9m9tunnel      = 6
25: Q14Q3m14tunnel  = 1
.4852731 64
20: Q5m5tunnel      = 3
20: Q4m5tunnel      = 0
20: Q14m6Q3m5tunnel = 2
21: Q10m10tunnel    = 3
21: Q9m10tunnel     = 4
22: Q8Q12m15tunnel  = 3
23: Q4m4tunnel      = 14
24: Q9m9tunnel      = 6
25: Q14Q3m14tunnel  = 1
.20: Q5m5tunnel      = 3
20: Q4m5tunnel      = 0
20: Q14m6Q3m5tunnel = 2
21: Q10m10tunnel    = 3
21: Q9m10tunnel     = 4
22: Q8Q12m15tunnel  = 3
23: Q4m4tunnel      = 14
24: Q9m9tunnel      = 6
25: Q14Q3m14tunnel  = 1
.20: Q5m5tunnel      = 3
20: Q4m5tunnel      = 0
20: Q14m6Q3m5tunnel = 2
21: Q10m10tunnel    = 3
21: Q9m10tunnel     = 4
22: Q8Q12m15tunnel  = 3
23: Q4m4tunnel      = 14
24: Q9m9tunnel      = 6
25: Q14Q3m14tunnel  = 1
.20: Q5m5tunnel      = 3
20: Q4m5tunnel      = 0
20: Q14m6Q3m5tunnel = 2
21: Q10m10tunnel    = 3
21: Q9m10tunnel     = 4
22: Q8Q12m15tunnel  = 3
23: Q4m4tunnel      = 14
24: Q9m9tunnel      = 6
25: Q14Q3m14tunnel  = 1
.20: Q5m5tunnel      = 3
20: Q4m5tunnel      = 0
20: Q14m6Q3m5tunnel = 2
21: Q10m10tunnel    = 3
21: Q9m10tunnel     = 4
22: Q8Q12m15tunnel  = 3
23: Q4m4tunnel      = 14
24: Q9m9tunnel      = 6
25: Q14Q3m14tunnel  = 1
.20: Q5m5tunnel      = 3
20: Q4m5tunnel      = 0
20: Q14m6Q3m5tunnel = 2
21: Q10m10tunnel    = 3
21: Q9m10tunnel     = 4
22: Q8Q12m15tunnel  = 3
23: Q4m4tunnel      = 14
24: Q9m9tunnel      = 6
25: Q14Q3m14tunnel  = 1
.20: Q5m5tunnel      = 3
20: Q4m5tunnel      = 0
20: Q14m6Q3m5tunnel = 2
21: Q10m10tunnel    = 3
21: Q9m10tunnel     = 4
22: Q8Q12m15tunnel  = 3
23: Q4m4tunnel      = 14
24: Q9m9tunnel      = 6
25: Q14Q3m14tunnel  = 1
.20: Q5m5tunnel      = 3
20: Q4m5tunnel      = 0
20: Q14m6Q3m5tunnel = 2
21: Q10m10tunnel    = 3
21: Q9m10tunnel     = 4
22: Q8Q12m15tunnel  = 3
23: Q4m4tunnel      = 14
24: Q9m9tunnel      = 6
25: Q14Q3m14tunnel  = 1
.8388608 123
8495578 128
20: Q5m5tunnel      = 3
20: Q4m5tunnel      = 0
20: Q14m6Q3m5tunnel = 2
21: Q10m10tunnel    = 3
21: Q9m10tunnel     = 4
22: Q8Q12m15tunnel  = 3
23: Q4m4tunnel      = 14
24: Q9m9tunnel      = 6
25: Q14Q3m14tunnel  = 1
.20: Q5m5tunnel      = 3
20: Q4m5tunnel      = 0
20: Q14m6Q3m5tunnel = 2
21: Q10m10tunnel    = 3
21: Q9m10tunnel     = 4
22: Q8Q12m15tunnel  = 3
23: Q4m4tunnel      = 14
24: Q9m9tunnel      = 6
25: Q14Q3m14tunnel  = 1
.20: Q5m5tunnel      = 3
20: Q4m5tunnel      = 0
20: Q14m6Q3m5tunnel = 2
21: Q10m10tunnel    = 3
21: Q9m10tunnel     = 4
22: Q8Q12m15tunnel  = 3
23: Q4m4tunnel      = 14
24: Q9m9tunnel      = 6
25: Q14Q3m14tunnel  = 1
.20: Q5m5tunnel      = 3
20: Q4m5tunnel      = 0
20: Q14m6Q3m5tunnel = 2
21: Q10m10tunnel    = 3
21: Q9m10tunnel     = 4
22: Q8Q12m15tunnel  = 3
23: Q4m4tunnel      = 14
24: Q9m9tunnel      = 6
25: Q14Q3m14tunnel  = 1
.20: Q5m5tunnel      = 3
20: Q4m5tunnel      = 0
20: Q14m6Q3m5tunnel = 2
21: Q10m10tunnel    = 3
21: Q9m10tunnel     = 4
22: Q8Q12m15tunnel  = 3
23: Q4m4tunnel      = 14
24: Q9m9tunnel      = 6
25: Q14Q3m14tunnel  = 1
.20: Q5m5tunnel      = 3
20: Q4m5tunnel      = 0
20: Q14m6Q3m5tunnel = 2
21: Q10m10tunnel    = 3
21: Q9m10tunnel     = 4
22: Q8Q12m15tunnel  = 3
23: Q4m4tunnel      = 14
24: Q9m9tunnel      = 6
25: Q14Q3m14tunnel  = 1
.20: Q5m5tunnel      = 3
20: Q4m5tunnel      = 0
20: Q14m6Q3m5tunnel = 2
21: Q10m10tunnel    = 3
21: Q9m10tunnel     = 4
22: Q8Q12m15tunnel  = 3
23: Q4m4tunnel      = 14
24: Q9m9tunnel      = 6
25: Q14Q3m14tunnel  = 1
.20: Q5m5tunnel      = 3
20: Q4m5tunnel      = 0
20: Q14m6Q3m5tunnel = 2
21: Q10m10tunnel    = 3
21: Q9m10tunnel     = 4
22: Q8Q12m15tunnel  = 3
23: Q4m4tunnel      = 14
24: Q9m9tunnel      = 6
25: Q14Q3m14tunnel  = 1
.20: Q5m5tunnel      = 3
20: Q4m5tunnel      = 0
20: Q14m6Q3m5tunnel = 2
21: Q10m10tunnel    = 3
21: Q9m10tunnel     = 4
22: Q8Q12m15tunnel  = 3
23: Q4m4tunnel      = 14
24: Q9m9tunnel      = 6
25: Q14Q3m14tunnel  = 1
.20: Q5m5tunnel      = 3
20: Q4m5tunnel      = 0
20: Q14m6Q3m5tunnel = 2
21: Q10m10tunnel    = 3
21: Q9m10tunnel     = 4
22: Q8Q12m15tunnel  = 3
23: Q4m4tunnel      = 14
24: Q9m9tunnel      = 6
25: Q14Q3m14tunnel  = 1
.20: Q5m5tunnel      = 3
20: Q4m5tunnel      = 0
20: Q14m6Q3m5tunnel = 2
21: Q10m10tunnel    = 3
21: Q9m10tunnel     = 4
22: Q8Q12m15tunnel  = 3
23: Q4m4tunnel      = 14
24: Q9m9tunnel      = 6
25: Q14Q3m14tunnel  = 1
.20: Q5m5tunnel      = 3
20: Q4m5tunnel      = 0
20: Q14m6Q3m5tunnel = 2
21: Q10m10tunnel    = 3
21: Q9m10tunnel     = 4
22: Q8Q12m15tunnel  = 3
23: Q4m4tunnel      = 14
24: Q9m9tunnel      = 6
25: Q14Q3m14tunnel  = 1
.20: Q5m5tunnel      = 3
20: Q4m5tunnel      = 0
20: Q14m6Q3m5tunnel = 2
21: Q10m10tunnel    = 3
21: Q9m10tunnel     = 4
22: Q8Q12m15tunnel  = 3
23: Q4m4tunnel      = 14
24: Q9m9tunnel      = 6
25: Q14Q3m14tunnel  = 1
.20: Q5m5tunnel      = 3
20: Q4m5tunnel      = 0
20: Q14m6Q3m5tunnel = 2
21: Q10m10tunnel    = 3
21: Q9m10tunnel     = 4
22: Q8Q12m15tunnel  = 3
23: Q4m4tunnel      = 14
24: Q9m9tunnel      = 6
25: Q14Q3m14tunnel  = 1
.20: Q5m5tunnel      = 3
20: Q4m5tunnel      = 0
20: Q14m6Q3m5tunnel = 2
21: Q10m10tunnel    = 3
21: Q9m10tunnel     = 4
22: Q8Q12m15tunnel  = 3
23: Q4m4tunnel      = 14
24: Q9m9tunnel      = 6
25: Q14Q3m14tunnel  = 1
.20: Q5m5tunnel      = 3
20: Q4m5tunnel      = 0
20: Q14m6Q3m5tunnel = 2
21: Q10m10tunnel    = 3
21: Q9m10tunnel     = 4
22: Q8Q12m15tunnel  = 3
23: Q4m4tunnel      = 14
24: Q9m9tunnel      = 6
25: Q14Q3m14tunnel  = 1
.20: Q5m5tunnel      = 3
20: Q4m5tunnel      = 0
20: Q14m6Q3m5tunnel = 2
21: Q10m10tunnel    = 3
21: Q9m10tunnel     = 4
22: Q8Q12m15tunnel  = 3
23: Q4m4tunnel      = 14
24: Q9m9tunnel      = 6
25: Q14Q3m14tunnel  = 1
.20: Q5m5tunnel      = 3
20: Q4m5tunnel      = 0
20: Q14m6Q3m5tunnel = 2
21: Q10m10tunnel    = 3
21: Q9m10tunnel     = 4
22: Q8Q12m15tunnel  = 3
23: Q4m4tunnel      = 14
24: Q9m9tunnel      = 6
25: Q14Q3m14tunnel  = 1
.20: Q5m5tunnel      = 3
20: Q4m5tunnel      = 0
20: Q14m6Q3m5tunnel = 2
21: Q10m10tunnel    = 3
21: Q9m10tunnel     = 4
22: Q8Q12m15tunnel  = 3
23: Q4m4tunnel      = 14
24: Q9m9tunnel      = 6
25: Q14Q3m14tunnel  = 1
.20: Q5m5tunnel      = 3
20: Q4m5tunnel      = 0
20: Q14m6Q3m5tunnel = 2
21: Q10m10tunnel    = 3
21: Q9m10tunnel     = 4
22: Q8Q12m15tunnel  = 3
23: Q4m4tunnel      = 14
24: Q9m9tunnel      = 6
25: Q14Q3m14tunnel  = 1
.20: Q5m5tunnel      = 3
20: Q4m5tunnel      = 0
20: Q14m6Q3m5tunnel = 2
21: Q10m10tunnel    = 3
21: Q9m10tunnel     = 4
22: Q8Q12m15tunnel  = 3
23: Q4m4tunnel      = 14
24: Q9m9tunnel      = 6
25: Q14Q3m14tunnel  = 1
.20: Q5m5tunnel      = 3
20: Q4m5tunnel      = 0
20: Q14m6Q3m5tunnel = 2
21: Q10m10tunnel    = 3
21: Q9m10tunnel     = 4
22: Q8Q12m15tunnel  = 3
23: Q4m4tunnel      = 14
24: Q9m9tunnel      = 6
25: Q14Q3m14tunnel  = 1
.20: Q5m5tunnel      = 3
20: Q4m5tunnel      = 0
20: Q14m6Q3m5tunnel = 2
21: Q10m10tunnel    = 3
21: Q9m10tunnel     = 4
22: Q8Q12m15tunnel  = 3
23: Q4m4tunnel      = 14
24: Q9m9tunnel      = 6
25: Q14Q3m14tunnel  = 1
.20: Q5m5tunnel      = 3
20: Q4m5tunnel      = 0
20: Q14m6Q3m5tunnel = 2
21: Q10m10tunnel    = 3
21: Q9m10tunnel     = 4
22: Q8Q12m15tunnel  = 3
23: Q4m4tunnel      = 14
24: Q9m9tunnel      = 6
25: Q14Q3m14tunnel  = 1
.15965703 256
16777216 272
Block 1: workdir6/coll1_3863866411
03 b8 47 6a 75 85 e2 33 86 54 b0 d8 e9 62 fa 22 
aa 1a 9c 21 90 51 db e0 3f 42 4c 63 39 69 37 93 
c5 64 83 86 02 cf 33 d7 be 11 46 ac 25 ec 97 e5 
74 d3 fe d9 31 a2 8b ff 19 5c 0f 92 36 c2 60 71 
Block 2: workdir6/coll2_3863866411
03 b8 47 6a 75 85 e2 33 86 54 b0 d8 e9 62 fa 22 
aa 1a 9c 21 90 51 db e0 3f 42 4c 63 39 69 37 93 
c5 64 83 86 02 cf 33 d7 be 11 46 ac 25 fc 97 e5 
74 d3 fe d9 31 a2 8b ff 19 5c 0f 92 36 c2 60 71 
Found collision!
