Extend MD5 differential paths backward
Copyright (C) 2009 Marc Stevens
http://homepages.cwi.nl/~stevens/

delta_m[11] = [!28!]
Loading workdir4/upperpath.bin.gz...done: 1.
Estimating maxcond for upper bound 262144 (=65536 * 4)...
t=34: 0%   10   20   30   40   50   60   70   80   90   100%
      |----|----|----|----|----|----|----|----|----|----|
e     ***************************************************
Found maxcond = 2176
t=34: 0%   10   20   30   40   50   60   70   80   90   100%
      |----|----|----|----|----|----|----|----|----|----|
      ***************************************************
Q31:	|...-.... ........ ........ ........|
Q32:	|........ ........ ........ ........|
Q33:	|........ ........ ........ ........|
Q34:	|........ ........ ........ ........| ok p=1
Q35:	|........ ........ ........ ........| ok p=1
Q36:	|........ ........ ........ ........| ok p=1
Q37:	|........ ........ ........ ........| ok p=1
Q38:	|........ ........ ........ ........| ok p=1
Q39:	|........ ........ ........ ........| ok p=1
Q40:	|........ ........ ........ ........| ok p=1
Q41:	|........ ........ ........ ........| ok p=1
Q42:	|........ ........ ........ ........| ok p=1
Q43:	|........ ........ ........ ........| ok p=1
Q44:	|........ ........ ........ ........| ok p=1
Q45:	|........ ........ ........ ........| ok p=1
Q46:	|........ ........ ........ ........| ok p=1
Q47:	|........ ........ ........ ........| ok p=1
Q48:	|........ ........ ........ ........| ok p=1
Q49:	|........ ........ ........ ........| ok p=1
Q50:	|........ ........ ........ ........| ok p=1
Q51:	|........ ........ ........ ........| ok p=1
Q52:	|........ ........ ........ ........| ok p=1
Q53:	|........ ........ ........ ........| ok p=1
Q54:	|........ ........ ........ ........| ok p=1
Q55:	|........ ........ ........ ........| ok p=1
Q56:	|........ ........ ........ ........| ok p=1
Q57:	|........ ........ ........ ........| ok p=1
Q58:	|........ ........ ........ ........| ok p=1
Q59:	|........ ........ ........ ........| ok p=1
Q60:	|........ ........ ........ .0......| ok p=1
Q61:	|........ ........ ........ 11......| ok p=1
Q62:	|........ ........ ........ 0+......| ok p=1
Q63:	|........ ........ ........ +-......| ok p=0.941406
Q64:	|...+.... ........ ........ .+......|
Saving 1 paths...done.
Autobalance parameters: maxcond=2176
Verified: 0 bad out of 1
Estimating maxcond for upper bound 262144 (=65536 * 4)...
t=33: 0%   10   20   30   40   50   60   70   80   90   100%
      |----|----|----|----|----|----|----|----|----|----|
e     ***************************************************
Found maxcond = 2176
t=33: 0%   10   20   30   40   50   60   70   80   90   100%
      |----|----|----|----|----|----|----|----|----|----|
      ***************************************************
Q30:	|...-.... ........ ........ ........|
Q31:	|...-.... ........ ........ ........|
Q32:	|........ ........ ........ ........|
Q33:	|...!.... ........ ........ ........| ok p=1
Q34:	|........ ........ ........ ........| ok p=1
Q35:	|........ ........ ........ ........| ok p=1
Q36:	|........ ........ ........ ........| ok p=1
Q37:	|........ ........ ........ ........| ok p=1
Q38:	|........ ........ ........ ........| ok p=1
Q39:	|........ ........ ........ ........| ok p=1
Q40:	|........ ........ ........ ........| ok p=1
Q41:	|........ ........ ........ ........| ok p=1
Q42:	|........ ........ ........ ........| ok p=1
Q43:	|........ ........ ........ ........| ok p=1
Q44:	|........ ........ ........ ........| ok p=1
Q45:	|........ ........ ........ ........| ok p=1
Q46:	|........ ........ ........ ........| ok p=1
Q47:	|........ ........ ........ ........| ok p=1
Q48:	|........ ........ ........ ........| ok p=1
Q49:	|........ ........ ........ ........| ok p=1
Q50:	|........ ........ ........ ........| ok p=1
Q51:	|........ ........ ........ ........| ok p=1
Q52:	|........ ........ ........ ........| ok p=1
Q53:	|........ ........ ........ ........| ok p=1
Q54:	|........ ........ ........ ........| ok p=1
Q55:	|........ ........ ........ ........| ok p=1
Q56:	|........ ........ ........ ........| ok p=1
Q57:	|........ ........ ........ ........| ok p=1
Q58:	|........ ........ ........ ........| ok p=1
Q59:	|........ ........ ........ ........| ok p=1
Q60:	|........ ........ ........ .0......| ok p=1
Q61:	|........ ........ ........ 11......| ok p=1
Q62:	|........ ........ ........ 0+......| ok p=1
Q63:	|........ ........ ........ +-......| ok p=0.924805
Q64:	|...+.... ........ ........ .+......|
Saving 46 paths...done.
Autobalance parameters: maxcond=2176
Verified: 0 bad out of 46
Estimating maxcond for upper bound 262144 (=65536 * 4)...
t=32: 0%   10   20   30   40   50   60   70   80   90   100%
      |----|----|----|----|----|----|----|----|----|----|
e     ***************************************************
Found maxcond = 2176
t=32: 0%   10   20   30   40   50   60   70   80   90   100%
      |----|----|----|----|----|----|----|----|----|----|
      ***************************************************
Q29:	|........ ........ ........ ........|
Q30:	|...-.... ........ ........ ........|
Q31:	|...-.... ........ ........ ........|
Q32:	|........ ........ ........ ........| ok p=1
Q33:	|...!.... ........ ........ ........| ok p=1
Q34:	|........ ........ ........ ........| ok p=1
Q35:	|........ ........ ........ ........| ok p=1
Q36:	|........ ........ ........ ........| ok p=1
Q37:	|........ ........ ........ ........| ok p=1
Q38:	|........ ........ ........ ........| ok p=1
Q39:	|........ ........ ........ ........| ok p=1
Q40:	|........ ........ ........ ........| ok p=1
Q41:	|........ ........ ........ ........| ok p=1
Q42:	|........ ........ ........ ........| ok p=1
Q43:	|........ ........ ........ ........| ok p=1
Q44:	|........ ........ ........ ........| ok p=1
Q45:	|........ ........ ........ ........| ok p=1
Q46:	|........ ........ ........ ........| ok p=1
Q47:	|........ ........ ........ ........| ok p=1
Q48:	|........ ........ ........ ........| ok p=1
Q49:	|........ ........ ........ ........| ok p=1
Q50:	|........ ........ ........ ........| ok p=1
Q51:	|........ ........ ........ ........| ok p=1
Q52:	|........ ........ ........ ........| ok p=1
Q53:	|........ ........ ........ ........| ok p=1
Q54:	|........ ........ ........ ........| ok p=1
Q55:	|........ ........ ........ ........| ok p=1
Q56:	|........ ........ ........ ........| ok p=1
Q57:	|........ ........ ........ ........| ok p=1
Q58:	|........ ........ ........ ........| ok p=1
Q59:	|........ ........ ........ ........| ok p=1
Q60:	|........ ........ ........ .0......| ok p=1
Q61:	|........ ........ ........ 11......| ok p=1
Q62:	|........ ........ ........ 0+......| ok p=1
Q63:	|........ ........ ........ +-......| ok p=0.922852
Q64:	|...+.... ........ ........ .+......|
Saving 806 paths...done.
Autobalance parameters: maxcond=2176
Verified: 0 bad out of 806
Estimating maxcond for upper bound 262144 (=65536 * 4)...
t=31: 0%   10   20   30   40   50   60   70   80   90   100%
      |----|----|----|----|----|----|----|----|----|----|
e     ***************************************************
Found maxcond = 2176
t=31: 0%   10   20   30   40   50   60   70   80   90   100%
      |----|----|----|----|----|----|----|----|----|----|
      ***************************************************
Q28:	|...+.... ........ .......+ ........|
Q29:	|........ ........ ........ ........|
Q30:	|...-.... ........ ........ ........|
Q31:	|...-.... ........ ........ ........| ok p=0.928711
Q32:	|........ ........ ........ ........| ok p=1
Q33:	|...!.... ........ ........ ........| ok p=1
Q34:	|........ ........ ........ ........| ok p=1
Q35:	|........ ........ ........ ........| ok p=1
Q36:	|........ ........ ........ ........| ok p=1
Q37:	|........ ........ ........ ........| ok p=1
Q38:	|........ ........ ........ ........| ok p=1
Q39:	|........ ........ ........ ........| ok p=1
Q40:	|........ ........ ........ ........| ok p=1
Q41:	|........ ........ ........ ........| ok p=1
Q42:	|........ ........ ........ ........| ok p=1
Q43:	|........ ........ ........ ........| ok p=1
Q44:	|........ ........ ........ ........| ok p=1
Q45:	|........ ........ ........ ........| ok p=1
Q46:	|........ ........ ........ ........| ok p=1
Q47:	|........ ........ ........ ........| ok p=1
Q48:	|........ ........ ........ ........| ok p=1
Q49:	|........ ........ ........ ........| ok p=1
Q50:	|........ ........ ........ ........| ok p=1
Q51:	|........ ........ ........ ........| ok p=1
Q52:	|........ ........ ........ ........| ok p=1
Q53:	|........ ........ ........ ........| ok p=1
Q54:	|........ ........ ........ ........| ok p=1
Q55:	|........ ........ ........ ........| ok p=1
Q56:	|........ ........ ........ ........| ok p=1
Q57:	|........ ........ ........ ........| ok p=1
Q58:	|........ ........ ........ ........| ok p=1
Q59:	|........ ........ ........ ........| ok p=1
Q60:	|........ ........ ........ .0......| ok p=1
Q61:	|........ ........ ........ 11......| ok p=1
Q62:	|........ ........ ........ 0+......| ok p=1
Q63:	|........ ........ ........ +-......| ok p=0.946289
Q64:	|...+.... ........ ........ .+......|
Saving 24087 paths...done.
Autobalance parameters: maxcond=2176
Verified: 0 bad out of 24087
Estimating maxcond for upper bound 262144 (=65536 * 4)...
t=30: 0%   10   20   30   40   50   60   70   80   90   100%
      |----|----|----|----|----|----|----|----|----|----|
e     **************************************************Found maxcond = 21
t=30: 0%   10   20   30   40   50   60   70   80   90   100%
      |----|----|----|----|----|----|----|----|----|----|
      **************************************************Q27:	|........ ........ -....... ........|
Q28:	|...+.... ........ .......+ ........|
Q29:	|...1.... ........ ........ ........|
Q30:	|...+.... ........ .......^ ........| ok p=0.891602
Q31:	|...-.... ........ ........ ........| ok p=0.936523
Q32:	|........ ........ ........ ........| ok p=1
Q33:	|...^.... ........ ........ ........| ok p=1
Q34:	|........ ........ ........ ........| ok p=1
Q35:	|........ ........ ........ ........| ok p=1
Q36:	|........ ........ ........ ........| ok p=1
Q37:	|........ ........ ........ ........| ok p=1
Q38:	|........ ........ ........ ........| ok p=1
Q39:	|........ ........ ........ ........| ok p=1
Q40:	|........ ........ ........ ........| ok p=1
Q41:	|........ ........ ........ ........| ok p=1
Q42:	|........ ........ ........ ........| ok p=1
Q43:	|........ ........ ........ ........| ok p=1
Q44:	|........ ........ ........ ........| ok p=1
Q45:	|........ ........ ........ ........| ok p=1
Q46:	|........ ........ ........ ........| ok p=1
Q47:	|........ ........ ........ ........| ok p=1
Q48:	|........ ........ ........ ........| ok p=1
Q49:	|........ ........ ........ ........| ok p=1
Q50:	|........ ........ ........ ........| ok p=1
Q51:	|........ ........ ........ ........| ok p=1
Q52:	|........ ........ ........ ........| ok p=1
Q53:	|........ ........ ........ ........| ok p=1
Q54:	|........ ........ ........ ........| ok p=1
Q55:	|........ ........ ........ ........| ok p=1
Q56:	|........ ........ ........ ........| ok p=1
Q57:	|........ ........ ........ ........| ok p=1
Q58:	|........ ........ ........ ........| ok p=1
Q59:	|........ ........ ........ ........| ok p=1
Q60:	|........ ........ ........ .0......| ok p=1
Q61:	|........ ........ ........ 11......| ok p=1
Q62:	|........ ........ ........ 0+......| ok p=1
Q63:	|........ ........ ........ +-......| ok p=0.916016
Q64:	|...+.... ........ ........ .+......|
Saving 65536 paths...done.
Autobalance parameters: maxcond=19
Verified: 1320 bad out of 122388
Runtime: 3.64568
Extend MD5 differential paths backward
Copyright (C) 2009 Marc Stevens
http://homepages.cwi.nl/~stevens/

delta_m[11] = [!28!]
Loading workdir4/paths30_0of1...done: 65536 (work:65536).
Estimating maxcond for upper bound 400000 (=100000 * 4)...
t=29: 0%   10   20   30   40   50   60   70   80   90   100%
      |----|----|----|----|----|----|----|----|----|----|
e     ***************************************************
Found maxcond = 23
t=29: 0%   10   20   30   40   50   60   70   80   90   100%
      |----|----|----|----|----|----|----|----|----|----|
      ***************************************************
Q26:	|........ ....-... ........ ........|
Q27:	|...1.... ........ .......1 ........|
Q28:	|...+.... ........ .......+ ........|
Q29:	|...0.... ........ ........ ........| ok p=0.932617
Q30:	|...-.... ........ .......^ ........| ok p=1
Q31:	|...-.... ........ ........ ........| ok p=0.947266
Q32:	|........ ........ ........ ........| ok p=1
Q33:	|...!.... ........ ........ ........| ok p=1
Q34:	|........ ........ ........ ........| ok p=1
Q35:	|........ ........ ........ ........| ok p=1
Q36:	|........ ........ ........ ........| ok p=1
Q37:	|........ ........ ........ ........| ok p=1
Q38:	|........ ........ ........ ........| ok p=1
Q39:	|........ ........ ........ ........| ok p=1
Q40:	|........ ........ ........ ........| ok p=1
Q41:	|........ ........ ........ ........| ok p=1
Q42:	|........ ........ ........ ........| ok p=1
Q43:	|........ ........ ........ ........| ok p=1
Q44:	|........ ........ ........ ........| ok p=1
Q45:	|........ ........ ........ ........| ok p=1
Q46:	|........ ........ ........ ........| ok p=1
Q47:	|........ ........ ........ ........| ok p=1
Q48:	|........ ........ ........ ........| ok p=1
Q49:	|........ ........ ........ ........| ok p=1
Q50:	|........ ........ ........ ........| ok p=1
Q51:	|........ ........ ........ ........| ok p=1
Q52:	|........ ........ ........ ........| ok p=1
Q53:	|........ ........ ........ ........| ok p=1
Q54:	|........ ........ ........ ........| ok p=1
Q55:	|........ ........ ........ ........| ok p=1
Q56:	|........ ........ ........ ........| ok p=1
Q57:	|........ ........ ........ ........| ok p=1
Q58:	|........ ........ ........ ........| ok p=1
Q59:	|........ ........ ........ ........| ok p=1
Q60:	|........ ........ ........ .0......| ok p=1
Q61:	|........ ........ ........ 11......| ok p=1
Q62:	|........ ........ ........ 0+......| ok p=1
Q63:	|........ ........ ........ +-......| ok p=0.9375
Q64:	|...+.... ........ ........ .+......|
Saving 100000 paths...done.
Autobalance parameters: maxcond=21
Verified: 1403 bad out of 171485
Estimating maxcond for upper bound 400000 (=100000 * 4)...
t=28: 0%   10   20   30   40   50   60   70   80   90   100%
      |----|----|----|----|----|----|----|----|----|----|
e     ***************************************************
Found maxcond = 25
t=28: 0%   10   20   30   40   50   60   70   80   90   100%
      |----|----|----|----|----|----|----|----|----|----|
      ***************************************************
Q25:	|........ -....... ........ ....-...|
Q26:	|...0.... ....-... .......- ........|
Q27:	|...1.... ........ .......0 ........|
Q28:	|...+.... ....^... .......+ ........| ok p=0.951172
Q29:	|...0.... ........ ........ ........| ok p=0.933594
Q30:	|...-.... ........ .......^ ........| ok p=1
Q31:	|...-.... ........ ........ ........| ok p=0.927734
Q32:	|........ ........ ........ ........| ok p=1
Q33:	|...!.... ........ ........ ........| ok p=1
Q34:	|........ ........ ........ ........| ok p=1
Q35:	|........ ........ ........ ........| ok p=1
Q36:	|........ ........ ........ ........| ok p=1
Q37:	|........ ........ ........ ........| ok p=1
Q38:	|........ ........ ........ ........| ok p=1
Q39:	|........ ........ ........ ........| ok p=1
Q40:	|........ ........ ........ ........| ok p=1
Q41:	|........ ........ ........ ........| ok p=1
Q42:	|........ ........ ........ ........| ok p=1
Q43:	|........ ........ ........ ........| ok p=1
Q44:	|........ ........ ........ ........| ok p=1
Q45:	|........ ........ ........ ........| ok p=1
Q46:	|........ ........ ........ ........| ok p=1
Q47:	|........ ........ ........ ........| ok p=1
Q48:	|........ ........ ........ ........| ok p=1
Q49:	|........ ........ ........ ........| ok p=1
Q50:	|........ ........ ........ ........| ok p=1
Q51:	|........ ........ ........ ........| ok p=1
Q52:	|........ ........ ........ ........| ok p=1
Q53:	|........ ........ ........ ........| ok p=1
Q54:	|........ ........ ........ ........| ok p=1
Q55:	|........ ........ ........ ........| ok p=1
Q56:	|........ ........ ........ ........| ok p=1
Q57:	|........ ........ ........ ........| ok p=1
Q58:	|........ ........ ........ ........| ok p=1
Q59:	|........ ........ ........ ........| ok p=1
Q60:	|........ ........ ........ .0......| ok p=1
Q61:	|........ ........ ........ 11......| ok p=1
Q62:	|........ ........ ........ 0+......| ok p=1
Q63:	|........ ........ ........ +-......| ok p=0.94043
Q64:	|...+.... ........ ........ .+......|
Saving 100000 paths...done.
Autobalance parameters: maxcond=23
Verified: 0 bad out of 167440
Estimating maxcond for upper bound 400000 (=100000 * 4)...
t=27: 0%   10   20   30   40   50   60   70   80   90   100%
      |----|----|----|----|----|----|----|----|----|----|
e     ***************************************************
Found maxcond = 28
t=27: 0%   10   20   30   40   50   60   70   80   90   100%
      |----|----|----|----|----|----|----|----|----|----|
      ***************************************************
Q24:	|........ ...+.... .......+ ........|
Q25:	|........ -...1... ........ ....-...|
Q26:	|...0.... ....-... .......0 ........|
Q27:	|...1.... ^....... .......1 ....^...| ok p=0.9375
Q28:	|...+.... ....^... .......+ ........| ok p=0.936523
Q29:	|...0.... ........ ........ ........| ok p=0.925781
Q30:	|...-.... ........ .......^ ........| ok p=1
Q31:	|...-.... ........ ........ ........| ok p=0.930664
Q32:	|........ ........ ........ ........| ok p=1
Q33:	|...!.... ........ ........ ........| ok p=1
Q34:	|........ ........ ........ ........| ok p=1
Q35:	|........ ........ ........ ........| ok p=1
Q36:	|........ ........ ........ ........| ok p=1
Q37:	|........ ........ ........ ........| ok p=1
Q38:	|........ ........ ........ ........| ok p=1
Q39:	|........ ........ ........ ........| ok p=1
Q40:	|........ ........ ........ ........| ok p=1
Q41:	|........ ........ ........ ........| ok p=1
Q42:	|........ ........ ........ ........| ok p=1
Q43:	|........ ........ ........ ........| ok p=1
Q44:	|........ ........ ........ ........| ok p=1
Q45:	|........ ........ ........ ........| ok p=1
Q46:	|........ ........ ........ ........| ok p=1
Q47:	|........ ........ ........ ........| ok p=1
Q48:	|........ ........ ........ ........| ok p=1
Q49:	|........ ........ ........ ........| ok p=1
Q50:	|........ ........ ........ ........| ok p=1
Q51:	|........ ........ ........ ........| ok p=1
Q52:	|........ ........ ........ ........| ok p=1
Q53:	|........ ........ ........ ........| ok p=1
Q54:	|........ ........ ........ ........| ok p=1
Q55:	|........ ........ ........ ........| ok p=1
Q56:	|........ ........ ........ ........| ok p=1
Q57:	|........ ........ ........ ........| ok p=1
Q58:	|........ ........ ........ ........| ok p=1
Q59:	|........ ........ ........ ........| ok p=1
Q60:	|........ ........ ........ .0......| ok p=1
Q61:	|........ ........ ........ 11......| ok p=1
Q62:	|........ ........ ........ 0+......| ok p=1
Q63:	|........ ........ ........ +-......| ok p=0.942383
Q64:	|...+.... ........ ........ .+......|
Saving 100000 paths...done.
Autobalance parameters: maxcond=26
Verified: 0 bad out of 173938
Estimating maxcond for upper bound 400000 (=100000 * 4)...
t=26: 0%   10   20   30   40   50   60   70   80   90   100%
      |----|----|----|----|----|----|----|----|----|----|
e     ***************************************************
Found maxcond = 31
t=26: 0%   10   20   30   40   50   60   70   80   90   100%
      |----|----|----|----|----|----|----|----|----|----|
      ***************************************************
Q23:	|..+.-... ........ +......+ ..+.....|
Q24:	|........ 1...0... ........ ....1...|
Q25:	|...-.... -...1... .......- ....-...|
Q26:	|...-.... ....-... .......- ........| ok p=0.836914
Q27:	|...+.... ^....... .......+ ....^...| ok p=1
Q28:	|...+.... ....^... .......+ ........| ok p=0.93457
Q29:	|...1.... ........ .......1 ........| ok p=0.917969
Q30:	|...-.... ........ .......0 ........| ok p=1
Q31:	|...-.... ........ ........ ........| ok p=0.931641
Q32:	|........ ........ ........ ........| ok p=1
Q33:	|...!.... ........ ........ ........| ok p=1
Q34:	|........ ........ ........ ........| ok p=1
Q35:	|........ ........ ........ ........| ok p=1
Q36:	|........ ........ ........ ........| ok p=1
Q37:	|........ ........ ........ ........| ok p=1
Q38:	|........ ........ ........ ........| ok p=1
Q39:	|........ ........ ........ ........| ok p=1
Q40:	|........ ........ ........ ........| ok p=1
Q41:	|........ ........ ........ ........| ok p=1
Q42:	|........ ........ ........ ........| ok p=1
Q43:	|........ ........ ........ ........| ok p=1
Q44:	|........ ........ ........ ........| ok p=1
Q45:	|........ ........ ........ ........| ok p=1
Q46:	|........ ........ ........ ........| ok p=1
Q47:	|........ ........ ........ ........| ok p=1
Q48:	|........ ........ ........ ........| ok p=1
Q49:	|........ ........ ........ ........| ok p=1
Q50:	|........ ........ ........ ........| ok p=1
Q51:	|........ ........ ........ ........| ok p=1
Q52:	|........ ........ ........ ........| ok p=1
Q53:	|........ ........ ........ ........| ok p=1
Q54:	|........ ........ ........ ........| ok p=1
Q55:	|........ ........ ........ ........| ok p=1
Q56:	|........ ........ ........ ........| ok p=1
Q57:	|........ ........ ........ ........| ok p=1
Q58:	|........ ........ ........ ........| ok p=1
Q59:	|........ ........ ........ ........| ok p=1
Q60:	|........ ........ ........ .0......| ok p=1
Q61:	|........ ........ ........ 11......| ok p=1
Q62:	|........ ........ ........ 0+......| ok p=1
Q63:	|........ ........ ........ +-......| ok p=0.948242
Q64:	|...+.... ........ ........ .+......|
Saving 100000 paths...done.
Autobalance parameters: maxcond=29
Verified: 0 bad out of 163969
Estimating maxcond for upper bound 400000 (=100000 * 4)...
t=25: 0%   10   20   30   40   50   60   70   80   90   100%
      |----|----|----|----|----|----|----|----|----|----|
e     ***************************************************
Found maxcond = 36
t=25: 0%   10   20   30   40   50   60   70   80   90   100%
      |----|----|----|----|----|----|----|----|----|----|
      ***************************************************
Q22:	|.....+.. ........ .+...-.. ........|
Q23:	|........ 0..1.... .......1 ..+.0...|
Q24:	|........ 1..+0... .......+ ....1...|
Q25:	|........ -...1... .......0 ..^.-...| ok p=0.970703
Q26:	|...0.... ...^-... .......0 ........| ok p=1
Q27:	|...1.... ^....... .......1 ....^...| ok p=0.924805
Q28:	|...+.... ....^... .......+ ........| ok p=0.931641
Q29:	|...0.... ........ ........ ........| ok p=0.93457
Q30:	|...-.... ........ .......^ ........| ok p=1
Q31:	|...-.... ........ ........ ........| ok p=0.944336
Q32:	|........ ........ ........ ........| ok p=1
Q33:	|...!.... ........ ........ ........| ok p=1
Q34:	|........ ........ ........ ........| ok p=1
Q35:	|........ ........ ........ ........| ok p=1
Q36:	|........ ........ ........ ........| ok p=1
Q37:	|........ ........ ........ ........| ok p=1
Q38:	|........ ........ ........ ........| ok p=1
Q39:	|........ ........ ........ ........| ok p=1
Q40:	|........ ........ ........ ........| ok p=1
Q41:	|........ ........ ........ ........| ok p=1
Q42:	|........ ........ ........ ........| ok p=1
Q43:	|........ ........ ........ ........| ok p=1
Q44:	|........ ........ ........ ........| ok p=1
Q45:	|........ ........ ........ ........| ok p=1
Q46:	|........ ........ ........ ........| ok p=1
Q47:	|........ ........ ........ ........| ok p=1
Q48:	|........ ........ ........ ........| ok p=1
Q49:	|........ ........ ........ ........| ok p=1
Q50:	|........ ........ ........ ........| ok p=1
Q51:	|........ ........ ........ ........| ok p=1
Q52:	|........ ........ ........ ........| ok p=1
Q53:	|........ ........ ........ ........| ok p=1
Q54:	|........ ........ ........ ........| ok p=1
Q55:	|........ ........ ........ ........| ok p=1
Q56:	|........ ........ ........ ........| ok p=1
Q57:	|........ ........ ........ ........| ok p=1
Q58:	|........ ........ ........ ........| ok p=1
Q59:	|........ ........ ........ ........| ok p=1
Q60:	|........ ........ ........ .0......| ok p=1
Q61:	|........ ........ ........ 11......| ok p=1
Q62:	|........ ........ ........ 0+......| ok p=1
Q63:	|........ ........ ........ +-......| ok p=0.94043
Q64:	|...+.... ........ ........ .+......|
Saving 100000 paths...done.
Autobalance parameters: maxcond=35
Verified: 0 bad out of 160508
Estimating maxcond for upper bound 400000 (=100000 * 4)...
t=24: 0%   10   20   30   40   50   60   70   80   90   100%
      |----|----|----|----|----|----|----|----|----|----|
e     ***************************************************
Found maxcond = 44
t=24: 0%   10   20   30   40   50   60   70   80   90   100%
      |----|----|----|----|----|----|----|----|----|----|
      ***************************************************
Q21:	|.-...... .....-.. .......- ...-....|
Q22:	|....1+.. ........ .+...-.. ..1.....|
Q23:	|....+... 0....... .......+ ..+.0...|
Q24:	|.....^.. 1...0... .^...^.+ ....1...| ok p=0.698242
Q25:	|....^... -...1... .......- ..^.-...| ok p=0.967773
Q26:	|...0.... ....-... .......- ........| ok p=0.96875
Q27:	|...1.... ^....... .......+ ....^...| ok p=0.93457
Q28:	|...+.... ....^... .......+ ........| ok p=0.932617
Q29:	|...0.... ........ .......1 ........| ok p=0.933594
Q30:	|...-.... ........ .......0 ........| ok p=1
Q31:	|...-.... ........ ........ ........| ok p=0.9375
Q32:	|........ ........ ........ ........| ok p=1
Q33:	|...!.... ........ ........ ........| ok p=1
Q34:	|........ ........ ........ ........| ok p=1
Q35:	|........ ........ ........ ........| ok p=1
Q36:	|........ ........ ........ ........| ok p=1
Q37:	|........ ........ ........ ........| ok p=1
Q38:	|........ ........ ........ ........| ok p=1
Q39:	|........ ........ ........ ........| ok p=1
Q40:	|........ ........ ........ ........| ok p=1
Q41:	|........ ........ ........ ........| ok p=1
Q42:	|........ ........ ........ ........| ok p=1
Q43:	|........ ........ ........ ........| ok p=1
Q44:	|........ ........ ........ ........| ok p=1
Q45:	|........ ........ ........ ........| ok p=1
Q46:	|........ ........ ........ ........| ok p=1
Q47:	|........ ........ ........ ........| ok p=1
Q48:	|........ ........ ........ ........| ok p=1
Q49:	|........ ........ ........ ........| ok p=1
Q50:	|........ ........ ........ ........| ok p=1
Q51:	|........ ........ ........ ........| ok p=1
Q52:	|........ ........ ........ ........| ok p=1
Q53:	|........ ........ ........ ........| ok p=1
Q54:	|........ ........ ........ ........| ok p=1
Q55:	|........ ........ ........ ........| ok p=1
Q56:	|........ ........ ........ ........| ok p=1
Q57:	|........ ........ ........ ........| ok p=1
Q58:	|........ ........ ........ ........| ok p=1
Q59:	|........ ........ ........ ........| ok p=1
Q60:	|........ ........ ........ .0......| ok p=1
Q61:	|........ ........ ........ 11......| ok p=1
Q62:	|........ ........ ........ 0+......| ok p=1
Q63:	|........ ........ ........ +-......| ok p=0.938477
Q64:	|...+.... ........ ........ .+......|
Saving 100000 paths...done.
Autobalance parameters: maxcond=43
Verified: 0 bad out of 142602
Estimating maxcond for upper bound 400000 (=100000 * 4)...
t=23: 0%   10   20   30   40   50   60   70   80   90   100%
      |----|----|----|----|----|----|----|----|----|----|
e     ***************************************************
Found maxcond = 53
t=23: 0%   10   20   30   40   50   60   70   80   90   100%
      |----|----|----|----|----|----|----|----|----|----|
      ***************************************************
Q20:	|........ ......-. ........ ........|
Q21:	|1-...1.. .....-.. .1...1.. ..-.....|
Q22:	|+....+.. ........ .+...-.. ..0.....|
Q23:	|.^...... 0....^.. ........ ..+.0...| ok p=0.999023
Q24:	|^....^.. 1...0... .^...^.0 ....1...| ok p=0.71582
Q25:	|........ -...1... ........ ..^.-...| ok p=0.453125
Q26:	|...0.... ....-... ......0+ ........| ok p=1
Q27:	|...1.... ^....... ......1+ ....^...| ok p=0.932617
Q28:	|...+.... ....^... ......+- ........| ok p=0.939453
Q29:	|...0.... ........ .......0 ........| ok p=0.945312
Q30:	|...-.... ........ ......^1 ........| ok p=1
Q31:	|...-.... ........ ........ ........| ok p=0.926758
Q32:	|........ ........ ........ ........| ok p=1
Q33:	|...!.... ........ ........ ........| ok p=1
Q34:	|........ ........ ........ ........| ok p=1
Q35:	|........ ........ ........ ........| ok p=1
Q36:	|........ ........ ........ ........| ok p=1
Q37:	|........ ........ ........ ........| ok p=1
Q38:	|........ ........ ........ ........| ok p=1
Q39:	|........ ........ ........ ........| ok p=1
Q40:	|........ ........ ........ ........| ok p=1
Q41:	|........ ........ ........ ........| ok p=1
Q42:	|........ ........ ........ ........| ok p=1
Q43:	|........ ........ ........ ........| ok p=1
Q44:	|........ ........ ........ ........| ok p=1
Q45:	|........ ........ ........ ........| ok p=1
Q46:	|........ ........ ........ ........| ok p=1
Q47:	|........ ........ ........ ........| ok p=1
Q48:	|........ ........ ........ ........| ok p=1
Q49:	|........ ........ ........ ........| ok p=1
Q50:	|........ ........ ........ ........| ok p=1
Q51:	|........ ........ ........ ........| ok p=1
Q52:	|........ ........ ........ ........| ok p=1
Q53:	|........ ........ ........ ........| ok p=1
Q54:	|........ ........ ........ ........| ok p=1
Q55:	|........ ........ ........ ........| ok p=1
Q56:	|........ ........ ........ ........| ok p=1
Q57:	|........ ........ ........ ........| ok p=1
Q58:	|........ ........ ........ ........| ok p=1
Q59:	|........ ........ ........ ........| ok p=1
Q60:	|........ ........ ........ .0......| ok p=1
Q61:	|........ ........ ........ 11......| ok p=1
Q62:	|........ ........ ........ 0+......| ok p=1
Q63:	|........ ........ ........ +-......| ok p=0.94043
Q64:	|...+.... ........ ........ .+......|
Saving 100000 paths...done.
Autobalance parameters: maxcond=52
Verified: 0 bad out of 145438
Estimating maxcond for upper bound 400000 (=100000 * 4)...
t=22: 0%   10   20   30   40   50   60   70   80   90   100%
      |----|----|----|----|----|----|----|----|----|----|
e     ***************************************************
Found maxcond = 59
t=22: 0%   10   20   30   40   50   60   70   80   90   100%
      |----|----|----|----|----|----|----|----|----|----|
      ***************************************************
Q19:	|+..+.... +.....-. ...-.... .......-|
Q20:	|.1...0.. .....1-. .0...+.. ........|
Q21:	|-+...1.. .....-.. .1...0.. ..0.....|
Q22:	|-....+.. ......^. .+...-.. ..1.....| ok p=0.451172
Q23:	|0^...... 0....^.. ........ ..+.0...| ok p=1
Q24:	|^....^.. 1...0... .^...^.0 ....1...| ok p=0.732422
Q25:	|........ -...1... ........ ..^.-...| ok p=0.451172
Q26:	|...0.... ....-... ......0+ ........| ok p=1
Q27:	|...1.... ^....... ......1+ ....^...| ok p=0.935547
Q28:	|...+.... ....^... ......+- ........| ok p=0.929688
Q29:	|...0.... ........ .......0 ........| ok p=0.932617
Q30:	|...-.... ........ ......^1 ........| ok p=1
Q31:	|...-.... ........ ........ ........| ok p=0.931641
Q32:	|........ ........ ........ ........| ok p=1
Q33:	|...!.... ........ ........ ........| ok p=1
Q34:	|........ ........ ........ ........| ok p=1
Q35:	|........ ........ ........ ........| ok p=1
Q36:	|........ ........ ........ ........| ok p=1
Q37:	|........ ........ ........ ........| ok p=1
Q38:	|........ ........ ........ ........| ok p=1
Q39:	|........ ........ ........ ........| ok p=1
Q40:	|........ ........ ........ ........| ok p=1
Q41:	|........ ........ ........ ........| ok p=1
Q42:	|........ ........ ........ ........| ok p=1
Q43:	|........ ........ ........ ........| ok p=1
Q44:	|........ ........ ........ ........| ok p=1
Q45:	|........ ........ ........ ........| ok p=1
Q46:	|........ ........ ........ ........| ok p=1
Q47:	|........ ........ ........ ........| ok p=1
Q48:	|........ ........ ........ ........| ok p=1
Q49:	|........ ........ ........ ........| ok p=1
Q50:	|........ ........ ........ ........| ok p=1
Q51:	|........ ........ ........ ........| ok p=1
Q52:	|........ ........ ........ ........| ok p=1
Q53:	|........ ........ ........ ........| ok p=1
Q54:	|........ ........ ........ ........| ok p=1
Q55:	|........ ........ ........ ........| ok p=1
Q56:	|........ ........ ........ ........| ok p=1
Q57:	|........ ........ ........ ........| ok p=1
Q58:	|........ ........ ........ ........| ok p=1
Q59:	|........ ........ ........ ........| ok p=1
Q60:	|........ ........ ........ .0......| ok p=1
Q61:	|........ ........ ........ 11......| ok p=1
Q62:	|........ ........ ........ 0+......| ok p=1
Q63:	|........ ........ ........ +-......| ok p=0.942383
Q64:	|...+.... ........ ........ .+......|
Saving 100000 paths...done.
Autobalance parameters: maxcond=58
Verified: 6760 bad out of 138936
Estimating maxcond for upper bound 400000 (=100000 * 4)...
t=21: 0%   10   20   30   40   50   60   70   80   90   100%
      |----|----|----|----|----|----|----|----|----|----|
e     ***************************************************
Found maxcond = 71
t=21: 0%   10   20   30   40   50   60   70   80   90   100%
      |----|----|----|----|----|----|----|----|----|----|
      ***************************************************
Q18:	|..+..... ..-...+. ......+. .+....-.|
Q19:	|.+.+.... .....0-. ...-.... .......-|
Q20:	|00...0.. .....1-. .0...0.. ..-.....|
Q21:	|1-.^.1.. .....-0. .1.^.1.. ..-....^| ok p=0.664062
Q22:	|+....+.. ......^. .+...-.. ..+.....| ok p=0.442383
Q23:	|.^...... 0....^.. ........ ..+.0...| ok p=1
Q24:	|^....^.. 1...0... .^...^.0 ..1.1...| ok p=0.708984
Q25:	|........ -...1... ........ ..0.-...| ok p=0.454102
Q26:	|...0.... ....-... ......0+ ........| ok p=1
Q27:	|...1.... ^....... ......1+ ....^...| ok p=0.938477
Q28:	|...+.... ....^... ......+- ........| ok p=0.933594
Q29:	|...0.... ........ .......0 ........| ok p=0.9375
Q30:	|...-.... ........ ......^1 ........| ok p=1
Q31:	|...-.... ........ ........ ........| ok p=0.949219
Q32:	|........ ........ ........ ........| ok p=1
Q33:	|...!.... ........ ........ ........| ok p=1
Q34:	|........ ........ ........ ........| ok p=1
Q35:	|........ ........ ........ ........| ok p=1
Q36:	|........ ........ ........ ........| ok p=1
Q37:	|........ ........ ........ ........| ok p=1
Q38:	|........ ........ ........ ........| ok p=1
Q39:	|........ ........ ........ ........| ok p=1
Q40:	|........ ........ ........ ........| ok p=1
Q41:	|........ ........ ........ ........| ok p=1
Q42:	|........ ........ ........ ........| ok p=1
Q43:	|........ ........ ........ ........| ok p=1
Q44:	|........ ........ ........ ........| ok p=1
Q45:	|........ ........ ........ ........| ok p=1
Q46:	|........ ........ ........ ........| ok p=1
Q47:	|........ ........ ........ ........| ok p=1
Q48:	|........ ........ ........ ........| ok p=1
Q49:	|........ ........ ........ ........| ok p=1
Q50:	|........ ........ ........ ........| ok p=1
Q51:	|........ ........ ........ ........| ok p=1
Q52:	|........ ........ ........ ........| ok p=1
Q53:	|........ ........ ........ ........| ok p=1
Q54:	|........ ........ ........ ........| ok p=1
Q55:	|........ ........ ........ ........| ok p=1
Q56:	|........ ........ ........ ........| ok p=1
Q57:	|........ ........ ........ ........| ok p=1
Q58:	|........ ........ ........ ........| ok p=1
Q59:	|........ ........ ........ ........| ok p=1
Q60:	|........ ........ ........ .0......| ok p=1
Q61:	|........ ........ ........ 11......| ok p=1
Q62:	|........ ........ ........ 0+......| ok p=1
Q63:	|........ ........ ........ +-......| ok p=0.945312
Q64:	|...+.... ........ ........ .+......|
Saving 100000 paths...done.
Autobalance parameters: maxcond=70
Verified: 0 bad out of 108220
Runtime: 18.5376
Extend MD5 differential paths backward
Copyright (C) 2009 Marc Stevens
http://homepages.cwi.nl/~stevens/

delta_m[11] = [!28!]
Loading workdir4/paths21_0of1...done: 100000 (work:100000).
Estimating maxcond for upper bound 65536 (=16384 * 4)...
t=20: 0%   10   20   30   40   50   60   70   80   90   100%
      |----|----|----|----|----|----|----|----|----|----|
e     ***************************************************
Found maxcond = 83
t=20: 0%   10   20   30   40   50   60   70   80   90   100%
      |----|----|----|----|----|----|----|----|----|----|
      ***************************************************
Q17:	|......-. ........ ...-.... ........|
Q18:	|...1.... 1.-...+. ...1..+. ..+....-|
Q19:	|.0.+.... +....0+. ...-.... .......-|
Q20:	|01...0.. ..^..1-. .0...0^. ..^....0| ok p=1
Q21:	|1-.^.1.. ^....-1. .1.^.1.. ..0....1| ok p=0.800781
Q22:	|-....+.. ......^. .+...-.. ..1.....| ok p=0.516602
Q23:	|.^...... 0....^.. ........ ..+.0...| ok p=1
Q24:	|^....^.. 1...0... .^...^.0 ....1...| ok p=0.734375
Q25:	|........ -...1... ........ ..^.-...| ok p=0.510742
Q26:	|...0.... ....-... ......0+ ........| ok p=1
Q27:	|...1.... ^....... ......1+ ....^...| ok p=0.933594
Q28:	|...+.... ....^... ......+- ........| ok p=0.941406
Q29:	|...0.... ........ .......0 ........| ok p=0.938477
Q30:	|...-.... ........ ......^1 ........| ok p=1
Q31:	|...-.... ........ ........ ........| ok p=0.944336
Q32:	|........ ........ ........ ........| ok p=1
Q33:	|...!.... ........ ........ ........| ok p=1
Q34:	|........ ........ ........ ........| ok p=1
Q35:	|........ ........ ........ ........| ok p=1
Q36:	|........ ........ ........ ........| ok p=1
Q37:	|........ ........ ........ ........| ok p=1
Q38:	|........ ........ ........ ........| ok p=1
Q39:	|........ ........ ........ ........| ok p=1
Q40:	|........ ........ ........ ........| ok p=1
Q41:	|........ ........ ........ ........| ok p=1
Q42:	|........ ........ ........ ........| ok p=1
Q43:	|........ ........ ........ ........| ok p=1
Q44:	|........ ........ ........ ........| ok p=1
Q45:	|........ ........ ........ ........| ok p=1
Q46:	|........ ........ ........ ........| ok p=1
Q47:	|........ ........ ........ ........| ok p=1
Q48:	|........ ........ ........ ........| ok p=1
Q49:	|........ ........ ........ ........| ok p=1
Q50:	|........ ........ ........ ........| ok p=1
Q51:	|........ ........ ........ ........| ok p=1
Q52:	|........ ........ ........ ........| ok p=1
Q53:	|........ ........ ........ ........| ok p=1
Q54:	|........ ........ ........ ........| ok p=1
Q55:	|........ ........ ........ ........| ok p=1
Q56:	|........ ........ ........ ........| ok p=1
Q57:	|........ ........ ........ ........| ok p=1
Q58:	|........ ........ ........ ........| ok p=1
Q59:	|........ ........ ........ ........| ok p=1
Q60:	|........ ........ ........ .0......| ok p=1
Q61:	|........ ........ ........ 11......| ok p=1
Q62:	|........ ........ ........ 0+......| ok p=1
Q63:	|........ ........ ........ +-......| ok p=0.941406
Q64:	|...+.... ........ ........ .+......|
Saving 16384 paths...done.
Autobalance parameters: maxcond=82
Verified: 448 bad out of 18758
Runtime: 3.71112
Extend MD5 differential paths backward
Copyright (C) 2009 Marc Stevens
http://homepages.cwi.nl/~stevens/

delta_m[11] = [!28!]
Loading workdir4/paths20_0of1...done: 16384 (work:16384).
Estimating maxcond for upper bound 2000000 (=500000 * 4)...
t=19: 0%   10   20   30   40   50   60   70   80   90   100%
      |----|----|----|----|----|----|----|----|----|----|
e     ***************************************************
Found maxcond = 93
t=19: 0%   10   20   30   40   50   60   70   80   90   100%
      |----|----|----|----|----|----|----|----|----|----|
      ***************************************************
Q16:	|.-.....+ ......-. ...+...- ....-..+|
Q17:	|...0..-. -.1..... ...0..1. ..1.....|
Q18:	|...1.... 0.-...+. ...0..+. ..+....-|
Q19:	|.0.+..^. +....0+. ...-.... .......-| ok p=1
Q20:	|01...0.. ..^..1-. .0...0^. ..^....0| ok p=1
Q21:	|1-.^.1.. ^....-1. .1.^.1.. ..0....1| ok p=0.741211
Q22:	|+....+.. ......^. .+...-.. ..1.....| ok p=0.472656
Q23:	|.^...... 0....^.. ........ ..+.0...| ok p=1
Q24:	|^....^.. 1...0... .^...^.0 ....1...| ok p=0.725586
Q25:	|........ -...1... ........ ..^.-...| ok p=0.488281
Q26:	|...0.... ....-... ......0+ ........| ok p=1
Q27:	|...1.... ^....... ......1+ ....^...| ok p=0.954102
Q28:	|...+.... ....^... ......+- ........| ok p=0.950195
Q29:	|...0.... ........ .......0 ........| ok p=0.943359
Q30:	|...-.... ........ ......^1 ........| ok p=1
Q31:	|...-.... ........ ........ ........| ok p=0.9375
Q32:	|........ ........ ........ ........| ok p=1
Q33:	|...!.... ........ ........ ........| ok p=1
Q34:	|........ ........ ........ ........| ok p=1
Q35:	|........ ........ ........ ........| ok p=1
Q36:	|........ ........ ........ ........| ok p=1
Q37:	|........ ........ ........ ........| ok p=1
Q38:	|........ ........ ........ ........| ok p=1
Q39:	|........ ........ ........ ........| ok p=1
Q40:	|........ ........ ........ ........| ok p=1
Q41:	|........ ........ ........ ........| ok p=1
Q42:	|........ ........ ........ ........| ok p=1
Q43:	|........ ........ ........ ........| ok p=1
Q44:	|........ ........ ........ ........| ok p=1
Q45:	|........ ........ ........ ........| ok p=1
Q46:	|........ ........ ........ ........| ok p=1
Q47:	|........ ........ ........ ........| ok p=1
Q48:	|........ ........ ........ ........| ok p=1
Q49:	|........ ........ ........ ........| ok p=1
Q50:	|........ ........ ........ ........| ok p=1
Q51:	|........ ........ ........ ........| ok p=1
Q52:	|........ ........ ........ ........| ok p=1
Q53:	|........ ........ ........ ........| ok p=1
Q54:	|........ ........ ........ ........| ok p=1
Q55:	|........ ........ ........ ........| ok p=1
Q56:	|........ ........ ........ ........| ok p=1
Q57:	|........ ........ ........ ........| ok p=1
Q58:	|........ ........ ........ ........| ok p=1
Q59:	|........ ........ ........ ........| ok p=1
Q60:	|........ ........ ........ .0......| ok p=1
Q61:	|........ ........ ........ 11......| ok p=1
Q62:	|........ ........ ........ 0+......| ok p=1
Q63:	|........ ........ ........ +-......| ok p=0.946289
Q64:	|...+.... ........ ........ .+......|
Saving 500000 paths...done.
Autobalance parameters: maxcond=92
Verified: 7840 bad out of 671248
Estimating maxcond for upper bound 2000000 (=500000 * 4)...
t=18: 0%   10   20   30   40   50   60   70   80   90   100%
      |----|----|----|----|----|----|----|----|----|----|
e     ***************************************************
Found maxcond = 106
t=18: 0%   10   20   30   40   50   60   70   80   90   100%
      |----|----|----|----|----|----|----|----|----|----|
      ***************************************************
Q15:	|+.+.+... -.....-. .+....+. +..-....|
Q16:	|......1. +.+..... ...+..0- ..-.-..+|
Q17:	|...0..-. 1.0...+. ...0..1. ..0....0|
Q18:	|...1.... 1.-...+. ...0..+^ ..+.^..-| ok p=0.666016
Q19:	|.0.+..^. +....0-. ...-.... .......-| ok p=1
Q20:	|01...0.. ..^..1-. .0...0^. ..^....0| ok p=1
Q21:	|1-.^.1.. ^....-0. .1.^.1.. ..0....1| ok p=0.766602
Q22:	|-....+.. ......^. .+...-.. ..1.....| ok p=0.425781
Q23:	|.^...... 0....^.. ........ ..+.0...| ok p=1
Q24:	|^....^.. 1...0... .^...^.0 ....1...| ok p=0.724609
Q25:	|........ -...1... ........ ..^.-...| ok p=0.481445
Q26:	|...0.... ....-... ......0+ ........| ok p=1
Q27:	|...1.... ^....... ......1+ ....^...| ok p=0.93457
Q28:	|...+.... ....^... ......+- ........| ok p=0.932617
Q29:	|...0.... ........ .......0 ........| ok p=0.938477
Q30:	|...-.... ........ ......^1 ........| ok p=1
Q31:	|...-.... ........ ........ ........| ok p=0.939453
Q32:	|........ ........ ........ ........| ok p=1
Q33:	|...!.... ........ ........ ........| ok p=1
Q34:	|........ ........ ........ ........| ok p=1
Q35:	|........ ........ ........ ........| ok p=1
Q36:	|........ ........ ........ ........| ok p=1
Q37:	|........ ........ ........ ........| ok p=1
Q38:	|........ ........ ........ ........| ok p=1
Q39:	|........ ........ ........ ........| ok p=1
Q40:	|........ ........ ........ ........| ok p=1
Q41:	|........ ........ ........ ........| ok p=1
Q42:	|........ ........ ........ ........| ok p=1
Q43:	|........ ........ ........ ........| ok p=1
Q44:	|........ ........ ........ ........| ok p=1
Q45:	|........ ........ ........ ........| ok p=1
Q46:	|........ ........ ........ ........| ok p=1
Q47:	|........ ........ ........ ........| ok p=1
Q48:	|........ ........ ........ ........| ok p=1
Q49:	|........ ........ ........ ........| ok p=1
Q50:	|........ ........ ........ ........| ok p=1
Q51:	|........ ........ ........ ........| ok p=1
Q52:	|........ ........ ........ ........| ok p=1
Q53:	|........ ........ ........ ........| ok p=1
Q54:	|........ ........ ........ ........| ok p=1
Q55:	|........ ........ ........ ........| ok p=1
Q56:	|........ ........ ........ ........| ok p=1
Q57:	|........ ........ ........ ........| ok p=1
Q58:	|........ ........ ........ ........| ok p=1
Q59:	|........ ........ ........ ........| ok p=1
Q60:	|........ ........ ........ .0......| ok p=1
Q61:	|........ ........ ........ 11......| ok p=1
Q62:	|........ ........ ........ 0+......| ok p=1
Q63:	|........ ........ ........ +-......| ok p=0.947266
Q64:	|...+.... ........ ........ .+......|
Saving 500000 paths...done.
Autobalance parameters: maxcond=105
Verified: 0 bad out of 850843
Estimating maxcond for upper bound 2000000 (=500000 * 4)...
t=17: 0%   10   20   30   40   50   60   70   80   90   100%
      |----|----|----|----|----|----|----|----|----|----|
e     ***************************************************
Found maxcond = 120
t=17: 0%   10   20   30   40   50   60   70   80   90   100%
      |----|----|----|----|----|----|----|----|----|----|
      ***************************************************
Q14:	|..+...+. -...+..+ ...-.... ........|
Q15:	|.-.--..+ ......-. ...1...1 .+.-...+|
Q16:	|...-..-+ ..0...-. ...+..0- .1.....+|
Q17:	|.^.0^.-0 ..1...+. ...0..1. .1.^...1| ok p=0.828125
Q18:	|...+..1^ ..-...+. ...0..+^ .+0....-| ok p=0.722656
Q19:	|.0.+..0. .....0-. ...-.... .......-| ok p=1
Q20:	|01.0.0.. ..^..1-. .0...0^. .^-....0| ok p=1
Q21:	|1-.1.1.. .....-0. .1.^.1.. ..-....1| ok p=0.59668
Q22:	|+....+.. ......^. .+...-.. ..+.....| ok p=0.435547
Q23:	|.^...... 0....^.. ........ ..+.0...| ok p=1
Q24:	|^....^.. 1...0... .^...^.0 ..1.1...| ok p=0.717773
Q25:	|........ -...1... ........ ..0.-...| ok p=0.499023
Q26:	|...0.... ....-... ......0+ ........| ok p=1
Q27:	|...1.... ^....... ......1+ ....^...| ok p=0.938477
Q28:	|...+.... ....^... ......+- ........| ok p=0.935547
Q29:	|...0.... ........ .......0 ........| ok p=0.942383
Q30:	|...-.... ........ ......^1 ........| ok p=1
Q31:	|...-.... ........ ........ ........| ok p=0.93457
Q32:	|........ ........ ........ ........| ok p=1
Q33:	|...!.... ........ ........ ........| ok p=1
Q34:	|........ ........ ........ ........| ok p=1
Q35:	|........ ........ ........ ........| ok p=1
Q36:	|........ ........ ........ ........| ok p=1
Q37:	|........ ........ ........ ........| ok p=1
Q38:	|........ ........ ........ ........| ok p=1
Q39:	|........ ........ ........ ........| ok p=1
Q40:	|........ ........ ........ ........| ok p=1
Q41:	|........ ........ ........ ........| ok p=1
Q42:	|........ ........ ........ ........| ok p=1
Q43:	|........ ........ ........ ........| ok p=1
Q44:	|........ ........ ........ ........| ok p=1
Q45:	|........ ........ ........ ........| ok p=1
Q46:	|........ ........ ........ ........| ok p=1
Q47:	|........ ........ ........ ........| ok p=1
Q48:	|........ ........ ........ ........| ok p=1
Q49:	|........ ........ ........ ........| ok p=1
Q50:	|........ ........ ........ ........| ok p=1
Q51:	|........ ........ ........ ........| ok p=1
Q52:	|........ ........ ........ ........| ok p=1
Q53:	|........ ........ ........ ........| ok p=1
Q54:	|........ ........ ........ ........| ok p=1
Q55:	|........ ........ ........ ........| ok p=1
Q56:	|........ ........ ........ ........| ok p=1
Q57:	|........ ........ ........ ........| ok p=1
Q58:	|........ ........ ........ ........| ok p=1
Q59:	|........ ........ ........ ........| ok p=1
Q60:	|........ ........ ........ .0......| ok p=1
Q61:	|........ ........ ........ 11......| ok p=1
Q62:	|........ ........ ........ 0+......| ok p=1
Q63:	|........ ........ ........ +-......| ok p=0.938477
Q64:	|...+.... ........ ........ .+......|
Saving 500000 paths...done.
Autobalance parameters: maxcond=119
Verified: 0 bad out of 538519
Estimating maxcond for upper bound 2000000 (=500000 * 4)...
t=16: 0%   10   20   30   40   50   60   70   80   90   100%
      |----|----|----|----|----|----|----|----|----|----|
e     ***************************************************
Found maxcond = 134
t=16: 0%   10   20   30   40   50   60   70   80   90   100%
      |----|----|----|----|----|----|----|----|----|----|
      ***************************************************
Q13:	|...-.+.. ......-. ...+.... ...+...-|
Q14:	|.01.+... -....... .1.0...+ 1...+...|
Q15:	|.++.+... -.....-. .+.1...1 +...1..+|
Q16:	|.-..0... +.0...-. ...+..1- ..0.-..+| ok p=0.360352
Q17:	|.+^01... 1.1...0. .^.-..1. ^.1....1| ok p=0.894531
Q18:	|.+.1.... 1.-...+. ...1..+^ ..+.^..-| ok p=0.342773
Q19:	|.-.+.... +....0+. ...-.... .......-| ok p=0.887695
Q20:	|1-...0.. ..^..1-. .0...0^. ..^....0| ok p=1
Q21:	|1-.^.1.. ^....-1. .1.^.1.. ..0....1| ok p=1
Q22:	|+1...+.. ......^. .+...-.. ..1.....| ok p=0.495117
Q23:	|.0...... 0....^.. ........ ..+.0...| ok p=1
Q24:	|^....^.. 1...0... .^...^.0 ....1...| ok p=0.730469
Q25:	|........ -...1... ........ ..^.-...| ok p=0.472656
Q26:	|...0.... ....-... ......0+ ........| ok p=1
Q27:	|...1.... ^....... ......1+ ....^...| ok p=0.932617
Q28:	|...+.... ....^... ......+- ........| ok p=0.943359
Q29:	|...0.... ........ .......0 ........| ok p=0.931641
Q30:	|...-.... ........ ......^1 ........| ok p=1
Q31:	|...-.... ........ ........ ........| ok p=0.926758
Q32:	|........ ........ ........ ........| ok p=1
Q33:	|...!.... ........ ........ ........| ok p=1
Q34:	|........ ........ ........ ........| ok p=1
Q35:	|........ ........ ........ ........| ok p=1
Q36:	|........ ........ ........ ........| ok p=1
Q37:	|........ ........ ........ ........| ok p=1
Q38:	|........ ........ ........ ........| ok p=1
Q39:	|........ ........ ........ ........| ok p=1
Q40:	|........ ........ ........ ........| ok p=1
Q41:	|........ ........ ........ ........| ok p=1
Q42:	|........ ........ ........ ........| ok p=1
Q43:	|........ ........ ........ ........| ok p=1
Q44:	|........ ........ ........ ........| ok p=1
Q45:	|........ ........ ........ ........| ok p=1
Q46:	|........ ........ ........ ........| ok p=1
Q47:	|........ ........ ........ ........| ok p=1
Q48:	|........ ........ ........ ........| ok p=1
Q49:	|........ ........ ........ ........| ok p=1
Q50:	|........ ........ ........ ........| ok p=1
Q51:	|........ ........ ........ ........| ok p=1
Q52:	|........ ........ ........ ........| ok p=1
Q53:	|........ ........ ........ ........| ok p=1
Q54:	|........ ........ ........ ........| ok p=1
Q55:	|........ ........ ........ ........| ok p=1
Q56:	|........ ........ ........ ........| ok p=1
Q57:	|........ ........ ........ ........| ok p=1
Q58:	|........ ........ ........ ........| ok p=1
Q59:	|........ ........ ........ ........| ok p=1
Q60:	|........ ........ ........ .0......| ok p=1
Q61:	|........ ........ ........ 11......| ok p=1
Q62:	|........ ........ ........ 0+......| ok p=1
Q63:	|........ ........ ........ +-......| ok p=0.939453
Q64:	|...+.... ........ ........ .+......|
Saving 500000 paths...done.
Autobalance parameters: maxcond=133
Verified: 0 bad out of 693984
Runtime: 59.6377
