Connect MD5 differential paths
Copyright (C) 2009 Marc Stevens
http://homepages.cwi.nl/~stevens/

delta_m[11] = [!28!]
Loading workdir4/paths16_0of1.bin.gz...done: 500000.
Loading workdir4/paths11_0of1.bin.gz...done: 500000.
t=12: 0%   10   20   30   40   50   60   70   80   90   100%
      |----|----|----|----|----|----|----|----|----|----|
      *Q-3:	|00000011 00100100 10100100 11000101|
Q-2:	|-0-+++++ ++00001- 110100+0 0-1+----|
Q-1:	|+0011100 -+10011- 0101111+ ++0+----|
Q0:	|1+0-1110 1101++++ 1-++-1+1 0+100100| ok p=0.240234
Q1:	|-0.+...+ +0..++10 .+++0-1- 1..-011+| ok p=1
Q2:	|11.+...0 1-.^++1+ .1..---1 .1.-1..+| ok p=1
Q3:	|10.-...+ +-.-...+ .011--1- ...0+..0| ok p=1
Q4:	|0-^0...1 -0!110.+ ....+.+1 ..1+1..-| ok p=1
Q5:	|10+0...0 1+.-.... ..1.11-+ ..011..1| ok p=1
Q6:	|.11..^.. 110-...0 ..0.1.1- ..11.^.1| ok p=1
Q7:	|!.-..+.. .1101..1 ..+0..+1 ..-..+^.| ok p=1
Q8:	|.!+..1.. .--+0... ..10..-0 ..+..1-.| ok p=1
Q9:	|.!+..1.. .-011... ..-+1.0. 0!+..10.| ok p=1
Q10:	|^0+..011 0-0+10.. 10-+1100 10+.1011| ok p=1
Q11:	|+00^1100 11-0-1.. 1001-000 -11^0011| ok p=1
Q12:	|00-+0-++ +01--+^1 -+1++-1- 0+++++-+| ok p=1
Q13:	|+-+0+11+ 0+++0--0 +----+++ +1+1--++| ok p=1
Q14:	|00+11000 -101+11+ 010-010+ 01.00001| ok p=1
Q15:	|1-1--.0- 101001-1 01110010 0+0-101+| ok p=0.776367
Q16:	|..0-..1+ 1.0.0.-1 ...+..0- .1.....+| ok p=0.936523
Q17:	|.^.0^.-1 ..1...+. ...0..1. .1.^...1| ok p=0.824219
Q18:	|...+...1 ..-...+. ...0..+^ .+0....-| ok p=0.724609
Q19:	|.0.+..^. .....0-. ...-.... .......-| ok p=1
Q20:	|01.0.0.. ..^..1-. .0...0^. .^-....0| ok p=1
Q21:	|1-.1.1.. .....-0. .1.^.1.. ..-....1| ok p=0.583984
Q22:	|+....+.. ......0. .+...-.. ..+.....| ok p=0.457031
Q23:	|.^...... 0....^.. ........ ..+.0...| ok p=1
Q24:	|^....^.. 1...0... .^...^.0 ..1.1...| ok p=0.717773
Q25:	|........ -...1... ........ ..0.-...| ok p=0.49707
Q26:	|...0.... ....-... ......0+ ........| ok p=1
Q27:	|...1.... ^....... ......1+ ....^...| ok p=0.935547
Q28:	|...+.... ....^... ......+- ........| ok p=0.945312
Q29:	|...0.... ........ .......0 ........| ok p=0.933594
Q30:	|...-.... ........ ......^1 ........| ok p=1
Q31:	|...-.... ........ ........ ........| ok p=0.94043
Q32:	|........ ........ ........ ........| ok p=1
Q33:	|...!.... ........ ........ ........| ok p=1
Q34:	|........ ........ ........ ........| ok p=1
Q35:	|........ ........ ........ ........| ok p=1
Q36:	|........ ........ ........ ........| ok p=1
Q37:	|........ ........ ........ ........| ok p=1
Q38:	|........ ........ ........ ........| ok p=1
Q39:	|........ ........ ........ ........| ok p=1
Q40:	|........ ........ ........ ........| ok p=1
Q41:	|........ ........ ........ ........| ok p=1
Q42:	|........ ........ ........ ........| ok p=1
Q43:	|........ ........ ........ ........| ok p=1
Q44:	|........ ........ ........ ........| ok p=1
Q45:	|........ ........ ........ ........| ok p=1
Q46:	|........ ........ ........ ........| ok p=1
Q47:	|........ ........ ........ ........| ok p=1
Q48:	|........ ........ ........ ........| ok p=1
Q49:	|........ ........ ........ ........| ok p=1
Q50:	|........ ........ ........ ........| ok p=1
Q51:	|........ ........ ........ ........| ok p=1
Q52:	|........ ........ ........ ........| ok p=1
Q53:	|........ ........ ........ ........| ok p=1
Q54:	|........ ........ ........ ........| ok p=1
Q55:	|........ ........ ........ ........| ok p=1
Q56:	|........ ........ ........ ........| ok p=1
Q57:	|........ ........ ........ ........| ok p=1
Q58:	|........ ........ ........ ........| ok p=1
Q59:	|........ ........ ........ ........| ok p=1
Q60:	|........ ........ ........ .0......| ok p=1
Q61:	|........ ........ ........ 11......| ok p=1
Q62:	|........ ........ ........ 0+......| ok p=1
Q63:	|........ ........ ........ +-......| ok p=0.93457
Q64:	|...+.... ........ ........ .+......|
Best path: totcompl=-35 tottunnel=27, totcond=589, p=0.00685886
Q-3:	|00000011 00100100 10100100 11000101|
Q-2:	|-0-+++++ ++00001- 110100+0 0-1+----|
Q-1:	|+0011100 -+10011- 0101111+ ++0+----|
Q0:	|1+0-1110 1101++++ 1-++-1+1 0+100100| ok p=0.257812
Q1:	|-0.+...+ +0..++10 .+++0-1- 1..-011+| ok p=1
Q2:	|11.+...0 1-.^++1+ .1..---1 .1.-1..+| ok p=1
Q3:	|10.-...+ +-.-...+ .011--1- ...0+..0| ok p=1
Q4:	|0-^0...1 -0!110.+ ....+.+1 ...+1..-| ok p=1
Q5:	|10+1...0 0+^-.... ....111- ..!111.1| ok p=1
Q6:	|.11.^... 01-0...0 ..^.0.01 .0.+.101| ok p=1
Q7:	|.01.-... .10+1... !.+...+1 .1.-.+0.| ok p=1
Q8:	|..0.1... .-000... .^1...-. .+.-.++.| ok p=1
Q9:	|!0..+... .-0+.... .--0..-. .+!...+.| ok p=1
Q10:	|010.+.1. 1-0+1^0. 0000!0-. .+101000| ok p=1
Q11:	|1+10+^11 1.+11+0. 11-+.1-1 11100011| ok p=1
Q12:	|-1-11++0 -1+++0+1 -++-.+-0 00-+++++| ok p=1
Q13:	|--++-0-- +..-1--0 +---.1+- --+-+1-+| ok p=1
Q14:	|01+001+0 -.11+10+ 000-.101 1010.101| ok p=1
Q15:	|+11+0+++ 1..101-1 0111..11 0+0-0.1+| ok p=0.743164
Q16:	|..1-..1+ 1.0.0.-1 ...+..0- .1.....+| ok p=0.863281
Q17:	|^..1.^-0 ..1...+. ...0..1. .1.^...1| ok p=0.830078
Q18:	|...+...0 ..-...+. ...0..+^ .+0....-| ok p=0.755859
Q19:	|.0.+..^. .....0-. ...-.... .......-| ok p=1
Q20:	|01.0.0.. ..^..1-. .0...0^. .^-....0| ok p=1
Q21:	|1-.1.1.. .....-0. .1.^.1.. ..-....1| ok p=0.609375
Q22:	|+....+.. ......0. .+...-.. ..+.....| ok p=0.413086
Q23:	|.^...... 0....^.. ........ ..+.0...| ok p=1
Q24:	|^....^.. 1...0... .^...^.0 ..1.1...| ok p=0.739258
Q25:	|........ -...1... ........ ..0.-...| ok p=0.478516
Q26:	|...0.... ....-... ......0+ ........| ok p=1
Q27:	|...1.... ^....... ......1+ ....^...| ok p=0.94043
Q28:	|...+.... ....^... ......+- ........| ok p=0.939453
Q29:	|...0.... ........ .......0 ........| ok p=0.94043
Q30:	|...-.... ........ ......^1 ........| ok p=1
Q31:	|...-.... ........ ........ ........| ok p=0.941406
Q32:	|........ ........ ........ ........| ok p=1
Q33:	|...!.... ........ ........ ........| ok p=1
Q34:	|........ ........ ........ ........| ok p=1
Q35:	|........ ........ ........ ........| ok p=1
Q36:	|........ ........ ........ ........| ok p=1
Q37:	|........ ........ ........ ........| ok p=1
Q38:	|........ ........ ........ ........| ok p=1
Q39:	|........ ........ ........ ........| ok p=1
Q40:	|........ ........ ........ ........| ok p=1
Q41:	|........ ........ ........ ........| ok p=1
Q42:	|........ ........ ........ ........| ok p=1
Q43:	|........ ........ ........ ........| ok p=1
Q44:	|........ ........ ........ ........| ok p=1
Q45:	|........ ........ ........ ........| ok p=1
Q46:	|........ ........ ........ ........| ok p=1
Q47:	|........ ........ ........ ........| ok p=1
Q48:	|........ ........ ........ ........| ok p=1
Q49:	|........ ........ ........ ........| ok p=1
Q50:	|........ ........ ........ ........| ok p=1
Q51:	|........ ........ ........ ........| ok p=1
Q52:	|........ ........ ........ ........| ok p=1
Q53:	|........ ........ ........ ........| ok p=1
Q54:	|........ ........ ........ ........| ok p=1
Q55:	|........ ........ ........ ........| ok p=1
Q56:	|........ ........ ........ ........| ok p=1
Q57:	|........ ........ ........ ........| ok p=1
Q58:	|........ ........ ........ ........| ok p=1
Q59:	|........ ........ ........ ........| ok p=1
Q60:	|........ ........ ........ .0......| ok p=1
Q61:	|........ ........ ........ 11......| ok p=1
Q62:	|........ ........ ........ 0+......| ok p=1
Q63:	|........ ........ ........ +-......| ok p=0.935547
Q64:	|...+.... ........ ........ .+......|
Best path: totcompl=-32 tottunnel=30, totcond=574, p=0.00616057
Q-3:	|00000011 00100100 10100100 11000101|
Q-2:	|-0-+++++ ++00001- 110100+0 0-1+----|
Q-1:	|+0011100 -+10011- 0101111+ ++0+----|
Q0:	|1+0-1110 1101++++ 1-++-1+1 0+100100| ok p=0.241211
Q1:	|-0.+...+ +0..++10 .+++0-1- 1..-011+| ok p=1
Q2:	|11.+...0 1-.^++1+ .1..---1 .1.-1..+| ok p=1
Q3:	|10.-...+ +-.-0..+ .011--1- ...0+..0| ok p=1
Q4:	|0-^0...1 -0.110.+ ....+.+1 ...+1..-| ok p=1
Q5:	|10+1...0 0+^-.... ....111- .!.111.1| ok p=1
Q6:	|.11.^... 01-0...0 ..^.0.01 .0.+.101| ok p=1
Q7:	|.01.-... .10+1..1 ..+...+1 .1.-.+0.| ok p=1
Q8:	|!1..1... .-000... .^1...-. .+.-.++.| ok p=1
Q9:	|.0..+... .-0+.... .--0..-. .+!...+.| ok p=0.99707
Q10:	|010.+.1. 1-0+1^0. 0000.0-. .+101000| ok p=1
Q11:	|1+10+^11 1.+11+0. 11-+.1-1 11100011| ok p=1
Q12:	|-1-11++0 -1+++0+1 -++-.+-0 00-+++++| ok p=1
Q13:	|--++-0-- +..-1--0 +---.1+- --+-+1-+| ok p=1
Q14:	|01+001+0 -.11+10+ 000-.101 1010.011| ok p=1
Q15:	|+11+0+++ 1..101-1 0111..11 0+0-0.1+| ok p=0.742188
Q16:	|..1-..1+ 1.0.0.-1 ...+..0- .1.....+| ok p=0.844727
Q17:	|^..1.^-0 ..1...+. ...0..1. .1.^...1| ok p=0.806641
Q18:	|...+...0 ..-...+. ...0..+^ .+0....-| ok p=0.75
Q19:	|.0.+..^. .....0-. ...-.... .......-| ok p=1
Q20:	|01.0.0.. ..^..1-. .0...0^. .^-....0| ok p=1
Q21:	|1-.1.1.. .....-0. .1.^.1.. ..-....1| ok p=0.617188
Q22:	|+....+.. ......0. .+...-.. ..+.....| ok p=0.430664
Q23:	|.^...... 0....^.. ........ ..+.0...| ok p=1
Q24:	|^....^.. 1...0... .^...^.0 ..1.1...| ok p=0.699219
Q25:	|........ -...1... ........ ..0.-...| ok p=0.463867
Q26:	|...0.... ....-... ......0+ ........| ok p=1
Q27:	|...1.... ^....... ......1+ ....^...| ok p=0.943359
Q28:	|...+.... ....^... ......+- ........| ok p=0.935547
Q29:	|...0.... ........ .......0 ........| ok p=0.942383
Q30:	|...-.... ........ ......^1 ........| ok p=1
Q31:	|...-.... ........ ........ ........| ok p=0.9375
Q32:	|........ ........ ........ ........| ok p=1
Q33:	|...!.... ........ ........ ........| ok p=1
Q34:	|........ ........ ........ ........| ok p=1
Q35:	|........ ........ ........ ........| ok p=1
Q36:	|........ ........ ........ ........| ok p=1
Q37:	|........ ........ ........ ........| ok p=1
Q38:	|........ ........ ........ ........| ok p=1
Q39:	|........ ........ ........ ........| ok p=1
Q40:	|........ ........ ........ ........| ok p=1
Q41:	|........ ........ ........ ........| ok p=1
Q42:	|........ ........ ........ ........| ok p=1
Q43:	|........ ........ ........ ........| ok p=1
Q44:	|........ ........ ........ ........| ok p=1
Q45:	|........ ........ ........ ........| ok p=1
Q46:	|........ ........ ........ ........| ok p=1
Q47:	|........ ........ ........ ........| ok p=1
Q48:	|........ ........ ........ ........| ok p=1
Q49:	|........ ........ ........ ........| ok p=1
Q50:	|........ ........ ........ ........| ok p=1
Q51:	|........ ........ ........ ........| ok p=1
Q52:	|........ ........ ........ ........| ok p=1
Q53:	|........ ........ ........ ........| ok p=1
Q54:	|........ ........ ........ ........| ok p=1
Q55:	|........ ........ ........ ........| ok p=1
Q56:	|........ ........ ........ ........| ok p=1
Q57:	|........ ........ ........ ........| ok p=1
Q58:	|........ ........ ........ ........| ok p=1
Q59:	|........ ........ ........ ........| ok p=1
Q60:	|........ ........ ........ .0......| ok p=1
Q61:	|........ ........ ........ 11......| ok p=1
Q62:	|........ ........ ........ 0+......| ok p=1
Q63:	|........ ........ ........ +-......| ok p=0.938477
Q64:	|...+.... ........ ........ .+......|
Best path: totcompl=-29 tottunnel=33, totcond=573, p=0.00653251
Best paths: 2
Q-3:	|00000011 00100100 10100100 11000101|
Q-2:	|-0-+++++ ++00001- 110100+0 0-1+----|
Q-1:	|+0011100 -+10011- 0101111+ ++0+----|
Q0:	|1+0-1110 1101++++ 1-++-1+1 0+100100| ok p=0.24707
Q1:	|-0.+...+ +0..++10 .+++0-1- 1..-011+| ok p=1
Q2:	|11.+...0 1-.^++1+ .1..---1 .1.-1..+| ok p=1
Q3:	|10.-...+ +-.-...+ .011--1- ...0+..0| ok p=1
Q4:	|0-^0...1 -0!110.+ ....+.+1 ...+1..-| ok p=1
Q5:	|10+1...0 0+^-.... ....111- ..!111.1| ok p=1
Q6:	|.11.^... 01-0...0 ..^.0.01 .0.+.101| ok p=1
Q7:	|.01.-... .10+1..1 ..+...+1 .1.-.+0.| ok p=1
Q8:	|...!1... .-000... .^1...-. .+.-.++.| ok p=1
Q9:	|1!..+... .-.+10.. .--...-. .+!...+.| ok p=0.99707
Q10:	|110.+... .-.+101. .11^.1-. .+000110| ok p=1
Q11:	|-011+^^. 11.+++1. !11-^0-0 01111111| ok p=1
Q12:	|1--00++^ 1-^----1 ^1-1---1 1-++++++| ok p=1
Q13:	|--+++01+ +1-+-1+0 +---11-+ +0-0-1-+| ok p=0.506836
Q14:	|0.1++001 -101+01+ 00.-00.+ 001-0101| ok p=0.495117
Q15:	|+01++.-+ 1.101.-1 0111..00 0+1-0.1+| ok p=0.617188
Q16:	|...-0.1+ 1.0.1.-1 ...+..0- .1.1...+| ok p=1
Q17:	|^..11.-0 ..1...+. ...0..1. .1.0...1| ok p=0.788086
Q18:	|...+...0 ..-...+. ...0..+^ .+0....-| ok p=0.702148
Q19:	|.0.+..^. .....0-. ...-.... .......-| ok p=1
Q20:	|01.0.0.. ..^..1-. .0...0^. .^-....0| ok p=1
Q21:	|1-.1.1.. .....-0. .1.^.1.. ..-....1| ok p=0.585938
Q22:	|+....+.. ......0. .+...-.. ..+.....| ok p=0.457031
Q23:	|.^...... 0....^.. ........ ..+.0...| ok p=1
Q24:	|^....^.. 1...0... .^...^.0 ..1.1...| ok p=0.677734
Q25:	|........ -...1... ........ ..0.-...| ok p=0.486328
Q26:	|...0.... ....-... ......0+ ........| ok p=1
Q27:	|...1.... ^....... ......1+ ....^...| ok p=0.922852
Q28:	|...+.... ....^... ......+- ........| ok p=0.941406
Q29:	|...0.... ........ .......0 ........| ok p=0.925781
Q30:	|...-.... ........ ......^1 ........| ok p=1
Q31:	|...-.... ........ ........ ........| ok p=0.939453
Q32:	|........ ........ ........ ........| ok p=1
Q33:	|...!.... ........ ........ ........| ok p=1
Q34:	|........ ........ ........ ........| ok p=1
Q35:	|........ ........ ........ ........| ok p=1
Q36:	|........ ........ ........ ........| ok p=1
Q37:	|........ ........ ........ ........| ok p=1
Q38:	|........ ........ ........ ........| ok p=1
Q39:	|........ ........ ........ ........| ok p=1
Q40:	|........ ........ ........ ........| ok p=1
Q41:	|........ ........ ........ ........| ok p=1
Q42:	|........ ........ ........ ........| ok p=1
Q43:	|........ ........ ........ ........| ok p=1
Q44:	|........ ........ ........ ........| ok p=1
Q45:	|........ ........ ........ ........| ok p=1
Q46:	|........ ........ ........ ........| ok p=1
Q47:	|........ ........ ........ ........| ok p=1
Q48:	|........ ........ ........ ........| ok p=1
Q49:	|........ ........ ........ ........| ok p=1
Q50:	|........ ........ ........ ........| ok p=1
Q51:	|........ ........ ........ ........| ok p=1
Q52:	|........ ........ ........ ........| ok p=1
Q53:	|........ ........ ........ ........| ok p=1
Q54:	|........ ........ ........ ........| ok p=1
Q55:	|........ ........ ........ ........| ok p=1
Q56:	|........ ........ ........ ........| ok p=1
Q57:	|........ ........ ........ ........| ok p=1
Q58:	|........ ........ ........ ........| ok p=1
Q59:	|........ ........ ........ ........| ok p=1
Q60:	|........ ........ ........ .0......| ok p=1
Q61:	|........ ........ ........ 11......| ok p=1
Q62:	|........ ........ ........ 0+......| ok p=1
Q63:	|........ ........ ........ +-......| ok p=0.942383
Q64:	|...+.... ........ ........ .+......|
Best path: totcompl=-28 tottunnel=34, totcond=573, p=0.00140736
Best paths: 2
Q-3:	|00000011 00100100 10100100 11000101|
Q-2:	|-0-+++++ ++00001- 110100+0 0-1+----|
Q-1:	|+0011100 -+10011- 0101111+ ++0+----|
Q0:	|1+0-1110 1101++++ 1-++-1+1 0+100100| ok p=0.259766
Q1:	|-0.+...+ +0..++10 .+++0-1- 1..-011+| ok p=1
Q2:	|11.+...0 1-.^++1+ .1..---1 .1.-1..+| ok p=1
Q3:	|10.-...+ +-.-...+ .011--1- ...0+..0| ok p=1
Q4:	|0-^0...1 -0!110.+ ....+.+1 ...+10.-| ok p=1
Q5:	|10+1...0 0+^-.... ....111- ...111.1| ok p=1
Q6:	|.11.^... 01-0...0 ..^.0.01 .0.+.101| ok p=1
Q7:	|!.1.-... .10+1... !.+...+1 .1.-.+0.| ok p=1
Q8:	|0.0.1... .-000... .^1...-. .+.-.++.| ok p=1
Q9:	|1...+... .-.+.1.. .--0.1-. .+!...+.| ok p=1
Q10:	|010.+001 0-0+111. .111.0-. .+.10110| ok p=1
Q11:	|+011+110 1+110-1. .1-+.1-0 01.11111| ok p=1
Q12:	|1--00++- +1+1+--1 ^-+-.+-1 10.0-+-+| ok p=1
Q13:	|+-+++01+ 1+++-.+0 +---.-++ +-1+0+++| ok p=0.483398
Q14:	|0.1++0+1 -1.0+01+ 0.0-.00+ 01000.01| ok p=0.486328
Q15:	|-01++.1+ 11101.-1 0111.000 01++.01+| ok p=0.644531
Q16:	|...-0.0+ 1.0.1.-1 ...+..0- .1.....+| ok p=1
Q17:	|^..11.-0 ..1...+. ...0..1. .1^^...1| ok p=0.84668
Q18:	|...+...0 ..-...+. ...0..+^ .+0....-| ok p=0.708008
Q19:	|.0.+..^. .....0-. ...-.... .......-| ok p=1
Q20:	|01.0.0.. ..^..1-. .0...0^. .^-....0| ok p=1
Q21:	|1-.1.1.. .....-0. .1.^.1.. ..-....1| ok p=0.572266
Q22:	|+....+.. ......0. .+...-.. ..+.....| ok p=0.446289
Q23:	|.^...... 0....^.. ........ ..+.0...| ok p=1
Q24:	|^....^.. 1...0... .^...^.0 ..1.1...| ok p=0.711914
Q25:	|........ -...1... ........ ..0.-...| ok p=0.491211
Q26:	|...0.... ....-... ......0+ ........| ok p=1
Q27:	|...1.... ^....... ......1+ ....^...| ok p=0.93457
Q28:	|...+.... ....^... ......+- ........| ok p=0.943359
Q29:	|...0.... ........ .......0 ........| ok p=0.930664
Q30:	|...-.... ........ ......^1 ........| ok p=1
Q31:	|...-.... ........ ........ ........| ok p=0.9375
Q32:	|........ ........ ........ ........| ok p=1
Q33:	|...!.... ........ ........ ........| ok p=1
Q34:	|........ ........ ........ ........| ok p=1
Q35:	|........ ........ ........ ........| ok p=1
Q36:	|........ ........ ........ ........| ok p=1
Q37:	|........ ........ ........ ........| ok p=1
Q38:	|........ ........ ........ ........| ok p=1
Q39:	|........ ........ ........ ........| ok p=1
Q40:	|........ ........ ........ ........| ok p=1
Q41:	|........ ........ ........ ........| ok p=1
Q42:	|........ ........ ........ ........| ok p=1
Q43:	|........ ........ ........ ........| ok p=1
Q44:	|........ ........ ........ ........| ok p=1
Q45:	|........ ........ ........ ........| ok p=1
Q46:	|........ ........ ........ ........| ok p=1
Q47:	|........ ........ ........ ........| ok p=1
Q48:	|........ ........ ........ ........| ok p=1
Q49:	|........ ........ ........ ........| ok p=1
Q50:	|........ ........ ........ ........| ok p=1
Q51:	|........ ........ ........ ........| ok p=1
Q52:	|........ ........ ........ ........| ok p=1
Q53:	|........ ........ ........ ........| ok p=1
Q54:	|........ ........ ........ ........| ok p=1
Q55:	|........ ........ ........ ........| ok p=1
Q56:	|........ ........ ........ ........| ok p=1
Q57:	|........ ........ ........ ........| ok p=1
Q58:	|........ ........ ........ ........| ok p=1
Q59:	|........ ........ ........ ........| ok p=1
Q60:	|........ ........ ........ .0......| ok p=1
Q61:	|........ ........ ........ 11......| ok p=1
Q62:	|........ ........ ........ 0+......| ok p=1
Q63:	|........ ........ ........ +-......| ok p=0.945312
Q64:	|...+.... ........ ........ .+......|
Best path: totcompl=-26 tottunnel=36, totcond=573, p=0.00176993
Q-3:	|00000011 00100100 10100100 11000101|
Q-2:	|-0-+++++ ++00001- 110100+0 0-1+----|
Q-1:	|+0011100 -+10011- 0101111+ ++0+----|
Q0:	|1+0-1110 1101++++ 1-++-1+1 0+100100| ok p=0.255859
Q1:	|-0.+...+ +0..++10 .+++0-1- 1..-011+| ok p=1
Q2:	|11.+...0 1-.^++1+ .1..---1 .1.-1..+| ok p=1
Q3:	|10.-...+ +-.-0..+ .011--1- ...0+..0| ok p=1
Q4:	|0-^0...1 -0.110.+ ....+.+1 ...+10.-| ok p=1
Q5:	|10+1...0 0+^-.... ....111- ...111.1| ok p=1
Q6:	|.11.^... 01-0...0 ..^.0.01 .0.+.101| ok p=1
Q7:	|!.1.-... .10+1..1 ..+...+1 .1.-.+0.| ok p=1
Q8:	|!...1... .-000... .^1...-. .+.-.++.| ok p=1
Q9:	|1!..+... .-.+.1.. .--0..-. .+!...+.| ok p=0.998047
Q10:	|010.+001 0-0+111. .111.0-. .+.11110| ok p=1
Q11:	|+011+110 1+110-1. .1-+.1-1 01.10111| ok p=1
Q12:	|1--00++- +1+1+--1 ^-+-.+-0 10.-++-+| ok p=1
Q13:	|+-+++01+ 1+++-.+0 +---.1.- +-1+0+++| ok p=0.505859
Q14:	|0.1++0+1 -1.0+01+ 0.0-.00+ 01000.01| ok p=0.47168
Q15:	|-01++.1+ 11101.-1 0111...0 01++.01+| ok p=0.616211
Q16:	|...-0.0+ 1.0.1.-1 ...+..0- .1.....+| ok p=1
Q17:	|^..11.-0 ..1...+. ...0..1. .1^^...1| ok p=0.839844
Q18:	|...+...0 ..-...+. ...0..+^ .+0....-| ok p=0.713867
Q19:	|.0.+..^. .....0-. ...-.... .......-| ok p=1
Q20:	|01.0.0.. ..^..1-. .0...0^. .^-....0| ok p=1
Q21:	|1-.1.1.. .....-0. .1.^.1.. ..-....1| ok p=0.589844
Q22:	|+....+.. ......0. .+...-.. ..+.....| ok p=0.424805
Q23:	|.^...... 0....^.. ........ ..+.0...| ok p=0.999023
Q24:	|^....^.. 1...0... .^...^.0 ..1.1...| ok p=0.710938
Q25:	|........ -...1... ........ ..0.-...| ok p=0.46875
Q26:	|...0.... ....-... ......0+ ........| ok p=1
Q27:	|...1.... ^....... ......1+ ....^...| ok p=0.939453
Q28:	|...+.... ....^... ......+- ........| ok p=0.932617
Q29:	|...0.... ........ .......0 ........| ok p=0.918945
Q30:	|...-.... ........ ......^1 ........| ok p=1
Q31:	|...-.... ........ ........ ........| ok p=0.931641
Q32:	|........ ........ ........ ........| ok p=1
Q33:	|...!.... ........ ........ ........| ok p=1
Q34:	|........ ........ ........ ........| ok p=1
Q35:	|........ ........ ........ ........| ok p=1
Q36:	|........ ........ ........ ........| ok p=1
Q37:	|........ ........ ........ ........| ok p=1
Q38:	|........ ........ ........ ........| ok p=1
Q39:	|........ ........ ........ ........| ok p=1
Q40:	|........ ........ ........ ........| ok p=1
Q41:	|........ ........ ........ ........| ok p=1
Q42:	|........ ........ ........ ........| ok p=1
Q43:	|........ ........ ........ ........| ok p=1
Q44:	|........ ........ ........ ........| ok p=1
Q45:	|........ ........ ........ ........| ok p=1
Q46:	|........ ........ ........ ........| ok p=1
Q47:	|........ ........ ........ ........| ok p=1
Q48:	|........ ........ ........ ........| ok p=1
Q49:	|........ ........ ........ ........| ok p=1
Q50:	|........ ........ ........ ........| ok p=1
Q51:	|........ ........ ........ ........| ok p=1
Q52:	|........ ........ ........ ........| ok p=1
Q53:	|........ ........ ........ ........| ok p=1
Q54:	|........ ........ ........ ........| ok p=1
Q55:	|........ ........ ........ ........| ok p=1
Q56:	|........ ........ ........ ........| ok p=1
Q57:	|........ ........ ........ ........| ok p=1
Q58:	|........ ........ ........ ........| ok p=1
Q59:	|........ ........ ........ ........| ok p=1
Q60:	|........ ........ ........ .0......| ok p=1
Q61:	|........ ........ ........ 11......| ok p=1
Q62:	|........ ........ ........ 0+......| ok p=1
Q63:	|........ ........ ........ +-......| ok p=0.943359
Q64:	|...+.... ........ ........ .+......|
Best path: totcompl=-26 tottunnel=36, totcond=569, p=0.00139461
Best paths: 2
Q-3:	|00000011 00100100 10100100 11000101|
Q-2:	|-0-+++++ ++00001- 110100+0 0-1+----|
Q-1:	|+0011100 -+10011- 0101111+ ++0+----|
Q0:	|1+0-1110 1101++++ 1-++-1+1 0+100100| ok p=0.22168
Q1:	|-0.+...+ +0..++10 .+++0-1- 1..-011+| ok p=1
Q2:	|11.+...0 1-.^++1+ .1..---1 .1.-1..+| ok p=1
Q3:	|10.-...+ +-.-...+ .011--1- ...0+..0| ok p=1
Q4:	|0-^0...1 -0!110.+ ....+.+1 ...+1..-| ok p=1
Q5:	|11+00..1 0+.-.... ..0.100- ..!110.1| ok p=1
Q6:	|.11.1^.. -1.1...0 ..0.-0++ .^.1.1.1| ok p=1
Q7:	|!.-.1+.. -1.+...1 ..+.1.-0 .-...+..| ok p=1
Q8:	|!.+.+0.. 1+!1.... ..-.1.-0 .0...+..| ok p=1
Q9:	|!.1.+1.. +-01.... ..-.1.-. .11..+..| ok p=1
Q10:	|1.1.+0.. -+1+.... 0.+.00.. ..00.101| ok p=1
Q11:	|0.0111^1 -0-10.00 1000-111 .0+1^010| ok p=1
Q12:	|-^00-+-0 -11-0^10 0100--01 .01++---| ok p=1
Q13:	|+-+--10+ 1++0++-- +----+++ .+1+0+++| ok p=1
Q14:	|10+111-0 +100+00+ 101-.10+ .0.00101| ok p=1
Q15:	|0-.--.-+ 101..0-0 01010010 .+.-.00+| ok p=0.568359
Q16:	|..^-..1+ 1.0.^.-1 ...+..0- .1.....+| ok p=0.938477
Q17:	|.^.0^.-1 ..1...+. ...0..1. .1.^...1| ok p=0.819336
Q18:	|...+...1 ..-...+. ...0..+^ .+0....-| ok p=0.705078
Q19:	|.0.+..^. .....0-. ...-.... .......-| ok p=1
Q20:	|01.0.0.. ..^..1-. .0...0^. .^-....0| ok p=1
Q21:	|1-.1.1.. .....-0. .1.^.1.. ..-....1| ok p=0.610352
Q22:	|+....+.. ......0. .+...-.. ..+.....| ok p=0.441406
Q23:	|.^...... 0....^.. ........ ..+.0...| ok p=1
Q24:	|^....^.. 1...0... .^...^.0 ..1.1...| ok p=0.724609
Q25:	|........ -...1... ........ ..0.-...| ok p=0.469727
Q26:	|...0.... ....-... ......0+ ........| ok p=1
Q27:	|...1.... ^....... ......1+ ....^...| ok p=0.935547
Q28:	|...+.... ....^... ......+- ........| ok p=0.956055
Q29:	|...0.... ........ .......0 ........| ok p=0.931641
Q30:	|...-.... ........ ......^1 ........| ok p=1
Q31:	|...-.... ........ ........ ........| ok p=0.930664
Q32:	|........ ........ ........ ........| ok p=1
Q33:	|...!.... ........ ........ ........| ok p=1
Q34:	|........ ........ ........ ........| ok p=1
Q35:	|........ ........ ........ ........| ok p=1
Q36:	|........ ........ ........ ........| ok p=1
Q37:	|........ ........ ........ ........| ok p=1
Q38:	|........ ........ ........ ........| ok p=1
Q39:	|........ ........ ........ ........| ok p=1
Q40:	|........ ........ ........ ........| ok p=1
Q41:	|........ ........ ........ ........| ok p=1
Q42:	|........ ........ ........ ........| ok p=1
Q43:	|........ ........ ........ ........| ok p=1
Q44:	|........ ........ ........ ........| ok p=1
Q45:	|........ ........ ........ ........| ok p=1
Q46:	|........ ........ ........ ........| ok p=1
Q47:	|........ ........ ........ ........| ok p=1
Q48:	|........ ........ ........ ........| ok p=1
Q49:	|........ ........ ........ ........| ok p=1
Q50:	|........ ........ ........ ........| ok p=1
Q51:	|........ ........ ........ ........| ok p=1
Q52:	|........ ........ ........ ........| ok p=1
Q53:	|........ ........ ........ ........| ok p=1
Q54:	|........ ........ ........ ........| ok p=1
Q55:	|........ ........ ........ ........| ok p=1
Q56:	|........ ........ ........ ........| ok p=1
Q57:	|........ ........ ........ ........| ok p=1
Q58:	|........ ........ ........ ........| ok p=1
Q59:	|........ ........ ........ ........| ok p=1
Q60:	|........ ........ ........ .0......| ok p=1
Q61:	|........ ........ ........ 11......| ok p=1
Q62:	|........ ........ ........ 0+......| ok p=1
Q63:	|........ ........ ........ +-......| ok p=0.945312
Q64:	|...+.... ........ ........ .+......|
Best path: totcompl=-26 tottunnel=36, totcond=567, p=0.00583532
Q-3:	|00000011 00100100 10100100 11000101|
Q-2:	|-0-+++++ ++00001- 110100+0 0-1+----|
Q-1:	|+0011100 -+10011- 0101111+ ++0+----|
Q0:	|1+0-1110 1101++++ 1-++-1+1 0+100100| ok p=0.280273
Q1:	|-0.+...+ +0..++10 .+++0-1- 1..-011+| ok p=1
Q2:	|11.+...0 1-.^++1+ .1..---1 .1.-1..+| ok p=1
Q3:	|10.-...+ +-.-...+ .011--1- ...0+..0| ok p=1
Q4:	|0-^0...1 -0!110.+ ....+.+1 ...+1..-| ok p=1
Q5:	|11+0...1 0+.-.... ..0.100- ..!110.1| ok p=1
Q6:	|.1111^.. -1.1...0 ..0.-0++ .^.1.1.1| ok p=1
Q7:	|..-01+.. -1.+.... !.+.1.-0 .-...+..| ok p=1
Q8:	|.!+.+0.. 1+!1.... ..-.1.-0 .0...+..| ok p=1
Q9:	|.!1.+1.. +-01.... ..-.1.-. .11..+..| ok p=1
Q10:	|0.1.+0.. -+1+.... ..+.00.. ..00.011| ok p=1
Q11:	|100111^1 -0-10.0! 0000-111 ..+10000| ok p=1
Q12:	|+000-+-0 -11-0^10 1100--01 .^1+0+--| ok p=1
Q13:	|+-+--10+ 1++0++-1 -----+++ .+1++0-+| ok p=1
Q14:	|10+111-0 +100+00+ 101-.10+ .0.010.1| ok p=1
Q15:	|0-.--.-+ 101..0-0 01010010 .+.-0.0+| ok p=0.574219
Q16:	|..^-..1+ 1.0.^.-1 ...+..0- .1.....+| ok p=0.916016
Q17:	|.^.0^.-1 ..1...+. ...0..1. .1.^...1| ok p=0.828125
Q18:	|...+...1 ..-...+. ...0..+^ .+0....-| ok p=0.723633
Q19:	|.0.+..^. .....0-. ...-.... .......-| ok p=1
Q20:	|01.0.0.. ..^..1-. .0...0^. .^-....0| ok p=1
Q21:	|1-.1.1.. .....-0. .1.^.1.. ..-....1| ok p=0.583984
Q22:	|+....+.. ......0. .+...-.. ..+.....| ok p=0.447266
Q23:	|.^...... 0....^.. ........ ..+.0...| ok p=1
Q24:	|^....^.. 1...0... .^...^.0 ..1.1...| ok p=0.722656
Q25:	|........ -...1... ........ ..0.-...| ok p=0.511719
Q26:	|...0.... ....-... ......0+ ........| ok p=1
Q27:	|...1.... ^....... ......1+ ....^...| ok p=0.94043
Q28:	|...+.... ....^... ......+- ........| ok p=0.939453
Q29:	|...0.... ........ .......0 ........| ok p=0.945312
Q30:	|...-.... ........ ......^1 ........| ok p=1
Q31:	|...-.... ........ ........ ........| ok p=0.925781
Q32:	|........ ........ ........ ........| ok p=1
Q33:	|...!.... ........ ........ ........| ok p=1
Q34:	|........ ........ ........ ........| ok p=1
Q35:	|........ ........ ........ ........| ok p=1
Q36:	|........ ........ ........ ........| ok p=1
Q37:	|........ ........ ........ ........| ok p=1
Q38:	|........ ........ ........ ........| ok p=1
Q39:	|........ ........ ........ ........| ok p=1
Q40:	|........ ........ ........ ........| ok p=1
Q41:	|........ ........ ........ ........| ok p=1
Q42:	|........ ........ ........ ........| ok p=1
Q43:	|........ ........ ........ ........| ok p=1
Q44:	|........ ........ ........ ........| ok p=1
Q45:	|........ ........ ........ ........| ok p=1
Q46:	|........ ........ ........ ........| ok p=1
Q47:	|........ ........ ........ ........| ok p=1
Q48:	|........ ........ ........ ........| ok p=1
Q49:	|........ ........ ........ ........| ok p=1
Q50:	|........ ........ ........ ........| ok p=1
Q51:	|........ ........ ........ ........| ok p=1
Q52:	|........ ........ ........ ........| ok p=1
Q53:	|........ ........ ........ ........| ok p=1
Q54:	|........ ........ ........ ........| ok p=1
Q55:	|........ ........ ........ ........| ok p=1
Q56:	|........ ........ ........ ........| ok p=1
Q57:	|........ ........ ........ ........| ok p=1
Q58:	|........ ........ ........ ........| ok p=1
Q59:	|........ ........ ........ ........| ok p=1
Q60:	|........ ........ ........ .0......| ok p=1
Q61:	|........ ........ ........ 11......| ok p=1
Q62:	|........ ........ ........ 0+......| ok p=1
Q63:	|........ ........ ........ +-......| ok p=0.933594
Q64:	|...+.... ........ ........ .+......|
Best path: totcompl=-26 tottunnel=36, totcond=565, p=0.00542303
Best paths: 2
