Extend MD5 differential paths forward
Copyright (C) 2009 Marc Stevens
http://homepages.cwi.nl/~stevens/

delta_m[11] = [!28!]
Loading workdir4/lowerpath.bin.gz...done: 1.
Estimating maxcond for upper bound 8000000 (=2000000 * 4)...
t=1:  0%   10   20   30   40   50   60   70   80   90   100%
      |----|----|----|----|----|----|----|----|----|----|
e     ***************************************************
Found maxcond = 2176
t=1:  0%   10   20   30   40   50   60   70   80   90   100%
      |----|----|----|----|----|----|----|----|----|----|
      ***************************************************
Q-3:	|00000011 00100100 10100100 11000101|
Q-2:	|-0-+++++ ++00001- 110100+0 0-1+----|
Q-1:	|+0011100 -+10011- 0101111+ ++0+----|
Q0:	|1+0-1110 1101++++ 1-++-1+1 0+100100| ok p=0.500977
Q1:	|+1.+...+ +1..++01 .++0+.++ 1..-111+| ok p=0.405273
Q2:	|...+...- .+....-. -..-..-. ...-.-.+|
Saving 252928 paths...done.
Autobalance parameters: maxcond=2176
Verified: 252928 bad out of 505856
Estimating maxcond for upper bound 8000000 (=2000000 * 4)...
t=2:  0%   10   20   30   40   50   60   70   80   90   100%
      |----|----|----|----|----|----|----|----|----|----|
e     ***************************************************
Found maxcond = 169
t=2:  0%   10   20   30   40   50   60   70   80   90   100%
      |----|----|----|----|----|----|----|----|----|----|
      ***************************************************
Q-3:	|00000011 00100100 10100100 11000101|
Q-2:	|-0-+++++ ++00001- 110100+0 0-1+----|
Q-1:	|+0011100 -+10011- 0101111+ ++0+----|
Q0:	|1+0-1110 1101++++ 1-++-1+1 0+100100| ok p=0.255859
Q1:	|-0.+...+ +0..++10 .++1+.++ 1..-110+| ok p=0.388672
Q2:	|00.+...0 0+....-- .+.+1.+0 .1.-...+| ok p=0.806641
Q3:	|+...+... -.+....+ .-.+...+ ....+..+|
Saving 2000000 paths...done.
Autobalance parameters: maxcond=168
Verified: 862928 bad out of 3452250
Estimating maxcond for upper bound 8000000 (=2000000 * 4)...
t=3:  0%   10   20   30   40   50   60   70   80   90   100%
      |----|----|----|----|----|----|----|----|----|----|
e     ***************************************************
Found maxcond = 186
t=3:  0%   10   20   30   40   50   60   70   80   90   100%
      |----|----|----|----|----|----|----|----|----|----|
      ***************************************************
Q-3:	|00000011 00100100 10100100 11000101|
Q-2:	|-0-+++++ ++00001- 110100+0 0-1+----|
Q-1:	|+0011100 -+10011- 0101111+ ++0+----|
Q0:	|1+0-1110 1101++++ 1-++-1+1 0+100100| ok p=0.246094
Q1:	|-0.+V..+ +1.V++10 .++1+.++ 0..-101+| ok p=0.744141
Q2:	|11.+...0 +-...+1+ .1++1.+0 01.-.-.+| ok p=0.944336
Q3:	|1...+..1 .-.-1..+ .+.-1..+ +....+..| ok p=0.730469
Q4:	|...+.+.. ......+. -.-.-.-. +.+..-.-|
Saving 2000000 paths...done.
Autobalance parameters: maxcond=185
Verified: 0 bad out of 2027361
Estimating maxcond for upper bound 8000000 (=2000000 * 4)...
t=4:  0%   10   20   30   40   50   60   70   80   90   100%
      |----|----|----|----|----|----|----|----|----|----|
e     ***************************************************
Found maxcond = 203
t=4:  0%   10   20   30   40   50   60   70   80   90   100%
      |----|----|----|----|----|----|----|----|----|----|
      ***************************************************
Q-3:	|00000011 00100100 10100100 11000101|
Q-2:	|-0-+++++ ++00001- 110100+0 0-1+----|
Q-1:	|+0011100 -+10011- 0101111+ ++0+----|
Q0:	|1+0-1110 1101++++ 1-++-1+1 0+100100| ok p=0.243164
Q1:	|-0.+...+ +0.V++10 .+++0-1- 1..-011+| ok p=1
Q2:	|11.+...0 0-..++1+ .1..---1 .1.-1..+| ok p=0.729492
Q3:	|1..-...+ 1+.-...+ .111---1 ....+...| ok p=0.253906
Q4:	|+..0...0 -1.011.+ ....-..+ ...10..1| ok p=0.509766
Q5:	|..+.+.-. .+.-.... -..-...+ .+.+...+|
Saving 2000000 paths...done.
Autobalance parameters: maxcond=202
Verified: 7767 bad out of 2235449
Estimating maxcond for upper bound 8000000 (=2000000 * 4)...
t=5:  0%   10   20   30   40   50   60   70   80   90   100%
      |----|----|----|----|----|----|----|----|----|----|
e     ***************************************************
Found maxcond = 219
t=5:  0%   10   20   30   40   50   60   70   80   90   100%
      |----|----|----|----|----|----|----|----|----|----|
      ***************************************************
Q-3:	|00000011 00100100 10100100 11000101|
Q-2:	|-0-+++++ ++00001- 110100+0 0-1+----|
Q-1:	|+0011100 -+10011- 0101111+ ++0+----|
Q0:	|1+0-1110 1101++++ 1-++-1+1 0+100100| ok p=0.272461
Q1:	|-0.+...+ +0.V++10 .+++0-1- 1..-011+| ok p=1
Q2:	|11.+...0 1-V.++1+ .1..---1 .1.-1..+| ok p=0.955078
Q3:	|0V.-...+ 1+.-...+ .111---+ ....+..0| ok p=0.311523
Q4:	|+..1...- .++110.+ ....0--1 ...11..0| ok p=0.763672
Q5:	|0+.1...0 ..0+.... ....-..- ....1..+| ok p=0.869141
Q6:	|..+....- .-.+...- ....+... ...+..+.|
Saving 2000000 paths...done.
Autobalance parameters: maxcond=218
Verified: 62446 bad out of 2619908
Estimating maxcond for upper bound 8000000 (=2000000 * 4)...
t=6:  0%   10   20   30   40   50   60   70   80   90   100%
      |----|----|----|----|----|----|----|----|----|----|
e     ***************************************************
Found maxcond = 232
t=6:  0%   10   20   30   40   50   60   70   80   90   100%
      |----|----|----|----|----|----|----|----|----|----|
      ***************************************************
Q-3:	|00000011 00100100 10100100 11000101|
Q-2:	|-0-+++++ ++00001- 110100+0 0-1+----|
Q-1:	|+0011100 -+10011- 0101111+ ++0+----|
Q0:	|1+0-1110 1101++++ 1-++-1+1 0+100100| ok p=0.230469
Q1:	|-0.+...+ +0.V++10 .+++0-1- 1..-011+| ok p=1
Q2:	|11.+...1 1-..++1+ .1..---1 .1.-1..+| ok p=0.657227
Q3:	|1.V-...+ 1+.-...+ .111--1+ .V..+..1| ok p=0.81543
Q4:	|...1...1 -0.111.+ .+..0-10 .1.11..-| ok p=0.216797
Q5:	|..+0...- --.-...+ .-..-..1 .+..0..1| ok p=0.824219
Q6:	|..0....+ .0.+.... .+..-1.. .+.....1| ok p=0.780273
Q7:	|..-..-.- ..+..... ..+.-... -....+..|
Saving 2000000 paths...done.
Autobalance parameters: maxcond=231
Verified: 17176 bad out of 2161789
Estimating maxcond for upper bound 8000000 (=2000000 * 4)...
t=7:  0%   10   20   30   40   50   60   70   80   90   100%
      |----|----|----|----|----|----|----|----|----|----|
e     ***************************************************
Found maxcond = 246
t=7:  0%   10   20   30   40   50   60   70   80   90   100%
      |----|----|----|----|----|----|----|----|----|----|
      ***************************************************
Q-3:	|00000011 00100100 10100100 11000101|
Q-2:	|-0-+++++ ++00001- 110100+0 0-1+----|
Q-1:	|+0011100 -+10011- 0101111+ ++0+----|
Q0:	|1+0-1110 1101++++ 1-++-1+1 0+100100| ok p=0.508789
Q1:	|+1.+V..+ +0V.++10 .++0+.++ 0..-011+| ok p=0.448242
Q2:	|01.+...- +-..0+1+ .1.-1.-0 .1.-1..+| ok p=0.705078
Q3:	|1..0+..- .--.+1.1 .11-1.-1 ...+-..0| ok p=0.462891
Q4:	|+..+0..+ 000.-0.1 ......++ ...11..-| ok p=0.62207
Q5:	|0..-+..+ .1+.1+.+ ...1..00 ...0+..-| ok p=0.564453
Q6:	|-..1+... .-+.0+.+ ......0+ ....-..+| ok p=0.514648
Q7:	|+..--..1 .0...+.. .......0 ....0..+| ok p=0.390625
Q8:	|..+.+.+. -.+.+.-. .+..+..- .+....+.|
Saving 2000000 paths...done.
Autobalance parameters: maxcond=245
Verified: 5247 bad out of 3158701
Estimating maxcond for upper bound 8000000 (=2000000 * 4)...
t=8:  0%   10   20   30   40   50   60   70   80   90   100%
      |----|----|----|----|----|----|----|----|----|----|
e     ***************************************************
Found maxcond = 259
t=8:  0%   10   20   30   40   50   60   70   80   90   100%
      |----|----|----|----|----|----|----|----|----|----|
      ***************************************************
Q-3:	|00000011 00100100 10100100 11000101|
Q-2:	|-0-+++++ ++00001- 110100+0 0-1+----|
Q-1:	|+0011100 -+10011- 0101111+ ++0+----|
Q0:	|1+0-1110 1101++++ 1-++-1+1 0+100100| ok p=0.253906
Q1:	|-0.+...+ +0.V++10 .+++0-1- 1..-011+| ok p=1
Q2:	|11.+...0 1-..++1+ .1..---1 .1.-1..+| ok p=1
Q3:	|10V-...+ +-.-...+ .011--1- ...0+..0| ok p=0.587891
Q4:	|.-.0...1 -0.110.+ ....+.+1 ...+1..-| ok p=0.475586
Q5:	|.0+1.V.1 0+.-.... ..V.11-+ ..V11.V1| ok p=1
Q6:	|.11..... 01.-...1 ....0.01 ..11.V.1| ok p=0.90918
Q7:	|..1..-.. .1.0.... ..+...+1 ..-...+.| ok p=0.744141
Q8:	|.....0.. .-.-.... ..0...-. ..+..+0.| ok p=0.786133
Q9:	|..+.-... .-.-.... -..-..-. .+.-.+..|
Saving 2000000 paths...done.
Autobalance parameters: maxcond=258
Verified: 8386 bad out of 2125451
Estimating maxcond for upper bound 8000000 (=2000000 * 4)...
t=9:  0%   10   20   30   40   50   60   70   80   90   100%
      |----|----|----|----|----|----|----|----|----|----|
e     ***************************************************
Found maxcond = 272
t=9:  0%   10   20   30   40   50   60   70   80   90   100%
      |----|----|----|----|----|----|----|----|----|----|
      ***************************************************
Q-3:	|00000011 00100100 10100100 11000101|
Q-2:	|-0-+++++ ++00001- 110100+0 0-1+----|
Q-1:	|+0011100 -+10011- 0101111+ ++0+----|
Q0:	|1+0-1110 1101++++ 1-++-1+1 0+100100| ok p=0.251953
Q1:	|-0.+...+ +0.V++10 .+++0-1- 1..-011+| ok p=1
Q2:	|11.+...0 1-..++1+ .1..---1 .1.-1..+| ok p=1
Q3:	|10V-...+ +-.-...+ .011--1- ...0+..0| ok p=0.595703
Q4:	|.-.0...- +0.110.+ ....+.+1 ...+1..-| ok p=0.477539
Q5:	|.++0V..0 1+.-.... ..V.100- ...11.V1| ok p=0.848633
Q6:	|.+1....0 -1.0...1 ....0.-+ .V.+.V.1| ok p=0.80957
Q7:	|.+1V-... 0-.-.... ..+...10 ...-..+.| ok p=0.813477
Q8:	|....1... -1.-.... ..1...10 .+.-.+0.| ok p=0.561523
Q9:	|.1.-1... -1...... ..1..... .0...01.| ok p=0.757812
Q10:	|...-.... -..-.... .....+.. ...-...-|
Saving 2000000 paths...done.
Autobalance parameters: maxcond=271
Verified: 4888 bad out of 2206209
Estimating maxcond for upper bound 8000000 (=2000000 * 4)...
t=10: 0%   10   20   30   40   50   60   70   80   90   100%
      |----|----|----|----|----|----|----|----|----|----|
e     ***************************************************
Found maxcond = 282
t=10: 0%   10   20   30   40   50   60   70   80   90   100%
      |----|----|----|----|----|----|----|----|----|----|
      ***************************************************
Q-3:	|00000011 00100100 10100100 11000101|
Q-2:	|-0-+++++ ++00001- 110100+0 0-1+----|
Q-1:	|+0011100 -+10011- 0101111+ ++0+----|
Q0:	|1+0-1110 1101++++ 1-++-1+1 0+100100| ok p=0.239258
Q1:	|-0.+...+ +0.V++10 .+++0-1- 1..-011+| ok p=1
Q2:	|11.+...0 1-..++1+ .1..---1 .1.-1..+| ok p=1
Q3:	|10V-...+ +-.-...+ .011--1- ...0+..0| ok p=0.583984
Q4:	|.-.0...1 -0.110.+ ....+.+1 ...+1..-| ok p=0.520508
Q5:	|.0+0V..1 1+.-.... ..V.110- ..V11.01| ok p=1
Q6:	|.11.1... 1-.1...1 ....0.-+ V..-.V11| ok p=0.885742
Q7:	|..1.-... .-.+.... ..+...1+ 1.++.1+.| ok p=0.714844
Q8:	|....-... ...1.... ..0...1+ +.0-.+0.| ok p=1
Q9:	|....-... .1.1.... ..1....+ +.10.+1.| ok p=0.942383
Q10:	|....-... ........ .......+ ...1....| ok p=0.672852
Q11:	|.+....-. -..-.-.. ..-..... +.+.....|
Saving 2000000 paths...done.
Autobalance parameters: maxcond=281
Verified: 1087 bad out of 2955478
Runtime: 317.229
Extend MD5 differential paths forward
Copyright (C) 2009 Marc Stevens
http://homepages.cwi.nl/~stevens/

delta_m[11] = [!28!]
Loading workdir4/paths10_0of1...done: 2000000 (work:2000000).
Estimating maxcond for upper bound 2000000 (=500000 * 4)...
t=11: 0%   10   20   30   40   50   60   70   80   90   100%
      |----|----|----|----|----|----|----|----|----|----|
e     ***************************************************
Found maxcond = 293
t=11: 0%   10   20   30   40   50   60   70   80   90   100%
      |----|----|----|----|----|----|----|----|----|----|
      ***************************************************
Q-3:	|00000011 00100100 10100100 11000101|
Q-2:	|-0-+++++ ++00001- 110100+0 0-1+----|
Q-1:	|+0011100 -+10011- 0101111+ ++0+----|
Q0:	|1+0-1110 1101++++ 1-++-1+1 0+100100| ok p=0.256836
Q1:	|-0.+...+ +0.V++10 .+++0-1- 1..-011+| ok p=1
Q2:	|11.+...0 1-..++1+ .1..---1 .1.-1..+| ok p=1
Q3:	|10V-...+ +-.-...+ .011--1- ...0+..0| ok p=0.571289
Q4:	|.-.0...1 -0.110.+ ....+.+1 ...+1..-| ok p=0.521484
Q5:	|.1+0.V.1 0+.-.... ..V.100- .V.110.1| ok p=0.432617
Q6:	|.11.V... -1.1...0 ..0.-.++ ...1.1.1| ok p=0.866211
Q7:	|..-..+.. -1.+.... ..+.1.-0 .-...+..| ok p=0.560547
Q8:	|..+.+0.. .+.0.... ..-.1.-0 .0...+..| ok p=0.818359
Q9:	|..1.00.. 1+V1.... ..-.V.-. .1...+..| ok p=0.696289
Q10:	|..1.0... .-.+.... ..+..... .+...-..| ok p=0.908203
Q11:	|....-... .-+0.... ..1.-.1. .0...-..| ok p=0.402344
Q12:	|+...-..+ ...-..-. ....+... .....-..|
Saving 500000 paths...done.
Autobalance parameters: maxcond=291
Verified: 16 bad out of 870604
Runtime: 32.3438
