MD5 differential path toolbox
Copyright (C) 2009 Marc Stevens
http://homepages.cwi.nl/~stevens/

IHV1   = {52733125,2664484132,480730639,2684604527}
IHV1   = c5a4240324cdd09e0f5ea71c6fd003a0

IHV2   = {52733125,3470767972,2623954896,532861488}
IHV2   = c5a4240364b7dfced05f669c30d2c21f

dIHV   = {0,806283840,2143224257,2143224257}
NC0: delta c = delta d = [!-0,31!]
NC0: delta b           = [!-0,-20,-22,31!]
NC1: delta c = delta d = [!6!]
NC1: delta b           = [!6,28!]
NC2: delta c = delta d = [!-9!]
NC2: delta b           = [!0,-9,30!]
NC3: delta c = delta d = [!16!]
NC3: delta b           = [!-7,16!]
NC4: delta c = delta d = [!22!]
NC4: delta b           = [!-11,13,22!]
NC0: prob=-9.26222
NC1: prob=-5.99571
NC2: prob=-6.08048
NC3: prob=-7.64238
NC4: prob=-6.93566
delta m_11 = [!28!]
Q-3:	|00000011 00100100 10100100 11000101|
Q-2:	|-0-+++++ ++00001- 110100+0 0-1+----|
Q-1:	|+0011100 -+10011- 0101111+ ++0+----|
Q0:	|1+0-1110 1101++++ 1-++-1+1 0+100100| ok p=0.266602
Q1:	|+..+..+. -..+.-.. +..-.-.- ...-...+|
Saved lower diff. path to 'workdir4/lowerpath.bin.gz'.

Q32:	|........ ........ ........ ........|
Q33:	|........ ........ ........ ........|
Q34:	|........ ........ ........ ........|
Q35:	|........ ........ ........ ........| ok p=1
Q36:	|........ ........ ........ ........| ok p=1
Q37:	|........ ........ ........ ........| ok p=1
Q38:	|........ ........ ........ ........| ok p=1
Q39:	|........ ........ ........ ........| ok p=1
Q40:	|........ ........ ........ ........| ok p=1
Q41:	|........ ........ ........ ........| ok p=1
Q42:	|........ ........ ........ ........| ok p=1
Q43:	|........ ........ ........ ........| ok p=1
Q44:	|........ ........ ........ ........| ok p=1
Q45:	|........ ........ ........ ........| ok p=1
Q46:	|........ ........ ........ ........| ok p=1
Q47:	|........ ........ ........ ........| ok p=1
Q48:	|........ ........ ........ ........| ok p=1
Q49:	|........ ........ ........ ........| ok p=1
Q50:	|........ ........ ........ ........| ok p=1
Q51:	|........ ........ ........ ........| ok p=1
Q52:	|........ ........ ........ ........| ok p=1
Q53:	|........ ........ ........ ........| ok p=1
Q54:	|........ ........ ........ ........| ok p=1
Q55:	|........ ........ ........ ........| ok p=1
Q56:	|........ ........ ........ ........| ok p=1
Q57:	|........ ........ ........ ........| ok p=1
Q58:	|........ ........ ........ ........| ok p=1
Q59:	|........ ........ ........ ........| ok p=1
Q60:	|........ ........ ........ .0......| ok p=1
Q61:	|........ ........ ........ 11......| ok p=1
Q62:	|........ ........ ........ 0+......| ok p=1
Q63:	|........ ........ ........ +-......| ok p=0.927734
Q64:	|...+.... ........ ........ .+......|
Saved upper diff. path to 'workdir4/upperpath.bin.gz'.
Saved 'md5diffpathforward.cfg'.
Saved 'md5diffpathbackward.cfg'.
Saved 'md5diffpathconnect.cfg'.
Saved 'md5diffpathhelper.cfg'.
