Connect MD5 differential paths
Copyright (C) 2009 Marc Stevens
http://homepages.cwi.nl/~stevens/

delta_m[11] = [!-12!]
Loading workdir1/paths16_0of1.bin.gz...done: 500000.
Loading workdir1/paths11_0of1.bin.gz...done: 500000.
t=12: 0%   10   20   30   40   50   60   70   80   90   100%
      |----|----|----|----|----|----|----|----|----|----|
      *Q-3:	|00101011 01101111 10010100 11000101|
Q-2:	|-0000+01 100-+0-+ 001111+0 1-00101+|
Q-1:	|+1001+01 1100-11- 110111+1 0-+-----|
Q0:	|0+1-1+01 +-101++1 10-+-+00 1+110101| ok p=1
Q1:	|00.0+.+. 0-.++10- .0--10+. .--111+1| ok p=1
Q2:	|1-.--11. +..1--1- 1-1101+. .+-...+.| ok p=1
Q3:	|1+.11.0. 10.1-1.1 .++1..-. .-..0^..| ok p=1
Q4:	|0-.0+..1 +..011.0 .10...-. .00.0-0^| ok p=1
Q5:	|10.-1..1 -...+..+ .0-..... .0..-0.+| ok p=1
Q6:	|00.+1..+ +...+..- ..1.!.0. ....+0.0| ok p=1
Q7:	|+10+-..+ 0..^...- !.1...0. ....-..1| ok p=1
Q8:	|011+-... 0.!+0..+ ......+. ..0.-..-| ok p=1
Q9:	|+00+.1.0 ..10...+ ..1.1.-. ^.1.-..0| ok p=1
Q10:	|000100.. ..11.00+ 0.100.0. -^+.1..1| ok p=1
Q11:	|10101+1. 1.+0^011 10+11^+. 0--10^..| ok p=1
Q12:	|-----00. 0^-+--+- 01++--+^ 01+0-+..| ok p=1
Q13:	|1+-0---^ --++1--- -+.0+01- ----+10.| ok p=1
Q14:	|-11+.00- 01100.11 001111-1 +110111.| ok p=1
Q15:	|01-00110 -01+011- 00.+1++1 +1010.+.| ok p=1
Q16:	|0.-0..0+ ..0.+..- ...1..0. -.0...1.| ok p=0.72168
Q17:	|..0...1. ^.1^...1 ...0.^+. +.1...-.| ok p=0.503906
Q18:	|..1+..-^ ..-.^..+ ...1.... -.+...-.| ok p=0.722656
Q19:	|...+.... .......+ .0.-..^. -....0+.| ok p=0.866211
Q20:	|.0.1.0^. ..^....0 01...0.. 1.^..1+.| ok p=1
Q21:	|.1.0.1.. ..0....1 1+.^.1.. 1....+0.| ok p=0.722656
Q22:	|.-...+.. ..1..... -....-.. ......0.| ok p=0.722656
Q23:	|........ ..-.0... .^...... 0....^..| ok p=1
Q24:	|.^...^.0 ....1... ^....^.. 1...0...| ok p=1
Q25:	|........ ..^.+... ........ +...1...| ok p=0.771484
Q26:	|......0- ........ ...0.... ....+...| ok p=1
Q27:	|......1- ....^... ...1.... ^.......| ok p=0.995117
Q28:	|......-+ ........ ...-.... ....^...| ok p=0.998047
Q29:	|.......0 ........ ...0.... ........| ok p=1
Q30:	|......^1 ........ ...+.... ........| ok p=1
Q31:	|........ ........ ...+.... ........| ok p=0.995117
Q32:	|........ ........ ........ ........| ok p=1
Q33:	|........ ........ ...!.... ........| ok p=1
Q34:	|........ ........ ........ ........| ok p=1
Q35:	|........ ........ ........ ........| ok p=1
Q36:	|........ ........ ........ ........| ok p=1
Q37:	|........ ........ ........ ........| ok p=1
Q38:	|........ ........ ........ ........| ok p=1
Q39:	|........ ........ ........ ........| ok p=1
Q40:	|........ ........ ........ ........| ok p=1
Q41:	|........ ........ ........ ........| ok p=1
Q42:	|........ ........ ........ ........| ok p=1
Q43:	|........ ........ ........ ........| ok p=1
Q44:	|........ ........ ........ ........| ok p=1
Q45:	|........ ........ ........ ........| ok p=1
Q46:	|........ ........ ........ ........| ok p=1
Q47:	|........ ........ ........ ........| ok p=1
Q48:	|........ ........ ........ ........| ok p=1
Q49:	|........ ........ ........ ........| ok p=1
Q50:	|........ ........ ........ ........| ok p=1
Q51:	|........ ........ ........ ........| ok p=1
Q52:	|........ ........ ........ ........| ok p=1
Q53:	|........ ........ ........ ........| ok p=1
Q54:	|........ ........ ........ ........| ok p=1
Q55:	|........ ........ ........ ........| ok p=1
Q56:	|........ ........ ........ ........| ok p=1
Q57:	|........ ........ ........ ........| ok p=1
Q58:	|........ ........ ........ ........| ok p=1
Q59:	|........ ........ ........ ........| ok p=1
Q60:	|........ .0...... ........ ........| ok p=1
Q61:	|........ .1...... ........ ........| ok p=0.998047
Q62:	|........ .-...... ........ ........| ok p=1
Q63:	|........ .-...... ........ ........| ok p=1
Q64:	|........ .-...... ........ ........|
Best path: totcompl=-25 tottunnel=34, totcond=566, p=0.0942442
Best paths: 2
Q-3:	|00101011 01101111 10010100 11000101|
Q-2:	|-0000+01 100-+0-+ 001111+0 1-00101+|
Q-1:	|+1001+01 1100-11- 110111+1 0-+-----|
Q0:	|0+1-1+01 +-101++1 10-+-+00 1+110101| ok p=1
Q1:	|00.0+.+. 0-.++10- .0--10+. .--111+1| ok p=1
Q2:	|1-.--11. +..1--1- .-1101+. .+-...+.| ok p=1
Q3:	|1+.11.0. 10.1-1.1 ^++1..-. .-..0^..| ok p=1
Q4:	|0-.0+..1 +.!.11.0 .10...-. .00.0-0^| ok p=1
Q5:	|10.-1..1 -...+..+ .0-..... .0..-0.+| ok p=1
Q6:	|00.+1..+ +...+..- 1.1..!0. ....+0.0| ok p=0.99707
Q7:	|+10+-..+ 0..^...- ..1...0. ....-..1| ok p=1
Q8:	|011+-... 0.!+0..+ ......+. ..0.-..-| ok p=1
Q9:	|+00+.1.0 ..10...+ ..1.1.-. ^11.-..0| ok p=1
Q10:	|000100.. ..11.00+ 0.100.0. -1+.1..1| ok p=1
Q11:	|10101+1. 1.+0^011 10+11^+. 0--00^..| ok p=1
Q12:	|-----00. 0^-+--+- 01++--+^ 0+-1-+..| ok p=1
Q13:	|1+-0---^ --++1--- -+.0+01- ----+10.| ok p=1
Q14:	|+01+.00- 01100.11 001111-1 +1.0111.| ok p=1
Q15:	|01-00110 -01+011- 00.+1++1 +1010.+.| ok p=1
Q16:	|0.-0..0+ ..0.+..- ...1..0. -.0...1.| ok p=0.728516
Q17:	|..0...1. ^.1^...1 ...0.^+. +.1...-.| ok p=0.498047
Q18:	|..1+..-^ ..-.^..+ ...1.... -.+...-.| ok p=0.736328
Q19:	|...+.... .......+ .0.-..^. -....0+.| ok p=0.867188
Q20:	|.0.1.0^. ..^....0 01...0.. 1.^..1+.| ok p=1
Q21:	|.1.0.1.. ..0....1 1+.^.1.. 1....+0.| ok p=0.688477
Q22:	|.-...+.. ..1..... -....-.. ......0.| ok p=0.710938
Q23:	|........ ..-.0... .^...... 0....^..| ok p=0.99707
Q24:	|.^...^.0 ....1... ^....^.. 1...0...| ok p=1
Q25:	|........ ..^.+... ........ +...1...| ok p=0.772461
Q26:	|......0- ........ ...0.... ....+...| ok p=1
Q27:	|......1- ....^... ...1.... ^.......| ok p=0.99707
Q28:	|......-+ ........ ...-.... ....^...| ok p=0.994141
Q29:	|.......0 ........ ...0.... ........| ok p=1
Q30:	|......^1 ........ ...+.... ........| ok p=1
Q31:	|........ ........ ...+.... ........| ok p=0.995117
Q32:	|........ ........ ........ ........| ok p=1
Q33:	|........ ........ ...!.... ........| ok p=1
Q34:	|........ ........ ........ ........| ok p=1
Q35:	|........ ........ ........ ........| ok p=1
Q36:	|........ ........ ........ ........| ok p=1
Q37:	|........ ........ ........ ........| ok p=1
Q38:	|........ ........ ........ ........| ok p=1
Q39:	|........ ........ ........ ........| ok p=1
Q40:	|........ ........ ........ ........| ok p=1
Q41:	|........ ........ ........ ........| ok p=1
Q42:	|........ ........ ........ ........| ok p=1
Q43:	|........ ........ ........ ........| ok p=1
Q44:	|........ ........ ........ ........| ok p=1
Q45:	|........ ........ ........ ........| ok p=1
Q46:	|........ ........ ........ ........| ok p=1
Q47:	|........ ........ ........ ........| ok p=1
Q48:	|........ ........ ........ ........| ok p=1
Q49:	|........ ........ ........ ........| ok p=1
Q50:	|........ ........ ........ ........| ok p=1
Q51:	|........ ........ ........ ........| ok p=1
Q52:	|........ ........ ........ ........| ok p=1
Q53:	|........ ........ ........ ........| ok p=1
Q54:	|........ ........ ........ ........| ok p=1
Q55:	|........ ........ ........ ........| ok p=1
Q56:	|........ ........ ........ ........| ok p=1
Q57:	|........ ........ ........ ........| ok p=1
Q58:	|........ ........ ........ ........| ok p=1
Q59:	|........ ........ ........ ........| ok p=1
Q60:	|........ .0...... ........ ........| ok p=1
Q61:	|........ .1...... ........ ........| ok p=1
Q62:	|........ .-...... ........ ........| ok p=1
Q63:	|........ .-...... ........ ........| ok p=1
Q64:	|........ .-...... ........ ........|
Best path: totcompl=-24 tottunnel=35, totcond=566, p=0.086516
Q-3:	|00101011 01101111 10010100 11000101|
Q-2:	|-0000+01 100-+0-+ 001111+0 1-00101+|
Q-1:	|+1001+01 1100-11- 110111+1 0-+-----|
Q0:	|0+1-1+01 +-101++1 10-+-+00 1+110101| ok p=1
Q1:	|00.0+.+. 0-.++10- .0--10+. .--111+1| ok p=1
Q2:	|1-.--11. +..1--1- .-1101+. .+-...+.| ok p=1
Q3:	|1+.11.0. 10.1-1.1 ^++1..-. .-..0^..| ok p=1
Q4:	|0-.0+..1 +.!.11.0 .10...-. .00.0-0^| ok p=1
Q5:	|10.-1..1 -...+..+ .0-..... .0..-0.+| ok p=1
Q6:	|00.+1..+ +...+..- ..1..!0. ....+0.0| ok p=0.999023
Q7:	|+10+-..+ 0..^...- ..1...0. ....-..1| ok p=1
Q8:	|011+-... 0.!+0..+ ......+. ..0.-..-| ok p=1
Q9:	|+00+.1.0 ..10...+ ..1.0.-. ^.1.-..0| ok p=1
Q10:	|000100.. ..11.00+ 0.111.0. -^+.1..1| ok p=1
Q11:	|10101+1. 1.+0^011 10+10^+. 0--10^..| ok p=1
Q12:	|-----00. 0^-+--+- 01++--+^ 01+0-+..| ok p=1
Q13:	|1+-0---^ --++1--- -+.+-01- ----+10.| ok p=1
Q14:	|-11+.00- 01100.11 001101-1 +110111.| ok p=1
Q15:	|01-00110 -01+011- 00.+1++1 +1010.+.| ok p=1
Q16:	|0.-0..0+ ..0.+..- ...1..0. -.0...1.| ok p=0.711914
Q17:	|..0...1. ^.1^...1 ...0.^+. +.1...-.| ok p=0.480469
Q18:	|..1+..-^ ..-.^..+ ...1.... -.+...-.| ok p=0.731445
Q19:	|...+.... .......+ .0.-..^. -....0+.| ok p=0.87793
Q20:	|.0.1.0^. ..^....0 01...0.. 1.^..1+.| ok p=1
Q21:	|.1.0.1.. ..0....1 1+.^.1.. 1....+0.| ok p=0.728516
Q22:	|.-...+.. ..1..... -....-.. ......0.| ok p=0.713867
Q23:	|........ ..-.0... .^...... 0....^..| ok p=0.999023
Q24:	|.^...^.0 ....1... ^....^.. 1...0...| ok p=1
Q25:	|........ ..^.+... ........ +...1...| ok p=0.78125
Q26:	|......0- ........ ...0.... ....+...| ok p=1
Q27:	|......1- ....^... ...1.... ^.......| ok p=0.99707
Q28:	|......-+ ........ ...-.... ....^...| ok p=0.993164
Q29:	|.......0 ........ ...0.... ........| ok p=1
Q30:	|......^1 ........ ...+.... ........| ok p=1
Q31:	|........ ........ ...+.... ........| ok p=0.995117
Q32:	|........ ........ ........ ........| ok p=1
Q33:	|........ ........ ...!.... ........| ok p=1
Q34:	|........ ........ ........ ........| ok p=1
Q35:	|........ ........ ........ ........| ok p=1
Q36:	|........ ........ ........ ........| ok p=1
Q37:	|........ ........ ........ ........| ok p=1
Q38:	|........ ........ ........ ........| ok p=1
Q39:	|........ ........ ........ ........| ok p=1
Q40:	|........ ........ ........ ........| ok p=1
Q41:	|........ ........ ........ ........| ok p=1
Q42:	|........ ........ ........ ........| ok p=1
Q43:	|........ ........ ........ ........| ok p=1
Q44:	|........ ........ ........ ........| ok p=1
Q45:	|........ ........ ........ ........| ok p=1
Q46:	|........ ........ ........ ........| ok p=1
Q47:	|........ ........ ........ ........| ok p=1
Q48:	|........ ........ ........ ........| ok p=1
Q49:	|........ ........ ........ ........| ok p=1
Q50:	|........ ........ ........ ........| ok p=1
Q51:	|........ ........ ........ ........| ok p=1
Q52:	|........ ........ ........ ........| ok p=1
Q53:	|........ ........ ........ ........| ok p=1
Q54:	|........ ........ ........ ........| ok p=1
Q55:	|........ ........ ........ ........| ok p=1
Q56:	|........ ........ ........ ........| ok p=1
Q57:	|........ ........ ........ ........| ok p=1
Q58:	|........ ........ ........ ........| ok p=1
Q59:	|........ ........ ........ ........| ok p=1
Q60:	|........ .0...... ........ ........| ok p=1
Q61:	|........ .1...... ........ ........| ok p=0.999023
Q62:	|........ .-...... ........ ........| ok p=1
Q63:	|........ .-...... ........ ........| ok p=1
Q64:	|........ .-...... ........ ........|
Best path: totcompl=-24 tottunnel=35, totcond=565, p=0.0878859
Q-3:	|00101011 01101111 10010100 11000101|
Q-2:	|-0000+01 100-+0-+ 001111+0 1-00101+|
Q-1:	|+1001+01 1100-11- 110111+1 0-+-----|
Q0:	|0+1-1+01 +-101++1 10-+-+00 1+110101| ok p=1
Q1:	|00.0+.+. 0-.++10- .0--10+. .--111+1| ok p=1
Q2:	|1-.--11. +..1--1- .-1101+. .+-...+.| ok p=1
Q3:	|1+.11.0. 10.1-1.1 ^++1..-. .-..0^..| ok p=1
Q4:	|0-.0+..1 +.!.11.0 .10...-. .00.0-0^| ok p=1
Q5:	|10.-1..1 -...+..+ .0-..... .0..-0.+| ok p=1
Q6:	|00.+1..+ +...+..- .11.!.0. ....+0.0| ok p=0.999023
Q7:	|+10+-..+ 0..^...- ..1...0. ....-..1| ok p=1
Q8:	|011+-... 0.!+0..+ ......+. ..0.-..-| ok p=1
Q9:	|+00+.1.0 ..10...+ ..1.1.-. ^.1.-..0| ok p=1
Q10:	|000100.. ..11..1+ .0100.0. -^+.1..1| ok p=1
Q11:	|10101+1. 1.+0^.01 10+11^+. 0--10^..| ok p=1
Q12:	|-----00. 0^-+-^-- 01++--+^ 01+0-+..| ok p=1
Q13:	|1+-0---^ --++1--- -+.0+01- ----+10.| ok p=1
Q14:	|+01+.00- 011001.1 001111-1 +110111.| ok p=1
Q15:	|01-00110 -01+011- 00.+1++1 +1010.+.| ok p=1
Q16:	|0.-0..0+ ..0.+..- ...1..0. -.0...1.| ok p=0.741211
Q17:	|..0...1. ^.1^...1 ...0.^+. +.1...-.| ok p=0.511719
Q18:	|..1+..-^ ..-.^..+ ...1.... -.+...-.| ok p=0.724609
Q19:	|...+.... .......+ .0.-..^. -....0+.| ok p=0.858398
Q20:	|.0.1.0^. ..^....0 01...0.. 1.^..1+.| ok p=1
Q21:	|.1.0.1.. ..0....1 1+.^.1.. 1....+0.| ok p=0.729492
Q22:	|.-...+.. ..1..... -....-.. ......0.| ok p=0.713867
Q23:	|........ ..-.0... .^...... 0....^..| ok p=0.996094
Q24:	|.^...^.0 ....1... ^....^.. 1...0...| ok p=1
Q25:	|........ ..^.+... ........ +...1...| ok p=0.765625
Q26:	|......0- ........ ...0.... ....+...| ok p=1
Q27:	|......1- ....^... ...1.... ^.......| ok p=0.996094
Q28:	|......-+ ........ ...-.... ....^...| ok p=0.99707
Q29:	|.......0 ........ ...0.... ........| ok p=1
Q30:	|......^1 ........ ...+.... ........| ok p=1
Q31:	|........ ........ ...+.... ........| ok p=0.998047
Q32:	|........ ........ ........ ........| ok p=1
Q33:	|........ ........ ...!.... ........| ok p=1
Q34:	|........ ........ ........ ........| ok p=1
Q35:	|........ ........ ........ ........| ok p=1
Q36:	|........ ........ ........ ........| ok p=1
Q37:	|........ ........ ........ ........| ok p=1
Q38:	|........ ........ ........ ........| ok p=1
Q39:	|........ ........ ........ ........| ok p=1
Q40:	|........ ........ ........ ........| ok p=1
Q41:	|........ ........ ........ ........| ok p=1
Q42:	|........ ........ ........ ........| ok p=1
Q43:	|........ ........ ........ ........| ok p=1
Q44:	|........ ........ ........ ........| ok p=1
Q45:	|........ ........ ........ ........| ok p=1
Q46:	|........ ........ ........ ........| ok p=1
Q47:	|........ ........ ........ ........| ok p=1
Q48:	|........ ........ ........ ........| ok p=1
Q49:	|........ ........ ........ ........| ok p=1
Q50:	|........ ........ ........ ........| ok p=1
Q51:	|........ ........ ........ ........| ok p=1
Q52:	|........ ........ ........ ........| ok p=1
Q53:	|........ ........ ........ ........| ok p=1
Q54:	|........ ........ ........ ........| ok p=1
Q55:	|........ ........ ........ ........| ok p=1
Q56:	|........ ........ ........ ........| ok p=1
Q57:	|........ ........ ........ ........| ok p=1
Q58:	|........ ........ ........ ........| ok p=1
Q59:	|........ ........ ........ ........| ok p=1
Q60:	|........ .0...... ........ ........| ok p=1
Q61:	|........ .1...... ........ ........| ok p=0.999023
Q62:	|........ .-...... ........ ........| ok p=1
Q63:	|........ .-...... ........ ........| ok p=1
Q64:	|........ .-...... ........ ........|
Best path: totcompl=-24 tottunnel=35, totcond=564, p=0.0892269
Best paths: 2
Best paths: 4
Q-3:	|00101011 01101111 10010100 11000101|
Q-2:	|-0000+01 100-+0-+ 001111+0 1-00101+|
Q-1:	|+1001+01 1100-11- 110111+1 0-+-----|
Q0:	|0+1-1+01 +-101++1 10-+-+00 1+110101| ok p=1
Q1:	|00.0+.+. 0-.++10- .0--10+. .--111+1| ok p=1
Q2:	|1-.--11. +..1--1- 1-1101+. .+-...+.| ok p=1
Q3:	|1+.11.0. 10.1-1.1 .++1..-. .-..0^..| ok p=1
Q4:	|0-.0+..1 +..011.0 .10...-. .00.0-0^| ok p=1
Q5:	|10.-1..1 -...+..+ .0-..... .0..-0.+| ok p=1
Q6:	|00.+1..+ +...+..- ..1.!.0. ....+0.0| ok p=0.999023
Q7:	|+10+-..+ 0..^...- ..1...0. ....-..1| ok p=1
Q8:	|011+-... 0.!+0..+ ......+. ..0.-..-| ok p=1
Q9:	|+00+.1.0 ..10...+ ..1.0.-. ^11.-..0| ok p=1
Q10:	|000100.. ..11..1+ 0.111.0. -1+.1..1| ok p=1
Q11:	|10101+1. 1.+0^.01 10+10^+. 0--00^..| ok p=1
Q12:	|-----00. 0^-+-^-- 01++--+^ 0+-1-+..| ok p=1
Q13:	|1+-0---^ --++1--- -+.+-01- ----+10.| ok p=1
Q14:	|+01+.00- 011001.1 001101-1 +1.0111.| ok p=1
Q15:	|01-00110 -01+011- 00.+1++1 +1010.+.| ok p=1
Q16:	|0.-0..0+ ..0.+..- ...1..0. -.0...1.| ok p=0.716797
Q17:	|..0...1. ^.1^...1 ...0.^+. +.1...-.| ok p=0.49707
Q18:	|..1+..-^ ..-.^..+ ...1.... -.+...-.| ok p=0.713867
Q19:	|...+.... .......+ .0.-..^. -....0+.| ok p=0.874023
Q20:	|.0.1.0^. ..^....0 01...0.. 1.^..1+.| ok p=1
Q21:	|.1.0.1.. ..0....1 1+.^.1.. 1....+0.| ok p=0.729492
Q22:	|.-...+.. ..1..... -....-.. ......0.| ok p=0.714844
Q23:	|........ ..-.0... .^...... 0....^..| ok p=0.999023
Q24:	|.^...^.0 ....1... ^....^.. 1...0...| ok p=0.999023
Q25:	|........ ..^.+... ........ +...1...| ok p=0.749023
Q26:	|......0- ........ ...0.... ....+...| ok p=1
Q27:	|......1- ....^... ...1.... ^.......| ok p=0.996094
Q28:	|......-+ ........ ...-.... ....^...| ok p=0.995117
Q29:	|.......0 ........ ...0.... ........| ok p=1
Q30:	|......^1 ........ ...+.... ........| ok p=1
Q31:	|........ ........ ...+.... ........| ok p=0.998047
Q32:	|........ ........ ........ ........| ok p=1
Q33:	|........ ........ ...!.... ........| ok p=1
Q34:	|........ ........ ........ ........| ok p=1
Q35:	|........ ........ ........ ........| ok p=1
Q36:	|........ ........ ........ ........| ok p=1
Q37:	|........ ........ ........ ........| ok p=1
Q38:	|........ ........ ........ ........| ok p=1
Q39:	|........ ........ ........ ........| ok p=1
Q40:	|........ ........ ........ ........| ok p=1
Q41:	|........ ........ ........ ........| ok p=1
Q42:	|........ ........ ........ ........| ok p=1
Q43:	|........ ........ ........ ........| ok p=1
Q44:	|........ ........ ........ ........| ok p=1
Q45:	|........ ........ ........ ........| ok p=1
Q46:	|........ ........ ........ ........| ok p=1
Q47:	|........ ........ ........ ........| ok p=1
Q48:	|........ ........ ........ ........| ok p=1
Q49:	|........ ........ ........ ........| ok p=1
Q50:	|........ ........ ........ ........| ok p=1
Q51:	|........ ........ ........ ........| ok p=1
Q52:	|........ ........ ........ ........| ok p=1
Q53:	|........ ........ ........ ........| ok p=1
Q54:	|........ ........ ........ ........| ok p=1
Q55:	|........ ........ ........ ........| ok p=1
Q56:	|........ ........ ........ ........| ok p=1
Q57:	|........ ........ ........ ........| ok p=1
Q58:	|........ ........ ........ ........| ok p=1
Q59:	|........ ........ ........ ........| ok p=1
Q60:	|........ .0...... ........ ........| ok p=1
Q61:	|........ .1...... ........ ........| ok p=0.99707
Q62:	|........ .-...... ........ ........| ok p=1
Q63:	|........ .-...... ........ ........| ok p=1
Q64:	|........ .-...... ........ ........|
Best path: totcompl=-24 tottunnel=35, totcond=563, p=0.096166
Best paths: 2
Best paths: 4
Q-3:	|00101011 01101111 10010100 11000101|
Q-2:	|-0000+01 100-+0-+ 001111+0 1-00101+|
Q-1:	|+1001+01 1100-11- 110111+1 0-+-----|
Q0:	|0+1-1+01 +-101++1 10-+-+00 1+110101| ok p=1
Q1:	|00.0+.+. 0-.++10- .0--10+. .--111+1| ok p=1
Q2:	|1-.--11. +..1--1- 1-1101+. .+-...+.| ok p=1
Q3:	|1+.11.0. 10.1-1.1 .++1..-. .-..0^..| ok p=1
Q4:	|0-.0+..1 +.!.11.0 .10...-. .00.0-0^| ok p=1
Q5:	|10.-1..1 -...+..+ .0-..... .0..-0.+| ok p=0.998047
Q6:	|00.+1..+ +...+..- ..1...0. ....+0.0| ok p=0.999023
Q7:	|+10+-..+ 0..^...- .^1...0. ....-..1| ok p=1
Q8:	|011+-... 0.!+0..+ ......+. ..0.-..-| ok p=1
Q9:	|+00+.0.0 ..10...+ ..1..1-. ^.1.-..0| ok p=1
Q10:	|000101.. ..11.00+ 1.1..00. -^+.1..1| ok p=1
Q11:	|10101+1. 1.+0^010 10+.11+. 0--10^..| ok p=1
Q12:	|-----00. 0^-+--++ 01+.0++^ 01+0-+..| ok p=1
Q13:	|1+-0---^ --++1--- -+.0+01- ----+10.| ok p=1
Q14:	|+01+.00- 01100.11 001111-1 +110111.| ok p=1
Q15:	|01-00110 -01+010- 00.+1++1 +1010.+.| ok p=1
Q16:	|0.-0..0+ ..0.+..- ...1..0. -.0...1.| ok p=0.731445
Q17:	|..0...1. ^.1^...1 ...0.^+. +.1...-.| ok p=0.499023
Q18:	|..1+..-^ ..-.^..+ ...1.... -.+...-.| ok p=0.732422
Q19:	|...+.... .......+ .0.-..^. -....0+.| ok p=0.844727
Q20:	|.0.1.0^. ..^....0 01...0.. 1.^..1+.| ok p=1
Q21:	|.1.0.1.. ..0....1 1+.^.1.. 1....+0.| ok p=0.705078
Q22:	|.-...+.. ..1..... -....-.. ......0.| ok p=0.713867
Q23:	|........ ..-.0... .^...... 0....^..| ok p=1
Q24:	|.^...^.0 ....1... ^....^.. 1...0...| ok p=1
Q25:	|........ ..^.+... ........ +...1...| ok p=0.786133
Q26:	|......0- ........ ...0.... ....+...| ok p=1
Q27:	|......1- ....^... ...1.... ^.......| ok p=0.996094
Q28:	|......-+ ........ ...-.... ....^...| ok p=0.995117
Q29:	|.......0 ........ ...0.... ........| ok p=1
Q30:	|......^1 ........ ...+.... ........| ok p=1
Q31:	|........ ........ ...+.... ........| ok p=0.993164
Q32:	|........ ........ ........ ........| ok p=1
Q33:	|........ ........ ...!.... ........| ok p=1
Q34:	|........ ........ ........ ........| ok p=1
Q35:	|........ ........ ........ ........| ok p=1
Q36:	|........ ........ ........ ........| ok p=1
Q37:	|........ ........ ........ ........| ok p=1
Q38:	|........ ........ ........ ........| ok p=1
Q39:	|........ ........ ........ ........| ok p=1
Q40:	|........ ........ ........ ........| ok p=1
Q41:	|........ ........ ........ ........| ok p=1
Q42:	|........ ........ ........ ........| ok p=1
Q43:	|........ ........ ........ ........| ok p=1
Q44:	|........ ........ ........ ........| ok p=1
Q45:	|........ ........ ........ ........| ok p=1
Q46:	|........ ........ ........ ........| ok p=1
Q47:	|........ ........ ........ ........| ok p=1
Q48:	|........ ........ ........ ........| ok p=1
Q49:	|........ ........ ........ ........| ok p=1
Q50:	|........ ........ ........ ........| ok p=1
Q51:	|........ ........ ........ ........| ok p=1
Q52:	|........ ........ ........ ........| ok p=1
Q53:	|........ ........ ........ ........| ok p=1
Q54:	|........ ........ ........ ........| ok p=1
Q55:	|........ ........ ........ ........| ok p=1
Q56:	|........ ........ ........ ........| ok p=1
Q57:	|........ ........ ........ ........| ok p=1
Q58:	|........ ........ ........ ........| ok p=1
Q59:	|........ ........ ........ ........| ok p=1
Q60:	|........ .0...... ........ ........| ok p=1
Q61:	|........ .1...... ........ ........| ok p=0.999023
Q62:	|........ .-...... ........ ........| ok p=1
Q63:	|........ .-...... ........ ........| ok p=1
Q64:	|........ .-...... ........ ........|
Best path: totcompl=-24 tottunnel=35, totcond=562, p=0.0892628
Q-3:	|00101011 01101111 10010100 11000101|
Q-2:	|-0000+01 100-+0-+ 001111+0 1-00101+|
Q-1:	|+1001+01 1100-11- 110111+1 0-+-----|
Q0:	|0+1-1+01 +-101++1 10-+-+00 1+110101| ok p=1
Q1:	|00.0+.+. 0-.++10- .0--10+. .--111+1| ok p=1
Q2:	|1-.--11. +..1--1- .-1101+. .+-...+.| ok p=1
Q3:	|1+.11.0. 10.1-1.1 ^++1..-. .-..0^..| ok p=1
Q4:	|0-.0+..1 +..011.0 .10...-. .00.0-0^| ok p=1
Q5:	|10.-1..1 -...+..+ .0-..1.. .0..-0.+| ok p=0.998047
Q6:	|00.+1..+ +...+..- ..1...0. ....+0.0| ok p=0.99707
Q7:	|+10+-..+ 0..^...- ..1...0. ....-..1| ok p=1
Q8:	|011+-... 0.!+0..+ ......+. ..0.-..-| ok p=1
Q9:	|+00+.0.0 ..10...+ ..1..1-. ^.1.-..0| ok p=1
Q10:	|000101.. ..11.00+ 1.1..00. -^+.1..1| ok p=1
Q11:	|10101+1. 1.+0^010 10+.11+. 0--10^..| ok p=1
Q12:	|-----00. 0^-+--++ 01+.0++^ 01+0-+..| ok p=1
Q13:	|1+-0---^ --++1--- -+.0+01- ----+10.| ok p=1
Q14:	|-11+.00- 01100.11 001111-1 +110111.| ok p=1
Q15:	|01-00110 -01+010- 00.+1++1 +1010.+.| ok p=1
Q16:	|0.-0..0+ ..0.+..- ...1..0. -.0...1.| ok p=0.708984
Q17:	|..0...1. ^.1^...1 ...0.^+. +.1...-.| ok p=0.507812
Q18:	|..1+..-^ ..-.^..+ ...1.... -.+...-.| ok p=0.736328
Q19:	|...+.... .......+ .0.-..^. -....0+.| ok p=0.858398
Q20:	|.0.1.0^. ..^....0 01...0.. 1.^..1+.| ok p=1
Q21:	|.1.0.1.. ..0....1 1+.^.1.. 1....+0.| ok p=0.72168
Q22:	|.-...+.. ..1..... -....-.. ......0.| ok p=0.730469
Q23:	|........ ..-.0... .^...... 0....^..| ok p=0.994141
Q24:	|.^...^.0 ....1... ^....^.. 1...0...| ok p=1
Q25:	|........ ..^.+... ........ +...1...| ok p=0.761719
Q26:	|......0- ........ ...0.... ....+...| ok p=1
Q27:	|......1- ....^... ...1.... ^.......| ok p=0.995117
Q28:	|......-+ ........ ...-.... ....^...| ok p=0.993164
Q29:	|.......0 ........ ...0.... ........| ok p=1
Q30:	|......^1 ........ ...+.... ........| ok p=1
Q31:	|........ ........ ...+.... ........| ok p=0.998047
Q32:	|........ ........ ........ ........| ok p=1
Q33:	|........ ........ ...!.... ........| ok p=1
Q34:	|........ ........ ........ ........| ok p=1
Q35:	|........ ........ ........ ........| ok p=1
Q36:	|........ ........ ........ ........| ok p=1
Q37:	|........ ........ ........ ........| ok p=1
Q38:	|........ ........ ........ ........| ok p=1
Q39:	|........ ........ ........ ........| ok p=1
Q40:	|........ ........ ........ ........| ok p=1
Q41:	|........ ........ ........ ........| ok p=1
Q42:	|........ ........ ........ ........| ok p=1
Q43:	|........ ........ ........ ........| ok p=1
Q44:	|........ ........ ........ ........| ok p=1
Q45:	|........ ........ ........ ........| ok p=1
Q46:	|........ ........ ........ ........| ok p=1
Q47:	|........ ........ ........ ........| ok p=1
Q48:	|........ ........ ........ ........| ok p=1
Q49:	|........ ........ ........ ........| ok p=1
Q50:	|........ ........ ........ ........| ok p=1
Q51:	|........ ........ ........ ........| ok p=1
Q52:	|........ ........ ........ ........| ok p=1
Q53:	|........ ........ ........ ........| ok p=1
Q54:	|........ ........ ........ ........| ok p=1
Q55:	|........ ........ ........ ........| ok p=1
Q56:	|........ ........ ........ ........| ok p=1
Q57:	|........ ........ ........ ........| ok p=1
Q58:	|........ ........ ........ ........| ok p=1
Q59:	|........ ........ ........ ........| ok p=1
Q60:	|........ .0...... ........ ........| ok p=1
Q61:	|........ .1...... ........ ........| ok p=0.998047
Q62:	|........ .-...... ........ ........| ok p=1
Q63:	|........ .-...... ........ ........| ok p=1
Q64:	|........ .-...... ........ ........|
Best path: totcompl=-23 tottunnel=36, totcond=562, p=0.0980545
Q-3:	|00101011 01101111 10010100 11000101|
Q-2:	|-0000+01 100-+0-+ 001111+0 1-00101+|
Q-1:	|+1001+01 1100-11- 110111+1 0-+-----|
Q0:	|0+1-1+01 +-101++1 10-+-+00 1+110101| ok p=1
Q1:	|00.0+.+. 0-.++10- .0--10+. .--111+1| ok p=1
Q2:	|1-.--11. +..1--1- .-1101+. .+-...+.| ok p=1
Q3:	|1+.11.0. 10.1-1.1 ^++1..-. .-..0^..| ok p=1
Q4:	|0-.0+..1 +..011.0 .10...-. .00.0-0^| ok p=1
Q5:	|10.-1..1 -...+..+ .0-..... .0..-0.+| ok p=1
Q6:	|00.+1..+ +...+..- ..1.!.0. ....+0.0| ok p=0.998047
Q7:	|+10+-..+ 0..^...- ..1...0. ....-..1| ok p=1
Q8:	|011+-... 0.!+0..+ ......+. ..0.-..-| ok p=1
Q9:	|+00+.0.0 ..10...+ ..1...-. ^11.-..0| ok p=1
Q10:	|000101.. ..11..1+ 1.1.!00. -1+.1..1| ok p=1
Q11:	|10101+1. 1.+0^.00 10+.11+. 0--00^..| ok p=1
Q12:	|-----00. 0^-+-^-+ 01+.0++^ 0+-1-+..| ok p=1
Q13:	|1+-0---^ --++1--- -+.0+01- ----+10.| ok p=1
Q14:	|+01+.00- 011001.1 001111-1 +1.0111.| ok p=1
Q15:	|01-00110 -01+010- 00.+1++1 +1010.+.| ok p=1
Q16:	|0.-0..0+ ..0.+..- ...1..0. -.0...1.| ok p=0.723633
Q17:	|..0...1. ^.1^...1 ...0.^+. +.1...-.| ok p=0.507812
Q18:	|..1+..-^ ..-.^..+ ...1.... -.+...-.| ok p=0.746094
Q19:	|...+.... .......+ .0.-..^. -....0+.| ok p=0.87793
Q20:	|.0.1.0^. ..^....0 01...0.. 1.^..1+.| ok p=1
Q21:	|.1.0.1.. ..0....1 1+.^.1.. 1....+0.| ok p=0.738281
Q22:	|.-...+.. ..1..... -....-.. ......0.| ok p=0.717773
Q23:	|........ ..-.0... .^...... 0....^..| ok p=0.996094
Q24:	|.^...^.0 ....1... ^....^.. 1...0...| ok p=0.999023
Q25:	|........ ..^.+... ........ +...1...| ok p=0.769531
Q26:	|......0- ........ ...0.... ....+...| ok p=1
Q27:	|......1- ....^... ...1.... ^.......| ok p=0.996094
Q28:	|......-+ ........ ...-.... ....^...| ok p=0.989258
Q29:	|.......0 ........ ...0.... ........| ok p=1
Q30:	|......^1 ........ ...+.... ........| ok p=1
Q31:	|........ ........ ...+.... ........| ok p=0.995117
Q32:	|........ ........ ........ ........| ok p=1
Q33:	|........ ........ ...!.... ........| ok p=1
Q34:	|........ ........ ........ ........| ok p=1
Q35:	|........ ........ ........ ........| ok p=1
Q36:	|........ ........ ........ ........| ok p=1
Q37:	|........ ........ ........ ........| ok p=1
Q38:	|........ ........ ........ ........| ok p=1
Q39:	|........ ........ ........ ........| ok p=1
Q40:	|........ ........ ........ ........| ok p=1
Q41:	|........ ........ ........ ........| ok p=1
Q42:	|........ ........ ........ ........| ok p=1
Q43:	|........ ........ ........ ........| ok p=1
Q44:	|........ ........ ........ ........| ok p=1
Q45:	|........ ........ ........ ........| ok p=1
Q46:	|........ ........ ........ ........| ok p=1
Q47:	|........ ........ ........ ........| ok p=1
Q48:	|........ ........ ........ ........| ok p=1
Q49:	|........ ........ ........ ........| ok p=1
Q50:	|........ ........ ........ ........| ok p=1
Q51:	|........ ........ ........ ........| ok p=1
Q52:	|........ ........ ........ ........| ok p=1
Q53:	|........ ........ ........ ........| ok p=1
Q54:	|........ ........ ........ ........| ok p=1
Q55:	|........ ........ ........ ........| ok p=1
Q56:	|........ ........ ........ ........| ok p=1
Q57:	|........ ........ ........ ........| ok p=1
Q58:	|........ ........ ........ ........| ok p=1
Q59:	|........ ........ ........ ........| ok p=1
Q60:	|........ .0...... ........ ........| ok p=1
Q61:	|........ .1...... ........ ........| ok p=0.999023
Q62:	|........ .-...... ........ ........| ok p=1
Q63:	|........ .-...... ........ ........| ok p=1
Q64:	|........ .-...... ........ ........|
Best path: totcompl=-23 tottunnel=36, totcond=560, p=0.0997621
Best paths: 2
**Best paths: 4
Q-3:	|00101011 01101111 10010100 11000101|
Q-2:	|-0000+01 100-+0-+ 001111+0 1-00101+|
Q-1:	|+1001+01 1100-11- 110111+1 0-+-----|
Q0:	|0+1-1+01 +-101++1 10-+-+00 1+110101| ok p=1
Q1:	|00.0+.+. 0-.++10- .0--10+. .--111+1| ok p=1
Q2:	|1-.--11. +..1--1- .-1101+. .+-...+.| ok p=1
Q3:	|1+.11.0. 10.1-1.1 ^++1..-. .-..0^..| ok p=1
Q4:	|0-.0+..1 +.!.11.0 .10...-. .00.0-0^| ok p=1
Q5:	|10.-1..1 -...+..+ .0-..... .0..-0.+| ok p=1
Q6:	|00.+1..+ +...+..- ..1.!.0. ....+0.0| ok p=0.998047
Q7:	|+10+-..+ 0..^...- ..1...0. ....-..1| ok p=1
Q8:	|011+-... 0.!+0..+ ...0..+. ..1.-..-| ok p=1
Q9:	|+0.+.1.0 ...0...+ ...0..-. .^1.-..1| ok p=1
Q10:	|010.0100 0.^1..0+ 000-!.1. ^--....1| ok p=1
Q11:	|00111-11 1.-..111 001+^^+. -0+10^..| ok p=1
Q12:	|+-+1++++ +^1^^0+1 +--0--+. 1+-01-..| ok p=1
Q13:	|---0011+ 1-++^--- -+-+00+. 1+--+10.| ok p=1
Q14:	|+11+1000 1010+000 10.-000^ +..0101.| ok p=1
Q15:	|11-1...1 -10+100- 110++.-. +1010.+.| ok p=0.914062
Q16:	|1.-0..0+ ..0.+..- ...0..0. -.0...1.| ok p=0.704102
Q17:	|..0...1. ^.1^...1 ...0^.+. +.1...-.| ok p=0.493164
Q18:	|..1+..-^ ..-.^..+ ...1.... -.+...-.| ok p=0.717773
Q19:	|...+.... .......+ .0.-..^. -....0+.| ok p=0.892578
Q20:	|.0.1.0^. ..^....0 01...0.. 1.^..1+.| ok p=1
Q21:	|.1.0.1.. ..0....1 1+.^.1.. 1....+0.| ok p=0.706055
Q22:	|.-...+.. ..1..... -....-.. ......0.| ok p=0.727539
Q23:	|........ ..-.0... .^...... 0....^..| ok p=0.996094
Q24:	|.^...^.0 ....1... ^....^.. 1...0...| ok p=1
Q25:	|........ ..^.+... ........ +...1...| ok p=0.763672
Q26:	|......0- ........ ...0.... ....+...| ok p=1
Q27:	|......1- ....^... ...1.... ^.......| ok p=0.995117
Q28:	|......-+ ........ ...-.... ....^...| ok p=0.994141
Q29:	|.......0 ........ ...0.... ........| ok p=1
Q30:	|......^1 ........ ...+.... ........| ok p=1
Q31:	|........ ........ ...+.... ........| ok p=1
Q32:	|........ ........ ........ ........| ok p=1
Q33:	|........ ........ ...!.... ........| ok p=1
Q34:	|........ ........ ........ ........| ok p=1
Q35:	|........ ........ ........ ........| ok p=1
Q36:	|........ ........ ........ ........| ok p=1
Q37:	|........ ........ ........ ........| ok p=1
Q38:	|........ ........ ........ ........| ok p=1
Q39:	|........ ........ ........ ........| ok p=1
Q40:	|........ ........ ........ ........| ok p=1
Q41:	|........ ........ ........ ........| ok p=1
Q42:	|........ ........ ........ ........| ok p=1
Q43:	|........ ........ ........ ........| ok p=1
Q44:	|........ ........ ........ ........| ok p=1
Q45:	|........ ........ ........ ........| ok p=1
Q46:	|........ ........ ........ ........| ok p=1
Q47:	|........ ........ ........ ........| ok p=1
Q48:	|........ ........ ........ ........| ok p=1
Q49:	|........ ........ ........ ........| ok p=1
Q50:	|........ ........ ........ ........| ok p=1
Q51:	|........ ........ ........ ........| ok p=1
Q52:	|........ ........ ........ ........| ok p=1
Q53:	|........ ........ ........ ........| ok p=1
Q54:	|........ ........ ........ ........| ok p=1
Q55:	|........ ........ ........ ........| ok p=1
Q56:	|........ ........ ........ ........| ok p=1
Q57:	|........ ........ ........ ........| ok p=1
Q58:	|........ ........ ........ ........| ok p=1
Q59:	|........ ........ ........ ........| ok p=1
Q60:	|........ .0...... ........ ........| ok p=1
Q61:	|........ .1...... ........ ........| ok p=0.998047
Q62:	|........ .-...... ........ ........| ok p=1
Q63:	|........ .-...... ........ ........| ok p=1
Q64:	|........ .-...... ........ ........|
Best path: totcompl=-23 tottunnel=36, totcond=558, p=0.0764043
Q-3:	|00101011 01101111 10010100 11000101|
Q-2:	|-0000+01 100-+0-+ 001111+0 1-00101+|
Q-1:	|+1001+01 1100-11- 110111+1 0-+-----|
Q0:	|0+1-1+01 +-101++1 10-+-+00 1+110101| ok p=1
Q1:	|00.0+.+. 0-.++10- .0--10+. .--111+1| ok p=1
Q2:	|1-.--11. +..1--1- .-1101+. .+-...+.| ok p=1
Q3:	|1+.11.0. 10.1-1.1 ^++1..-. .-..0^..| ok p=1
Q4:	|0-.0+..1 +.!.11.0 .10...-. .00.0-0^| ok p=1
Q5:	|10.-1..1 -...+..+ .0-..... .0..-0.+| ok p=1
Q6:	|00.+1..+ +...+..- ..1..!0. ....+0.0| ok p=0.995117
Q7:	|+10+-..+ 0..^...- ..1...0. ....-..1| ok p=1
Q8:	|011+-... 0.!+0..+ ...0..+. ..1.-..-| ok p=1
Q9:	|+0.+.1.0 ...0...+ ...0..-. .^1.-..1| ok p=1
Q10:	|010.0100 0.^1..0+ 000-!.1. ^--....1| ok p=1
Q11:	|00111-11 1.-..111 001+^^+. -0+10^..| ok p=1
Q12:	|+-+1++++ +^1^00+1 +--0--+. 1+-01-..| ok p=1
Q13:	|---0011+ 1-++1--- -+-+00+1 1+--+10.| ok p=1
Q14:	|+.1+1000 1010+110 10.-000. +..0101.| ok p=1
Q15:	|01-1...1 -10+100- 110++.-. +1010.+.| ok p=0.895508
Q16:	|0.-0..0+ ..0.+..- ...0..0. -.0...1.| ok p=0.703125
Q17:	|..0...1. ^.1^...1 ...0^.+. +.1...-.| ok p=0.50293
Q18:	|..1+..-^ ..-.^..+ ...1.... -.+...-.| ok p=0.733398
Q19:	|...+.... .......+ .0.-..^. -....0+.| ok p=0.861328
Q20:	|.0.1.0^. ..^....0 01...0.. 1.^..1+.| ok p=1
Q21:	|.1.0.1.. ..0....1 1+.^.1.. 1....+0.| ok p=0.716797
Q22:	|.-...+.. ..1..... -....-.. ......0.| ok p=0.689453
Q23:	|........ ..-.0... .^...... 0....^..| ok p=0.996094
Q24:	|.^...^.0 ....1... ^....^.. 1...0...| ok p=1
Q25:	|........ ..^.+... ........ +...1...| ok p=0.769531
Q26:	|......0- ........ ...0.... ....+...| ok p=1
Q27:	|......1- ....^... ...1.... ^.......| ok p=0.994141
Q28:	|......-+ ........ ...-.... ....^...| ok p=0.998047
Q29:	|.......0 ........ ...0.... ........| ok p=1
Q30:	|......^1 ........ ...+.... ........| ok p=1
Q31:	|........ ........ ...+.... ........| ok p=0.99707
Q32:	|........ ........ ........ ........| ok p=1
Q33:	|........ ........ ...!.... ........| ok p=1
Q34:	|........ ........ ........ ........| ok p=1
Q35:	|........ ........ ........ ........| ok p=1
Q36:	|........ ........ ........ ........| ok p=1
Q37:	|........ ........ ........ ........| ok p=1
Q38:	|........ ........ ........ ........| ok p=1
Q39:	|........ ........ ........ ........| ok p=1
Q40:	|........ ........ ........ ........| ok p=1
Q41:	|........ ........ ........ ........| ok p=1
Q42:	|........ ........ ........ ........| ok p=1
Q43:	|........ ........ ........ ........| ok p=1
Q44:	|........ ........ ........ ........| ok p=1
Q45:	|........ ........ ........ ........| ok p=1
Q46:	|........ ........ ........ ........| ok p=1
Q47:	|........ ........ ........ ........| ok p=1
Q48:	|........ ........ ........ ........| ok p=1
Q49:	|........ ........ ........ ........| ok p=1
Q50:	|........ ........ ........ ........| ok p=1
Q51:	|........ ........ ........ ........| ok p=1
Q52:	|........ ........ ........ ........| ok p=1
Q53:	|........ ........ ........ ........| ok p=1
Q54:	|........ ........ ........ ........| ok p=1
Q55:	|........ ........ ........ ........| ok p=1
Q56:	|........ ........ ........ ........| ok p=1
Q57:	|........ ........ ........ ........| ok p=1
Q58:	|........ ........ ........ ........| ok p=1
Q59:	|........ ........ ........ ........| ok p=1
Q60:	|........ .0...... ........ ........| ok p=1
Q61:	|........ .1...... ........ ........| ok p=1
Q62:	|........ .-...... ........ ........| ok p=1
Q63:	|........ .-...... ........ ........| ok p=1
Q64:	|........ .-...... ........ ........|
Best path: totcompl=-23 tottunnel=36, totcond=557, p=0.0771869
**Q-3:	|00101011 01101111 10010100 11000101|
Q-2:	|-0000+01 100-+0-+ 001111+0 1-00101+|
Q-1:	|+1001+01 1100-11- 110111+1 0-+-----|
Q0:	|0+1-1+01 +-101++1 10-+-+00 1+110101| ok p=1
Q1:	|00.0+.+. 0-.++10- .0--10+. .--111+1| ok p=1
Q2:	|1-.--11. +..1--1- .-1101+. .+-...+.| ok p=1
Q3:	|1+.11.0. 10.1-1.1 ^++1..-. .-..0^..| ok p=1
Q4:	|0-.0+..1 +.!.11.0 .10...-. .00.0-0^| ok p=1
Q5:	|10.-1..1 -...+..+ .0-..... .0..-0.+| ok p=1
Q6:	|00.+1..+ +...+..- ..1.!.0. ....+0.0| ok p=1
Q7:	|+10+-0.+ 0..^...- .!1...0. ....-..1| ok p=1
Q8:	|01.+-1.. 0.!+1..+ ......+. ..1.-..-| ok p=1
Q9:	|+0.1++.0 ..00...+ ....0.-. ..0.-..0| ok p=1
Q10:	|10^10-.. ..11.0.+ ..0.111. 11-...11| ok p=1
Q11:	|10^0-1^. 0.+..1.+ ..1^+0+0 01-1111.| ok p=1
Q12:	|0+++1-+. 1^-^.+.0 .^+-0++1 +-+010-.| ok p=1
Q13:	|+1001011 ++++.0.+ .-01+-0- 0---+-+.| ok p=1
Q14:	|+01+.010 0000^1.1 11-110-0 +.0011-.| ok p=1
Q15:	|+1.1...- +111+..- .+110++0 +10101+.| ok p=0.878906
Q16:	|1..-..0+ ..0.+..- ..1...0. -.0...0.| ok p=0.801758
Q17:	|1..0..11 ^.1.0..1 .^.+.^+. +.1...-.| ok p=0.501953
Q18:	|...0..-1 ..-.1..+ ...+.... -.+...-.| ok p=0.460938
Q19:	|...+.... .......+ .0.-..^. -....0+.| ok p=0.893555
Q20:	|.0...0^. ..^....0 01.0.0.. 1.^..1+.| ok p=1
Q21:	|.1.^.1.. ..0....1 1+.1.1.. 1....+0.| ok p=0.782227
Q22:	|.-...+.. ..1..... -....-.. ......0.| ok p=0.710938
Q23:	|........ ..-.0... .^...... 0....^..| ok p=0.998047
Q24:	|.^...^.0 ....1... ^....^.. 1...0...| ok p=1
Q25:	|........ ..^.+... ........ +...1...| ok p=0.758789
Q26:	|......0- ........ ...0.... ....+...| ok p=1
Q27:	|......1- ....^... ...1.... ^.......| ok p=0.99707
Q28:	|......-+ ........ ...-.... ....^...| ok p=1
Q29:	|.......0 ........ ...0.... ........| ok p=1
Q30:	|......^1 ........ ...+.... ........| ok p=1
Q31:	|........ ........ ...+.... ........| ok p=0.995117
Q32:	|........ ........ ........ ........| ok p=1
Q33:	|........ ........ ...!.... ........| ok p=1
Q34:	|........ ........ ........ ........| ok p=1
Q35:	|........ ........ ........ ........| ok p=1
Q36:	|........ ........ ........ ........| ok p=1
Q37:	|........ ........ ........ ........| ok p=1
Q38:	|........ ........ ........ ........| ok p=1
Q39:	|........ ........ ........ ........| ok p=1
Q40:	|........ ........ ........ ........| ok p=1
Q41:	|........ ........ ........ ........| ok p=1
Q42:	|........ ........ ........ ........| ok p=1
Q43:	|........ ........ ........ ........| ok p=1
Q44:	|........ ........ ........ ........| ok p=1
Q45:	|........ ........ ........ ........| ok p=1
Q46:	|........ ........ ........ ........| ok p=1
Q47:	|........ ........ ........ ........| ok p=1
Q48:	|........ ........ ........ ........| ok p=1
Q49:	|........ ........ ........ ........| ok p=1
Q50:	|........ ........ ........ ........| ok p=1
Q51:	|........ ........ ........ ........| ok p=1
Q52:	|........ ........ ........ ........| ok p=1
Q53:	|........ ........ ........ ........| ok p=1
Q54:	|........ ........ ........ ........| ok p=1
Q55:	|........ ........ ........ ........| ok p=1
Q56:	|........ ........ ........ ........| ok p=1
Q57:	|........ ........ ........ ........| ok p=1
Q58:	|........ ........ ........ ........| ok p=1
Q59:	|........ ........ ........ ........| ok p=1
Q60:	|........ .0...... ........ ........| ok p=1
Q61:	|........ .1...... ........ ........| ok p=0.999023
Q62:	|........ .-...... ........ ........| ok p=1
Q63:	|........ .-...... ........ ........| ok p=1
Q64:	|........ .-...... ........ ........|
Best path: totcompl=-22 tottunnel=37, totcond=551, p=0.0528022
Q-3:	|00101011 01101111 10010100 11000101|
Q-2:	|-0000+01 100-+0-+ 001111+0 1-00101+|
Q-1:	|+1001+01 1100-11- 110111+1 0-+-----|
Q0:	|0+1-1+01 +-101++1 10-+-+00 1+110101| ok p=1
Q1:	|00.0+.+. 0-.++10- .0--10+. .--111+1| ok p=1
Q2:	|1-.--11. +..1--1- .-1101+. .+-...+.| ok p=1
Q3:	|1+.11.0. 10.1-1.1 ^++1..-. .-..0^..| ok p=1
Q4:	|0-.0+..1 +..011.0 .10...-. .00.0-0^| ok p=1
Q5:	|10.-1..1 -...+..+ .0-..... .0..-0.+| ok p=1
Q6:	|00.+1..+ +...+..- ..1.!.0. ....+0.0| ok p=1
Q7:	|+10+-0.+ 0..^...- .!1...0. ....-..1| ok p=1
Q8:	|01.+-1.. 0.!+1..+ ......+. ..1.-..-| ok p=1
Q9:	|+0.1++.0 ..00...+ ....0.-. ..0.-..0| ok p=1
Q10:	|10^10-.. ..11.0.+ ..0.111. 1.-...11| ok p=1
Q11:	|10^0-1^. 0.+..1.+ ..1^+0+0 01-1101.| ok p=1
Q12:	|0+++1-+. 1^-^.+.0 .^+-0++1 +0-101-.| ok p=1
Q13:	|-1001011 ++++.0.+ .-01+-0- 0---+-+.| ok p=1
Q14:	|-01+.010 0000^1.1 .1-110-0 +0.011-.| ok p=1
Q15:	|+..1...- +111+..- ^+110++0 +10101+.| ok p=0.460938
Q16:	|0..-..0+ ..0.+..- ..1...0. -.0...0.| ok p=0.827148
Q17:	|0..0..11 ^.1.0..1 .^.+.^+. +.1...-.| ok p=0.498047
Q18:	|...0..-1 ..-.1..+ ...+.... -.+...-.| ok p=0.485352
Q19:	|...+.... .......+ .0.-..^. -....0+.| ok p=0.898438
Q20:	|.0...0^. ..^....0 01.0.0.. 1.^..1+.| ok p=1
Q21:	|.1.^.1.. ..0....1 1+.1.1.. 1....+0.| ok p=0.782227
Q22:	|.-...+.. ..1..... -....-.. ......0.| ok p=0.71582
Q23:	|........ ..-.0... .^...... 0....^..| ok p=0.99707
Q24:	|.^...^.0 ....1... ^....^.. 1...0...| ok p=1
Q25:	|........ ..^.+... ........ +...1...| ok p=0.775391
Q26:	|......0- ........ ...0.... ....+...| ok p=1
Q27:	|......1- ....^... ...1.... ^.......| ok p=0.99707
Q28:	|......-+ ........ ...-.... ....^...| ok p=0.996094
Q29:	|.......0 ........ ...0.... ........| ok p=1
Q30:	|......^1 ........ ...+.... ........| ok p=1
Q31:	|........ ........ ...+.... ........| ok p=0.994141
Q32:	|........ ........ ........ ........| ok p=1
Q33:	|........ ........ ...!.... ........| ok p=1
Q34:	|........ ........ ........ ........| ok p=1
Q35:	|........ ........ ........ ........| ok p=1
Q36:	|........ ........ ........ ........| ok p=1
Q37:	|........ ........ ........ ........| ok p=1
Q38:	|........ ........ ........ ........| ok p=1
Q39:	|........ ........ ........ ........| ok p=1
Q40:	|........ ........ ........ ........| ok p=1
Q41:	|........ ........ ........ ........| ok p=1
Q42:	|........ ........ ........ ........| ok p=1
Q43:	|........ ........ ........ ........| ok p=1
Q44:	|........ ........ ........ ........| ok p=1
Q45:	|........ ........ ........ ........| ok p=1
Q46:	|........ ........ ........ ........| ok p=1
Q47:	|........ ........ ........ ........| ok p=1
Q48:	|........ ........ ........ ........| ok p=1
Q49:	|........ ........ ........ ........| ok p=1
Q50:	|........ ........ ........ ........| ok p=1
Q51:	|........ ........ ........ ........| ok p=1
Q52:	|........ ........ ........ ........| ok p=1
Q53:	|........ ........ ........ ........| ok p=1
Q54:	|........ ........ ........ ........| ok p=1
Q55:	|........ ........ ........ ........| ok p=1
Q56:	|........ ........ ........ ........| ok p=1
Q57:	|........ ........ ........ ........| ok p=1
Q58:	|........ ........ ........ ........| ok p=1
Q59:	|........ ........ ........ ........| ok p=1
Q60:	|........ .0...... ........ ........| ok p=1
Q61:	|........ .1...... ........ ........| ok p=0.999023
Q62:	|........ .-...... ........ ........| ok p=1
Q63:	|........ .-...... ........ ........| ok p=1
Q64:	|........ .-...... ........ ........|
Best path: totcompl=-22 tottunnel=37, totcond=549, p=0.037455
Best paths: 2
**************