Extend MD5 differential paths forward
Copyright (C) 2009 Marc Stevens
http://homepages.cwi.nl/~stevens/

delta_m[11] = [!-12!]
Loading workdir1/lowerpath.bin.gz...done: 1.
Estimating maxcond for upper bound 8000000 (=2000000 * 4)...
t=1:  0%   10   20   30   40   50   60   70   80   90   100%
      |----|----|----|----|----|----|----|----|----|----|
e     ***************************************************
Found maxcond = 2176
t=1:  0%   10   20   30   40   50   60   70   80   90   100%
      |----|----|----|----|----|----|----|----|----|----|
      ***************************************************
Q-3:	|00101011 01101111 10010100 11000101|
Q-2:	|-0000+01 100-+0-+ 001111+0 1-00101+|
Q-1:	|+1001+01 1100-11- 110111+1 0-+-----|
Q0:	|0+1-1+01 +-101++1 10-+-+00 1+110101| ok p=1
Q1:	|10.0+.+. 0-.++00- ..--00+. .--111+1| ok p=0.259766
Q2:	|+.-.+..+ ...-.+.- .-..-.+. ..+....+|
Saving 1072304 paths...done.
Autobalance parameters: maxcond=2176
Verified: 418640 bad out of 1490944
Estimating maxcond for upper bound 8000000 (=2000000 * 4)...
t=2:  0%   10   20   30   40   50   60   70   80   90   100%
      |----|----|----|----|----|----|----|----|----|----|
e     ***************************************************
Found maxcond = 172
t=2:  0%   10   20   30   40   50   60   70   80   90   100%
      |----|----|----|----|----|----|----|----|----|----|
      ***************************************************
Q-3:	|00101011 01101111 10010100 11000101|
Q-2:	|-0000+01 100-+0-+ 001111+0 1-00101+|
Q-1:	|+1001+01 1100-11- 110111+1 0-+-----|
Q0:	|0+1-1+01 +-101++1 10-+-+00 1+110101| ok p=1
Q1:	|00.0+.+. 0-.++11- ..--10+. .--000+0| ok p=0.859375
Q2:	|.-.1+10. +..-011+ ...-11+. .0+...+.| ok p=0.604492
Q3:	|+..+.... .+..-.-. +...-.+. -..+..-.|
Saving 2000000 paths...done.
Autobalance parameters: maxcond=171
Verified: 623412 bad out of 2681525
Estimating maxcond for upper bound 8000000 (=2000000 * 4)...
t=3:  0%   10   20   30   40   50   60   70   80   90   100%
      |----|----|----|----|----|----|----|----|----|----|
e     ***************************************************
Found maxcond = 188
t=3:  0%   10   20   30   40   50   60   70   80   90   100%
      |----|----|----|----|----|----|----|----|----|----|
      ***************************************************
Q-3:	|00101011 01101111 10010100 11000101|
Q-2:	|-0000+01 100-+0-+ 001111+0 1-00101+|
Q-1:	|+1001+01 1100-11- 110111+1 0-+-----|
Q0:	|0+1-1+01 +-101++1 10-+-+00 1+110101| ok p=1
Q1:	|00.0+.+. 0-.++11- .0--10+. .--111+0| ok p=0.749023
Q2:	|0-.1+11. +..1--1- .-.-01+. .+-...+.| ok p=0.749023
Q3:	|+0....1. 01.1-0.. .+1...-. .-......| ok p=0.398438
Q4:	|....+... +...+..- .+.+...- ....-...|
Saving 2000000 paths...done.
Autobalance parameters: maxcond=187
Verified: 49699 bad out of 2759332
Estimating maxcond for upper bound 8000000 (=2000000 * 4)...
t=4:  0%   10   20   30   40   50   60   70   80   90   100%
      |----|----|----|----|----|----|----|----|----|----|
e     ***************************************************
Found maxcond = 202
t=4:  0%   10   20   30   40   50   60   70   80   90   100%
      |----|----|----|----|----|----|----|----|----|----|
      ***************************************************
Q-3:	|00101011 01101111 10010100 11000101|
Q-2:	|-0000+01 100-+0-+ 001111+0 1-00101+|
Q-1:	|+1001+01 1100-11- 110111+1 0-+-----|
Q0:	|0+1-1+01 +-101++1 10-+-+00 1+110101| ok p=1
Q1:	|00.0+.+. 0-.++11- V.--10+. .--000+1| ok p=0.480469
Q2:	|.-.0+00. +..-110+ ...010+. .+-...+.| ok p=0.356445
Q3:	|.-..-.0. 00.1-.-+ -.1-..+. .--...+.| ok p=0.454102
Q4:	|.+..0... +..1-.-. 0..-.... .--...-.| ok p=0.696289
Q5:	|.+.-.-.. -.-.-... .-.-..+. -...+..-|
Saving 2000000 paths...done.
Autobalance parameters: maxcond=201
Verified: 110717 bad out of 2136915
Estimating maxcond for upper bound 8000000 (=2000000 * 4)...
t=5:  0%   10   20   30   40   50   60   70   80   90   100%
      |----|----|----|----|----|----|----|----|----|----|
e     ***************************************************
Found maxcond = 217
t=5:  0%   10   20   30   40   50   60   70   80   90   100%
      |----|----|----|----|----|----|----|----|----|----|
      ***************************************************
Q-3:	|00101011 01101111 10010100 11000101|
Q-2:	|-0000+01 100-+0-+ 001111+0 1-00101+|
Q-1:	|+1001+01 1100-11- 110111+1 0-+-----|
Q0:	|0+1-1+01 +-101++1 10-+-+00 1+110101| ok p=1
Q1:	|0010+.+. 0-.++11- .0--10+. .--111+0| ok p=0.378906
Q2:	|.-00+11. +..1--1- .-0-10+. .+-...+.| ok p=0.4375
Q3:	|.--.-.1. 00.1-1.1 .1+...-. .-1....V| ok p=0.473633
Q4:	|..+.1... +...01.- .1+1..-. .0-...0.| ok p=0.50293
Q5:	|.11.+... -...-..0 ........ .-0....+| ok p=0.865234
Q6:	|.+.-.+.. +...-.+. ..+...-. .+..+...|
Saving 2000000 paths...done.
Autobalance parameters: maxcond=216
Verified: 254211 bad out of 2270412
Estimating maxcond for upper bound 8000000 (=2000000 * 4)...
t=6:  0%   10   20   30   40   50   60   70   80   90   100%
      |----|----|----|----|----|----|----|----|----|----|
e     ***************************************************
Found maxcond = 231
t=6:  0%   10   20   30   40   50   60   70   80   90   100%
      |----|----|----|----|----|----|----|----|----|----|
      ***************************************************
Q-3:	|00101011 01101111 10010100 11000101|
Q-2:	|-0000+01 100-+0-+ 001111+0 1-00101+|
Q-1:	|+1001+01 1100-11- 110111+1 0-+-----|
Q0:	|0+1-1+01 +-101++1 10-+-+00 1+110101| ok p=1
Q1:	|00.0+.+. 0-.++01- ..--10+. .--000+1| ok p=0.760742
Q2:	|+1.0+00. +..-110+ ...010+. 1+-...1+| ok p=0.446289
Q3:	|-.V.-.1. 01.1-..1 ..1-..+. 0--...1+| ok p=0.369141
Q4:	|1.1.1... 1..0+..- ...0.... --+...--| ok p=0.479492
Q5:	|0.-.0... -..-1..+ ...1..1. +.+...-1| ok p=0.435547
Q6:	|+.-..... -..+1..- ........ +1+....-| ok p=0.824219
Q7:	|.+...+.- ...+.-.- ...-.... +..+...-|
Saving 1803121 paths...done.
Autobalance parameters: maxcond=231
Verified: 4427 bad out of 1807548
Estimating maxcond for upper bound 8000000 (=2000000 * 4)...
t=7:  0%   10   20   30   40   50   60   70   80   90   100%
      |----|----|----|----|----|----|----|----|----|----|
e     **************************************************Found maxcond = 244
t=7:  0%   10   20   30   40   50   60   70   80   90   100%
      |----|----|----|----|----|----|----|----|----|----|
      **************************************************Q-3:	|00101011 01101111 10010100 11000101|
Q-2:	|-0000+01 100-+0-+ 001111+0 1-00101+|
Q-1:	|+1001+01 1100-11- 110111+1 0-+-----|
Q0:	|0+1-1+01 +-101++1 10-+-+00 1+110101| ok p=1
Q1:	|00.0+.+. 0-.++01- ..--10+. .--000+1| ok p=0.768555
Q2:	|+1.0+00. +..-110+ ...010+0 .+-...1+| ok p=0.609375
Q3:	|-.V.-.1. 0001-..0 ..1-..+1 .--...1+| ok p=0.692383
Q4:	|0.1.1..V 0.10+..- ...-...- .1-...--| ok p=0.517578
Q5:	|0.+.0... ..-.+..1 ...+..11 .+-...-1| ok p=0.993164
Q6:	|..+....- ..1.-..0 ...+...0 .+-...++| ok p=0.449219
Q7:	|.......0 ..1.-..- ........ ..-...1+| ok p=0.655273
Q8:	|.-...... .-.....- ......+. ..-....+|
Saving 2000000 paths...done.
Autobalance parameters: maxcond=243
Verified: 22347 bad out of 3171832
Estimating maxcond for upper bound 8000000 (=2000000 * 4)...
t=8:  0%   10   20   30   40   50   60   70   80   90   100%
      |----|----|----|----|----|----|----|----|----|----|
e     ***************************************************
Found maxcond = 255
t=8:  0%   10   20   30   40   50   60   70   80   90   100%
      |----|----|----|----|----|----|----|----|----|----|
      ***************************************************
Q-3:	|00101011 01101111 10010100 11000101|
Q-2:	|-0000+01 100-+0-+ 001111+0 1-00101+|
Q-1:	|+1001+01 1100-11- 110111+1 0-+-----|
Q0:	|0+1-1+01 +-101++1 10-+-+00 1+110101| ok p=1
Q1:	|00.0+.+. 0-.++01- ..--10+. .--000+1| ok p=0.749023
Q2:	|+1.0+00. +..-110+ ...010+0 .+-...1+| ok p=0.587891
Q3:	|-.V.-.1. 00.1-..0 ..1-..+1 .--...1+| ok p=0.695312
Q4:	|0.1.1..V 0..0+..- ...-...- .1-.V.--| ok p=0.901367
Q5:	|0.+.0... .V.--..1 ...+..11 .1+.0.-1| ok p=0.990234
Q6:	|.V+....- ...0-..1 ...+...0 ..+.+.-1| ok p=0.415039
Q7:	|.......0 .+.1-..- ........ ..+.-.-.| ok p=0.636719
Q8:	|.-1....- .0.....- ...1.... ..-.-.-.| ok p=0.680664
Q9:	|.-.-...- ....+..- ..+...-. ..-.+.-.|
Saving 2000000 paths...done.
Autobalance parameters: maxcond=254
Verified: 1419 bad out of 2517241
Estimating maxcond for upper bound 8000000 (=2000000 * 4)...
t=9:  0%   10   20   30   40   50   60   70   80   90   100%
      |----|----|----|----|----|----|----|----|----|----|
e     ***************************************************
Found maxcond = 267
t=9:  0%   10   20   30   40   50   60   70   80   90   100%
      |----|----|----|----|----|----|----|----|----|----|
      ***************************************************
Q-3:	|00101011 01101111 10010100 11000101|
Q-2:	|-0000+01 100-+0-+ 001111+0 1-00101+|
Q-1:	|+1001+01 1100-11- 110111+1 0-+-----|
Q0:	|0+1-1+01 +-101++1 10-+-+00 1+110101| ok p=1
Q1:	|00.0+.+. 0-.++01- ..--10+. .--000+1| ok p=0.744141
Q2:	|+1.0+00. +..-110+ ...010+0 .+-...1+| ok p=0.635742
Q3:	|-.V.-.1. 0001-..0 ..1-..+1 .--...1+| ok p=0.672852
Q4:	|0.1.1..V 0.10+..- ...-...- .1-...--| ok p=0.489258
Q5:	|0.+.0... ..-.+..1 ...+..01 .+-...-1| ok p=0.986328
Q6:	|.V+....- .V+.-..0 ...+..00 .+-...++| ok p=0.399414
Q7:	|.0.....0 ..+.-..- ......1. ..-...+-| ok p=0.603516
Q8:	|.-0....0 .--.1..- ...1..+. .1-...+-| ok p=0.405273
Q9:	|.+.....- .0+.+... ......+. ........| ok p=0.435547
Q10:	|.-.-.... ..+.+... .+...+.. ...-...+|
Saving 2000000 paths...done.
Autobalance parameters: maxcond=266
Verified: 15154 bad out of 2799499
Estimating maxcond for upper bound 8000000 (=2000000 * 4)...
t=10: 0%   10   20   30   40   50   60   70   80   90   100%
      |----|----|----|----|----|----|----|----|----|----|
e     ***************************************************
Found maxcond = 279
t=10: 0%   10   20   30   40   50   60   70   80   90   100%
      |----|----|----|----|----|----|----|----|----|----|
      ***************************************************
Q-3:	|00101011 01101111 10010100 11000101|
Q-2:	|-0000+01 100-+0-+ 001111+0 1-00101+|
Q-1:	|+1001+01 1100-11- 110111+1 0-+-----|
Q0:	|0+1-1+01 +-101++1 10-+-+00 1+110101| ok p=1
Q1:	|00.0+.+. 0-.++10- .0--10+. .--111+1| ok p=0.612305
Q2:	|.-.--11. +..1--1- .-1101+. .+-..V+.| ok p=0.396484
Q3:	|.+.11.0. 10.1-1.1 .++1..-. .-..V..V| ok p=0.381836
Q4:	|.-.0+..V +...11.0 .10...-. .00.0-0.| ok p=0.757812
Q5:	|10.-1..1 -...+..+ .0-..... .0..-0.+| ok p=0.998047
Q6:	|00.+1..+ +..V+..- ..1...0. ....+0.0| ok p=0.761719
Q7:	|+..+-..+ 0......- ..1...0. ....-..1| ok p=0.384766
Q8:	|0..+-... 0..+0..+ ......+. .VV.-..-| ok p=0.520508
Q9:	|+..+...0 ...0...+ ......-. ....-..0| ok p=0.52832
Q10:	|0...1... ...1...+ ......0. .--....1| ok p=0.584961
Q11:	|.....+.. ..-..... .+.-..+. -.+.....|
Saving 2000000 paths...done.
Autobalance parameters: maxcond=278
Verified: 48820 bad out of 3064387
Runtime: 314.953
Extend MD5 differential paths forward
Copyright (C) 2009 Marc Stevens
http://homepages.cwi.nl/~stevens/

delta_m[11] = [!-12!]
Loading workdir1/paths10_0of1...done: 2000000 (work:2000000).
Estimating maxcond for upper bound 2000000 (=500000 * 4)...
t=11: 0%   10   20   30   40   50   60   70   80   90   100%
      |----|----|----|----|----|----|----|----|----|----|
e     ***************************************************
Found maxcond = 290
t=11: 0%   10   20   30   40   50   60   70   80   90   100%
      |----|----|----|----|----|----|----|----|----|----|
      ***************************************************
Q-3:	|00101011 01101111 10010100 11000101|
Q-2:	|-0000+01 100-+0-+ 001111+0 1-00101+|
Q-1:	|+1001+01 1100-11- 110111+1 0-+-----|
Q0:	|0+1-1+01 +-101++1 10-+-+00 1+110101| ok p=1
Q1:	|00.0+.+. 0-.++10- .0--10+. .--111+1| ok p=0.633789
Q2:	|.-.--11. +..1--1- .-1101+. .+-..V+.| ok p=0.368164
Q3:	|.+.11.0. 10.1-1.1 .++1..-. .-..V..V| ok p=0.378906
Q4:	|.-.0+..V +...11.0 .10...-. .00.0-0.| ok p=0.74707
Q5:	|10.-1..1 -...+..+ .0-..... .0..-0.+| ok p=0.996094
Q6:	|00.+1..+ +..V+..- ..1...0. ....+0.0| ok p=0.727539
Q7:	|+..+-0.+ 0......- ..1...0. ....-..1| ok p=0.435547
Q8:	|0..+-1.. 0..+1..+ ......+. ..V.-..-| ok p=0.464844
Q9:	|+...++.0 ..V0...+ ...V..-. ....-..0| ok p=0.5625
Q10:	|0..1-+.. ...0...+ ......1. ..-....1| ok p=0.542969
Q11:	|1...-... ..-..... ...+..+. ..0.1...| ok p=0.504883
Q12:	|+...-.-. -.+..+.- ..+.-.-. +....-..|
Saving 500000 paths...done.
Autobalance parameters: maxcond=289
Verified: 144 bad out of 528732
Runtime: 26.8908
