MD5 differential path toolbox
Copyright (C) 2009 Marc Stevens
http://homepages.cwi.nl/~stevens/

IHV1   = {728732869,963225781,1238359391,2173844682}
IHV1   = c5946f2bb5a869395fddcf49ca3c9281

IHV2   = {728732869,1840223477,3452362528,92880523}
IHV2   = c5946f2bf594af6d20dfc6cd8b3e8905

dIHV   = {0,876997696,2214003137,2214003137}
NC0: delta c = delta d = [!-0,31!]
NC0: delta b           = [!-0,-20,-22,31!]
NC1: delta c = delta d = [!6!]
NC1: delta b           = [!6,28!]
NC2: delta c = delta d = [!-9!]
NC2: delta b           = [!0,-9,30!]
NC3: delta c = delta d = [!16!]
NC3: delta b           = [!-7,16!]
NC4: delta c = delta d = [!19!]
NC4: delta b           = [!-9,19!]
NC5: delta c = delta d = [!-22!]
NC5: delta b           = [!-22!]
NC6: delta c = delta d = [!22!]
NC6: delta b           = [!-11,13,22!]
NC7: delta c = delta d = [!-26!]
NC7: delta b           = [!16,-26!]
NC0: prob=-9.30271
NC1: prob=-5.9849
NC2: prob=-6.06811
NC3: prob=-7.63327
NC4: prob=-4.92637
NC5: prob=-3.49075
NC6: prob=-6.93635
NC7: prob=-5.0027
delta m_11 = [!-12!]
Q-3:	|00101011 01101111 10010100 11000101|
Q-2:	|-0000+01 100-+0-+ 001111+0 1-00101+|
Q-1:	|+1001+01 1100-11- 110111+1 0-+-----|
Q0:	|0+1-1+01 +-101++1 10-+-+00 1+110101| ok p=0.606445
Q1:	|....+.+. ..-.-..- .-.+..+. -.+...+.|
Saved lower diff. path to 'workdir1/lowerpath.bin.gz'.

Q32:	|........ ........ ........ ........|
Q33:	|........ ........ ........ ........|
Q34:	|........ ........ ........ ........|
Q35:	|........ ........ ........ ........| ok p=1
Q36:	|........ ........ ........ ........| ok p=1
Q37:	|........ ........ ........ ........| ok p=1
Q38:	|........ ........ ........ ........| ok p=1
Q39:	|........ ........ ........ ........| ok p=1
Q40:	|........ ........ ........ ........| ok p=1
Q41:	|........ ........ ........ ........| ok p=1
Q42:	|........ ........ ........ ........| ok p=1
Q43:	|........ ........ ........ ........| ok p=1
Q44:	|........ ........ ........ ........| ok p=1
Q45:	|........ ........ ........ ........| ok p=1
Q46:	|........ ........ ........ ........| ok p=1
Q47:	|........ ........ ........ ........| ok p=1
Q48:	|........ ........ ........ ........| ok p=1
Q49:	|........ ........ ........ ........| ok p=1
Q50:	|........ ........ ........ ........| ok p=1
Q51:	|........ ........ ........ ........| ok p=1
Q52:	|........ ........ ........ ........| ok p=1
Q53:	|........ ........ ........ ........| ok p=1
Q54:	|........ ........ ........ ........| ok p=1
Q55:	|........ ........ ........ ........| ok p=1
Q56:	|........ ........ ........ ........| ok p=1
Q57:	|........ ........ ........ ........| ok p=1
Q58:	|........ ........ ........ ........| ok p=1
Q59:	|........ ........ ........ ........| ok p=1
Q60:	|........ .0...... ........ ........| ok p=1
Q61:	|........ .1...... ........ ........| ok p=0.999023
Q62:	|........ .-...... ........ ........| ok p=1
Q63:	|........ .-...... ........ ........| ok p=1
Q64:	|........ .-...... ........ ........|
Saved upper diff. path to 'workdir1/upperpath.bin.gz'.
Saved 'md5diffpathforward.cfg'.
Saved 'md5diffpathbackward.cfg'.
Saved 'md5diffpathconnect.cfg'.
Saved 'md5diffpathhelper.cfg'.
