MD5 differential path toolbox
Copyright (C) 2009 Marc Stevens
http://homepages.cwi.nl/~stevens/

delta_m[11] = [!-12!]
Q-3:	|00101011 01101111 10010100 11000101|
Q-2:	|-0000+01 100-+0-+ 001111+0 1-00101+|
Q-1:	|+1001+01 1100-11- 110111+1 0-+-----|
Q0:	|0+1-1+01 +-101++1 10-+-+00 1+110101| ok p=1
Q1:	|00.0+.+. 0-.++10- .0--10+. .--111+1| ok p=1
Q2:	|1-.--11. +..1--1- .-1101+. .+-...+.| ok p=1
Q3:	|1+.11.0. 10.1-1.1 ^++1..-. .-..0^..| ok p=1
Q4:	|0-.0+..1 +..011.0 .10...-. .00.0-0^| ok p=1
Q5:	|10.-1..1 -...+..+ .0-..... .0..-0.+| ok p=1
Q6:	|00.+1..+ +...+..- ..1.!.0. ....+0.0| ok p=1
Q7:	|+10+-0.+ 0..^...- .!1...0. ....-..1| ok p=1
Q8:	|01.+-1.. 0.!+1..+ ......+. ..1.-..-| ok p=1
Q9:	|+0.1++.0 ..00...+ ....0.-. ..0.-..0| ok p=1
Q10:	|10^10-.. ..11.0.+ ..0.111. 1.-...11| ok p=1
Q11:	|10^0-1^. 0.+..1.+ ..1^+0+0 01-1101.| ok p=1
Q12:	|0+++1-+. 1^-^.+.0 .^+-0++1 +0-101-.| ok p=1
Q13:	|-1001011 ++++.0.+ .-01+-0- 0---+-+.| ok p=1
Q14:	|-01+.010 0000^1.1 .1-110-0 +0.011-.| ok p=1
Q15:	|+..1...- +111+..- ^+110++0 +10101+.| ok p=0.472656
Q16:	|0..-..0+ ..0.+..- ..1...0. -.0...0.| ok p=0.818359
Q17:	|0..0..11 ^.1.0..1 .^.+.^+. +.1...-.| ok p=0.455078
Q18:	|...0..-1 ..-.1..+ ...+.... -.+...-.| ok p=0.457031
Q19:	|...+.... .......+ .0.-..^. -....0+.| ok p=0.874023
Q20:	|.0...0^. ..^....0 01.0.0.. 1.^..1+.| ok p=1
Q21:	|.1.^.1.. ..0....1 1+.1.1.. 1....+0.| ok p=0.766602
Q22:	|.-...+.. ..1..... -....-.. ......0.| ok p=0.720703
Q23:	|........ ..-.0... .^...... 0....^..| ok p=0.99707
Q24:	|.^...^.0 ....1... ^....^.. 1...0...| ok p=1
Q25:	|........ ..^.+... ........ +...1...| ok p=0.762695
Q26:	|......0- ........ ...0.... ....+...| ok p=1
Q27:	|......1- ....^... ...1.... ^.......| ok p=0.999023
Q28:	|......-+ ........ ...-.... ....^...| ok p=0.998047
Q29:	|.......0 ........ ...0.... ........| ok p=1
Q30:	|......^1 ........ ...+.... ........| ok p=1
Q31:	|........ ........ ...+.... ........| ok p=0.994141
Q32:	|........ ........ ........ ........| ok p=1
Q33:	|........ ........ ...!.... ........| ok p=1
Q34:	|........ ........ ........ ........| ok p=1
Q35:	|........ ........ ........ ........| ok p=1
Q36:	|........ ........ ........ ........| ok p=1
Q37:	|........ ........ ........ ........| ok p=1
Q38:	|........ ........ ........ ........| ok p=1
Q39:	|........ ........ ........ ........| ok p=1
Q40:	|........ ........ ........ ........| ok p=1
Q41:	|........ ........ ........ ........| ok p=1
Q42:	|........ ........ ........ ........| ok p=1
Q43:	|........ ........ ........ ........| ok p=1
Q44:	|........ ........ ........ ........| ok p=1
Q45:	|........ ........ ........ ........| ok p=1
Q46:	|........ ........ ........ ........| ok p=1
Q47:	|........ ........ ........ ........| ok p=1
Q48:	|........ ........ ........ ........| ok p=1
Q49:	|........ ........ ........ ........| ok p=1
Q50:	|........ ........ ........ ........| ok p=1
Q51:	|........ ........ ........ ........| ok p=1
Q52:	|........ ........ ........ ........| ok p=1
Q53:	|........ ........ ........ ........| ok p=1
Q54:	|........ ........ ........ ........| ok p=1
Q55:	|........ ........ ........ ........| ok p=1
Q56:	|........ ........ ........ ........| ok p=1
Q57:	|........ ........ ........ ........| ok p=1
Q58:	|........ ........ ........ ........| ok p=1
Q59:	|........ ........ ........ ........| ok p=1
Q60:	|........ .0...... ........ ........| ok p=1
Q61:	|........ .1...... ........ ........| ok p=0.999023
Q62:	|........ .-...... ........ ........| ok p=1
Q63:	|........ .-...... ........ ........| ok p=1
Q64:	|........ .-...... ........ ........|
Starting...
20: Q5m5tunnel      = 5
20: Q4m5tunnel      = 0
20: Q14m6Q3m5tunnel = 1
21: Q10m10tunnel    = 3
21: Q9m10tunnel     = 3
22: Q8Q12m15tunnel  = 3
23: Q4m4tunnel      = 12
24: Q9m9tunnel      = 9
25: Q14Q3m14tunnel  = 1
.20: Q5m5tunnel      = 5
20: Q4m5tunnel      = 0
20: Q14m6Q3m5tunnel = 1
21: Q10m10tunnel    = 3
21: Q9m10tunnel     = 3
22: Q8Q12m15tunnel  = 3
23: Q4m4tunnel      = 12
24: Q9m9tunnel      = 9
25: Q14Q3m14tunnel  = 1
.20: Q5m5tunnel      = 5
20: Q4m5tunnel      = 0
20: Q14m6Q3m5tunnel = 1
21: Q10m10tunnel    = 3
21: Q9m10tunnel     = 3
22: Q8Q12m15tunnel  = 3
23: Q4m4tunnel      = 12
24: Q9m9tunnel      = 9
25: Q14Q3m14tunnel  = 1
.20: Q5m5tunnel      = 5
20: Q4m5tunnel      = 0
20: Q14m6Q3m5tunnel = 1
21: Q10m10tunnel    = 3
21: Q9m10tunnel     = 3
22: Q8Q12m15tunnel  = 3
23: Q4m4tunnel      = 12
24: Q9m9tunnel      = 9
25: Q14Q3m14tunnel  = 1
.1 0
2 0
4 0
8 0
16 0
32 0
64 0
128 0
256 0
512 0
1024 0
2048 0
4096 0
8192 0
16384 0
32768 0
65536 0
115311 1
131072 1
139363 2
162743 4
262144 6
368135 8
Block 1: workdir1/coll1_331275477
84 e1 19 05 cc eb 17 df e0 48 ba 45 45 26 2e 7f 
cd 83 c4 38 4f f4 94 91 9d c6 59 8c 45 a3 07 9a 
79 06 0b f4 50 55 28 c1 1a 19 f7 a5 f0 bb 9b d8 
db b1 d6 5f d9 2e 1e a8 73 d4 70 17 d0 f1 53 af 
Block 2: workdir1/coll2_331275477
84 e1 19 05 cc eb 17 df e0 48 ba 45 45 26 2e 7f 
cd 83 c4 38 4f f4 94 91 9d c6 59 8c 45 a3 07 9a 
79 06 0b f4 50 55 28 c1 1a 19 f7 a5 f0 ab 9b d8 
db b1 d6 5f d9 2e 1e a8 73 d4 70 17 d0 f1 53 af 
Found collision!
