Connect MD5 differential paths
Copyright (C) 2009 Marc Stevens
http://homepages.cwi.nl/~stevens/

delta_m[11] = [!-16!]
Loading workdir3/paths16_0of1.bin.gz...done: 500000.
Loading workdir3/paths11_0of1.bin.gz...done: 500000.
t=12: 0%   10   20   30   40   50   60   70   80   90   100%
      |----|----|----|----|----|----|----|----|----|----|
      *Q-3:	|01001100 11001001 00100011 00011100|
Q-2:	|-110+-0- ++00001- 110011+1 -+1110+-|
Q-1:	|-111+-11 -+011-++ 110+---1 0-01011+|
Q0:	|1+1-+-11 +---00-1 111--+-0 0+110010| ok p=0.395508
Q1:	|1+.+..-. -00+.-10 0-.--1.+ +0..-.+1| ok p=0.513672
Q2:	|0+.-10-. --1-.+1. 1-..010+ 11..-.+-| ok p=1
Q3:	|11.0..0. .--1.+.! --.10... +1..-..-| ok p=1
Q4:	|10.-..-. 1010^+.. -...+.11 -+0.1.11| ok p=1
Q5:	|+110..-. .-0.-1.. +1..1.0. 111.+..-| ok p=1
Q6:	|011-..+. .+..1+.. 1...0.+. ++..-.11| ok p=1
Q7:	|+101..1. .-..01.. 0.....-. 00.0-.11| ok p=1
Q8:	|+0.-..0. .-.!-11. ......-. 11.1-.+.| ok p=1
Q9:	|1+.+.... .0..-.1. ......-0 -.!-..+.| ok p=1
Q10:	|000+^..1 111.-1+1 10..!.00 -.0+00+1| ok p=1
Q11:	|0010+^^1 0-0.11-0 01.^^.0- 1^1110+1| ok p=1
Q12:	|-+++0--+ -0+^++0+ ++^++^++ +-+-----| ok p=1
Q13:	|01+1-00- +---0-10 +0+10+-- +1011---| ok p=1
Q14:	|01000001 010111.1 1101+011 1011+.1+| ok p=1
Q15:	|..11-..1 +00-.+.+ +1-1+100 1.+.01-1| ok p=0.811523
Q16:	|..0+..0. +..-...1 ..0.-.0. ..1.1.-1| ok p=0.878906
Q17:	|..1.^.1. 0..1.^.0 ^.+.+.1. ..-...01| ok p=0.885742
Q18:	|..-^..-. 1..+...1 ....-.+. ..-...10| ok p=0.760742
Q19:	|........ ...+.0.- ..^.-... .0+....+| ok p=1
Q20:	|.0^...^. ...001.. .0..1.^. .1+..0..| ok p=1
Q21:	|.1....0. ...11+.^ .1..1... .+0..1.^| ok p=0.62793
Q22:	|.+....1. ....-... .-...... ..0..-..| ok p=0.744141
Q23:	|......-. 0....^.. ....0... .^......| ok p=0.983398
Q24:	|.^.0.... 1...^... .^..1... 0....^..| ok p=0.995117
Q25:	|......^. +....... ....+... 1.......| ok p=0.680664
Q26:	|..0-.... .......0 ........ +.......| ok p=0.986328
Q27:	|..1-.... ^......1 ....^... ........| ok p=0.938477
Q28:	|..-+.... .......- ........ ^.......| ok p=0.936523
Q29:	|...0.... .......0 ........ ........| ok p=1
Q30:	|..^1.... .......+ ........ ........| ok p=1
Q31:	|........ .......+ ........ ........| ok p=0.950195
Q32:	|........ ........ ........ ........| ok p=1
Q33:	|........ .......! ........ ........| ok p=1
Q34:	|........ ........ ........ ........| ok p=1
Q35:	|........ ........ ........ ........| ok p=1
Q36:	|........ ........ ........ ........| ok p=1
Q37:	|........ ........ ........ ........| ok p=1
Q38:	|........ ........ ........ ........| ok p=1
Q39:	|........ ........ ........ ........| ok p=1
Q40:	|........ ........ ........ ........| ok p=1
Q41:	|........ ........ ........ ........| ok p=1
Q42:	|........ ........ ........ ........| ok p=1
Q43:	|........ ........ ........ ........| ok p=1
Q44:	|........ ........ ........ ........| ok p=1
Q45:	|........ ........ ........ ........| ok p=1
Q46:	|........ ........ ........ ........| ok p=1
Q47:	|........ ........ ........ ........| ok p=1
Q48:	|........ ........ ........ ........| ok p=1
Q49:	|........ ........ ........ ........| ok p=1
Q50:	|........ ........ ........ ........| ok p=1
Q51:	|........ ........ ........ ........| ok p=1
Q52:	|........ ........ ........ ........| ok p=1
Q53:	|........ ........ ........ ........| ok p=1
Q54:	|........ ........ ........ ........| ok p=1
Q55:	|........ ........ ........ ........| ok p=1
Q56:	|........ ........ ........ ........| ok p=1
Q57:	|........ ........ ........ ........| ok p=1
Q58:	|........ ........ ........ ........| ok p=1
Q59:	|........ ........ ........ ........| ok p=1
Q60:	|....00.. ........ ........ ........| ok p=1
Q61:	|.....1.. ........ ........ ........| ok p=0.988281
Q62:	|....-+.. ........ ........ ........| ok p=1
Q63:	|....?-.. ........ ........ ........| ok p=0.969727
Q64:	|.....-.. .......+ ........ ........|
Best path: totcompl=-32 tottunnel=30, totcond=581, p=0.021072
Best paths: 2
Q-3:	|01001100 11001001 00100011 00011100|
Q-2:	|-110+-0- ++00001- 110011+1 -+1110+-|
Q-1:	|-111+-11 -+011-++ 110+---1 0-01011+|
Q0:	|1+1-+-11 +---00-1 111--+-0 0+110010| ok p=0.365234
Q1:	|1+.+..-. -00+.-10 0-.--1.+ +0..-.+1| ok p=0.49707
Q2:	|0+.-10-. --1-.+1. 1-..010+ 11..-.+-| ok p=1
Q3:	|11.0..0. .--1.+.! --.10... +1..-..-| ok p=1
Q4:	|10.-..-. 1010^+.. -...+.11 -+0.1.11| ok p=1
Q5:	|+110..-. .-0.-1.. +1..1.0. 111.+..-| ok p=1
Q6:	|011-..+. .+..1+.. 1...0.+. ++..-.11| ok p=1
Q7:	|+101..1. .-..01.. 0.....-. 00.0-.11| ok p=1
Q8:	|+0.-..0. .-!.-11. ......-. 11.1-.+.| ok p=1
Q9:	|1+.+.... .0..-.1. ......-0 -.!-..+.| ok p=1
Q10:	|000+^..1 111.-1+1 10...!00 -.0+00+1| ok p=1
Q11:	|0010+^^1 0-0.11-0 01.^^.0- 1^1110+1| ok p=1
Q12:	|-+++0--+ -0+^++0+ ++^++^++ +-+-----| ok p=1
Q13:	|01+1-00- +---0-10 +0+10+-- +1011---| ok p=1
Q14:	|01000001 010111.1 1101+011 1011+.+-| ok p=1
Q15:	|..11-..1 +00-.+.+ +1-1+100 1.+.01-.| ok p=0.810547
Q16:	|..0+..0. +..-...1 ..0.-.0. ..1.1.-^| ok p=0.875
Q17:	|..1.^.1. 0..1.^.0 ^.+.+.1. ..-...01| ok p=0.879883
Q18:	|..-^..-. 1..+...1 ....-.+. ..-...10| ok p=0.766602
Q19:	|........ ...+.0.- ..^.-... .0+....+| ok p=0.998047
Q20:	|.0^...^. ...001.. .0..1.^. .1+..0..| ok p=1
Q21:	|.1....0. ...11+.^ .1..1... .+0..1.^| ok p=0.655273
Q22:	|.+....1. ....-... .-...... ..0..-..| ok p=0.742188
Q23:	|......-. 0....^.. ....0... .^......| ok p=0.977539
Q24:	|.^.0.... 1...^... .^..1... 0....^..| ok p=0.999023
Q25:	|......^. +....... ....+... 1.......| ok p=0.6875
Q26:	|..0-.... .......0 ........ +.......| ok p=0.979492
Q27:	|..1-.... ^......1 ....^... ........| ok p=0.938477
Q28:	|..-+.... .......- ........ ^.......| ok p=0.927734
Q29:	|...0.... .......0 ........ ........| ok p=1
Q30:	|..^1.... .......+ ........ ........| ok p=1
Q31:	|........ .......+ ........ ........| ok p=0.946289
Q32:	|........ ........ ........ ........| ok p=1
Q33:	|........ .......! ........ ........| ok p=1
Q34:	|........ ........ ........ ........| ok p=1
Q35:	|........ ........ ........ ........| ok p=1
Q36:	|........ ........ ........ ........| ok p=1
Q37:	|........ ........ ........ ........| ok p=1
Q38:	|........ ........ ........ ........| ok p=1
Q39:	|........ ........ ........ ........| ok p=1
Q40:	|........ ........ ........ ........| ok p=1
Q41:	|........ ........ ........ ........| ok p=1
Q42:	|........ ........ ........ ........| ok p=1
Q43:	|........ ........ ........ ........| ok p=1
Q44:	|........ ........ ........ ........| ok p=1
Q45:	|........ ........ ........ ........| ok p=1
Q46:	|........ ........ ........ ........| ok p=1
Q47:	|........ ........ ........ ........| ok p=1
Q48:	|........ ........ ........ ........| ok p=1
Q49:	|........ ........ ........ ........| ok p=1
Q50:	|........ ........ ........ ........| ok p=1
Q51:	|........ ........ ........ ........| ok p=1
Q52:	|........ ........ ........ ........| ok p=1
Q53:	|........ ........ ........ ........| ok p=1
Q54:	|........ ........ ........ ........| ok p=1
Q55:	|........ ........ ........ ........| ok p=1
Q56:	|........ ........ ........ ........| ok p=1
Q57:	|........ ........ ........ ........| ok p=1
Q58:	|........ ........ ........ ........| ok p=1
Q59:	|........ ........ ........ ........| ok p=1
Q60:	|....00.. ........ ........ ........| ok p=1
Q61:	|.....1.. ........ ........ ........| ok p=0.980469
Q62:	|....-+.. ........ ........ ........| ok p=1
Q63:	|....?-.. ........ ........ ........| ok p=0.974609
Q64:	|.....-.. .......+ ........ ........|
Best path: totcompl=-32 tottunnel=30, totcond=580, p=0.0238007
Best paths: 2
Best paths: 4
Q-3:	|01001100 11001001 00100011 00011100|
Q-2:	|-110+-0- ++00001- 110011+1 -+1110+-|
Q-1:	|-111+-11 -+011-++ 110+---1 0-01011+|
Q0:	|1+1-+-11 +---00-1 111--+-0 0+110010| ok p=0.37207
Q1:	|1+.+..-. -00+.-10 0-.--1.+ +0..-.+1| ok p=0.526367
Q2:	|0+.-10-. --1-.+1. 1-..010+ 11..-.+-| ok p=1
Q3:	|1..0..0. .--1.+.! --.10... +1..-..-| ok p=1
Q4:	|10!-..-. 1010^+.. -...+.11 -+0.1.11| ok p=1
Q5:	|+1.0..-. .-0.-1.. +1..1.0. 111.+..-| ok p=1
Q6:	|01^-..+. .+..1+.. 1...0.+. ++..-.11| ok p=1
Q7:	|+0.1..1. .-..01.. 0.....-. 00.1-.11| ok p=1
Q8:	|-00-..0. .-.!-1.. .....0-. 11.0-.+.| ok p=1
Q9:	|--0+0... ....-... ....01-1 .-^-..+.| ok p=1
Q10:	|000+1.0. 01101^.1 1.001-11 .-.+1.+1| ok p=1
Q11:	|01111.1. 1011--^1 1^110-0- 1+00.0+0| ok p=1
Q12:	|+++0+.+^ ++++00++ ++++--++ 011111+-| ok p=1
Q13:	|011+1.1- 0+---+1- +0-+---- +1-.0+-0| ok p=1
Q14:	|10101.10 1.11010- .1-.+.11 0.0.+11+| ok p=1
Q15:	|...1-..0 +10-0+.+ 0++1+000 0.+.01-1| ok p=0.773438
Q16:	|..0+..0. +..-...0 ..0.-.0. ..1.0.-0| ok p=0.876953
Q17:	|..1.^.1. 0..1.^.0 .^+.+.1. ..-...01| ok p=0.84668
Q18:	|..-^..-. 1..+...1 ....-.+. ..-...10| ok p=0.780273
Q19:	|........ ...+.0.- ..^.-... .0+....+| ok p=0.998047
Q20:	|.0^...^. ...001.. .0..1.^. .1+..0..| ok p=1
Q21:	|.1....0. ...11+.^ .1..1... .+0..1.^| ok p=0.625977
Q22:	|.+....1. ....-... .-...... ..0..-..| ok p=0.746094
Q23:	|......-. 0....^.. ....0... .^......| ok p=0.981445
Q24:	|.^.0.... 1...^... .^..1... 0....^..| ok p=0.995117
Q25:	|......^. +....... ....+... 1.......| ok p=0.679688
Q26:	|..0-.... .......0 ........ +.......| ok p=0.988281
Q27:	|..1-.... ^......1 ....^... ........| ok p=0.943359
Q28:	|..-+.... .......- ........ ^.......| ok p=0.935547
Q29:	|...0.... .......0 ........ ........| ok p=1
Q30:	|..^1.... .......+ ........ ........| ok p=1
Q31:	|........ .......+ ........ ........| ok p=0.928711
Q32:	|........ ........ ........ ........| ok p=1
Q33:	|........ .......! ........ ........| ok p=1
Q34:	|........ ........ ........ ........| ok p=1
Q35:	|........ ........ ........ ........| ok p=1
Q36:	|........ ........ ........ ........| ok p=1
Q37:	|........ ........ ........ ........| ok p=1
Q38:	|........ ........ ........ ........| ok p=1
Q39:	|........ ........ ........ ........| ok p=1
Q40:	|........ ........ ........ ........| ok p=1
Q41:	|........ ........ ........ ........| ok p=1
Q42:	|........ ........ ........ ........| ok p=1
Q43:	|........ ........ ........ ........| ok p=1
Q44:	|........ ........ ........ ........| ok p=1
Q45:	|........ ........ ........ ........| ok p=1
Q46:	|........ ........ ........ ........| ok p=1
Q47:	|........ ........ ........ ........| ok p=1
Q48:	|........ ........ ........ ........| ok p=1
Q49:	|........ ........ ........ ........| ok p=1
Q50:	|........ ........ ........ ........| ok p=1
Q51:	|........ ........ ........ ........| ok p=1
Q52:	|........ ........ ........ ........| ok p=1
Q53:	|........ ........ ........ ........| ok p=1
Q54:	|........ ........ ........ ........| ok p=1
Q55:	|........ ........ ........ ........| ok p=1
Q56:	|........ ........ ........ ........| ok p=1
Q57:	|........ ........ ........ ........| ok p=1
Q58:	|........ ........ ........ ........| ok p=1
Q59:	|........ ........ ........ ........| ok p=1
Q60:	|....00.. ........ ........ ........| ok p=1
Q61:	|.....1.. ........ ........ ........| ok p=0.993164
Q62:	|....-+.. ........ ........ ........| ok p=1
Q63:	|....?-.. ........ ........ ........| ok p=0.974609
Q64:	|.....-.. .......+ ........ ........|
Best path: totcompl=-30 tottunnel=32, totcond=574, p=0.021693
********Q-3:	|01001100 11001001 00100011 00011100|
Q-2:	|-110+-0- ++00001- 110011+1 -+1110+-|
Q-1:	|-111+-11 -+011-++ 110+---1 0-01011+|
Q0:	|1+1-+-11 +---00-1 111--+-0 0+110010| ok p=0.379883
Q1:	|1+.+..-. -00+.-10 0-.--1.+ +0..-.+1| ok p=0.244141
Q2:	|1+.-10-. --1-.+1. 1-..110+ 11..-.+-| ok p=1
Q3:	|0..0..0. .--1.+.! --.10... +1..-..-| ok p=1
Q4:	|00!-..-. 1010.+.. -...+.11 -+0.1.11| ok p=1
Q5:	|-1.0..-. .-0-.+.. +1..1.0. 111.+..-| ok p=1
Q6:	|00.-1.+. .+.0.1.. 0...0.+. ++..-..+| ok p=1
Q7:	|+0^10.1. .-.1.-.. 0!....-^ 11..+..-| ok p=1
Q8:	|+1+0..1. .-!+.+.. .....1-+ 11..+..+| ok p=1
Q9:	|+01..1.. .1.+.+.. .....0+1 +0^....0| ok p=1
Q10:	|+01.101. .+.-01.1 0000!-0- +0+.0..0| ok p=1
Q11:	|+11.111. ^+.+00^1 11101-0- 1+1..^^1| ok p=0.522461
Q12:	|.-+1++-^ +1^++-++ ++++01+- 000.1-++| ok p=0.154297
Q13:	|1+-0--++ 0+---10- 100+---. -0-.000+| ok p=1
Q14:	|001-0011 0101010- 011.+110 0.0.+10+| ok p=1
Q15:	|.110-000 +01-+.-. -.00+11. 0.+.0.-.| ok p=0.836914
Q16:	|..0+..0. +..-...^ ..1.-.0. ..1.0.-^| ok p=0.853516
Q17:	|..1.^.1. 0..1^.^0 ^.+.+.1. ..-...01| ok p=0.857422
Q18:	|..-^..-. 1..+...1 ....-.+. ..-...10| ok p=0.773438
Q19:	|........ ...+.0.- ..^.-... .0+....+| ok p=0.998047
Q20:	|.0^...^. ...001.. .0..1.^. .1+..0..| ok p=1
Q21:	|.1....0. ...11+.^ .1..1... .+0..1.^| ok p=0.629883
Q22:	|.+....1. ....-... .-...... ..0..-..| ok p=0.757812
Q23:	|......-. 0....^.. ....0... .^......| ok p=0.987305
Q24:	|.^.0.... 1...^... .^..1... 0....^..| ok p=0.995117
Q25:	|......^. +....... ....+... 1.......| ok p=0.708008
Q26:	|..0-.... .......0 ........ +.......| ok p=0.984375
Q27:	|..1-.... ^......1 ....^... ........| ok p=0.921875
Q28:	|..-+.... .......- ........ ^.......| ok p=0.926758
Q29:	|...0.... .......0 ........ ........| ok p=1
Q30:	|..^1.... .......+ ........ ........| ok p=1
Q31:	|........ .......+ ........ ........| ok p=0.946289
Q32:	|........ ........ ........ ........| ok p=1
Q33:	|........ .......! ........ ........| ok p=1
Q34:	|........ ........ ........ ........| ok p=1
Q35:	|........ ........ ........ ........| ok p=1
Q36:	|........ ........ ........ ........| ok p=1
Q37:	|........ ........ ........ ........| ok p=1
Q38:	|........ ........ ........ ........| ok p=1
Q39:	|........ ........ ........ ........| ok p=1
Q40:	|........ ........ ........ ........| ok p=1
Q41:	|........ ........ ........ ........| ok p=1
Q42:	|........ ........ ........ ........| ok p=1
Q43:	|........ ........ ........ ........| ok p=1
Q44:	|........ ........ ........ ........| ok p=1
Q45:	|........ ........ ........ ........| ok p=1
Q46:	|........ ........ ........ ........| ok p=1
Q47:	|........ ........ ........ ........| ok p=1
Q48:	|........ ........ ........ ........| ok p=1
Q49:	|........ ........ ........ ........| ok p=1
Q50:	|........ ........ ........ ........| ok p=1
Q51:	|........ ........ ........ ........| ok p=1
Q52:	|........ ........ ........ ........| ok p=1
Q53:	|........ ........ ........ ........| ok p=1
Q54:	|........ ........ ........ ........| ok p=1
Q55:	|........ ........ ........ ........| ok p=1
Q56:	|........ ........ ........ ........| ok p=1
Q57:	|........ ........ ........ ........| ok p=1
Q58:	|........ ........ ........ ........| ok p=1
Q59:	|........ ........ ........ ........| ok p=1
Q60:	|....00.. ........ ........ ........| ok p=1
Q61:	|.....1.. ........ ........ ........| ok p=0.985352
Q62:	|....-+.. ........ ........ ........| ok p=1
Q63:	|....?-.. ........ ........ ........| ok p=0.966797
Q64:	|.....-.. .......+ ........ ........|
Best path: totcompl=-29 tottunnel=33, totcond=574, p=0.000756633
Q-3:	|01001100 11001001 00100011 00011100|
Q-2:	|-110+-0- ++00001- 110011+1 -+1110+-|
Q-1:	|-111+-11 -+011-++ 110+---1 0-01011+|
Q0:	|1+1-+-11 +---00-1 111--+-0 0+110010| ok p=0.394531
Q1:	|1+.+..-. -00+.-10 0-.--1.+ +0..-.+1| ok p=0.214844
Q2:	|1+.-10-. --1-.+1. 1-..110+ 11..-.+-| ok p=1
Q3:	|0..0..0. .--1.+.! --.10... +1..-..-| ok p=1
Q4:	|00!-..-. 1010.+.. -...+.11 -+0.1.11| ok p=1
Q5:	|-1.0..-. .-0-.+.. +1..1.0. 111.+..-| ok p=1
Q6:	|00.-1.+. .+.0.1.. 0...0.+. ++..-..+| ok p=1
Q7:	|+0^10.1. .-.1.-.. 0.!...-^ 11..+..-| ok p=1
Q8:	|+1+0..1. .-!+.+.. .....1-+ 11..+..+| ok p=1
Q9:	|+.11.... .1.+.+.. .....0+1 +0^....0| ok p=1
Q10:	|+01.101. .+.-01.1 0001!-0- +0+.0..0| ok p=1
Q11:	|+11.111. ^+.+00^1 11110-0- 1+1..^^1| ok p=0.503906
Q12:	|.-+1++-^ +1^++-++ ++++111+ 000.1-++| ok p=0.134766
Q13:	|1+-0--++ 0+---10- 101+---1 -0-.000+| ok p=1
Q14:	|001-0011 0101010- 011.+000 0.0.+10+| ok p=1
Q15:	|.110-000 +01-+.-. -.00+11. 0.+.0.-.| ok p=0.84375
Q16:	|..0+..0. +..-...^ ..1.-.0. ..1.0.-^| ok p=0.883789
Q17:	|..1.^.1. 0..1^.^0 ^.+.+.1. ..-...01| ok p=0.863281
Q18:	|..-^..-. 1..+...1 ....-.+. ..-...10| ok p=0.769531
Q19:	|........ ...+.0.- ..^.-... .0+....+| ok p=0.999023
Q20:	|.0^...^. ...001.. .0..1.^. .1+..0..| ok p=1
Q21:	|.1....0. ...11+.^ .1..1... .+0..1.^| ok p=0.611328
Q22:	|.+....1. ....-... .-...... ..0..-..| ok p=0.739258
Q23:	|......-. 0....^.. ....0... .^......| ok p=0.981445
Q24:	|.^.0.... 1...^... .^..1... 0....^..| ok p=0.996094
Q25:	|......^. +....... ....+... 1.......| ok p=0.719727
Q26:	|..0-.... .......0 ........ +.......| ok p=0.990234
Q27:	|..1-.... ^......1 ....^... ........| ok p=0.945312
Q28:	|..-+.... .......- ........ ^.......| ok p=0.928711
Q29:	|...0.... .......0 ........ ........| ok p=1
Q30:	|..^1.... .......+ ........ ........| ok p=1
Q31:	|........ .......+ ........ ........| ok p=0.94043
Q32:	|........ ........ ........ ........| ok p=1
Q33:	|........ .......! ........ ........| ok p=1
Q34:	|........ ........ ........ ........| ok p=1
Q35:	|........ ........ ........ ........| ok p=1
Q36:	|........ ........ ........ ........| ok p=1
Q37:	|........ ........ ........ ........| ok p=1
Q38:	|........ ........ ........ ........| ok p=1
Q39:	|........ ........ ........ ........| ok p=1
Q40:	|........ ........ ........ ........| ok p=1
Q41:	|........ ........ ........ ........| ok p=1
Q42:	|........ ........ ........ ........| ok p=1
Q43:	|........ ........ ........ ........| ok p=1
Q44:	|........ ........ ........ ........| ok p=1
Q45:	|........ ........ ........ ........| ok p=1
Q46:	|........ ........ ........ ........| ok p=1
Q47:	|........ ........ ........ ........| ok p=1
Q48:	|........ ........ ........ ........| ok p=1
Q49:	|........ ........ ........ ........| ok p=1
Q50:	|........ ........ ........ ........| ok p=1
Q51:	|........ ........ ........ ........| ok p=1
Q52:	|........ ........ ........ ........| ok p=1
Q53:	|........ ........ ........ ........| ok p=1
Q54:	|........ ........ ........ ........| ok p=1
Q55:	|........ ........ ........ ........| ok p=1
Q56:	|........ ........ ........ ........| ok p=1
Q57:	|........ ........ ........ ........| ok p=1
Q58:	|........ ........ ........ ........| ok p=1
Q59:	|........ ........ ........ ........| ok p=1
Q60:	|....00.. ........ ........ ........| ok p=1
Q61:	|.....1.. ........ ........ ........| ok p=0.989258
Q62:	|....-+.. ........ ........ ........| ok p=1
Q63:	|....?-.. ........ ........ ........| ok p=0.964844
Q64:	|.....-.. .......+ ........ ........|
Best path: totcompl=-26 tottunnel=36, totcond=574, p=0.000793281
Q-3:	|01001100 11001001 00100011 00011100|
Q-2:	|-110+-0- ++00001- 110011+1 -+1110+-|
Q-1:	|-111+-11 -+011-++ 110+---1 0-01011+|
Q0:	|1+1-+-11 +---00-1 111--+-0 0+110010| ok p=0.396484
Q1:	|1+.+..-. -00+.-10 0-.--1.+ +0..-.+1| ok p=0.369141
Q2:	|.+.-10-. --1-.+1. 1-..010+ 11..-.+-| ok p=1
Q3:	|.0^0..0. .--1.+.! --.11... +1..-.0-| ok p=1
Q4:	|!0.-..-. 0010.+.. -...+.11 -+..1.+1| ok p=1
Q5:	|!+.0..-. .-0..-.. +1..1.0. 10^^+.00| ok p=1
Q6:	|^-.-..+^ .+...+.. 0...0.+. ++..-.1+| ok p=1
Q7:	|^+.0..1- .+...0.. 1.....-. 01^.0..-| ok p=1
Q8:	|.+.1..+1 .-.!.-.. ......-1 1-+01..+| ok p=1
Q9:	|^-....+1 .1...-.. ^....1+0 .1011..0| ok p=1
Q10:	|1-....+. 00.10+00 -000101+ .1+.1000| ok p=1
Q11:	|0-.0.111 10.00+11 01110+0- ..+.-111| ok p=1
Q12:	|-+.1.000 +-.+-.-- -++++--0 .^-^--++| ok p=1
Q13:	|00.-1+++ 00.-+1++ +0+----- .+0++00+| ok p=1
Q14:	|01.00000 11.-110- 11.1+..1 .101+10+| ok p=1
Q15:	|...++110 +..10+0+ +.00+101 .1+10.-.| ok p=0.499023
Q16:	|..1+..0. +..-...0 ..1.-.0. ..1.1.-^| ok p=0.709961
Q17:	|..10^.1. 0..0.^.0 ^.+.+.1. ..-...01| ok p=0.852539
Q18:	|..-0..-. 1..+...1 ....-.+. ..-...10| ok p=0.762695
Q19:	|........ ...+.0.- ..^.-... .0+....+| ok p=0.999023
Q20:	|.0^...^. ...001.. .0..1.^. .1+..0..| ok p=1
Q21:	|.1....0. ...11+.^ .1..1... .+0..1.^| ok p=0.616211
Q22:	|.+....1. ....-... .-...... ..0..-..| ok p=0.733398
Q23:	|......-. 0....^.. ....0... .^......| ok p=0.985352
Q24:	|.^.0.... 1...^... .^..1... 0....^..| ok p=0.995117
Q25:	|......^. +....... ....+... 1.......| ok p=0.682617
Q26:	|..0-.... .......0 ........ +.......| ok p=0.987305
Q27:	|..1-.... ^......1 ....^... ........| ok p=0.946289
Q28:	|..-+.... .......- ........ ^.......| ok p=0.93457
Q29:	|...0.... .......0 ........ ........| ok p=1
Q30:	|..^1.... .......+ ........ ........| ok p=1
Q31:	|........ .......+ ........ ........| ok p=0.933594
Q32:	|........ ........ ........ ........| ok p=1
Q33:	|........ .......! ........ ........| ok p=1
Q34:	|........ ........ ........ ........| ok p=1
Q35:	|........ ........ ........ ........| ok p=1
Q36:	|........ ........ ........ ........| ok p=1
Q37:	|........ ........ ........ ........| ok p=1
Q38:	|........ ........ ........ ........| ok p=1
Q39:	|........ ........ ........ ........| ok p=1
Q40:	|........ ........ ........ ........| ok p=1
Q41:	|........ ........ ........ ........| ok p=1
Q42:	|........ ........ ........ ........| ok p=1
Q43:	|........ ........ ........ ........| ok p=1
Q44:	|........ ........ ........ ........| ok p=1
Q45:	|........ ........ ........ ........| ok p=1
Q46:	|........ ........ ........ ........| ok p=1
Q47:	|........ ........ ........ ........| ok p=1
Q48:	|........ ........ ........ ........| ok p=1
Q49:	|........ ........ ........ ........| ok p=1
Q50:	|........ ........ ........ ........| ok p=1
Q51:	|........ ........ ........ ........| ok p=1
Q52:	|........ ........ ........ ........| ok p=1
Q53:	|........ ........ ........ ........| ok p=1
Q54:	|........ ........ ........ ........| ok p=1
Q55:	|........ ........ ........ ........| ok p=1
Q56:	|........ ........ ........ ........| ok p=1
Q57:	|........ ........ ........ ........| ok p=1
Q58:	|........ ........ ........ ........| ok p=1
Q59:	|........ ........ ........ ........| ok p=1
Q60:	|....00.. ........ ........ ........| ok p=1
Q61:	|.....1.. ........ ........ ........| ok p=0.992188
Q62:	|....-+.. ........ ........ ........| ok p=1
Q63:	|....?-.. ........ ........ ........| ok p=0.977539
Q64:	|.....-.. .......+ ........ ........|
Best path: totcompl=-26 tottunnel=36, totcond=563, p=0.00967066
Q-3:	|01001100 11001001 00100011 00011100|
Q-2:	|-110+-0- ++00001- 110011+1 -+1110+-|
Q-1:	|-111+-11 -+011-++ 110+---1 0-01011+|
Q0:	|1+1-+-11 +---00-1 111--+-0 0+110010| ok p=0.365234
Q1:	|1+.+..-. -00+.-10 0-.--1.+ +0..-.+1| ok p=0.357422
Q2:	|.+1-10-. --1-.+1. 1-..010+ 11..-.+-| ok p=1
Q3:	|.0.0..0. .--1.+.! --.11... +1..-.0-| ok p=1
Q4:	|.0!-..-. 0010.+.. -...+.11 -+111.+1| ok p=1
Q5:	|!+.0..-. .-0..-.. +1..1.0. 10..+.00| ok p=1
Q6:	|^-.-..+^ .+...+.. 0...0.+. ++..-.1+| ok p=1
Q7:	|^+.0..1- .+...0.. 1.....-. 01^.0..-| ok p=1
Q8:	|.+.1..+1 .-!..-.. ......-1 1-+01..+| ok p=1
Q9:	|^-....+1 .1...-.. ^....1+0 .1011..0| ok p=1
Q10:	|1-....+. 00.10+00 -000101+ .1+.1.10| ok p=1
Q11:	|0-.0.111 10.00+11 01110+0- ..+.-^01| ok p=1
Q12:	|-+.1.000 +-.+-.-- -++++--0 .^-^--++| ok p=1
Q13:	|00.-1+++ 00.-+1++ +0+----- .+0++00+| ok p=1
Q14:	|01.00000 11.-110- 11.1+..1 .101+10+| ok p=1
Q15:	|...++110 +..10+0+ +.00+101 .1+10.-.| ok p=0.454102
Q16:	|..1+..0. +..-...0 ..1.-.0. ..1.1.-^| ok p=0.711914
Q17:	|..10^.1. 0..0.^.0 ^.+.+.1. ..-...01| ok p=0.845703
Q18:	|..-0..-. 1..+...1 ....-.+. ..-...10| ok p=0.766602
Q19:	|........ ...+.0.- ..^.-... .0+....+| ok p=0.999023
Q20:	|.0^...^. ...001.. .0..1.^. .1+..0..| ok p=1
Q21:	|.1....0. ...11+.^ .1..1... .+0..1.^| ok p=0.628906
Q22:	|.+....1. ....-... .-...... ..0..-..| ok p=0.740234
Q23:	|......-. 0....^.. ....0... .^......| ok p=0.984375
Q24:	|.^.0.... 1...^... .^..1... 0....^..| ok p=0.998047
Q25:	|......^. +....... ....+... 1.......| ok p=0.695312
Q26:	|..0-.... .......0 ........ +.......| ok p=0.991211
Q27:	|..1-.... ^......1 ....^... ........| ok p=0.944336
Q28:	|..-+.... .......- ........ ^.......| ok p=0.947266
Q29:	|...0.... .......0 ........ ........| ok p=1
Q30:	|..^1.... .......+ ........ ........| ok p=1
Q31:	|........ .......+ ........ ........| ok p=0.939453
Q32:	|........ ........ ........ ........| ok p=1
Q33:	|........ .......! ........ ........| ok p=1
Q34:	|........ ........ ........ ........| ok p=1
Q35:	|........ ........ ........ ........| ok p=1
Q36:	|........ ........ ........ ........| ok p=1
Q37:	|........ ........ ........ ........| ok p=1
Q38:	|........ ........ ........ ........| ok p=1
Q39:	|........ ........ ........ ........| ok p=1
Q40:	|........ ........ ........ ........| ok p=1
Q41:	|........ ........ ........ ........| ok p=1
Q42:	|........ ........ ........ ........| ok p=1
Q43:	|........ ........ ........ ........| ok p=1
Q44:	|........ ........ ........ ........| ok p=1
Q45:	|........ ........ ........ ........| ok p=1
Q46:	|........ ........ ........ ........| ok p=1
Q47:	|........ ........ ........ ........| ok p=1
Q48:	|........ ........ ........ ........| ok p=1
Q49:	|........ ........ ........ ........| ok p=1
Q50:	|........ ........ ........ ........| ok p=1
Q51:	|........ ........ ........ ........| ok p=1
Q52:	|........ ........ ........ ........| ok p=1
Q53:	|........ ........ ........ ........| ok p=1
Q54:	|........ ........ ........ ........| ok p=1
Q55:	|........ ........ ........ ........| ok p=1
Q56:	|........ ........ ........ ........| ok p=1
Q57:	|........ ........ ........ ........| ok p=1
Q58:	|........ ........ ........ ........| ok p=1
Q59:	|........ ........ ........ ........| ok p=1
Q60:	|....00.. ........ ........ ........| ok p=1
Q61:	|.....1.. ........ ........ ........| ok p=0.989258
Q62:	|....-+.. ........ ........ ........| ok p=1
Q63:	|....?-.. ........ ........ ........| ok p=0.970703
Q64:	|.....-.. .......+ ........ ........|
Best path: totcompl=-26 tottunnel=36, totcond=562, p=0.00722894
Best paths: 2
Q-3:	|01001100 11001001 00100011 00011100|
Q-2:	|-110+-0- ++00001- 110011+1 -+1110+-|
Q-1:	|-111+-11 -+011-++ 110+---1 0-01011+|
Q0:	|1+1-+-11 +---00-1 111--+-0 0+110010| ok p=0.384766
Q1:	|1+.+..-. -00+.-10 0-.--1.+ +0..-.+1| ok p=0.416992
Q2:	|.+1-10-. --1-.+1. 1-..010+ 11..-.+-| ok p=1
Q3:	|.0.0..0. .--1.+.! --.11... +1..-.0-| ok p=1
Q4:	|!0.-..-. 0010.+.. -...+.11 -+..1.+1| ok p=1
Q5:	|!+.0..-. .-0..-.. +1..1.0. 10^^+.00| ok p=1
Q6:	|^-.-..+^ .+...+.. 0...0.+. ++..-.1+| ok p=1
Q7:	|^+.0..1- .+...0.. 1.....-. 01^.0..-| ok p=1
Q8:	|.+.1..+1 .-!..-.. ......-1 1-+01..+| ok p=1
Q9:	|^-....+1 .1...-.. ^....1+0 .1011..0| ok p=1
Q10:	|1-....+. 00.10+01 -..1101+ .1+.1000| ok p=1
Q11:	|0-.0.111 10.00+11 0^^00+0- ..+.-111| ok p=1
Q12:	|-+.1.000 +-.+-.-- 0.-++--0 .^-^--++| ok p=1
Q13:	|00.-1+++ 00.-+1++ +.0+---- .+0++00+| ok p=1
Q14:	|01.00000 11.-110- 1.1.+..1 .101+10+| ok p=1
Q15:	|...++110 +..10+0+ +.00+101 .1+10.-.| ok p=0.478516
Q16:	|..1+..0. +..-...0 ..1.-.0. ..1.1.-^| ok p=0.714844
Q17:	|..10^.1. 0..0.^.0 ^.+.+.1. ..-...01| ok p=0.861328
Q18:	|..-0..-. 1..+...1 ....-.+. ..-...10| ok p=0.768555
Q19:	|........ ...+.0.- ..^.-... .0+....+| ok p=0.999023
Q20:	|.0^...^. ...001.. .0..1.^. .1+..0..| ok p=1
Q21:	|.1....0. ...11+.^ .1..1... .+0..1.^| ok p=0.588867
Q22:	|.+....1. ....-... .-...... ..0..-..| ok p=0.764648
Q23:	|......-. 0....^.. ....0... .^......| ok p=0.981445
Q24:	|.^.0.... 1...^... .^..1... 0....^..| ok p=0.99707
Q25:	|......^. +....... ....+... 1.......| ok p=0.69043
Q26:	|..0-.... .......0 ........ +.......| ok p=0.981445
Q27:	|..1-.... ^......1 ....^... ........| ok p=0.927734
Q28:	|..-+.... .......- ........ ^.......| ok p=0.939453
Q29:	|...0.... .......0 ........ ........| ok p=1
Q30:	|..^1.... .......+ ........ ........| ok p=1
Q31:	|........ .......+ ........ ........| ok p=0.94043
Q32:	|........ ........ ........ ........| ok p=1
Q33:	|........ .......! ........ ........| ok p=1
Q34:	|........ ........ ........ ........| ok p=1
Q35:	|........ ........ ........ ........| ok p=1
Q36:	|........ ........ ........ ........| ok p=1
Q37:	|........ ........ ........ ........| ok p=1
Q38:	|........ ........ ........ ........| ok p=1
Q39:	|........ ........ ........ ........| ok p=1
Q40:	|........ ........ ........ ........| ok p=1
Q41:	|........ ........ ........ ........| ok p=1
Q42:	|........ ........ ........ ........| ok p=1
Q43:	|........ ........ ........ ........| ok p=1
Q44:	|........ ........ ........ ........| ok p=1
Q45:	|........ ........ ........ ........| ok p=1
Q46:	|........ ........ ........ ........| ok p=1
Q47:	|........ ........ ........ ........| ok p=1
Q48:	|........ ........ ........ ........| ok p=1
Q49:	|........ ........ ........ ........| ok p=1
Q50:	|........ ........ ........ ........| ok p=1
Q51:	|........ ........ ........ ........| ok p=1
Q52:	|........ ........ ........ ........| ok p=1
Q53:	|........ ........ ........ ........| ok p=1
Q54:	|........ ........ ........ ........| ok p=1
Q55:	|........ ........ ........ ........| ok p=1
Q56:	|........ ........ ........ ........| ok p=1
Q57:	|........ ........ ........ ........| ok p=1
Q58:	|........ ........ ........ ........| ok p=1
Q59:	|........ ........ ........ ........| ok p=1
Q60:	|....00.. ........ ........ ........| ok p=1
Q61:	|.....1.. ........ ........ ........| ok p=0.989258
Q62:	|....-+.. ........ ........ ........| ok p=1
Q63:	|....?-.. ........ ........ ........| ok p=0.96582
Q64:	|.....-.. .......+ ........ ........|
Best path: totcompl=-26 tottunnel=36, totcond=558, p=0.00720241
Q-3:	|01001100 11001001 00100011 00011100|
Q-2:	|-110+-0- ++00001- 110011+1 -+1110+-|
Q-1:	|-111+-11 -+011-++ 110+---1 0-01011+|
Q0:	|1+1-+-11 +---00-1 111--+-0 0+110010| ok p=0.402344
Q1:	|1+.+..-. -00+.-10 0-.--1.+ +0..-.+1| ok p=0.378906
Q2:	|.+.-10-. --1-.+1. 1-..010+ 11..-.+-| ok p=1
Q3:	|!0.0..0. .--1.+.! --.11... +1..-.0-| ok p=1
Q4:	|!0.-..-. 0010.+.. -...+.11 -+1.1.+1| ok p=1
Q5:	|!+.0..-. .-0..-.. +1..1.0. 100.+.00| ok p=1
Q6:	|^-.-..+^ .+...+.. 0...0.+. ++..-.1+| ok p=1
Q7:	|^+.0..1- .+...0.. 1.....-. 01^.0..-| ok p=1
Q8:	|.+.1..+1 .-!..-.. ......-1 1-+01..+| ok p=1
Q9:	|^-....+1 .1...-.. ^....1+0 .1011..0| ok p=1
Q10:	|1-....+. 00.10+01 -..1101+ .1+.1.10| ok p=1
Q11:	|0-.0.111 10.00+11 0^^00+0- ..+.-^01| ok p=1
Q12:	|-+.1.000 +-.+-.-- 0.-++--0 .^-^--++| ok p=1
Q13:	|00.-1+++ 00.-+1++ +.0+---- .+0++00+| ok p=1
Q14:	|01.00000 11.-110- 1.1.+..1 .101+10+| ok p=1
Q15:	|...++110 +..10+0+ +.00+101 .1+10.-.| ok p=0.446289
Q16:	|..1+..0. +..-...0 ..1.-.0. ..1.1.-^| ok p=0.710938
Q17:	|..10^.1. 0..0.^.0 ^.+.+.1. ..-...01| ok p=0.849609
Q18:	|..-0..-. 1..+...1 ....-.+. ..-...10| ok p=0.768555
Q19:	|........ ...+.0.- ..^.-... .0+....+| ok p=1
Q20:	|.0^...^. ...001.. .0..1.^. .1+..0..| ok p=1
Q21:	|.1....0. ...11+.^ .1..1... .+0..1.^| ok p=0.609375
Q22:	|.+....1. ....-... .-...... ..0..-..| ok p=0.729492
Q23:	|......-. 0....^.. ....0... .^......| ok p=0.977539
Q24:	|.^.0.... 1...^... .^..1... 0....^..| ok p=1
Q25:	|......^. +....... ....+... 1.......| ok p=0.698242
Q26:	|..0-.... .......0 ........ +.......| ok p=0.975586
Q27:	|..1-.... ^......1 ....^... ........| ok p=0.933594
Q28:	|..-+.... .......- ........ ^.......| ok p=0.94043
Q29:	|...0.... .......0 ........ ........| ok p=1
Q30:	|..^1.... .......+ ........ ........| ok p=1
Q31:	|........ .......+ ........ ........| ok p=0.939453
Q32:	|........ ........ ........ ........| ok p=1
Q33:	|........ .......! ........ ........| ok p=1
Q34:	|........ ........ ........ ........| ok p=1
Q35:	|........ ........ ........ ........| ok p=1
Q36:	|........ ........ ........ ........| ok p=1
Q37:	|........ ........ ........ ........| ok p=1
Q38:	|........ ........ ........ ........| ok p=1
Q39:	|........ ........ ........ ........| ok p=1
Q40:	|........ ........ ........ ........| ok p=1
Q41:	|........ ........ ........ ........| ok p=1
Q42:	|........ ........ ........ ........| ok p=1
Q43:	|........ ........ ........ ........| ok p=1
Q44:	|........ ........ ........ ........| ok p=1
Q45:	|........ ........ ........ ........| ok p=1
Q46:	|........ ........ ........ ........| ok p=1
Q47:	|........ ........ ........ ........| ok p=1
Q48:	|........ ........ ........ ........| ok p=1
Q49:	|........ ........ ........ ........| ok p=1
Q50:	|........ ........ ........ ........| ok p=1
Q51:	|........ ........ ........ ........| ok p=1
Q52:	|........ ........ ........ ........| ok p=1
Q53:	|........ ........ ........ ........| ok p=1
Q54:	|........ ........ ........ ........| ok p=1
Q55:	|........ ........ ........ ........| ok p=1
Q56:	|........ ........ ........ ........| ok p=1
Q57:	|........ ........ ........ ........| ok p=1
Q58:	|........ ........ ........ ........| ok p=1
Q59:	|........ ........ ........ ........| ok p=1
Q60:	|....00.. ........ ........ ........| ok p=1
Q61:	|.....1.. ........ ........ ........| ok p=0.985352
Q62:	|....-+.. ........ ........ ........| ok p=1
Q63:	|....?-.. ........ ........ ........| ok p=0.975586
Q64:	|.....-.. .......+ ........ ........|
Best path: totcompl=-26 tottunnel=36, totcond=557, p=0.00780338
**********************