Extend MD5 differential paths forward
Copyright (C) 2009 Marc Stevens
http://homepages.cwi.nl/~stevens/

delta_m[11] = [!-16!]
Loading workdir3/lowerpath.bin.gz...done: 1.
Estimating maxcond for upper bound 8000000 (=2000000 * 4)...
t=1:  0%   10   20   30   40   50   60   70   80   90   100%
      |----|----|----|----|----|----|----|----|----|----|
e     ***************************************************
Found maxcond = 2176
t=1:  0%   10   20   30   40   50   60   70   80   90   100%
      |----|----|----|----|----|----|----|----|----|----|
      ***************************************************
Q-3:	|01001100 11001001 00100011 00011100|
Q-2:	|-110+-0- ++00001- 110011+1 -+1110+-|
Q-1:	|-111+-11 -+011-++ 110+---1 0-01011+|
Q0:	|1+1-+-11 +---00-1 111--+-0 0+110010| ok p=0.0605469
Q1:	|1+.+..-. -00+.-01 .-.-.--. -1...--1| ok p=0.520508
Q2:	|+.-..-.+ ...+.-.. .......+ ....-..+|
Saving 251456 paths...done.
Autobalance parameters: maxcond=2176
Verified: 4032 bad out of 255488
Estimating maxcond for upper bound 8000000 (=2000000 * 4)...
t=2:  0%   10   20   30   40   50   60   70   80   90   100%
      |----|----|----|----|----|----|----|----|----|----|
e     ***************************************************
Found maxcond = 169
t=2:  0%   10   20   30   40   50   60   70   80   90   100%
      |----|----|----|----|----|----|----|----|----|----|
      ***************************************************
Q-3:	|01001100 11001001 00100011 00011100|
Q-2:	|-110+-0- ++00001- 110011+1 -+1110+-|
Q-1:	|-111+-11 -+011-++ 110+---1 0-01011+|
Q0:	|1+1-+-11 +---00-1 111--+-0 0+110010| ok p=0.0439453
Q1:	|1+.+..-. 1---.-00 .-.--1.+ +1...--1| ok p=0.532227
Q2:	|+..-11-. --...-1. .0...11+ 01...-0.| ok p=0.641602
Q3:	|.+...+.- .-..-.-. -...+... -..+..+.|
Saving 2000000 paths...done.
Autobalance parameters: maxcond=168
Verified: 264211 bad out of 2366486
Estimating maxcond for upper bound 8000000 (=2000000 * 4)...
t=3:  0%   10   20   30   40   50   60   70   80   90   100%
      |----|----|----|----|----|----|----|----|----|----|
e     ***************************************************
Found maxcond = 185
t=3:  0%   10   20   30   40   50   60   70   80   90   100%
      |----|----|----|----|----|----|----|----|----|----|
      ***************************************************
Q-3:	|01001100 11001001 00100011 00011100|
Q-2:	|-110+-0- ++00001- 110011+1 -+1110+-|
Q-1:	|-111+-11 -+011-++ 110+---1 0-01011+|
Q0:	|1+1-+-11 +---00-1 111--+-0 0+110010| ok p=0.131836
Q1:	|1+.+..-. -0+-.-10 V-.--1.+ +1.V-.+1| ok p=0.489258
Q2:	|.+.-10-. --00.-1. .-...10+ 11..-.+.| ok p=0.586914
Q3:	|...0.... .-1-..-. --.11... 1..+....| ok p=0.416016
Q4:	|.-.+..-. ...+..-. -..+..+. +....-.-|
Saving 2000000 paths...done.
Autobalance parameters: maxcond=183
Verified: 454321 bad out of 4074444
Estimating maxcond for upper bound 8000000 (=2000000 * 4)...
t=4:  0%   10   20   30   40   50   60   70   80   90   100%
      |----|----|----|----|----|----|----|----|----|----|
e     ***************************************************
Found maxcond = 201
t=4:  0%   10   20   30   40   50   60   70   80   90   100%
      |----|----|----|----|----|----|----|----|----|----|
      ***************************************************
Q-3:	|01001100 11001001 00100011 00011100|
Q-2:	|-110+-0- ++00001- 110011+1 -+1110+-|
Q-1:	|-111+-11 -+011-++ 110+---1 0-01011+|
Q0:	|1+1-+-11 +---00-1 111--+-0 0+110010| ok p=0.397461
Q1:	|1+.+..-. -00+.-10 1-.--1.+ +0..-.+1| ok p=0.382812
Q2:	|.+.-10-. ---+.+1. 0-.1.10+ 11..-.1+| ok p=0.55957
Q3:	|...1..0. .--+.-.. --.10... +...-.1-| ok p=0.583984
Q4:	|.1.-..-. 1....+.. -..+...1 0......0| ok p=0.450195
Q5:	|+..+.-.. -...-... .+..+.+. -.+....-|
Saving 2000000 paths...done.
Autobalance parameters: maxcond=200
Verified: 297520 bad out of 2400401
Estimating maxcond for upper bound 8000000 (=2000000 * 4)...
t=5:  0%   10   20   30   40   50   60   70   80   90   100%
      |----|----|----|----|----|----|----|----|----|----|
e     ***************************************************
Found maxcond = 218
t=5:  0%   10   20   30   40   50   60   70   80   90   100%
      |----|----|----|----|----|----|----|----|----|----|
      ***************************************************
Q-3:	|01001100 11001001 00100011 00011100|
Q-2:	|-110+-0- ++00001- 110011+1 -+1110+-|
Q-1:	|-111+-11 -+011-++ 110+---1 0-01011+|
Q0:	|1+1-+-11 +---00-1 111--+-0 0+110010| ok p=0.393555
Q1:	|1+.+..-. -00+.-10 1-.--1.+ +0..-.+1| ok p=0.363281
Q2:	|.+.-10-. --1-.+1. 0-..110+ 11..-.+-| ok p=0.629883
Q3:	|V..1..0. .--1.+.. --.10... +.V.-..-| ok p=0.835938
Q4:	|.1.-..-. 1+00.-.. -...+..1 1.....10| ok p=0.464844
Q5:	|+..+..-. .-1-.-.. +1..0... +.+.1..-| ok p=0.730469
Q6:	|.-....+. .-...+.. ...+..+. .+.+.+.-|
Saving 2000000 paths...done.
Autobalance parameters: maxcond=217
Verified: 12132 bad out of 2375502
Estimating maxcond for upper bound 8000000 (=2000000 * 4)...
t=6:  0%   10   20   30   40   50   60   70   80   90   100%
      |----|----|----|----|----|----|----|----|----|----|
e     ***************************************************
Found maxcond = 233
t=6:  0%   10   20   30   40   50   60   70   80   90   100%
      |----|----|----|----|----|----|----|----|----|----|
      ***************************************************
Q-3:	|01001100 11001001 00100011 00011100|
Q-2:	|-110+-0- ++00001- 110011+1 -+1110+-|
Q-1:	|-111+-11 -+011-++ 110+---1 0-01011+|
Q0:	|1+1-+-11 +---00-1 111--+-0 0+110010| ok p=0.367188
Q1:	|1+.+..-. -00+.-10 0-.--1.+ +0..-.+1| ok p=0.371094
Q2:	|.+.-10-. --1-.+1. 1-..110+ 11..-.+-| ok p=0.582031
Q3:	|V..0..0. .--1.+.. --.10... +1..-..-| ok p=0.882812
Q4:	|.0.-..-. 1010.+.. -...+.V1 1-..0.11| ok p=0.259766
Q5:	|-..1..-. .-0-.+.. +0..1... 11..+..-| ok p=0.488281
Q6:	|0..-..-. .+.0.... -...1.+. .-..-..+| ok p=0.44043
Q7:	|+..-...- .-.-.-.. -.-..-.+ ....+...|
Saving 2000000 paths...done.
Autobalance parameters: maxcond=232
Verified: 9524 bad out of 2090659
Estimating maxcond for upper bound 8000000 (=2000000 * 4)...
t=7:  0%   10   20   30   40   50   60   70   80   90   100%
      |----|----|----|----|----|----|----|----|----|----|
e     ***************************************************
Found maxcond = 247
t=7:  0%   10   20   30   40   50   60   70   80   90   100%
      |----|----|----|----|----|----|----|----|----|----|
      ***************************************************
Q-3:	|01001100 11001001 00100011 00011100|
Q-2:	|-110+-0- ++00001- 110011+1 -+1110+-|
Q-1:	|-111+-11 -+011-++ 110+---1 0-01011+|
Q0:	|1+1-+-11 +---00-1 111--+-0 0+110010| ok p=0.379883
Q1:	|1+.+..-. -00+.-10 0-.--1.+ +0..-.+1| ok p=0.342773
Q2:	|.+.-10-. --1-.+1. 1-..110+ 11..-.+-| ok p=0.583984
Q3:	|V..0..0. .--1.+.. --.10... +1..-..-| ok p=0.910156
Q4:	|.0.-..-. 1010.+.. -...+.V1 1-..1.11| ok p=0.217773
Q5:	|-..0..-. .-0-.+.. +0..0.0. 10..+..-| ok p=0.472656
Q6:	|0..-..-. .-.0.+.. 1...1.+. ++..-..+| ok p=0.470703
Q7:	|+..-..-. .+.1.... 1.....-. -0..+..+| ok p=0.544922
Q8:	|+.....-. +.-.-..- ...-.... -..-.-.-|
Saving 2000000 paths...done.
Autobalance parameters: maxcond=246
Verified: 21921 bad out of 2356753
Estimating maxcond for upper bound 8000000 (=2000000 * 4)...
t=8:  0%   10   20   30   40   50   60   70   80   90   100%
      |----|----|----|----|----|----|----|----|----|----|
e     ***************************************************
Found maxcond = 260
t=8:  0%   10   20   30   40   50   60   70   80   90   100%
      |----|----|----|----|----|----|----|----|----|----|
      ***************************************************
Q-3:	|01001100 11001001 00100011 00011100|
Q-2:	|-110+-0- ++00001- 110011+1 -+1110+-|
Q-1:	|-111+-11 -+011-++ 110+---1 0-01011+|
Q0:	|1+1-+-11 +---00-1 111--+-0 0+110010| ok p=0.37793
Q1:	|1+.+..-. -00+.-10 0-.--1.+ +0..-.+1| ok p=0.382812
Q2:	|.+.-10-. --1-.+1. 1-..010+ 11..-.+-| ok p=0.544922
Q3:	|V..0..0. .--1V+.. --.10... +1..-..-| ok p=0.881836
Q4:	|.0.-..-. 10100+.. -...+.V1 1-..1.11| ok p=0.355469
Q5:	|-..0..-. .-0.-0.. +1..1.0. 01..+..-| ok p=0.275391
Q6:	|0..-..+. .+..++.. 1...1.+. ++..-..1| ok p=0.50293
Q7:	|-..-..+. .+..+1.. 0.....-. 10..1..-| ok p=0.873047
Q8:	|+....... .....1.. -.....0. 11..1..+| ok p=0.626953
Q9:	|+....... +....... +....+.- .+..-..+|
Saving 2000000 paths...done.
Autobalance parameters: maxcond=259
Verified: 14098 bad out of 2915704
Estimating maxcond for upper bound 8000000 (=2000000 * 4)...
t=9:  0%   10   20   30   40   50   60   70   80   90   100%
      |----|----|----|----|----|----|----|----|----|----|
e     ***************************************************
Found maxcond = 271
t=9:  0%   10   20   30   40   50   60   70   80   90   100%
      |----|----|----|----|----|----|----|----|----|----|
      ***************************************************
Q-3:	|01001100 11001001 00100011 00011100|
Q-2:	|-110+-0- ++00001- 110011+1 -+1110+-|
Q-1:	|-111+-11 -+011-++ 110+---1 0-01011+|
Q0:	|1+1-+-11 +---00-1 111--+-0 0+110010| ok p=0.404297
Q1:	|1+.+..-. -00+.-10 0-.--1.+ +0..-.+1| ok p=0.363281
Q2:	|.+.-10-. --1-.+1. 1-..010+ 11..-.+-| ok p=0.561523
Q3:	|V..0..0. .--1V+.. --.10... +1..-..-| ok p=0.898438
Q4:	|.0.-..-. 1010.+.. -...+.11 -+..1.11| ok p=0.248047
Q5:	|+..0..-. .-0.-0.. +1..1.0. 11..+..-| ok p=0.614258
Q6:	|0..-..+. .+..0+.. 1...0.+. ++..-.01| ok p=0.629883
Q7:	|+V.0..1. .-..01.. 0.....-. 00..0.11| ok p=0.689453
Q8:	|+..-..+. .-...-.. ......-. 11..1.+.| ok p=0.876953
Q9:	|.+.+..-. .....-.. ......+. +.....+.| ok p=0.474609
Q10:	|+..+..-. ...+.... -...+.+. .-....+.|
Saving 2000000 paths...done.
Autobalance parameters: maxcond=270
Verified: 8638 bad out of 2772087
Estimating maxcond for upper bound 8000000 (=2000000 * 4)...
t=10: 0%   10   20   30   40   50   60   70   80   90   100%
      |----|----|----|----|----|----|----|----|----|----|
e     ***************************************************
Found maxcond = 282
t=10: 0%   10   20   30   40   50   60   70   80   90   100%
      |----|----|----|----|----|----|----|----|----|----|
      ***************************************************
Q-3:	|01001100 11001001 00100011 00011100|
Q-2:	|-110+-0- ++00001- 110011+1 -+1110+-|
Q-1:	|-111+-11 -+011-++ 110+---1 0-01011+|
Q0:	|1+1-+-11 +---00-1 111--+-0 0+110010| ok p=0.354492
Q1:	|1+.+..-. -00+.-10 0-.--1.+ +0..-.+1| ok p=0.391602
Q2:	|.+.-10-. --1-.+1. 1-..010+ 11..-.+-| ok p=0.550781
Q3:	|V..0..0. .--1V+.. --.10... +1..-..-| ok p=0.885742
Q4:	|.0.-..-. 1010.+.. -...+.11 -+..1.11| ok p=0.265625
Q5:	|+..0..-. .-0.-0.. +1..1.0. 11..+..-| ok p=0.621094
Q6:	|0..-..+. .+..0+.. 1...0.+. ++..-.V1| ok p=0.464844
Q7:	|+..1..1. .-..01.. 0.....-. 10..0.11| ok p=0.901367
Q8:	|-.V+..+. .-..-1.. V.....-. 11..0.+.| ok p=0.297852
Q9:	|-..-..-. ....-... ......-. .-....+.| ok p=0.728516
Q10:	|..++..-. .1...... -.....-. .0....+.| ok p=0.9375
Q11:	|..+.+.-. .....+.. -.....-. -..-..+.|
Saving 2000000 paths...done.
Autobalance parameters: maxcond=281
Verified: 96624 bad out of 2693541
Runtime: 285.412
Extend MD5 differential paths forward
Copyright (C) 2009 Marc Stevens
http://homepages.cwi.nl/~stevens/

delta_m[11] = [!-16!]
Loading workdir3/paths10_0of1...done: 2000000 (work:2000000).
Estimating maxcond for upper bound 2000000 (=500000 * 4)...
t=11: 0%   10   20   30   40   50   60   70   80   90   100%
      |----|----|----|----|----|----|----|----|----|----|
e     ***************************************************
Found maxcond = 293
t=11: 0%   10   20   30   40   50   60   70   80   90   100%
      |----|----|----|----|----|----|----|----|----|----|
      ***************************************************
Q-3:	|01001100 11001001 00100011 00011100|
Q-2:	|-110+-0- ++00001- 110011+1 -+1110+-|
Q-1:	|-111+-11 -+011-++ 110+---1 0-01011+|
Q0:	|1+1-+-11 +---00-1 111--+-0 0+110010| ok p=0.356445
Q1:	|1+.+..-. -00+.-10 0-.--1.+ +0..-.+1| ok p=0.356445
Q2:	|.+.-10-. --1-.+1. 1-..110+ 11..-.+-| ok p=0.606445
Q3:	|V..0..0. .--1.+.. --.10... +1..-..-| ok p=0.87793
Q4:	|.0.-..-. 1010.+.. -...+.11 -+..1.11| ok p=0.246094
Q5:	|+..0..-. .-0-.+.. +1..1.0. 11..+..-| ok p=0.652344
Q6:	|0.V-..+. .+.0.1.. 0...0.+V ++..-..+| ok p=0.739258
Q7:	|-..1..1. .-.1.-.. 0.....-0 11..+..-| ok p=0.621094
Q8:	|+.+0..1. .-.+.+.. ......-+ 11V.+..+| ok p=0.415039
Q9:	|+.0...V. .0.+.+.. ......++ .-.....0| ok p=0.907227
Q10:	|-.1..... .+.-.... ......+0 .-+.0..0| ok p=0.998047
Q11:	|+.....-. .+.+.1.. .......+ ..0.....| ok p=0.486328
Q12:	|.-.-.... +...-... ....+.-. .-......|
Saving 500000 paths...done.
Autobalance parameters: maxcond=291
Verified: 1518 bad out of 899715
Runtime: 28.5164
