MD5 differential path toolbox
Copyright (C) 2009 Marc Stevens
http://homepages.cwi.nl/~stevens/

IHV1   = {1288250140,3077831218,4154249046,3842231737}
IHV1   = 1c23c94c32fa73b756cf9cf7b9cd03e5

IHV2   = {1288250140,3951158386,2069614871,1757597562}
IHV2   = 1c23c94c72e481eb17d15b7b7acfc268

dIHV   = {0,873327168,2210333121,2210333121}
NC0: delta c = delta d = [!-0,31!]
NC0: delta b           = [!-0,-20,-22,31!]
NC1: delta c = delta d = [!6!]
NC1: delta b           = [!6,28!]
NC2: delta c = delta d = [!-9!]
NC2: delta b           = [!0,-9,30!]
NC3: delta c = delta d = [!16!]
NC3: delta b           = [!-7,16!]
NC4: delta c = delta d = [!22!]
NC4: delta b           = [!-11,13,22!]
NC5: delta c = delta d = [!-26!]
NC5: delta b           = [!16,-26!]
NC0: prob=-9.3051
NC1: prob=-5.98901
NC2: prob=-6.07325
NC3: prob=-7.62598
NC4: prob=-6.9249
NC5: prob=-5.00176
delta m_11 = [!-16!]
Q-3:	|01001100 11001001 00100011 00011100|
Q-2:	|-110+-0- ++00001- 110011+1 -+1110+-|
Q-1:	|-111+-11 -+011-++ 110+---1 0-01011+|
Q0:	|1+1-+-11 +---00-1 111--+-0 0+110010| ok p=0.355469
Q1:	|.+.+..-. -..+.-.. -.+.+.+. -...-.+.|
Saved lower diff. path to 'workdir3/lowerpath.bin.gz'.

Q32:	|........ ........ ........ ........|
Q33:	|........ ........ ........ ........|
Q34:	|........ ........ ........ ........|
Q35:	|........ ........ ........ ........| ok p=1
Q36:	|........ ........ ........ ........| ok p=1
Q37:	|........ ........ ........ ........| ok p=1
Q38:	|........ ........ ........ ........| ok p=1
Q39:	|........ ........ ........ ........| ok p=1
Q40:	|........ ........ ........ ........| ok p=1
Q41:	|........ ........ ........ ........| ok p=1
Q42:	|........ ........ ........ ........| ok p=1
Q43:	|........ ........ ........ ........| ok p=1
Q44:	|........ ........ ........ ........| ok p=1
Q45:	|........ ........ ........ ........| ok p=1
Q46:	|........ ........ ........ ........| ok p=1
Q47:	|........ ........ ........ ........| ok p=1
Q48:	|........ ........ ........ ........| ok p=1
Q49:	|........ ........ ........ ........| ok p=1
Q50:	|........ ........ ........ ........| ok p=1
Q51:	|........ ........ ........ ........| ok p=1
Q52:	|........ ........ ........ ........| ok p=1
Q53:	|........ ........ ........ ........| ok p=1
Q54:	|........ ........ ........ ........| ok p=1
Q55:	|........ ........ ........ ........| ok p=1
Q56:	|........ ........ ........ ........| ok p=1
Q57:	|........ ........ ........ ........| ok p=1
Q58:	|........ ........ ........ ........| ok p=1
Q59:	|........ ........ ........ ........| ok p=1
Q60:	|....00.. ........ ........ ........| ok p=1
Q61:	|....Q1.. ........ ........ ........| ok p=0.980469
Q62:	|....-+.. ........ ........ ........| ok p=1
Q63:	|.....-.. ........ ........ ........| ok p=0.963867
Q64:	|.....-.. .......+ ........ ........|
Saved upper diff. path to 'workdir3/upperpath.bin.gz'.
Saved 'md5diffpathforward.cfg'.
Saved 'md5diffpathbackward.cfg'.
Saved 'md5diffpathconnect.cfg'.
Saved 'md5diffpathhelper.cfg'.
