MD5 differential path toolbox
Copyright (C) 2009 Marc Stevens
http://homepages.cwi.nl/~stevens/

delta_m[11] = [!9!]
Q-3:	|00001111 01100000 00001011 10000101|
Q-2:	|+010+-11 0-1-+-++ 11110+-0 1-00011+|
Q-1:	|-01+--10 -+0-+00- 000010+1 1-0111+-|
Q0:	|---+0+00 1+---0-- ++++0-1+ --100001| ok p=0.492188
Q1:	|.00.00.- -.0+1.0+ 0+0+.-11 -+..+.+1| ok p=1
Q2:	|01-0.+.- +100-01+ 0.-..-.0 .+..0.1.| ok p=1
Q3:	|1-1..0.1 1..111.- .011.1.. 0+..1.0.| ok p=1
Q4:	|.-1..1.1 +.!.--.1 ..-..0.. 10....+0| ok p=1
Q5:	|^+...+.- -...+1.0 ..-..+^. 01....+0| ok p=1
Q6:	|!1...0.1 1..^++.. ....!-+. +...1..+| ok p=1
Q7:	|!-.1.1.1 -..+.0.! ..1..-1. -...0.0-| ok p=1
Q8:	|^+11.... +.!101.. .....--. +..^-.10| ok p=1
Q9:	|.+0+.... +..-.... ......0. 0..-+.1+| ok p=1
Q10:	|.11+010. ..1+..^. .1...010 0.11-0+0| ok p=1
Q11:	|.0001111 001-1^-^ ^0...110 0^01-1+1| ok p=1
Q12:	|.+--+++0 01--.+0- --.^.0-+ ++++++--| ok p=1
Q13:	|!++0--1+ ++++.0+1 0+.-.-1- 11+0-++1| ok p=1
Q14:	|..+0+1-1 00+1.111 1-^1!01+ 00.-0.11| ok p=1
Q15:	|!10.+111 110+..01 00+1.-.- .01-000.| ok p=0.811523
Q16:	|..1.1.+. .0-..0.- .1+..-.1 .1.+.0..| ok p=0.725586
Q17:	|....1.0. .1.^.1.. ..1..000 .-.1.1..| ok p=0.861328
Q18:	|.0....0. .-^..+.^ ..-..11. ...+.-..| ok p=0.921875
Q19:	|10....-. ........ ..-.0.+. .^.+....| ok p=0.986328
Q20:	|0-..0... 0^...^.. ..001... 0..0.^..| ok p=0.37793
Q21:	|+1..1.^. 1....0.. ..11-.^. 1..0....| ok p=0.331055
Q22:	|.0..+... -....1.. ...+.... +.......| ok p=0.679688
Q23:	|^....... .....+.0 ....^... ...0....| ok p=0.743164
Q24:	|....^... ^.0....1 ...^.... ^..1...0| ok p=0.457031
Q25:	|........ .....^.- ........ ...-...1| ok p=0.972656
Q26:	|........ .0+..... ......0. .......-| ok p=1
Q27:	|........ .1+....^ ......1. ...^....| ok p=1
Q28:	|........ .+-..... ......+. .......^| ok p=1
Q29:	|........ ..0..... ......0. ........| ok p=1
Q30:	|........ .^1..... ......-. ........| ok p=1
Q31:	|........ ........ ......-. ........| ok p=1
Q32:	|........ ........ ........ ........| ok p=1
Q33:	|........ ........ ......!. ........| ok p=1
Q34:	|........ ........ ........ ........| ok p=1
Q35:	|........ ........ ........ ........| ok p=1
Q36:	|........ ........ ........ ........| ok p=1
Q37:	|........ ........ ........ ........| ok p=1
Q38:	|........ ........ ........ ........| ok p=1
Q39:	|........ ........ ........ ........| ok p=1
Q40:	|........ ........ ........ ........| ok p=1
Q41:	|........ ........ ........ ........| ok p=1
Q42:	|........ ........ ........ ........| ok p=1
Q43:	|........ ........ ........ ........| ok p=1
Q44:	|........ ........ ........ ........| ok p=1
Q45:	|........ ........ ........ ........| ok p=1
Q46:	|........ ........ ........ ........| ok p=1
Q47:	|........ ........ ........ ........| ok p=1
Q48:	|........ ........ ........ ........| ok p=1
Q49:	|........ ........ ........ ........| ok p=1
Q50:	|........ ........ ........ ........| ok p=1
Q51:	|........ ........ ........ ........| ok p=1
Q52:	|........ ........ ........ ........| ok p=1
Q53:	|........ ........ ........ ........| ok p=1
Q54:	|........ ........ ........ ........| ok p=1
Q55:	|........ ........ ........ ........| ok p=1
Q56:	|........ ........ ........ ........| ok p=1
Q57:	|........ ........ ........ ........| ok p=1
Q58:	|........ ........ ........ ........| ok p=1
Q59:	|........ ........ ........ ........| ok p=1
Q60:	|........ ...00... ........ ........| ok p=1
Q61:	|........ ....1... ........ ........| ok p=0.999023
Q62:	|........ ...+-... ........ ........| ok p=1
Q63:	|........ ...?+... ........ ........| ok p=0.999023
Q64:	|........ ....+... ......-. ........|
Starting...
20: Q5m5tunnel      = 2
20: Q4m5tunnel      = 1
20: Q14m6Q3m5tunnel = 2
21: Q10m10tunnel    = 2
21: Q9m10tunnel     = 6
22: Q8Q12m15tunnel  = 0
23: Q4m4tunnel      = 14
24: Q9m9tunnel      = 10
25: Q14Q3m14tunnel  = 0
.20: Q5m5tunnel      = 2
20: Q4m5tunnel      = 1
20: Q14m6Q3m5tunnel = 2
21: Q10m10tunnel    = 2
21: Q9m10tunnel     = 6
22: Q8Q12m15tunnel  = 0
23: Q4m4tunnel      = 14
24: Q9m9tunnel      = 10
25: Q14Q3m14tunnel  = 0
.20: Q5m5tunnel      = 2
20: Q4m5tunnel      = 1
20: Q14m6Q3m5tunnel = 2
21: Q10m10tunnel    = 2
21: Q9m10tunnel     = 6
22: Q8Q12m15tunnel  = 0
23: Q4m4tunnel      = 14
24: Q9m9tunnel      = 10
25: Q14Q3m14tunnel  = 0
.20: Q5m5tunnel      = 2
20: Q4m5tunnel      = 1
20: Q14m6Q3m5tunnel = 2
21: Q10m10tunnel    = 2
21: Q9m10tunnel     = 6
22: Q8Q12m15tunnel  = 0
23: Q4m4tunnel      = 14
24: Q9m9tunnel      = 10
25: Q14Q3m14tunnel  = 0
.1 0
2 0
4 0
8 0
16 0
32 0
64 0
128 0
256 0
512 0
1024 0
2048 0
4096 0
6265 1
Block 1: workdir2/coll1_1355593717
4d 81 a1 d2 fc 46 88 8b c1 c7 d6 54 4d 91 e6 31 
83 89 9d ee 65 c0 ab 33 1b a4 7d 37 c0 93 74 96 
72 07 b2 a2 98 d6 b5 1f 33 1c 1c 63 4e 39 93 fe 
9e f6 7c cc 4b 6b b3 42 64 ac 5c 3a 68 d2 71 f9 
Block 2: workdir2/coll2_1355593717
4d 81 a1 d2 fc 46 88 8b c1 c7 d6 54 4d 91 e6 31 
83 89 9d ee 65 c0 ab 33 1b a4 7d 37 c0 93 74 96 
72 07 b2 a2 98 d6 b5 1f 33 1c 1c 63 4e 3b 93 fe 
9e f6 7c cc 4b 6b b3 42 64 ac 5c 3a 68 d2 71 f9 
Found collision!
