Extend MD5 differential paths backward
Copyright (C) 2009 Marc Stevens
http://homepages.cwi.nl/~stevens/

delta_m[11] = [!12!]
Loading workdir6/upperpath.bin.gz...done: 1.
Estimating maxcond for upper bound 262144 (=65536 * 4)...
t=34: 0%   10   20   30   40   50   60   70   80   90   100%
      |----|----|----|----|----|----|----|----|----|----|
e     ***************************************************
Found maxcond = 2176
t=34: 0%   10   20   30   40   50   60   70   80   90   100%
      |----|----|----|----|----|----|----|----|----|----|
      ***************************************************
Q31:	|........ ........ ...-.... ........|
Q32:	|........ ........ ........ ........|
Q33:	|........ ........ ........ ........|
Q34:	|........ ........ ........ ........| ok p=1
Q35:	|........ ........ ........ ........| ok p=1
Q36:	|........ ........ ........ ........| ok p=1
Q37:	|........ ........ ........ ........| ok p=1
Q38:	|........ ........ ........ ........| ok p=1
Q39:	|........ ........ ........ ........| ok p=1
Q40:	|........ ........ ........ ........| ok p=1
Q41:	|........ ........ ........ ........| ok p=1
Q42:	|........ ........ ........ ........| ok p=1
Q43:	|........ ........ ........ ........| ok p=1
Q44:	|........ ........ ........ ........| ok p=1
Q45:	|........ ........ ........ ........| ok p=1
Q46:	|........ ........ ........ ........| ok p=1
Q47:	|........ ........ ........ ........| ok p=1
Q48:	|........ ........ ........ ........| ok p=1
Q49:	|........ ........ ........ ........| ok p=1
Q50:	|........ ........ ........ ........| ok p=1
Q51:	|........ ........ ........ ........| ok p=1
Q52:	|........ ........ ........ ........| ok p=1
Q53:	|........ ........ ........ ........| ok p=1
Q54:	|........ ........ ........ ........| ok p=1
Q55:	|........ ........ ........ ........| ok p=1
Q56:	|........ ........ ........ ........| ok p=1
Q57:	|........ ........ ........ ........| ok p=1
Q58:	|........ ........ ........ ........| ok p=1
Q59:	|........ ........ ........ ........| ok p=1
Q60:	|........ 00...... ........ ........| ok p=1
Q61:	|........ 10...... ........ ........| ok p=0.998047
Q62:	|........ +-...... ........ ........| ok p=1
Q63:	|........ 0+...... ........ ........| ok p=0.99707
Q64:	|........ .+...... ..+.-... ........|
Saving 1 paths...done.
Autobalance parameters: maxcond=2176
Verified: 0 bad out of 1
Estimating maxcond for upper bound 262144 (=65536 * 4)...
t=33: 0%   10   20   30   40   50   60   70   80   90   100%
      |----|----|----|----|----|----|----|----|----|----|
e     ***************************************************
Found maxcond = 35
t=33: 0%   10   20   30   40   50   60   70   80   90   100%
      |----|----|----|----|----|----|----|----|----|----|
      ***************************************************
Q30:	|........ ........ ...-.... ........|
Q31:	|........ ........ ...-.... ........|
Q32:	|........ ........ ........ ........|
Q33:	|........ ........ ...!.... ........| ok p=1
Q34:	|........ ........ ........ ........| ok p=1
Q35:	|........ ........ ........ ........| ok p=1
Q36:	|........ ........ ........ ........| ok p=1
Q37:	|........ ........ ........ ........| ok p=1
Q38:	|........ ........ ........ ........| ok p=1
Q39:	|........ ........ ........ ........| ok p=1
Q40:	|........ ........ ........ ........| ok p=1
Q41:	|........ ........ ........ ........| ok p=1
Q42:	|........ ........ ........ ........| ok p=1
Q43:	|........ ........ ........ ........| ok p=1
Q44:	|........ ........ ........ ........| ok p=1
Q45:	|........ ........ ........ ........| ok p=1
Q46:	|........ ........ ........ ........| ok p=1
Q47:	|........ ........ ........ ........| ok p=1
Q48:	|........ ........ ........ ........| ok p=1
Q49:	|........ ........ ........ ........| ok p=1
Q50:	|........ ........ ........ ........| ok p=1
Q51:	|........ ........ ........ ........| ok p=1
Q52:	|........ ........ ........ ........| ok p=1
Q53:	|........ ........ ........ ........| ok p=1
Q54:	|........ ........ ........ ........| ok p=1
Q55:	|........ ........ ........ ........| ok p=1
Q56:	|........ ........ ........ ........| ok p=1
Q57:	|........ ........ ........ ........| ok p=1
Q58:	|........ ........ ........ ........| ok p=1
Q59:	|........ ........ ........ ........| ok p=1
Q60:	|........ 00...... ........ ........| ok p=1
Q61:	|........ 10...... ........ ........| ok p=1
Q62:	|........ +-...... ........ ........| ok p=1
Q63:	|........ 0+...... ........ ........| ok p=0.998047
Q64:	|........ .+...... ..+.-... ........|
Saving 65536 paths...done.
Autobalance parameters: maxcond=31
Verified: 0 bad out of 65537
Estimating maxcond for upper bound 262144 (=65536 * 4)...
t=32: 0%   10   20   30   40   50   60   70   80   90   100%
      |----|----|----|----|----|----|----|----|----|----|
e     ***************************************************
Found maxcond = 25
t=32: 0%   10   20   30   40   50   60   70   80   90   100%
      |----|----|----|----|----|----|----|----|----|----|
      ***************************************************
Q29:	|........ ........ ........ ........|
Q30:	|........ ........ ...+.... ........|
Q31:	|........ ........ ...-.... ........|
Q32:	|........ ........ ........ ........| ok p=1
Q33:	|........ ........ ...^.... ........| ok p=1
Q34:	|........ ........ ........ ........| ok p=1
Q35:	|........ ........ ........ ........| ok p=1
Q36:	|........ ........ ........ ........| ok p=1
Q37:	|........ ........ ........ ........| ok p=1
Q38:	|........ ........ ........ ........| ok p=1
Q39:	|........ ........ ........ ........| ok p=1
Q40:	|........ ........ ........ ........| ok p=1
Q41:	|........ ........ ........ ........| ok p=1
Q42:	|........ ........ ........ ........| ok p=1
Q43:	|........ ........ ........ ........| ok p=1
Q44:	|........ ........ ........ ........| ok p=1
Q45:	|........ ........ ........ ........| ok p=1
Q46:	|........ ........ ........ ........| ok p=1
Q47:	|........ ........ ........ ........| ok p=1
Q48:	|........ ........ ........ ........| ok p=1
Q49:	|........ ........ ........ ........| ok p=1
Q50:	|........ ........ ........ ........| ok p=1
Q51:	|........ ........ ........ ........| ok p=1
Q52:	|........ ........ ........ ........| ok p=1
Q53:	|........ ........ ........ ........| ok p=1
Q54:	|........ ........ ........ ........| ok p=1
Q55:	|........ ........ ........ ........| ok p=1
Q56:	|........ ........ ........ ........| ok p=1
Q57:	|........ ........ ........ ........| ok p=1
Q58:	|........ ........ ........ ........| ok p=1
Q59:	|........ ........ ........ ........| ok p=1
Q60:	|........ 00...... ........ ........| ok p=1
Q61:	|........ 10...... ........ ........| ok p=0.99707
Q62:	|........ +-...... ........ ........| ok p=1
Q63:	|........ 0+...... ........ ........| ok p=0.998047
Q64:	|........ .+...... ..+.-... ........|
Saving 65536 paths...done.
Autobalance parameters: maxcond=22
Verified: 0 bad out of 122087
Estimating maxcond for upper bound 262144 (=65536 * 4)...
t=31: 0%   10   20   30   40   50   60   70   80   90   100%
      |----|----|----|----|----|----|----|----|----|----|
e     ***************************************************
Found maxcond = 22
t=31: 0%   10   20   30   40   50   60   70   80   90   100%
      |----|----|----|----|----|----|----|----|----|----|
      ***************************************************
Q28:	|.......+ ........ ...+.... ........|
Q29:	|........ ........ ........ ........|
Q30:	|........ ........ ...-.... ........|
Q31:	|........ ........ ...-.... ........| ok p=0.994141
Q32:	|........ ........ ........ ........| ok p=1
Q33:	|........ ........ ...!.... ........| ok p=1
Q34:	|........ ........ ........ ........| ok p=1
Q35:	|........ ........ ........ ........| ok p=1
Q36:	|........ ........ ........ ........| ok p=1
Q37:	|........ ........ ........ ........| ok p=1
Q38:	|........ ........ ........ ........| ok p=1
Q39:	|........ ........ ........ ........| ok p=1
Q40:	|........ ........ ........ ........| ok p=1
Q41:	|........ ........ ........ ........| ok p=1
Q42:	|........ ........ ........ ........| ok p=1
Q43:	|........ ........ ........ ........| ok p=1
Q44:	|........ ........ ........ ........| ok p=1
Q45:	|........ ........ ........ ........| ok p=1
Q46:	|........ ........ ........ ........| ok p=1
Q47:	|........ ........ ........ ........| ok p=1
Q48:	|........ ........ ........ ........| ok p=1
Q49:	|........ ........ ........ ........| ok p=1
Q50:	|........ ........ ........ ........| ok p=1
Q51:	|........ ........ ........ ........| ok p=1
Q52:	|........ ........ ........ ........| ok p=1
Q53:	|........ ........ ........ ........| ok p=1
Q54:	|........ ........ ........ ........| ok p=1
Q55:	|........ ........ ........ ........| ok p=1
Q56:	|........ ........ ........ ........| ok p=1
Q57:	|........ ........ ........ ........| ok p=1
Q58:	|........ ........ ........ ........| ok p=1
Q59:	|........ ........ ........ ........| ok p=1
Q60:	|........ 00...... ........ ........| ok p=1
Q61:	|........ 10...... ........ ........| ok p=0.99707
Q62:	|........ +-...... ........ ........| ok p=1
Q63:	|........ 0+...... ........ ........| ok p=1
Q64:	|........ .+...... ..+.-... ........|
Saving 65536 paths...done.
Autobalance parameters: maxcond=20
Verified: 0 bad out of 114962
Estimating maxcond for upper bound 262144 (=65536 * 4)...
t=30: 0%   10   20   30   40   50   60   70   80   90   100%
      |----|----|----|----|----|----|----|----|----|----|
e     ***************************************************
Found maxcond = 21
t=30: 0%   10   20   30   40   50   60   70   80   90   100%
      |----|----|----|----|----|----|----|----|----|----|
      ***************************************************
Q27:	|+....... ........ ........ .......-|
Q28:	|.......+ ........ ...-.... ........|
Q29:	|........ ........ ...0.... ........|
Q30:	|.......^ ........ ...+.... ........| ok p=0.505859
Q31:	|........ ........ ...-.... ........| ok p=0.998047
Q32:	|........ ........ ........ ........| ok p=1
Q33:	|........ ........ ...^.... ........| ok p=1
Q34:	|........ ........ ........ ........| ok p=1
Q35:	|........ ........ ........ ........| ok p=1
Q36:	|........ ........ ........ ........| ok p=1
Q37:	|........ ........ ........ ........| ok p=1
Q38:	|........ ........ ........ ........| ok p=1
Q39:	|........ ........ ........ ........| ok p=1
Q40:	|........ ........ ........ ........| ok p=1
Q41:	|........ ........ ........ ........| ok p=1
Q42:	|........ ........ ........ ........| ok p=1
Q43:	|........ ........ ........ ........| ok p=1
Q44:	|........ ........ ........ ........| ok p=1
Q45:	|........ ........ ........ ........| ok p=1
Q46:	|........ ........ ........ ........| ok p=1
Q47:	|........ ........ ........ ........| ok p=1
Q48:	|........ ........ ........ ........| ok p=1
Q49:	|........ ........ ........ ........| ok p=1
Q50:	|........ ........ ........ ........| ok p=1
Q51:	|........ ........ ........ ........| ok p=1
Q52:	|........ ........ ........ ........| ok p=1
Q53:	|........ ........ ........ ........| ok p=1
Q54:	|........ ........ ........ ........| ok p=1
Q55:	|........ ........ ........ ........| ok p=1
Q56:	|........ ........ ........ ........| ok p=1
Q57:	|........ ........ ........ ........| ok p=1
Q58:	|........ ........ ........ ........| ok p=1
Q59:	|........ ........ ........ ........| ok p=1
Q60:	|........ 00...... ........ ........| ok p=1
Q61:	|........ 10...... ........ ........| ok p=0.999023
Q62:	|........ +-...... ........ ........| ok p=1
Q63:	|........ 0+...... ........ ........| ok p=0.996094
Q64:	|........ .+...... ..+.-... ........|
Saving 65536 paths...done.
Autobalance parameters: maxcond=19
Verified: 10066 bad out of 125206
Runtime: 6.51847
Extend MD5 differential paths backward
Copyright (C) 2009 Marc Stevens
http://homepages.cwi.nl/~stevens/

delta_m[11] = [!12!]
Loading workdir6/paths30_0of1...done: 65536 (work:65536).
Estimating maxcond for upper bound 400000 (=100000 * 4)...
t=29: 0%   10   20   30   40   50   60   70   80   90   100%
      |----|----|----|----|----|----|----|----|----|----|
e     ***************************************************
Found maxcond = 23
t=29: 0%   10   20   30   40   50   60   70   80   90   100%
      |----|----|----|----|----|----|----|----|----|----|
      ***************************************************
Q26:	|........ ........ ...-.... ....-...|
Q27:	|.......1 ........ ...+.... ........|
Q28:	|.......+ ........ ...+.... ........|
Q29:	|........ ........ ...1.... ........| ok p=1
Q30:	|.......^ ........ ...-.... ........| ok p=1
Q31:	|........ ........ ...-.... ........| ok p=0.989258
Q32:	|........ ........ ........ ........| ok p=1
Q33:	|........ ........ ...!.... ........| ok p=1
Q34:	|........ ........ ........ ........| ok p=1
Q35:	|........ ........ ........ ........| ok p=1
Q36:	|........ ........ ........ ........| ok p=1
Q37:	|........ ........ ........ ........| ok p=1
Q38:	|........ ........ ........ ........| ok p=1
Q39:	|........ ........ ........ ........| ok p=1
Q40:	|........ ........ ........ ........| ok p=1
Q41:	|........ ........ ........ ........| ok p=1
Q42:	|........ ........ ........ ........| ok p=1
Q43:	|........ ........ ........ ........| ok p=1
Q44:	|........ ........ ........ ........| ok p=1
Q45:	|........ ........ ........ ........| ok p=1
Q46:	|........ ........ ........ ........| ok p=1
Q47:	|........ ........ ........ ........| ok p=1
Q48:	|........ ........ ........ ........| ok p=1
Q49:	|........ ........ ........ ........| ok p=1
Q50:	|........ ........ ........ ........| ok p=1
Q51:	|........ ........ ........ ........| ok p=1
Q52:	|........ ........ ........ ........| ok p=1
Q53:	|........ ........ ........ ........| ok p=1
Q54:	|........ ........ ........ ........| ok p=1
Q55:	|........ ........ ........ ........| ok p=1
Q56:	|........ ........ ........ ........| ok p=1
Q57:	|........ ........ ........ ........| ok p=1
Q58:	|........ ........ ........ ........| ok p=1
Q59:	|........ ........ ........ ........| ok p=1
Q60:	|........ 00...... ........ ........| ok p=1
Q61:	|........ 10...... ........ ........| ok p=0.998047
Q62:	|........ +-...... ........ ........| ok p=1
Q63:	|........ 0+...... ........ ........| ok p=0.999023
Q64:	|........ .+...... ..+.-... ........|
Saving 100000 paths...done.
Autobalance parameters: maxcond=21
Verified: 0 bad out of 189867
Estimating maxcond for upper bound 400000 (=100000 * 4)...
t=28: 0%   10   20   30   40   50   60   70   80   90   100%
      |----|----|----|----|----|----|----|----|----|----|
e     ***************************************************
Found maxcond = 25
t=28: 0%   10   20   30   40   50   60   70   80   90   100%
      |----|----|----|----|----|----|----|----|----|----|
      ***************************************************
Q25:	|........ ....-... ...-.... -.......|
Q26:	|.......- ........ ...-.... ....-...|
Q27:	|.......0 ........ ...+.... ........|
Q28:	|.......+ ........ ...+.... ....^...| ok p=0.996094
Q29:	|........ ........ ...1.... ........| ok p=1
Q30:	|.......^ ........ ...-.... ........| ok p=1
Q31:	|........ ........ ...-.... ........| ok p=0.99707
Q32:	|........ ........ ........ ........| ok p=1
Q33:	|........ ........ ...!.... ........| ok p=1
Q34:	|........ ........ ........ ........| ok p=1
Q35:	|........ ........ ........ ........| ok p=1
Q36:	|........ ........ ........ ........| ok p=1
Q37:	|........ ........ ........ ........| ok p=1
Q38:	|........ ........ ........ ........| ok p=1
Q39:	|........ ........ ........ ........| ok p=1
Q40:	|........ ........ ........ ........| ok p=1
Q41:	|........ ........ ........ ........| ok p=1
Q42:	|........ ........ ........ ........| ok p=1
Q43:	|........ ........ ........ ........| ok p=1
Q44:	|........ ........ ........ ........| ok p=1
Q45:	|........ ........ ........ ........| ok p=1
Q46:	|........ ........ ........ ........| ok p=1
Q47:	|........ ........ ........ ........| ok p=1
Q48:	|........ ........ ........ ........| ok p=1
Q49:	|........ ........ ........ ........| ok p=1
Q50:	|........ ........ ........ ........| ok p=1
Q51:	|........ ........ ........ ........| ok p=1
Q52:	|........ ........ ........ ........| ok p=1
Q53:	|........ ........ ........ ........| ok p=1
Q54:	|........ ........ ........ ........| ok p=1
Q55:	|........ ........ ........ ........| ok p=1
Q56:	|........ ........ ........ ........| ok p=1
Q57:	|........ ........ ........ ........| ok p=1
Q58:	|........ ........ ........ ........| ok p=1
Q59:	|........ ........ ........ ........| ok p=1
Q60:	|........ 00...... ........ ........| ok p=1
Q61:	|........ 10...... ........ ........| ok p=0.998047
Q62:	|........ +-...... ........ ........| ok p=1
Q63:	|........ 0+...... ........ ........| ok p=0.994141
Q64:	|........ .+...... ..+.-... ........|
Saving 100000 paths...done.
Autobalance parameters: maxcond=23
Verified: 0 bad out of 204540
Estimating maxcond for upper bound 400000 (=100000 * 4)...
t=27: 0%   10   20   30   40   50   60   70   80   90   100%
      |----|----|----|----|----|----|----|----|----|----|
e     ***************************************************
Found maxcond = 27
t=27: 0%   10   20   30   40   50   60   70   80   90   100%
      |----|----|----|----|----|----|----|----|----|----|
      ***************************************************
Q24:	|.......+ ........ ........ ...+....|
Q25:	|........ ....-... ........ -...1...|
Q26:	|.......0 ........ ...0.... ....-...|
Q27:	|.......1 ....^... ...1.... ^.......| ok p=0.991211
Q28:	|.......+ ........ ...+.... ....^...| ok p=0.993164
Q29:	|........ ........ ...0.... ........| ok p=1
Q30:	|.......^ ........ ...-.... ........| ok p=1
Q31:	|........ ........ ...-.... ........| ok p=0.996094
Q32:	|........ ........ ........ ........| ok p=1
Q33:	|........ ........ ...!.... ........| ok p=1
Q34:	|........ ........ ........ ........| ok p=1
Q35:	|........ ........ ........ ........| ok p=1
Q36:	|........ ........ ........ ........| ok p=1
Q37:	|........ ........ ........ ........| ok p=1
Q38:	|........ ........ ........ ........| ok p=1
Q39:	|........ ........ ........ ........| ok p=1
Q40:	|........ ........ ........ ........| ok p=1
Q41:	|........ ........ ........ ........| ok p=1
Q42:	|........ ........ ........ ........| ok p=1
Q43:	|........ ........ ........ ........| ok p=1
Q44:	|........ ........ ........ ........| ok p=1
Q45:	|........ ........ ........ ........| ok p=1
Q46:	|........ ........ ........ ........| ok p=1
Q47:	|........ ........ ........ ........| ok p=1
Q48:	|........ ........ ........ ........| ok p=1
Q49:	|........ ........ ........ ........| ok p=1
Q50:	|........ ........ ........ ........| ok p=1
Q51:	|........ ........ ........ ........| ok p=1
Q52:	|........ ........ ........ ........| ok p=1
Q53:	|........ ........ ........ ........| ok p=1
Q54:	|........ ........ ........ ........| ok p=1
Q55:	|........ ........ ........ ........| ok p=1
Q56:	|........ ........ ........ ........| ok p=1
Q57:	|........ ........ ........ ........| ok p=1
Q58:	|........ ........ ........ ........| ok p=1
Q59:	|........ ........ ........ ........| ok p=1
Q60:	|........ 00...... ........ ........| ok p=1
Q61:	|........ 10...... ........ ........| ok p=0.999023
Q62:	|........ +-...... ........ ........| ok p=1
Q63:	|........ 0+...... ........ ........| ok p=0.996094
Q64:	|........ .+...... ..+.-... ........|
Saving 100000 paths...done.
Autobalance parameters: maxcond=25
Verified: 0 bad out of 167192
Estimating maxcond for upper bound 400000 (=100000 * 4)...
t=26: 0%   10   20   30   40   50   60   70   80   90   100%
      |----|----|----|----|----|----|----|----|----|----|
e     ***************************************************
Found maxcond = 31
t=26: 0%   10   20   30   40   50   60   70   80   90   100%
      |----|----|----|----|----|----|----|----|----|----|
      ***************************************************
Q23:	|+......+ ..+..... ..+.-... ........|
Q24:	|........ ....1... ........ 1...+...|
Q25:	|.......- ....-... ...-.... -...0...|
Q26:	|.......- ........ ...-.... ....-...| ok p=0.485352
Q27:	|.......+ ....^... ...+.... ^.......| ok p=1
Q28:	|.......+ ........ ...+.... ....^...| ok p=0.998047
Q29:	|.......1 ........ ...1.... ........| ok p=1
Q30:	|.......0 ........ ...-.... ........| ok p=1
Q31:	|........ ........ ...-.... ........| ok p=0.996094
Q32:	|........ ........ ........ ........| ok p=1
Q33:	|........ ........ ...!.... ........| ok p=1
Q34:	|........ ........ ........ ........| ok p=1
Q35:	|........ ........ ........ ........| ok p=1
Q36:	|........ ........ ........ ........| ok p=1
Q37:	|........ ........ ........ ........| ok p=1
Q38:	|........ ........ ........ ........| ok p=1
Q39:	|........ ........ ........ ........| ok p=1
Q40:	|........ ........ ........ ........| ok p=1
Q41:	|........ ........ ........ ........| ok p=1
Q42:	|........ ........ ........ ........| ok p=1
Q43:	|........ ........ ........ ........| ok p=1
Q44:	|........ ........ ........ ........| ok p=1
Q45:	|........ ........ ........ ........| ok p=1
Q46:	|........ ........ ........ ........| ok p=1
Q47:	|........ ........ ........ ........| ok p=1
Q48:	|........ ........ ........ ........| ok p=1
Q49:	|........ ........ ........ ........| ok p=1
Q50:	|........ ........ ........ ........| ok p=1
Q51:	|........ ........ ........ ........| ok p=1
Q52:	|........ ........ ........ ........| ok p=1
Q53:	|........ ........ ........ ........| ok p=1
Q54:	|........ ........ ........ ........| ok p=1
Q55:	|........ ........ ........ ........| ok p=1
Q56:	|........ ........ ........ ........| ok p=1
Q57:	|........ ........ ........ ........| ok p=1
Q58:	|........ ........ ........ ........| ok p=1
Q59:	|........ ........ ........ ........| ok p=1
Q60:	|........ 00...... ........ ........| ok p=1
Q61:	|........ 10...... ........ ........| ok p=1
Q62:	|........ +-...... ........ ........| ok p=1
Q63:	|........ 0+...... ........ ........| ok p=0.999023
Q64:	|........ .+...... ..+.-... ........|
Saving 100000 paths...done.
Autobalance parameters: maxcond=29
Verified: 3414 bad out of 178692
Estimating maxcond for upper bound 400000 (=100000 * 4)...
t=25: 0%   10   20   30   40   50   60   70   80   90   100%
      |----|----|----|----|----|----|----|----|----|----|
e     ***************************************************
Found maxcond = 36
t=25: 0%   10   20   30   40   50   60   70   80   90   100%
      |----|----|----|----|----|----|----|----|----|----|
      ***************************************************
Q22:	|.+...-.. ........ +....+.. ........|
Q23:	|........ ..+.+... ........ 0.......|
Q24:	|.......0 ....0... ........ 1...0...|
Q25:	|........ ..^.-... ........ -...1...| ok p=0.760742
Q26:	|......0+ ........ ...0.... ....-...| ok p=1
Q27:	|......1+ ....^... ...1.... ^.......| ok p=0.995117
Q28:	|......+- ........ ...+.... ....^...| ok p=0.996094
Q29:	|.......0 ........ ...0.... ........| ok p=1
Q30:	|......^1 ........ ...-.... ........| ok p=1
Q31:	|........ ........ ...-.... ........| ok p=0.993164
Q32:	|........ ........ ........ ........| ok p=1
Q33:	|........ ........ ...!.... ........| ok p=1
Q34:	|........ ........ ........ ........| ok p=1
Q35:	|........ ........ ........ ........| ok p=1
Q36:	|........ ........ ........ ........| ok p=1
Q37:	|........ ........ ........ ........| ok p=1
Q38:	|........ ........ ........ ........| ok p=1
Q39:	|........ ........ ........ ........| ok p=1
Q40:	|........ ........ ........ ........| ok p=1
Q41:	|........ ........ ........ ........| ok p=1
Q42:	|........ ........ ........ ........| ok p=1
Q43:	|........ ........ ........ ........| ok p=1
Q44:	|........ ........ ........ ........| ok p=1
Q45:	|........ ........ ........ ........| ok p=1
Q46:	|........ ........ ........ ........| ok p=1
Q47:	|........ ........ ........ ........| ok p=1
Q48:	|........ ........ ........ ........| ok p=1
Q49:	|........ ........ ........ ........| ok p=1
Q50:	|........ ........ ........ ........| ok p=1
Q51:	|........ ........ ........ ........| ok p=1
Q52:	|........ ........ ........ ........| ok p=1
Q53:	|........ ........ ........ ........| ok p=1
Q54:	|........ ........ ........ ........| ok p=1
Q55:	|........ ........ ........ ........| ok p=1
Q56:	|........ ........ ........ ........| ok p=1
Q57:	|........ ........ ........ ........| ok p=1
Q58:	|........ ........ ........ ........| ok p=1
Q59:	|........ ........ ........ ........| ok p=1
Q60:	|........ 00...... ........ ........| ok p=1
Q61:	|........ 10...... ........ ........| ok p=0.998047
Q62:	|........ +-...... ........ ........| ok p=1
Q63:	|........ 0+...... ........ ........| ok p=0.999023
Q64:	|........ .+...... ..+.-... ........|
Saving 100000 paths...done.
Autobalance parameters: maxcond=35
Verified: 0 bad out of 136018
Estimating maxcond for upper bound 400000 (=100000 * 4)...
t=24: 0%   10   20   30   40   50   60   70   80   90   100%
      |----|----|----|----|----|----|----|----|----|----|
e     ***************************************************
Found maxcond = 44
t=24: 0%   10   20   30   40   50   60   70   80   90   100%
      |----|----|----|----|----|----|----|----|----|----|
      ***************************************************
Q21:	|.......- ...-.... .-...... .....-..|
Q22:	|.+...-.. ..1..... ....1+.. ........|
Q23:	|.......+ ..+.0... ....+... 0.......|
Q24:	|.^...^.+ ....1... .....^.. 1...0...| ok p=0.989258
Q25:	|.......- ..^.-... ....^... -...1...| ok p=0.768555
Q26:	|.......- ........ ...0.... ....-...| ok p=0.994141
Q27:	|.......+ ....^... ...1.... ^.......| ok p=0.996094
Q28:	|.......+ ........ ...+.... ....^...| ok p=0.993164
Q29:	|.......1 ........ ...0.... ........| ok p=1
Q30:	|.......0 ........ ...-.... ........| ok p=1
Q31:	|........ ........ ...-.... ........| ok p=0.996094
Q32:	|........ ........ ........ ........| ok p=1
Q33:	|........ ........ ...!.... ........| ok p=1
Q34:	|........ ........ ........ ........| ok p=1
Q35:	|........ ........ ........ ........| ok p=1
Q36:	|........ ........ ........ ........| ok p=1
Q37:	|........ ........ ........ ........| ok p=1
Q38:	|........ ........ ........ ........| ok p=1
Q39:	|........ ........ ........ ........| ok p=1
Q40:	|........ ........ ........ ........| ok p=1
Q41:	|........ ........ ........ ........| ok p=1
Q42:	|........ ........ ........ ........| ok p=1
Q43:	|........ ........ ........ ........| ok p=1
Q44:	|........ ........ ........ ........| ok p=1
Q45:	|........ ........ ........ ........| ok p=1
Q46:	|........ ........ ........ ........| ok p=1
Q47:	|........ ........ ........ ........| ok p=1
Q48:	|........ ........ ........ ........| ok p=1
Q49:	|........ ........ ........ ........| ok p=1
Q50:	|........ ........ ........ ........| ok p=1
Q51:	|........ ........ ........ ........| ok p=1
Q52:	|........ ........ ........ ........| ok p=1
Q53:	|........ ........ ........ ........| ok p=1
Q54:	|........ ........ ........ ........| ok p=1
Q55:	|........ ........ ........ ........| ok p=1
Q56:	|........ ........ ........ ........| ok p=1
Q57:	|........ ........ ........ ........| ok p=1
Q58:	|........ ........ ........ ........| ok p=1
Q59:	|........ ........ ........ ........| ok p=1
Q60:	|........ 00...... ........ ........| ok p=1
Q61:	|........ 10...... ........ ........| ok p=0.995117
Q62:	|........ +-...... ........ ........| ok p=1
Q63:	|........ 0+...... ........ ........| ok p=0.996094
Q64:	|........ .+...... ..+.-... ........|
Saving 100000 paths...done.
Autobalance parameters: maxcond=43
Verified: 7231 bad out of 163119
Estimating maxcond for upper bound 400000 (=100000 * 4)...
t=23: 0%   10   20   30   40   50   60   70   80   90   100%
      |----|----|----|----|----|----|----|----|----|----|
e     ***************************************************
Found maxcond = 53
t=23: 0%   10   20   30   40   50   60   70   80   90   100%
      |----|----|----|----|----|----|----|----|----|----|
      ***************************************************
Q20:	|........ ....-... ........ .....-.+|
Q21:	|.1...1.. ..-..... 1....1.. .....-..|
Q22:	|.+...-.. ..0.+... +....+.. ........|
Q23:	|........ ..+.+... ........ 0....^..| ok p=0.999023
Q24:	|.^...^.0 ....-... ^....^.. 1...0...| ok p=1
Q25:	|........ ..^.-... ........ -...1...| ok p=0.756836
Q26:	|......0+ ....1... ...0.... ....-...| ok p=1
Q27:	|......1+ ....0... ...1.... ^.......| ok p=0.99707
Q28:	|......+- ........ ...+.... ....^...| ok p=0.996094
Q29:	|.......0 ........ ...0.... ........| ok p=1
Q30:	|......^1 ........ ...-.... ........| ok p=1
Q31:	|........ ........ ...-.... ........| ok p=0.998047
Q32:	|........ ........ ........ ........| ok p=1
Q33:	|........ ........ ...!.... ........| ok p=1
Q34:	|........ ........ ........ ........| ok p=1
Q35:	|........ ........ ........ ........| ok p=1
Q36:	|........ ........ ........ ........| ok p=1
Q37:	|........ ........ ........ ........| ok p=1
Q38:	|........ ........ ........ ........| ok p=1
Q39:	|........ ........ ........ ........| ok p=1
Q40:	|........ ........ ........ ........| ok p=1
Q41:	|........ ........ ........ ........| ok p=1
Q42:	|........ ........ ........ ........| ok p=1
Q43:	|........ ........ ........ ........| ok p=1
Q44:	|........ ........ ........ ........| ok p=1
Q45:	|........ ........ ........ ........| ok p=1
Q46:	|........ ........ ........ ........| ok p=1
Q47:	|........ ........ ........ ........| ok p=1
Q48:	|........ ........ ........ ........| ok p=1
Q49:	|........ ........ ........ ........| ok p=1
Q50:	|........ ........ ........ ........| ok p=1
Q51:	|........ ........ ........ ........| ok p=1
Q52:	|........ ........ ........ ........| ok p=1
Q53:	|........ ........ ........ ........| ok p=1
Q54:	|........ ........ ........ ........| ok p=1
Q55:	|........ ........ ........ ........| ok p=1
Q56:	|........ ........ ........ ........| ok p=1
Q57:	|........ ........ ........ ........| ok p=1
Q58:	|........ ........ ........ ........| ok p=1
Q59:	|........ ........ ........ ........| ok p=1
Q60:	|........ 00...... ........ ........| ok p=1
Q61:	|........ 10...... ........ ........| ok p=0.99707
Q62:	|........ +-...... ........ ........| ok p=1
Q63:	|........ 0+...... ........ ........| ok p=0.994141
Q64:	|........ .+...... ..+.-... ........|
Saving 100000 paths...done.
Autobalance parameters: maxcond=52
Verified: 0 bad out of 113012
Estimating maxcond for upper bound 400000 (=100000 * 4)...
t=22: 0%   10   20   30   40   50   60   70   80   90   100%
      |----|----|----|----|----|----|----|----|----|----|
e     ***************************************************
Found maxcond = 60
t=22: 0%   10   20   30   40   50   60   70   80   90   100%
      |----|----|----|----|----|----|----|----|----|----|
      ***************************************************
Q19:	|...-.... .......- ...+.... +.....-.|
Q20:	|.0...+.. ........ 01...0.. .....1-.|
Q21:	|.1...0.. ..0..... 1-...1.. .....-..|
Q22:	|.+...-.. ..1..... +....+.. ......^.| ok p=0.711914
Q23:	|........ ..+.0... .^...... 0....^..| ok p=0.999023
Q24:	|.^...^.0 ....1... ^....^.. 1...0...| ok p=1
Q25:	|........ ..^.-... ........ -...1...| ok p=0.772461
Q26:	|......0+ ........ ...0.... ....-...| ok p=1
Q27:	|......1+ ....^... ...1.... ^.......| ok p=0.994141
Q28:	|......+- ........ ...+.... ....^...| ok p=0.996094
Q29:	|.......0 ........ ...0.... ........| ok p=1
Q30:	|......^1 ........ ...-.... ........| ok p=1
Q31:	|........ ........ ...-.... ........| ok p=0.996094
Q32:	|........ ........ ........ ........| ok p=1
Q33:	|........ ........ ...!.... ........| ok p=1
Q34:	|........ ........ ........ ........| ok p=1
Q35:	|........ ........ ........ ........| ok p=1
Q36:	|........ ........ ........ ........| ok p=1
Q37:	|........ ........ ........ ........| ok p=1
Q38:	|........ ........ ........ ........| ok p=1
Q39:	|........ ........ ........ ........| ok p=1
Q40:	|........ ........ ........ ........| ok p=1
Q41:	|........ ........ ........ ........| ok p=1
Q42:	|........ ........ ........ ........| ok p=1
Q43:	|........ ........ ........ ........| ok p=1
Q44:	|........ ........ ........ ........| ok p=1
Q45:	|........ ........ ........ ........| ok p=1
Q46:	|........ ........ ........ ........| ok p=1
Q47:	|........ ........ ........ ........| ok p=1
Q48:	|........ ........ ........ ........| ok p=1
Q49:	|........ ........ ........ ........| ok p=1
Q50:	|........ ........ ........ ........| ok p=1
Q51:	|........ ........ ........ ........| ok p=1
Q52:	|........ ........ ........ ........| ok p=1
Q53:	|........ ........ ........ ........| ok p=1
Q54:	|........ ........ ........ ........| ok p=1
Q55:	|........ ........ ........ ........| ok p=1
Q56:	|........ ........ ........ ........| ok p=1
Q57:	|........ ........ ........ ........| ok p=1
Q58:	|........ ........ ........ ........| ok p=1
Q59:	|........ ........ ........ ........| ok p=1
Q60:	|........ 00...... ........ ........| ok p=1
Q61:	|........ 10...... ........ ........| ok p=0.995117
Q62:	|........ +-...... ........ ........| ok p=1
Q63:	|........ 0+...... ........ ........| ok p=0.996094
Q64:	|........ .+...... ..+.-... ........|
Saving 100000 paths...done.
Autobalance parameters: maxcond=59
Verified: 0 bad out of 120736
Estimating maxcond for upper bound 400000 (=100000 * 4)...
t=21: 0%   10   20   30   40   50   60   70   80   90   100%
      |----|----|----|----|----|----|----|----|----|----|
e     ***************************************************
Found maxcond = 71
t=21: 0%   10   20   30   40   50   60   70   80   90   100%
      |----|----|----|----|----|----|----|----|----|----|
      ***************************************************
Q18:	|......+. ..+...-. .+...... +.-...+.|
Q19:	|...-.... ........ --.+.... +....0+.|
Q20:	|.0...0.. ........ -0...0.. .....0-.|
Q21:	|.1.^.1.. ..0..... 0-.^.1.. ^....-1.| ok p=0.765625
Q22:	|.+...-.. ..1..... +....+.. ......^.| ok p=0.72168
Q23:	|........ ..+.0... .^...... 0....^..| ok p=1
Q24:	|.^...^.0 ....1... ^....^.. 1...0...| ok p=0.999023
Q25:	|........ ..^.-... ........ -...1...| ok p=0.763672
Q26:	|......0+ ........ ...0.... ....-...| ok p=1
Q27:	|......1+ ....^... ...1.... ^.......| ok p=0.998047
Q28:	|......+- ........ ...+.... ....^...| ok p=0.995117
Q29:	|.......0 ........ ...0.... ........| ok p=1
Q30:	|......^1 ........ ...-.... ........| ok p=1
Q31:	|........ ........ ...-.... ........| ok p=0.993164
Q32:	|........ ........ ........ ........| ok p=1
Q33:	|........ ........ ...!.... ........| ok p=1
Q34:	|........ ........ ........ ........| ok p=1
Q35:	|........ ........ ........ ........| ok p=1
Q36:	|........ ........ ........ ........| ok p=1
Q37:	|........ ........ ........ ........| ok p=1
Q38:	|........ ........ ........ ........| ok p=1
Q39:	|........ ........ ........ ........| ok p=1
Q40:	|........ ........ ........ ........| ok p=1
Q41:	|........ ........ ........ ........| ok p=1
Q42:	|........ ........ ........ ........| ok p=1
Q43:	|........ ........ ........ ........| ok p=1
Q44:	|........ ........ ........ ........| ok p=1
Q45:	|........ ........ ........ ........| ok p=1
Q46:	|........ ........ ........ ........| ok p=1
Q47:	|........ ........ ........ ........| ok p=1
Q48:	|........ ........ ........ ........| ok p=1
Q49:	|........ ........ ........ ........| ok p=1
Q50:	|........ ........ ........ ........| ok p=1
Q51:	|........ ........ ........ ........| ok p=1
Q52:	|........ ........ ........ ........| ok p=1
Q53:	|........ ........ ........ ........| ok p=1
Q54:	|........ ........ ........ ........| ok p=1
Q55:	|........ ........ ........ ........| ok p=1
Q56:	|........ ........ ........ ........| ok p=1
Q57:	|........ ........ ........ ........| ok p=1
Q58:	|........ ........ ........ ........| ok p=1
Q59:	|........ ........ ........ ........| ok p=1
Q60:	|........ 00...... ........ ........| ok p=1
Q61:	|........ 10...... ........ ........| ok p=0.998047
Q62:	|........ +-...... ........ ........| ok p=1
Q63:	|........ 0+...... ........ ........| ok p=0.998047
Q64:	|........ .+...... ..+.-... ........|
Saving 100000 paths...done.
Autobalance parameters: maxcond=70
Verified: 0 bad out of 122416
Runtime: 18.3201
Extend MD5 differential paths backward
Copyright (C) 2009 Marc Stevens
http://homepages.cwi.nl/~stevens/

delta_m[11] = [!12!]
Loading workdir6/paths21_0of1...done: 100000 (work:100000).
Estimating maxcond for upper bound 65536 (=16384 * 4)...
t=20: 0%   10   20   30   40   50   60   70   80   90   100%
      |----|----|----|----|----|----|----|----|----|----|
e     ***************************************************
Found maxcond = 84
t=20: 0%   10   20   30   40   50   60   70   80   90   100%
      |----|----|----|----|----|----|----|----|----|----|
      ***************************************************
Q17:	|...-.-.. .-.....+ .-....+. ......-.|
Q18:	|...1..+. ..+..... .+.1.... +.-..+..|
Q19:	|...-.+.. ........ --.+.... +....0-.|
Q20:	|.0...+^. ..^..... -0...0.. 0.^..1-.| ok p=0.811523
Q21:	|.1.^.-.. ..0..... 0-.^.1.. ^....-1.| ok p=0.750977
Q22:	|.+...-.. ..1..... +....+.. ......^.| ok p=0.725586
Q23:	|.....1.. ..+.0... .^...... 0....^..| ok p=1
Q24:	|.^...0.0 ....1... ^....^.. 1...0...| ok p=1
Q25:	|........ ..^.-... ........ -...1...| ok p=0.753906
Q26:	|......0+ ........ ...0.... ....-...| ok p=1
Q27:	|......1+ ....^... ...1.... ^.......| ok p=0.999023
Q28:	|......+- ........ ...+.... ....^...| ok p=0.998047
Q29:	|.......0 ........ ...0.... ........| ok p=1
Q30:	|......^1 ........ ...-.... ........| ok p=1
Q31:	|........ ........ ...-.... ........| ok p=0.996094
Q32:	|........ ........ ........ ........| ok p=1
Q33:	|........ ........ ...!.... ........| ok p=1
Q34:	|........ ........ ........ ........| ok p=1
Q35:	|........ ........ ........ ........| ok p=1
Q36:	|........ ........ ........ ........| ok p=1
Q37:	|........ ........ ........ ........| ok p=1
Q38:	|........ ........ ........ ........| ok p=1
Q39:	|........ ........ ........ ........| ok p=1
Q40:	|........ ........ ........ ........| ok p=1
Q41:	|........ ........ ........ ........| ok p=1
Q42:	|........ ........ ........ ........| ok p=1
Q43:	|........ ........ ........ ........| ok p=1
Q44:	|........ ........ ........ ........| ok p=1
Q45:	|........ ........ ........ ........| ok p=1
Q46:	|........ ........ ........ ........| ok p=1
Q47:	|........ ........ ........ ........| ok p=1
Q48:	|........ ........ ........ ........| ok p=1
Q49:	|........ ........ ........ ........| ok p=1
Q50:	|........ ........ ........ ........| ok p=1
Q51:	|........ ........ ........ ........| ok p=1
Q52:	|........ ........ ........ ........| ok p=1
Q53:	|........ ........ ........ ........| ok p=1
Q54:	|........ ........ ........ ........| ok p=1
Q55:	|........ ........ ........ ........| ok p=1
Q56:	|........ ........ ........ ........| ok p=1
Q57:	|........ ........ ........ ........| ok p=1
Q58:	|........ ........ ........ ........| ok p=1
Q59:	|........ ........ ........ ........| ok p=1
Q60:	|........ 00...... ........ ........| ok p=1
Q61:	|........ 10...... ........ ........| ok p=0.995117
Q62:	|........ +-...... ........ ........| ok p=1
Q63:	|........ 0+...... ........ ........| ok p=0.996094
Q64:	|........ .+...... ..+.-... ........|
Saving 16384 paths...done.
Autobalance parameters: maxcond=83
Verified: 0 bad out of 25123
Runtime: 3.95375
Extend MD5 differential paths backward
Copyright (C) 2009 Marc Stevens
http://homepages.cwi.nl/~stevens/

delta_m[11] = [!12!]
Loading workdir6/paths20_0of1...done: 16384 (work:16384).
Estimating maxcond for upper bound 2000000 (=500000 * 4)...
t=19: 0%   10   20   30   40   50   60   70   80   90   100%
      |----|----|----|----|----|----|----|----|----|----|
e     ***************************************************
Found maxcond = 95
t=19: 0%   10   20   30   40   50   60   70   80   90   100%
      |----|----|----|----|----|----|----|----|----|----|
      ***************************************************
Q16:	|..+....- ....-..+ .-...... +.....-.|
Q17:	|......1. ..1..... ...-..-. ..1.....|
Q18:	|...-..+. ..+....- ...0.... +.-...+.|
Q19:	|...-.... .......- .0.+..^. +....0+.| ok p=0.873047
Q20:	|.0.1.0^. ..^....0 01...0.. 0.^..0-.| ok p=1
Q21:	|.1.0.1.. ..0....1 1-.^.1.. ^....-1.| ok p=0.712891
Q22:	|.+...-.. ..1..... +....+.. ......^.| ok p=0.693359
Q23:	|........ ..+.0... .^...... 0....^..| ok p=1
Q24:	|.^...^.0 ....1... ^....^.. 1...0...| ok p=1
Q25:	|........ ..^.-... ........ -...1...| ok p=0.767578
Q26:	|......0+ ........ ...0.... ....-...| ok p=1
Q27:	|......1+ ....^... ...1.... ^.......| ok p=0.998047
Q28:	|......+- ........ ...+.... ....^...| ok p=0.993164
Q29:	|.......0 ........ ...0.... ........| ok p=1
Q30:	|......^1 ........ ...-.... ........| ok p=1
Q31:	|........ ........ ...-.... ........| ok p=0.998047
Q32:	|........ ........ ........ ........| ok p=1
Q33:	|........ ........ ...!.... ........| ok p=1
Q34:	|........ ........ ........ ........| ok p=1
Q35:	|........ ........ ........ ........| ok p=1
Q36:	|........ ........ ........ ........| ok p=1
Q37:	|........ ........ ........ ........| ok p=1
Q38:	|........ ........ ........ ........| ok p=1
Q39:	|........ ........ ........ ........| ok p=1
Q40:	|........ ........ ........ ........| ok p=1
Q41:	|........ ........ ........ ........| ok p=1
Q42:	|........ ........ ........ ........| ok p=1
Q43:	|........ ........ ........ ........| ok p=1
Q44:	|........ ........ ........ ........| ok p=1
Q45:	|........ ........ ........ ........| ok p=1
Q46:	|........ ........ ........ ........| ok p=1
Q47:	|........ ........ ........ ........| ok p=1
Q48:	|........ ........ ........ ........| ok p=1
Q49:	|........ ........ ........ ........| ok p=1
Q50:	|........ ........ ........ ........| ok p=1
Q51:	|........ ........ ........ ........| ok p=1
Q52:	|........ ........ ........ ........| ok p=1
Q53:	|........ ........ ........ ........| ok p=1
Q54:	|........ ........ ........ ........| ok p=1
Q55:	|........ ........ ........ ........| ok p=1
Q56:	|........ ........ ........ ........| ok p=1
Q57:	|........ ........ ........ ........| ok p=1
Q58:	|........ ........ ........ ........| ok p=1
Q59:	|........ ........ ........ ........| ok p=1
Q60:	|........ 00...... ........ ........| ok p=1
Q61:	|........ 10...... ........ ........| ok p=0.99707
Q62:	|........ +-...... ........ ........| ok p=1
Q63:	|........ 0+...... ........ ........| ok p=0.999023
Q64:	|........ .+...... ..+.-... ........|
Saving 500000 paths...done.
Autobalance parameters: maxcond=94
Verified: 0 bad out of 773613
Estimating maxcond for upper bound 2000000 (=500000 * 4)...
t=18: 0%   10   20   30   40   50   60   70   80   90   100%
      |----|----|----|----|----|----|----|----|----|----|
e     ***************************************************
Found maxcond = 107
t=18: 0%   10   20   30   40   50   60   70   80   90   100%
      |----|----|----|----|----|----|----|----|----|----|
      ***************************************************
Q15:	|.+....+. +..-.... -.+.+... -.....-.|
Q16:	|...+..0- ..0.-..+ ......1. +.+.....|
Q17:	|...0..1. ..1....0 ...0..-. 1.0...+.|
Q18:	|...0..+^ ..+.^..- ...1.... 1.-...+.| ok p=0.6875
Q19:	|...-.... .......- .0.+..^. +....0-.| ok p=0.878906
Q20:	|.0...0^. ..^....0 01...0.. 0.^..1-.| ok p=1
Q21:	|.1.^.1.. ..0....1 1-.^.1.. 1....-0.| ok p=0.779297
Q22:	|.+...-.. ..1..... +....+.. ......^.| ok p=0.731445
Q23:	|........ ..+.0... .^...... 0....^..| ok p=0.999023
Q24:	|.^...^.0 ....1... ^....^.. 1...0...| ok p=1
Q25:	|........ ..^.-... ........ -...1...| ok p=0.746094
Q26:	|......0+ ........ ...0.... ....-...| ok p=1
Q27:	|......1+ ....^... ...1.... ^.......| ok p=0.999023
Q28:	|......+- ........ ...+.... ....^...| ok p=0.998047
Q29:	|.......0 ........ ...0.... ........| ok p=1
Q30:	|......^1 ........ ...-.... ........| ok p=1
Q31:	|........ ........ ...-.... ........| ok p=0.995117
Q32:	|........ ........ ........ ........| ok p=1
Q33:	|........ ........ ...!.... ........| ok p=1
Q34:	|........ ........ ........ ........| ok p=1
Q35:	|........ ........ ........ ........| ok p=1
Q36:	|........ ........ ........ ........| ok p=1
Q37:	|........ ........ ........ ........| ok p=1
Q38:	|........ ........ ........ ........| ok p=1
Q39:	|........ ........ ........ ........| ok p=1
Q40:	|........ ........ ........ ........| ok p=1
Q41:	|........ ........ ........ ........| ok p=1
Q42:	|........ ........ ........ ........| ok p=1
Q43:	|........ ........ ........ ........| ok p=1
Q44:	|........ ........ ........ ........| ok p=1
Q45:	|........ ........ ........ ........| ok p=1
Q46:	|........ ........ ........ ........| ok p=1
Q47:	|........ ........ ........ ........| ok p=1
Q48:	|........ ........ ........ ........| ok p=1
Q49:	|........ ........ ........ ........| ok p=1
Q50:	|........ ........ ........ ........| ok p=1
Q51:	|........ ........ ........ ........| ok p=1
Q52:	|........ ........ ........ ........| ok p=1
Q53:	|........ ........ ........ ........| ok p=1
Q54:	|........ ........ ........ ........| ok p=1
Q55:	|........ ........ ........ ........| ok p=1
Q56:	|........ ........ ........ ........| ok p=1
Q57:	|........ ........ ........ ........| ok p=1
Q58:	|........ ........ ........ ........| ok p=1
Q59:	|........ ........ ........ ........| ok p=1
Q60:	|........ 00...... ........ ........| ok p=1
Q61:	|........ 10...... ........ ........| ok p=0.998047
Q62:	|........ +-...... ........ ........| ok p=1
Q63:	|........ 0+...... ........ ........| ok p=0.998047
Q64:	|........ .+...... ..+.-... ........|
Saving 500000 paths...done.
Autobalance parameters: maxcond=105
Verified: 0 bad out of 910831
Estimating maxcond for upper bound 2000000 (=500000 * 4)...
t=17: 0%   10   20   30   40   50   60   70   80   90   100%
      |----|----|----|----|----|----|----|----|----|----|
e     ***************************************************
Found maxcond = 123
t=17: 0%   10   20   30   40   50   60   70   80   90   100%
      |----|----|----|----|----|----|----|----|----|----|
      ***************************************************
Q14:	|+..-...+ .......+ ...+..-. -.-....-|
Q15:	|.+.....1 +...1... -..--..- ......+.|
Q16:	|......0+ ..0.-.0. 01.0...1 +.0...-.|
Q17:	|.^.0..0. ^.1...1. +..0^..+ +.1...1.| ok p=0.607422
Q18:	|...0..+^ ..+.^.-. +-.1.... +.-...+.| ok p=0.667969
Q19:	|...-.... ........ --.+...^ +....0+.| ok p=0.894531
Q20:	|.0...0^. ..^...^. -0...0.. 1.^..0-.| ok p=1
Q21:	|.1.^.1.. ..0..... 0-.^.1.. ^....-1.| ok p=0.762695
Q22:	|.+...-.. ..1..... +....+.. ......^.| ok p=0.720703
Q23:	|........ ..+.0... .^...... 0....^..| ok p=0.99707
Q24:	|.^...^.0 ....1... ^....^.. 1...0...| ok p=1
Q25:	|........ ..^.-... ........ -...1...| ok p=0.759766
Q26:	|......0+ ........ ...0.... ....-...| ok p=1
Q27:	|......1+ ....^... ...1.... ^.......| ok p=0.996094
Q28:	|......+- ........ ...+.... ....^...| ok p=0.995117
Q29:	|.......0 ........ ...0.... ........| ok p=1
Q30:	|......^1 ........ ...-.... ........| ok p=1
Q31:	|........ ........ ...-.... ........| ok p=0.99707
Q32:	|........ ........ ........ ........| ok p=1
Q33:	|........ ........ ...!.... ........| ok p=1
Q34:	|........ ........ ........ ........| ok p=1
Q35:	|........ ........ ........ ........| ok p=1
Q36:	|........ ........ ........ ........| ok p=1
Q37:	|........ ........ ........ ........| ok p=1
Q38:	|........ ........ ........ ........| ok p=1
Q39:	|........ ........ ........ ........| ok p=1
Q40:	|........ ........ ........ ........| ok p=1
Q41:	|........ ........ ........ ........| ok p=1
Q42:	|........ ........ ........ ........| ok p=1
Q43:	|........ ........ ........ ........| ok p=1
Q44:	|........ ........ ........ ........| ok p=1
Q45:	|........ ........ ........ ........| ok p=1
Q46:	|........ ........ ........ ........| ok p=1
Q47:	|........ ........ ........ ........| ok p=1
Q48:	|........ ........ ........ ........| ok p=1
Q49:	|........ ........ ........ ........| ok p=1
Q50:	|........ ........ ........ ........| ok p=1
Q51:	|........ ........ ........ ........| ok p=1
Q52:	|........ ........ ........ ........| ok p=1
Q53:	|........ ........ ........ ........| ok p=1
Q54:	|........ ........ ........ ........| ok p=1
Q55:	|........ ........ ........ ........| ok p=1
Q56:	|........ ........ ........ ........| ok p=1
Q57:	|........ ........ ........ ........| ok p=1
Q58:	|........ ........ ........ ........| ok p=1
Q59:	|........ ........ ........ ........| ok p=1
Q60:	|........ 00...... ........ ........| ok p=1
Q61:	|........ 10...... ........ ........| ok p=0.998047
Q62:	|........ +-...... ........ ........| ok p=1
Q63:	|........ 0+...... ........ ........| ok p=0.99707
Q64:	|........ .+...... ..+.-... ........|
Saving 500000 paths...done.
Autobalance parameters: maxcond=122
Verified: 0 bad out of 540383
Estimating maxcond for upper bound 2000000 (=500000 * 4)...
t=16: 0%   10   20   30   40   50   60   70   80   90   100%
      |----|----|----|----|----|----|----|----|----|----|
e     ***************************************************
Found maxcond = 135
t=16: 0%   10   20   30   40   50   60   70   80   90   100%
      |----|----|----|----|----|----|----|----|----|----|
      ***************************************************
Q13:	|........ -..+...- .+..-... -.-.+...|
Q14:	|+..-...+ 1....... .1..+... -.....1.|
Q15:	|+..1...0 +...-..+ .-.0-.0. -.....-.|
Q16:	|0..+..0- ..0.-..+ ....1.1. +.0...1.| ok p=0.729492
Q17:	|^..0..1. ^.1.0..1 .^.-0.-. -.1...+.| ok p=0.504883
Q18:	|...0..+^ ..+.1..- ...-.... +.-...+.| ok p=0.458008
Q19:	|...-.... .......- .0.+..^. +....0-.| ok p=0.881836
Q20:	|.0...0^. ..^....0 01.0.0.. 1.^..1-.| ok p=1
Q21:	|.1.^.1.. ..0....1 1-.1.1.. ^....-0.| ok p=0.759766
Q22:	|.+...-.. ..1..... +....+.. ......^.| ok p=0.71582
Q23:	|........ ..+.0... .^...... 0....^..| ok p=0.998047
Q24:	|.^...^.0 ....1... ^....^.. 1...0...| ok p=1
Q25:	|........ ..^.-... ........ -...1...| ok p=0.775391
Q26:	|......0+ ........ ...0.... ....-...| ok p=1
Q27:	|......1+ ....^... ...1.... ^.......| ok p=0.994141
Q28:	|......+- ........ ...+.... ....^...| ok p=0.996094
Q29:	|.......0 ........ ...0.... ........| ok p=1
Q30:	|......^1 ........ ...-.... ........| ok p=1
Q31:	|........ ........ ...-.... ........| ok p=0.996094
Q32:	|........ ........ ........ ........| ok p=1
Q33:	|........ ........ ...!.... ........| ok p=1
Q34:	|........ ........ ........ ........| ok p=1
Q35:	|........ ........ ........ ........| ok p=1
Q36:	|........ ........ ........ ........| ok p=1
Q37:	|........ ........ ........ ........| ok p=1
Q38:	|........ ........ ........ ........| ok p=1
Q39:	|........ ........ ........ ........| ok p=1
Q40:	|........ ........ ........ ........| ok p=1
Q41:	|........ ........ ........ ........| ok p=1
Q42:	|........ ........ ........ ........| ok p=1
Q43:	|........ ........ ........ ........| ok p=1
Q44:	|........ ........ ........ ........| ok p=1
Q45:	|........ ........ ........ ........| ok p=1
Q46:	|........ ........ ........ ........| ok p=1
Q47:	|........ ........ ........ ........| ok p=1
Q48:	|........ ........ ........ ........| ok p=1
Q49:	|........ ........ ........ ........| ok p=1
Q50:	|........ ........ ........ ........| ok p=1
Q51:	|........ ........ ........ ........| ok p=1
Q52:	|........ ........ ........ ........| ok p=1
Q53:	|........ ........ ........ ........| ok p=1
Q54:	|........ ........ ........ ........| ok p=1
Q55:	|........ ........ ........ ........| ok p=1
Q56:	|........ ........ ........ ........| ok p=1
Q57:	|........ ........ ........ ........| ok p=1
Q58:	|........ ........ ........ ........| ok p=1
Q59:	|........ ........ ........ ........| ok p=1
Q60:	|........ 00...... ........ ........| ok p=1
Q61:	|........ 10...... ........ ........| ok p=0.999023
Q62:	|........ +-...... ........ ........| ok p=1
Q63:	|........ 0+...... ........ ........| ok p=0.999023
Q64:	|........ .+...... ..+.-... ........|
Saving 500000 paths...done.
Autobalance parameters: maxcond=134
Verified: 0 bad out of 568770
Runtime: 57.9956
