Connect MD5 differential paths
Copyright (C) 2009 Marc Stevens
http://homepages.cwi.nl/~stevens/

delta_m[11] = [!12!]
Loading workdir6/paths16_0of1.bin.gz...done: 500000.
Loading workdir6/paths11_0of1.bin.gz...done: 500000.
t=12: 0%   10   20   30   40   50   60   70   80   90   100%
      |----|----|----|----|----|----|----|----|----|----|
      *Q-3:	|10101000 01101110 01110000 11000001|
Q-2:	|-0100110 0-10110- 01001011 0001111+|
Q-1:	|-1011100 1-00111- 11100111 1000+---|
Q0:	|+0111000 +---111- 10-+-01+ -11101+-| ok p=0.25
Q1:	|1-.-...0 -101..+. +.+10+.+ 1+..10+-| ok p=1
Q2:	|+10+...- --01..-0 +.0--0.+ 1+......| ok p=1
Q3:	|1+1+..11 .+..1.+1 1.---1.. .1^...00| ok p=1
Q4:	|-+11..1+ 1-..0.+. -.-..-11 .1-.....| ok p=1
Q5:	|+000..+0 .1..-.-. 1.000-0. .+1.....| ok p=1
Q6:	|001...-- .0..+.10 1.101.+. .0+.....| ok p=1
Q7:	|+00...1+ ....+.01 ..+1+00. .+-.....| ok p=1
Q8:	|+.....0+ ..0!-..1 ..--+.0. .01.....| ok p=1
Q9:	|+!0..... ^.0.1..- ..-1+.0. .10.....| ok p=1
Q10:	|+1100..0 -.+1011- ...-0^.^ 11-10.1.| ok p=1
Q11:	|+0000.1. 11+0101- ..1-1+^1 00-0101.| ok p=1
Q12:	|0++++^0^ 100+++++ ..1++0+0 -+--+1+.| ok p=1
Q13:	|+0+----- 0+--0-++ .0++0+0+ 0+++-+-.| ok p=1
Q14:	|+01-1011 001100.1 110+1001 -.1001+.| ok p=1
Q15:	|+.01100- -111-01+ .-00-0+0 -10001-.| ok p=0.603516
Q16:	|1..+..1- ..0.-..+ ...0..0. +.0...0.| ok p=0.876953
Q17:	|1..0..10 ^.1.0..1 .^.-^.-. -.1...+.| ok p=0.526367
Q18:	|...0..+0 ..+.1..- ...-.... +.-...+.| ok p=0.466797
Q19:	|...-.... .......- .0.+..^. +....0-.| ok p=0.868164
Q20:	|.0...0^. ..^....0 01.0.0.. 1.^..1-.| ok p=1
Q21:	|.1.^.1.. ..0....1 1-.1.1.. 1....-0.| ok p=0.763672
Q22:	|.+...-.. ..1..... +....+.. ......0.| ok p=0.733398
Q23:	|........ ..+.0... .^...... 0....^..| ok p=0.999023
Q24:	|.^...^.0 ....1... ^....^.. 1...0...| ok p=1
Q25:	|........ ..^.-... ........ -...1...| ok p=0.783203
Q26:	|......0+ ........ ...0.... ....-...| ok p=1
Q27:	|......1+ ....^... ...1.... ^.......| ok p=0.994141
Q28:	|......+- ........ ...+.... ....^...| ok p=0.999023
Q29:	|.......0 ........ ...0.... ........| ok p=1
Q30:	|......^1 ........ ...-.... ........| ok p=1
Q31:	|........ ........ ...-.... ........| ok p=0.999023
Q32:	|........ ........ ........ ........| ok p=1
Q33:	|........ ........ ...!.... ........| ok p=1
Q34:	|........ ........ ........ ........| ok p=1
Q35:	|........ ........ ........ ........| ok p=1
Q36:	|........ ........ ........ ........| ok p=1
Q37:	|........ ........ ........ ........| ok p=1
Q38:	|........ ........ ........ ........| ok p=1
Q39:	|........ ........ ........ ........| ok p=1
Q40:	|........ ........ ........ ........| ok p=1
Q41:	|........ ........ ........ ........| ok p=1
Q42:	|........ ........ ........ ........| ok p=1
Q43:	|........ ........ ........ ........| ok p=1
Q44:	|........ ........ ........ ........| ok p=1
Q45:	|........ ........ ........ ........| ok p=1
Q46:	|........ ........ ........ ........| ok p=1
Q47:	|........ ........ ........ ........| ok p=1
Q48:	|........ ........ ........ ........| ok p=1
Q49:	|........ ........ ........ ........| ok p=1
Q50:	|........ ........ ........ ........| ok p=1
Q51:	|........ ........ ........ ........| ok p=1
Q52:	|........ ........ ........ ........| ok p=1
Q53:	|........ ........ ........ ........| ok p=1
Q54:	|........ ........ ........ ........| ok p=1
Q55:	|........ ........ ........ ........| ok p=1
Q56:	|........ ........ ........ ........| ok p=1
Q57:	|........ ........ ........ ........| ok p=1
Q58:	|........ ........ ........ ........| ok p=1
Q59:	|........ ........ ........ ........| ok p=1
Q60:	|........ 00...... ........ ........| ok p=1
Q61:	|........ 10...... ........ ........| ok p=0.996094
Q62:	|........ +-...... ........ ........| ok p=1
Q63:	|........ 0+...... ........ ........| ok p=0.996094
Q64:	|........ .+...... ..+.-... ........|
Best path: totcompl=-31 tottunnel=32, totcond=569, p=0.0120887
Q-3:	|10101000 01101110 01110000 11000001|
Q-2:	|-0100110 0-10110- 01001011 0001111+|
Q-1:	|-1011100 1-00111- 11100111 1000+---|
Q0:	|+0111000 +---111- 10-+-01+ -11101+-| ok p=0.263672
Q1:	|1-.-...0 -101..+. +.+10+.+ 1+..10+-| ok p=1
Q2:	|+10+.0.- --01..-0 +.0--0.+ 1+......| ok p=1
Q3:	|1+0+^.11 .+..1.+1 1.---1.. .1^...00| ok p=1
Q4:	|-+1...1+ 1-..0.+. -.-..-11 .1-.....| ok p=1
Q5:	|+000..+0 .1..-.-. 1.000-0. .+1.....| ok p=1
Q6:	|001...-- .0..+.10 1.101.+. .0+.....| ok p=1
Q7:	|+00...1+ ....+.01 ..+1+00. .+-.....| ok p=1
Q8:	|+.....0+ ..0!-..1 ..--+.0. .01.....| ok p=1
Q9:	|+.!.1... ^.0.1..- ..-1+..0 .10.....| ok p=1
Q10:	|+1100..0 -.+.011- ...-0^^. 11-10.1.| ok p=1
Q11:	|+0000.1. 11+.101- ..1-1+^1 00-0101.| ok p=1
Q12:	|0++++^0^ 10+^-+++ ..1++0+0 -+--+1+.| ok p=1
Q13:	|+0+----- 0+--0-++ .0++0+0+ 0+++-+-.| ok p=1
Q14:	|+01-1011 001000.1 110+1001 -.1001+.| ok p=1
Q15:	|+.01100- -111-01+ .-00-0+0 -10001-.| ok p=0.623047
Q16:	|1..+..1- ..0.-..+ ...0..0. +.0...0.| ok p=0.900391
Q17:	|1..0..10 ^.1.0..1 .^.-^.-. -.1...+.| ok p=0.490234
Q18:	|...0..+0 ..+.1..- ...-.... +.-...+.| ok p=0.444336
Q19:	|...-.... .......- .0.+..^. +....0-.| ok p=0.871094
Q20:	|.0...0^. ..^....0 01.0.0.. 1.^..1-.| ok p=1
Q21:	|.1.^.1.. ..0....1 1-.1.1.. 1....-0.| ok p=0.790039
Q22:	|.+...-.. ..1..... +....+.. ......0.| ok p=0.734375
Q23:	|........ ..+.0... .^...... 0....^..| ok p=0.998047
Q24:	|.^...^.0 ....1... ^....^.. 1...0...| ok p=0.999023
Q25:	|........ ..^.-... ........ -...1...| ok p=0.741211
Q26:	|......0+ ........ ...0.... ....-...| ok p=1
Q27:	|......1+ ....^... ...1.... ^.......| ok p=0.99707
Q28:	|......+- ........ ...+.... ....^...| ok p=0.990234
Q29:	|.......0 ........ ...0.... ........| ok p=1
Q30:	|......^1 ........ ...-.... ........| ok p=1
Q31:	|........ ........ ...-.... ........| ok p=0.99707
Q32:	|........ ........ ........ ........| ok p=1
Q33:	|........ ........ ...!.... ........| ok p=1
Q34:	|........ ........ ........ ........| ok p=1
Q35:	|........ ........ ........ ........| ok p=1
Q36:	|........ ........ ........ ........| ok p=1
Q37:	|........ ........ ........ ........| ok p=1
Q38:	|........ ........ ........ ........| ok p=1
Q39:	|........ ........ ........ ........| ok p=1
Q40:	|........ ........ ........ ........| ok p=1
Q41:	|........ ........ ........ ........| ok p=1
Q42:	|........ ........ ........ ........| ok p=1
Q43:	|........ ........ ........ ........| ok p=1
Q44:	|........ ........ ........ ........| ok p=1
Q45:	|........ ........ ........ ........| ok p=1
Q46:	|........ ........ ........ ........| ok p=1
Q47:	|........ ........ ........ ........| ok p=1
Q48:	|........ ........ ........ ........| ok p=1
Q49:	|........ ........ ........ ........| ok p=1
Q50:	|........ ........ ........ ........| ok p=1
Q51:	|........ ........ ........ ........| ok p=1
Q52:	|........ ........ ........ ........| ok p=1
Q53:	|........ ........ ........ ........| ok p=1
Q54:	|........ ........ ........ ........| ok p=1
Q55:	|........ ........ ........ ........| ok p=1
Q56:	|........ ........ ........ ........| ok p=1
Q57:	|........ ........ ........ ........| ok p=1
Q58:	|........ ........ ........ ........| ok p=1
Q59:	|........ ........ ........ ........| ok p=1
Q60:	|........ 00...... ........ ........| ok p=1
Q61:	|........ 10...... ........ ........| ok p=0.999023
Q62:	|........ +-...... ........ ........| ok p=1
Q63:	|........ 0+...... ........ ........| ok p=0.99707
Q64:	|........ .+...... ..+.-... ........|
Best path: totcompl=-29 tottunnel=34, totcond=568, p=0.0129387
Q-3:	|10101000 01101110 01110000 11000001|
Q-2:	|-0100110 0-10110- 01001011 0001111+|
Q-1:	|-1011100 1-00111- 11100111 1000+---|
Q0:	|+0111000 +---111- 10-+-01+ -11101+-| ok p=0.258789
Q1:	|1-.-...0 -101..+. +.+10+.+ 1+..10+-| ok p=1
Q2:	|+10+.0.- --01..-0 +.0--0.+ 1+......| ok p=1
Q3:	|1+0+^.11 .+..1.+1 1.---1.. .1^...00| ok p=1
Q4:	|-+1...1+ 1-..0.+. -.-..-11 .1-.....| ok p=1
Q5:	|+000..+0 .1..-.-. 1.000-0. .+1.....| ok p=1
Q6:	|001...-- .0..+.1. 1.101.+. .0+.....| ok p=1
Q7:	|+00...1+ ....+.01 0.+1+00. .+-.....| ok p=1
Q8:	|+.....0+ ..0!-..1 ..--+.0. .01.....| ok p=1
Q9:	|+.!.0... ^.0.1..- ..-1+.00 .10.....| ok p=1
Q10:	|+1101..0 -.+.011- ...-0^.. 11-10.1.| ok p=1
Q11:	|+000100. 1^+.101- ..1-1+^1 00-0101.| ok p=1
Q12:	|0++++11^ 1+-^-+++ ..1++0+0 -+--+1+.| ok p=1
Q13:	|+0+----- 001+0-++ .0++0+0+ 0+++-+-.| ok p=1
Q14:	|+01-1011 010000.1 .10+1001 -.1001+.| ok p=1
Q15:	|+.01100- -..1-01+ ^-00-0+0 -10001-.| ok p=0.629883
Q16:	|1..+..1- ..0.-..+ ...0..0. +.0...0.| ok p=0.886719
Q17:	|1..0..10 ^.1.0..1 .^.-^.-. -.1...+.| ok p=0.492188
Q18:	|...0..+0 ..+.1..- ...-.... +.-...+.| ok p=0.453125
Q19:	|...-.... .......- .0.+..^. +....0-.| ok p=0.87793
Q20:	|.0...0^. ..^....0 01.0.0.. 1.^..1-.| ok p=1
Q21:	|.1.^.1.. ..0....1 1-.1.1.. 1....-0.| ok p=0.771484
Q22:	|.+...-.. ..1..... +....+.. ......0.| ok p=0.695312
Q23:	|........ ..+.0... .^...... 0....^..| ok p=0.998047
Q24:	|.^...^.0 ....1... ^....^.. 1...0...| ok p=0.99707
Q25:	|........ ..^.-... ........ -...1...| ok p=0.731445
Q26:	|......0+ ........ ...0.... ....-...| ok p=1
Q27:	|......1+ ....^... ...1.... ^.......| ok p=0.996094
Q28:	|......+- ........ ...+.... ....^...| ok p=0.996094
Q29:	|.......0 ........ ...0.... ........| ok p=1
Q30:	|......^1 ........ ...-.... ........| ok p=1
Q31:	|........ ........ ...-.... ........| ok p=0.99707
Q32:	|........ ........ ........ ........| ok p=1
Q33:	|........ ........ ...!.... ........| ok p=1
Q34:	|........ ........ ........ ........| ok p=1
Q35:	|........ ........ ........ ........| ok p=1
Q36:	|........ ........ ........ ........| ok p=1
Q37:	|........ ........ ........ ........| ok p=1
Q38:	|........ ........ ........ ........| ok p=1
Q39:	|........ ........ ........ ........| ok p=1
Q40:	|........ ........ ........ ........| ok p=1
Q41:	|........ ........ ........ ........| ok p=1
Q42:	|........ ........ ........ ........| ok p=1
Q43:	|........ ........ ........ ........| ok p=1
Q44:	|........ ........ ........ ........| ok p=1
Q45:	|........ ........ ........ ........| ok p=1
Q46:	|........ ........ ........ ........| ok p=1
Q47:	|........ ........ ........ ........| ok p=1
Q48:	|........ ........ ........ ........| ok p=1
Q49:	|........ ........ ........ ........| ok p=1
Q50:	|........ ........ ........ ........| ok p=1
Q51:	|........ ........ ........ ........| ok p=1
Q52:	|........ ........ ........ ........| ok p=1
Q53:	|........ ........ ........ ........| ok p=1
Q54:	|........ ........ ........ ........| ok p=1
Q55:	|........ ........ ........ ........| ok p=1
Q56:	|........ ........ ........ ........| ok p=1
Q57:	|........ ........ ........ ........| ok p=1
Q58:	|........ ........ ........ ........| ok p=1
Q59:	|........ ........ ........ ........| ok p=1
Q60:	|........ 00...... ........ ........| ok p=1
Q61:	|........ 10...... ........ ........| ok p=0.998047
Q62:	|........ +-...... ........ ........| ok p=1
Q63:	|........ 0+...... ........ ........| ok p=0.994141
Q64:	|........ .+...... ..+.-... ........|
Best path: totcompl=-29 tottunnel=34, totcond=567, p=0.0109421
Q-3:	|10101000 01101110 01110000 11000001|
Q-2:	|-0100110 0-10110- 01001011 0001111+|
Q-1:	|-1011100 1-00111- 11100111 1000+---|
Q0:	|+0111000 +---111- 10-+-01+ -11101+-| ok p=0.263672
Q1:	|1-.-...0 -101..+. +.+10+.+ 1+..10+-| ok p=1
Q2:	|+10+...- --01..-0 +00--0.+ 1+......| ok p=1
Q3:	|1+1+..11 .+..1.+. 1.---1.. .1^...00| ok p=1
Q4:	|-+11..1+ 1-..0.+. -.-..-11 .1-.....| ok p=1
Q5:	|+000..+0 .1..-.-. 1.000-0. .+1.....| ok p=1
Q6:	|001...-- .0..+.1. 1.101.+. .0+.....| ok p=1
Q7:	|+00...1+ ....+.01 0.+1+00. .+-.....| ok p=1
Q8:	|+.1...0+ ..0!-..1 ..--+.0. .01.....| ok p=1
Q9:	|+.0..... ^.0.1..- ..-1+.0. .10.....| ok p=1
Q10:	|+0100..0 -.+.011- ...-0^1. 11-10.1.| ok p=1
Q11:	|+100010. 1^+.101- ..1-1+11 00-0101.| ok p=1
Q12:	|--+++01^ 1+-^-+++ ..1++0+0 -+--+1+.| ok p=1
Q13:	|+0+----- 001+0-++ .0++0+0+ 0+++-+-.| ok p=1
Q14:	|+01-1011 010000.1 110+1001 -.1001+.| ok p=1
Q15:	|+.01100- -..1-01+ .-00-0+0 -10001-.| ok p=0.604492
Q16:	|1..+..1- ..0.-..+ ...0..0. +.0...0.| ok p=0.857422
Q17:	|1..0..10 ^.1.0..1 .^.-^.-. -.1...+.| ok p=0.494141
Q18:	|...0..+0 ..+.1..- ...-.... +.-...+.| ok p=0.480469
Q19:	|...-.... .......- .0.+..^. +....0-.| ok p=0.87793
Q20:	|.0...0^. ..^....0 01.0.0.. 1.^..1-.| ok p=1
Q21:	|.1.^.1.. ..0....1 1-.1.1.. 1....-0.| ok p=0.770508
Q22:	|.+...-.. ..1..... +....+.. ......0.| ok p=0.702148
Q23:	|........ ..+.0... .^...... 0....^..| ok p=0.999023
Q24:	|.^...^.0 ....1... ^....^.. 1...0...| ok p=0.999023
Q25:	|........ ..^.-... ........ -...1...| ok p=0.756836
Q26:	|......0+ ........ ...0.... ....-...| ok p=1
Q27:	|......1+ ....^... ...1.... ^.......| ok p=0.99707
Q28:	|......+- ........ ...+.... ....^...| ok p=0.99707
Q29:	|.......0 ........ ...0.... ........| ok p=1
Q30:	|......^1 ........ ...-.... ........| ok p=1
Q31:	|........ ........ ...-.... ........| ok p=0.996094
Q32:	|........ ........ ........ ........| ok p=1
Q33:	|........ ........ ...!.... ........| ok p=1
Q34:	|........ ........ ........ ........| ok p=1
Q35:	|........ ........ ........ ........| ok p=1
Q36:	|........ ........ ........ ........| ok p=1
Q37:	|........ ........ ........ ........| ok p=1
Q38:	|........ ........ ........ ........| ok p=1
Q39:	|........ ........ ........ ........| ok p=1
Q40:	|........ ........ ........ ........| ok p=1
Q41:	|........ ........ ........ ........| ok p=1
Q42:	|........ ........ ........ ........| ok p=1
Q43:	|........ ........ ........ ........| ok p=1
Q44:	|........ ........ ........ ........| ok p=1
Q45:	|........ ........ ........ ........| ok p=1
Q46:	|........ ........ ........ ........| ok p=1
Q47:	|........ ........ ........ ........| ok p=1
Q48:	|........ ........ ........ ........| ok p=1
Q49:	|........ ........ ........ ........| ok p=1
Q50:	|........ ........ ........ ........| ok p=1
Q51:	|........ ........ ........ ........| ok p=1
Q52:	|........ ........ ........ ........| ok p=1
Q53:	|........ ........ ........ ........| ok p=1
Q54:	|........ ........ ........ ........| ok p=1
Q55:	|........ ........ ........ ........| ok p=1
Q56:	|........ ........ ........ ........| ok p=1
Q57:	|........ ........ ........ ........| ok p=1
Q58:	|........ ........ ........ ........| ok p=1
Q59:	|........ ........ ........ ........| ok p=1
Q60:	|........ 00...... ........ ........| ok p=1
Q61:	|........ 10...... ........ ........| ok p=0.998047
Q62:	|........ +-...... ........ ........| ok p=1
Q63:	|........ 0+...... ........ ........| ok p=0.996094
Q64:	|........ .+...... ..+.-... ........|
Best path: totcompl=-28 tottunnel=35, totcond=566, p=0.0131872
Q-3:	|10101000 01101110 01110000 11000001|
Q-2:	|-0100110 0-10110- 01001011 0001111+|
Q-1:	|-1011100 1-00111- 11100111 1000+---|
Q0:	|+0111000 +---111- 10-+-01+ -11101+-| ok p=0.235352
Q1:	|0-.-...0 -101..+. +.+10+.+ 1+..10+-| ok p=1
Q2:	|-1.+...- --01..-0 +.0--0.+ 1+......| ok p=1
Q3:	|1+1+..11 .+..1.+. 1^---1.. .1^...00| ok p=1
Q4:	|++.0..1+ 1-..0.+. -.-..-11 .1-.....| ok p=1
Q5:	|-1.0..+0 .1..-.-. 1.000-0. .+1.....| ok p=1
Q6:	|00....-- .0..+.1. 1.101.+. .0+.....| ok p=1
Q7:	|-1....1+ ....+.01 .!+1+00. .+-.....| ok p=1
Q8:	|-.....0+ ..1!-..1 ..--+.0. .01.....| ok p=1
Q9:	|-!..1... .^1.1..- ..-1+.0. .10.....| ok p=1
Q10:	|-1100..0 .--1011- ...-0^1. 11-10.1.| ok p=1
Q11:	|+0000.1. .1+0101- ..1-1+11 00-0101.| ok p=1
Q12:	|0++++^0^ .+--++++ ..1++0+0 -+--+1+.| ok p=1
Q13:	|+0+----- 001+0-++ .0++0+0+ 0+++-+-.| ok p=1
Q14:	|+01-1011 010000.1 110+1001 -.1001+.| ok p=1
Q15:	|+.01100- -..1-01+ .-00-0+0 -10001-.| ok p=0.609375
Q16:	|1..+..1- ..0.-..+ ...0..0. +.0...0.| ok p=0.875
Q17:	|1..0..10 ^.1.0..1 .^.-^.-. -.1...+.| ok p=0.486328
Q18:	|...0..+0 ..+.1..- ...-.... +.-...+.| ok p=0.489258
Q19:	|...-.... .......- .0.+..^. +....0-.| ok p=0.865234
Q20:	|.0...0^. ..^....0 01.0.0.. 1.^..1-.| ok p=1
Q21:	|.1.^.1.. ..0....1 1-.1.1.. 1....-0.| ok p=0.770508
Q22:	|.+...-.. ..1..... +....+.. ......0.| ok p=0.720703
Q23:	|........ ..+.0... .^...... 0....^..| ok p=0.999023
Q24:	|.^...^.0 ....1... ^....^.. 1...0...| ok p=1
Q25:	|........ ..^.-... ........ -...1...| ok p=0.791016
Q26:	|......0+ ........ ...0.... ....-...| ok p=1
Q27:	|......1+ ....^... ...1.... ^.......| ok p=0.998047
Q28:	|......+- ........ ...+.... ....^...| ok p=0.994141
Q29:	|.......0 ........ ...0.... ........| ok p=1
Q30:	|......^1 ........ ...-.... ........| ok p=1
Q31:	|........ ........ ...-.... ........| ok p=0.998047
Q32:	|........ ........ ........ ........| ok p=1
Q33:	|........ ........ ...!.... ........| ok p=1
Q34:	|........ ........ ........ ........| ok p=1
Q35:	|........ ........ ........ ........| ok p=1
Q36:	|........ ........ ........ ........| ok p=1
Q37:	|........ ........ ........ ........| ok p=1
Q38:	|........ ........ ........ ........| ok p=1
Q39:	|........ ........ ........ ........| ok p=1
Q40:	|........ ........ ........ ........| ok p=1
Q41:	|........ ........ ........ ........| ok p=1
Q42:	|........ ........ ........ ........| ok p=1
Q43:	|........ ........ ........ ........| ok p=1
Q44:	|........ ........ ........ ........| ok p=1
Q45:	|........ ........ ........ ........| ok p=1
Q46:	|........ ........ ........ ........| ok p=1
Q47:	|........ ........ ........ ........| ok p=1
Q48:	|........ ........ ........ ........| ok p=1
Q49:	|........ ........ ........ ........| ok p=1
Q50:	|........ ........ ........ ........| ok p=1
Q51:	|........ ........ ........ ........| ok p=1
Q52:	|........ ........ ........ ........| ok p=1
Q53:	|........ ........ ........ ........| ok p=1
Q54:	|........ ........ ........ ........| ok p=1
Q55:	|........ ........ ........ ........| ok p=1
Q56:	|........ ........ ........ ........| ok p=1
Q57:	|........ ........ ........ ........| ok p=1
Q58:	|........ ........ ........ ........| ok p=1
Q59:	|........ ........ ........ ........| ok p=1
Q60:	|........ 00...... ........ ........| ok p=1
Q61:	|........ 10...... ........ ........| ok p=0.99707
Q62:	|........ +-...... ........ ........| ok p=1
Q63:	|........ 0+...... ........ ........| ok p=0.998047
Q64:	|........ .+...... ..+.-... ........|
Best path: totcompl=-28 tottunnel=35, totcond=560, p=0.0125091
Q-3:	|10101000 01101110 01110000 11000001|
Q-2:	|-0100110 0-10110- 01001011 0001111+|
Q-1:	|-1011100 1-00111- 11100111 1000+---|
Q0:	|+0111000 +---111- 10-+-01+ -11101+-| ok p=0.231445
Q1:	|0-.-...0 -101..+. +.+10+.+ 1+..10+-| ok p=1
Q2:	|-1.+...- --01..-0 +.0--0.+ 1+......| ok p=1
Q3:	|1+1+..11 .+..1.+. 1^---1.. .1^...00| ok p=1
Q4:	|++0...1+ 1-..0.+. -.-..-11 .1-.....| ok p=1
Q5:	|-1.0..+0 .1..-.-. 1.000-0. .+1.....| ok p=1
Q6:	|00....-- .0..+.10 1.101.+. .0+.....| ok p=1
Q7:	|-1....1+ ..0.+.01 ..+1+00. .+-.....| ok p=1
Q8:	|-.....0+ ..1.-..1 ..--+.0. .01.....| ok p=1
Q9:	|-.!1.... .^1.1..- ..-1+.0. .10.....| ok p=1
Q10:	|-.100..0 .--1011- ...-0^1. 11-10.1.| ok p=1
Q11:	|+0000.1. .1+0101- ..1-1+11 00-0101.| ok p=1
Q12:	|-1-++^0^ .+--++++ ..1++0+0 -+--+1+.| ok p=1
Q13:	|++------ 001+0-++ .0++0+0+ 0+++-+-.| ok p=1
Q14:	|+01-1011 010000.1 .10+1001 -.1001+.| ok p=1
Q15:	|+001100- -..1-01+ ^-00-0+0 -10001-.| ok p=0.855469
Q16:	|1..+..1- ..0.-..+ ...0..0. +.0...0.| ok p=0.871094
Q17:	|1..0..10 ^.1.0..1 .^.-^.-. -.1...+.| ok p=0.499023
Q18:	|...0..+0 ..+.1..- ...-.... +.-...+.| ok p=0.486328
Q19:	|...-.... .......- .0.+..^. +....0-.| ok p=0.862305
Q20:	|.0...0^. ..^....0 01.0.0.. 1.^..1-.| ok p=1
Q21:	|.1.^.1.. ..0....1 1-.1.1.. 1....-0.| ok p=0.811523
Q22:	|.+...-.. ..1..... +....+.. ......0.| ok p=0.75
Q23:	|........ ..+.0... .^...... 0....^..| ok p=1
Q24:	|.^...^.0 ....1... ^....^.. 1...0...| ok p=1
Q25:	|........ ..^.-... ........ -...1...| ok p=0.777344
Q26:	|......0+ ........ ...0.... ....-...| ok p=1
Q27:	|......1+ ....^... ...1.... ^.......| ok p=0.998047
Q28:	|......+- ........ ...+.... ....^...| ok p=0.993164
Q29:	|.......0 ........ ...0.... ........| ok p=1
Q30:	|......^1 ........ ...-.... ........| ok p=1
Q31:	|........ ........ ...-.... ........| ok p=0.999023
Q32:	|........ ........ ........ ........| ok p=1
Q33:	|........ ........ ...!.... ........| ok p=1
Q34:	|........ ........ ........ ........| ok p=1
Q35:	|........ ........ ........ ........| ok p=1
Q36:	|........ ........ ........ ........| ok p=1
Q37:	|........ ........ ........ ........| ok p=1
Q38:	|........ ........ ........ ........| ok p=1
Q39:	|........ ........ ........ ........| ok p=1
Q40:	|........ ........ ........ ........| ok p=1
Q41:	|........ ........ ........ ........| ok p=1
Q42:	|........ ........ ........ ........| ok p=1
Q43:	|........ ........ ........ ........| ok p=1
Q44:	|........ ........ ........ ........| ok p=1
Q45:	|........ ........ ........ ........| ok p=1
Q46:	|........ ........ ........ ........| ok p=1
Q47:	|........ ........ ........ ........| ok p=1
Q48:	|........ ........ ........ ........| ok p=1
Q49:	|........ ........ ........ ........| ok p=1
Q50:	|........ ........ ........ ........| ok p=1
Q51:	|........ ........ ........ ........| ok p=1
Q52:	|........ ........ ........ ........| ok p=1
Q53:	|........ ........ ........ ........| ok p=1
Q54:	|........ ........ ........ ........| ok p=1
Q55:	|........ ........ ........ ........| ok p=1
Q56:	|........ ........ ........ ........| ok p=1
Q57:	|........ ........ ........ ........| ok p=1
Q58:	|........ ........ ........ ........| ok p=1
Q59:	|........ ........ ........ ........| ok p=1
Q60:	|........ 00...... ........ ........| ok p=1
Q61:	|........ 10...... ........ ........| ok p=0.999023
Q62:	|........ +-...... ........ ........| ok p=1
Q63:	|........ 0+...... ........ ........| ok p=0.996094
Q64:	|........ .+...... ..+.-... ........|
Best path: totcompl=-26 tottunnel=37, totcond=560, p=0.0138607
**Best paths: 2
Q-3:	|10101000 01101110 01110000 11000001|
Q-2:	|-0100110 0-10110- 01001011 0001111+|
Q-1:	|-1011100 1-00111- 11100111 1000+---|
Q0:	|+0111000 +---111- 10-+-01+ -11101+-| ok p=0.245117
Q1:	|0-.-...0 -101..+. +.+10+.+ 1+..10+-| ok p=1
Q2:	|-1.+...- --01..-0 +.0--0.+ 1+......| ok p=1
Q3:	|1+1+..01 .+..1.+1 1.---1.. .1^...00| ok p=1
Q4:	|++0...0+ 1-..0.+. -.-..-11 .1-.....| ok p=1
Q5:	|-1.0..+0 .1..-.-. 1.000-0. .+1.....| ok p=1
Q6:	|00....-- .0..+.1. 1.1011+. .0+.....| ok p=1
Q7:	|-1....1+ ....+.00 .!+1.+1. .+-.....| ok p=1
Q8:	|10....0+ ..0!-..0 ..--.+0. .01.....| ok p=1
Q9:	|00...... .^0.1..- ..-01+.. .11.....| ok p=1
Q10:	|.10^1..0 ^++.0..+ 10.-1-1. ..-0.11.| ok p=1
Q11:	|001+0^^0 +0+..100 100-0000 ^0-1.11.| ok p=1
Q12:	|0+-1---- 1--^^01+ --11-1-1 -10+^-+.| ok p=1
Q13:	|-1001111 011+-+++ +--+0-+- 0++1++-.| ok p=1
Q14:	|+01-0011 +1001110 011+00+0 -01100+.| ok p=1
Q15:	|-..1...1 +..1-01+ 1-10.--0 -10.00-.| ok p=0.459961
Q16:	|0..+..0- 1.0.-..+ ...1..0. +.0...0.| ok p=0.818359
Q17:	|0..0..1. 0.1.0..1 .^.-.^-. -.1...+.| ok p=0.484375
Q18:	|...0..+^ ..+.1..- ...-.... +.-...+.| ok p=0.466797
Q19:	|...-.... .......- .0.+..^. +....0-.| ok p=0.875
Q20:	|.0...0^. ..^....0 01.0.0.. 1.^..1-.| ok p=1
Q21:	|.1.^.1.. ..0....1 1-.1.1.. 1....-0.| ok p=0.764648
Q22:	|.+...-.. ..1..... +....+.. ......0.| ok p=0.71875
Q23:	|........ ..+.0... .^...... 0....^..| ok p=1
Q24:	|.^...^.0 ....1... ^....^.. 1...0...| ok p=1
Q25:	|........ ..^.-... ........ -...1...| ok p=0.765625
Q26:	|......0+ ........ ...0.... ....-...| ok p=1
Q27:	|......1+ ....^... ...1.... ^.......| ok p=0.99707
Q28:	|......+- ........ ...+.... ....^...| ok p=0.996094
Q29:	|.......0 ........ ...0.... ........| ok p=1
Q30:	|......^1 ........ ...-.... ........| ok p=1
Q31:	|........ ........ ...-.... ........| ok p=0.995117
Q32:	|........ ........ ........ ........| ok p=1
Q33:	|........ ........ ...!.... ........| ok p=1
Q34:	|........ ........ ........ ........| ok p=1
Q35:	|........ ........ ........ ........| ok p=1
Q36:	|........ ........ ........ ........| ok p=1
Q37:	|........ ........ ........ ........| ok p=1
Q38:	|........ ........ ........ ........| ok p=1
Q39:	|........ ........ ........ ........| ok p=1
Q40:	|........ ........ ........ ........| ok p=1
Q41:	|........ ........ ........ ........| ok p=1
Q42:	|........ ........ ........ ........| ok p=1
Q43:	|........ ........ ........ ........| ok p=1
Q44:	|........ ........ ........ ........| ok p=1
Q45:	|........ ........ ........ ........| ok p=1
Q46:	|........ ........ ........ ........| ok p=1
Q47:	|........ ........ ........ ........| ok p=1
Q48:	|........ ........ ........ ........| ok p=1
Q49:	|........ ........ ........ ........| ok p=1
Q50:	|........ ........ ........ ........| ok p=1
Q51:	|........ ........ ........ ........| ok p=1
Q52:	|........ ........ ........ ........| ok p=1
Q53:	|........ ........ ........ ........| ok p=1
Q54:	|........ ........ ........ ........| ok p=1
Q55:	|........ ........ ........ ........| ok p=1
Q56:	|........ ........ ........ ........| ok p=1
Q57:	|........ ........ ........ ........| ok p=1
Q58:	|........ ........ ........ ........| ok p=1
Q59:	|........ ........ ........ ........| ok p=1
Q60:	|........ 00...... ........ ........| ok p=1
Q61:	|........ 10...... ........ ........| ok p=0.995117
Q62:	|........ +-...... ........ ........| ok p=1
Q63:	|........ 0+...... ........ ........| ok p=0.998047
Q64:	|........ .+...... ..+.-... ........|
Best path: totcompl=-25 tottunnel=38, totcond=560, p=0.00700156
Best paths: 2
Q-3:	|10101000 01101110 01110000 11000001|
Q-2:	|-0100110 0-10110- 01001011 0001111+|
Q-1:	|-1011100 1-00111- 11100111 1000+---|
Q0:	|+0111000 +---111- 10-+-01+ -11101+-| ok p=0.232422
Q1:	|0-.-...0 -101..+. +.+10+.+ 1+..10+-| ok p=1
Q2:	|-1.+...- --01..-0 +00--0.+ 1+......| ok p=1
Q3:	|1+1+..01 .+..1.+. 1.---1.. .1^...00| ok p=1
Q4:	|++0...0+ 1-..0.+. -.-..-11 .1-.....| ok p=1
Q5:	|-1.0..+0 .1..-.-. 1.000-0. .+1.....| ok p=1
Q6:	|00....-- .0..+.1. 1.1011+. .0+.....| ok p=1
Q7:	|-1....1+ ....+.00 .!+1.+1. .+-.....| ok p=1
Q8:	|10....0+ ..0!-..0 ..--.+0. .01.....| ok p=1
Q9:	|00...... .^0.1..- ..-01+.. .11.....| ok p=1
Q10:	|.10^1..0 ^++.0..+ 10.-1-1. ..-0.11.| ok p=1
Q11:	|001+0^^0 +0+...10 100-0000 ^0-1.11.| ok p=1
Q12:	|0+-1---- 1--^.^0+ --11-1-1 -10+^-+.| ok p=1
Q13:	|+1001111 011+.-++ +--+0-+- 0++1++-.| ok p=1
Q14:	|-01-0011 +100^110 011+00+0 -01100+.| ok p=1
Q15:	|-1.1...1 +..1-01+ 1-10.--0 -10.00-.| ok p=0.864258
Q16:	|1..+..0- 1.0.-..+ ...1..0. +.0...0.| ok p=0.819336
Q17:	|1..0..1. 0.1.0..1 .^.-.^-. -.1...+.| ok p=0.487305
Q18:	|...0..+^ ..+.1..- ...-.... +.-...+.| ok p=0.49707
Q19:	|...-.... .......- .0.+..^. +....0-.| ok p=0.866211
Q20:	|.0...0^. ..^....0 01.0.0.. 1.^..1-.| ok p=1
Q21:	|.1.^.1.. ..0....1 1-.1.1.. 1....-0.| ok p=0.74707
Q22:	|.+...-.. ..1..... +....+.. ......0.| ok p=0.707031
Q23:	|........ ..+.0... .^...... 0....^..| ok p=0.999023
Q24:	|.^...^.0 ....1... ^....^.. 1...0...| ok p=1
Q25:	|........ ..^.-... ........ -...1...| ok p=0.760742
Q26:	|......0+ ........ ...0.... ....-...| ok p=1
Q27:	|......1+ ....^... ...1.... ^.......| ok p=0.996094
Q28:	|......+- ........ ...+.... ....^...| ok p=0.99707
Q29:	|.......0 ........ ...0.... ........| ok p=1
Q30:	|......^1 ........ ...-.... ........| ok p=1
Q31:	|........ ........ ...-.... ........| ok p=0.99707
Q32:	|........ ........ ........ ........| ok p=1
Q33:	|........ ........ ...!.... ........| ok p=1
Q34:	|........ ........ ........ ........| ok p=1
Q35:	|........ ........ ........ ........| ok p=1
Q36:	|........ ........ ........ ........| ok p=1
Q37:	|........ ........ ........ ........| ok p=1
Q38:	|........ ........ ........ ........| ok p=1
Q39:	|........ ........ ........ ........| ok p=1
Q40:	|........ ........ ........ ........| ok p=1
Q41:	|........ ........ ........ ........| ok p=1
Q42:	|........ ........ ........ ........| ok p=1
Q43:	|........ ........ ........ ........| ok p=1
Q44:	|........ ........ ........ ........| ok p=1
Q45:	|........ ........ ........ ........| ok p=1
Q46:	|........ ........ ........ ........| ok p=1
Q47:	|........ ........ ........ ........| ok p=1
Q48:	|........ ........ ........ ........| ok p=1
Q49:	|........ ........ ........ ........| ok p=1
Q50:	|........ ........ ........ ........| ok p=1
Q51:	|........ ........ ........ ........| ok p=1
Q52:	|........ ........ ........ ........| ok p=1
Q53:	|........ ........ ........ ........| ok p=1
Q54:	|........ ........ ........ ........| ok p=1
Q55:	|........ ........ ........ ........| ok p=1
Q56:	|........ ........ ........ ........| ok p=1
Q57:	|........ ........ ........ ........| ok p=1
Q58:	|........ ........ ........ ........| ok p=1
Q59:	|........ ........ ........ ........| ok p=1
Q60:	|........ 00...... ........ ........| ok p=1
Q61:	|........ 10...... ........ ........| ok p=0.99707
Q62:	|........ +-...... ........ ........| ok p=1
Q63:	|........ 0+...... ........ ........| ok p=0.995117
Q64:	|........ .+...... ..+.-... ........|
Best path: totcompl=-25 tottunnel=38, totcond=558, p=0.0167405
Q-3:	|10101000 01101110 01110000 11000001|
Q-2:	|-0100110 0-10110- 01001011 0001111+|
Q-1:	|-1011100 1-00111- 11100111 1000+---|
Q0:	|+0111000 +---111- 10-+-01+ -11101+-| ok p=0.275391
Q1:	|0-.-...0 -101..+. +.+10+.+ 1+..10+-| ok p=1
Q2:	|-1.+...- --01..-0 +00--0.+ 1+......| ok p=1
Q3:	|1+.+..11 .+..1.+. 1.---1.. .1^...00| ok p=1
Q4:	|++^0..1+ 1-..0.+. -.-..-11 .1-.....| ok p=1
Q5:	|-1.0..+0 .1..-.-. 1.000-0. .+1.....| ok p=1
Q6:	|00....-- .0..+.1. 1.101.+. .0+.....| ok p=1
Q7:	|-1....1+ ....+.01 0.+1+00. .+-.....| ok p=1
Q8:	|-1....0+ ..0!-..1 ..--+.0. .01.....| ok p=1
Q9:	|-0...... ^.0.1..- ..-1+0.0 .10.....| ok p=0.998047
Q10:	|-.101..1 -.+0001- ...-0.^. 11-11.1.| ok p=1
Q11:	|+.00100. 10+1011- ..1-1.+1 00-0101.| ok p=1
Q12:	|+.-++11. 11+-++++ ..1++^00 -+--+1+.| ok p=1
Q13:	|-.+----0 -----+++ .0++0-++ 0+++-+-.| ok p=1
Q14:	|-.0-1101 001.0..1 110+0101 -.1001+.| ok p=1
Q15:	|+.01100- -111-01+ .-00-000 -10001-.| ok p=0.513672
Q16:	|0..+..1- ..0.-..+ ...1..1. +.0...0.| ok p=0.892578
Q17:	|0..0..10 ^.1.0..1 .^.-^.-. -.1...+.| ok p=0.487305
Q18:	|...0..+0 ..+.1..- ...-.... +.-...+.| ok p=0.463867
Q19:	|...-.... .......- .0.+..^. +....0-.| ok p=0.87793
Q20:	|.0...0^. ..^....0 01.0.0.. 1.^..1-.| ok p=1
Q21:	|.1.^.1.. ..0....1 1-.1.1.. 1....-0.| ok p=0.773438
Q22:	|.+...-.. ..1..... +....+.. ......0.| ok p=0.730469
Q23:	|........ ..+.0... .^...... 0....^..| ok p=0.996094
Q24:	|.^...^.0 ....1... ^....^.. 1...0...| ok p=0.999023
Q25:	|........ ..^.-... ........ -...1...| ok p=0.75293
Q26:	|......0+ ........ ...0.... ....-...| ok p=1
Q27:	|......1+ ....^... ...1.... ^.......| ok p=0.992188
Q28:	|......+- ........ ...+.... ....^...| ok p=0.998047
Q29:	|.......0 ........ ...0.... ........| ok p=1
Q30:	|......^1 ........ ...-.... ........| ok p=1
Q31:	|........ ........ ...-.... ........| ok p=0.995117
Q32:	|........ ........ ........ ........| ok p=1
Q33:	|........ ........ ...!.... ........| ok p=1
Q34:	|........ ........ ........ ........| ok p=1
Q35:	|........ ........ ........ ........| ok p=1
Q36:	|........ ........ ........ ........| ok p=1
Q37:	|........ ........ ........ ........| ok p=1
Q38:	|........ ........ ........ ........| ok p=1
Q39:	|........ ........ ........ ........| ok p=1
Q40:	|........ ........ ........ ........| ok p=1
Q41:	|........ ........ ........ ........| ok p=1
Q42:	|........ ........ ........ ........| ok p=1
Q43:	|........ ........ ........ ........| ok p=1
Q44:	|........ ........ ........ ........| ok p=1
Q45:	|........ ........ ........ ........| ok p=1
Q46:	|........ ........ ........ ........| ok p=1
Q47:	|........ ........ ........ ........| ok p=1
Q48:	|........ ........ ........ ........| ok p=1
Q49:	|........ ........ ........ ........| ok p=1
Q50:	|........ ........ ........ ........| ok p=1
Q51:	|........ ........ ........ ........| ok p=1
Q52:	|........ ........ ........ ........| ok p=1
Q53:	|........ ........ ........ ........| ok p=1
Q54:	|........ ........ ........ ........| ok p=1
Q55:	|........ ........ ........ ........| ok p=1
Q56:	|........ ........ ........ ........| ok p=1
Q57:	|........ ........ ........ ........| ok p=1
Q58:	|........ ........ ........ ........| ok p=1
Q59:	|........ ........ ........ ........| ok p=1
Q60:	|........ 00...... ........ ........| ok p=1
Q61:	|........ 10...... ........ ........| ok p=0.999023
Q62:	|........ +-...... ........ ........| ok p=1
Q63:	|........ 0+...... ........ ........| ok p=0.99707
Q64:	|........ .+...... ..+.-... ........|
Best path: totcompl=-24 tottunnel=39, totcond=556, p=0.00882331
Best paths: 2
Q-3:	|10101000 01101110 01110000 11000001|
Q-2:	|-0100110 0-10110- 01001011 0001111+|
Q-1:	|-1011100 1-00111- 11100111 1000+---|
Q0:	|+0111000 +---111- 10-+-01+ -11101+-| ok p=0.255859
Q1:	|0-.-...0 -101..+. +.+10+.+ 1+..10+-| ok p=1
Q2:	|-1.+...- --01..-0 +.0--0.+ 1+......| ok p=1
Q3:	|1+1+..11 .+..1.+1 1.---1.. .1^...00| ok p=1
Q4:	|++0...1+ 1-..0.+. -.-..-11 .1-.....| ok p=1
Q5:	|-1.0..+0 .1..-.-. 1.000-0. .+1.....| ok p=1
Q6:	|00....-- .0..+.1. 1.101.+. .0+.....| ok p=1
Q7:	|-1....1+ ..1.+.01 .!+1+00. .+-.....| ok p=1
Q8:	|-.1...0+ ..0.-..1 ..--+.0. .01.....| ok p=1
Q9:	|-.0..... ^.0.1..- ..-1+0.0 .10.....| ok p=1
Q10:	|-.100..1 -.+0001- ...-0.^. 11-11.1.| ok p=1
Q11:	|+.000.1. 10+1011- ..1-1.+1 00-0101.| ok p=1
Q12:	|+.-++^0. 11+-++++ ..1++^00 -+--+1+.| ok p=1
Q13:	|-.+----0 -----+++ .0++0-++ 0+++-+-.| ok p=1
Q14:	|-.0-1101 010.0..1 110+0110 -.1001+.| ok p=1
Q15:	|+.01011+ -111-01+ .-00-000 -10111-.| ok p=0.482422
Q16:	|0..+..0- ..0.-..+ ...1..1. +.0...0.| ok p=0.838867
Q17:	|0..0..11 ^.1.0..1 .^.-^.-. -.1...+.| ok p=0.475586
Q18:	|...0..+1 ..+.1..- ...-.... +.-...+.| ok p=0.449219
Q19:	|...-.... .......- .0.+..^. +....0-.| ok p=0.87793
Q20:	|.0...0^. ..^....0 01.0.0.. 1.^..1-.| ok p=1
Q21:	|.1.^.1.. ..0....1 1-.1.1.. 1....-0.| ok p=0.791992
Q22:	|.+...-.. ..1..... +....+.. ......0.| ok p=0.725586
Q23:	|........ ..+.0... .^...... 0....^..| ok p=0.999023
Q24:	|.^...^.0 ....1... ^....^.. 1...0...| ok p=1
Q25:	|........ ..^.-... ........ -...1...| ok p=0.762695
Q26:	|......0+ ........ ...0.... ....-...| ok p=1
Q27:	|......1+ ....^... ...1.... ^.......| ok p=0.996094
Q28:	|......+- ........ ...+.... ....^...| ok p=0.996094
Q29:	|.......0 ........ ...0.... ........| ok p=1
Q30:	|......^1 ........ ...-.... ........| ok p=1
Q31:	|........ ........ ...-.... ........| ok p=0.994141
Q32:	|........ ........ ........ ........| ok p=1
Q33:	|........ ........ ...!.... ........| ok p=1
Q34:	|........ ........ ........ ........| ok p=1
Q35:	|........ ........ ........ ........| ok p=1
Q36:	|........ ........ ........ ........| ok p=1
Q37:	|........ ........ ........ ........| ok p=1
Q38:	|........ ........ ........ ........| ok p=1
Q39:	|........ ........ ........ ........| ok p=1
Q40:	|........ ........ ........ ........| ok p=1
Q41:	|........ ........ ........ ........| ok p=1
Q42:	|........ ........ ........ ........| ok p=1
Q43:	|........ ........ ........ ........| ok p=1
Q44:	|........ ........ ........ ........| ok p=1
Q45:	|........ ........ ........ ........| ok p=1
Q46:	|........ ........ ........ ........| ok p=1
Q47:	|........ ........ ........ ........| ok p=1
Q48:	|........ ........ ........ ........| ok p=1
Q49:	|........ ........ ........ ........| ok p=1
Q50:	|........ ........ ........ ........| ok p=1
Q51:	|........ ........ ........ ........| ok p=1
Q52:	|........ ........ ........ ........| ok p=1
Q53:	|........ ........ ........ ........| ok p=1
Q54:	|........ ........ ........ ........| ok p=1
Q55:	|........ ........ ........ ........| ok p=1
Q56:	|........ ........ ........ ........| ok p=1
Q57:	|........ ........ ........ ........| ok p=1
Q58:	|........ ........ ........ ........| ok p=1
Q59:	|........ ........ ........ ........| ok p=1
Q60:	|........ 00...... ........ ........| ok p=1
Q61:	|........ 10...... ........ ........| ok p=1
Q62:	|........ +-...... ........ ........| ok p=1
Q63:	|........ 0+...... ........ ........| ok p=0.99707
Q64:	|........ .+...... ..+.-... ........|
Best path: totcompl=-23 tottunnel=40, totcond=555, p=0.00886942
Q-3:	|10101000 01101110 01110000 11000001|
Q-2:	|-0100110 0-10110- 01001011 0001111+|
Q-1:	|-1011100 1-00111- 11100111 1000+---|
Q0:	|+0111000 +---111- 10-+-01+ -11101+-| ok p=0.244141
Q1:	|0-.-...0 -101..+. +.+10+.+ 1+..10+-| ok p=1
Q2:	|-1.+...- --01..-0 +00--0.+ 1+......| ok p=1
Q3:	|1+1+..11 .+..1.+. 1.---1.. .1^...00| ok p=1
Q4:	|++0...1+ 1-..0.+. -.-..-11 .1-.....| ok p=1
Q5:	|-1.0..+0 .1..-.-. 1.000-0. .+1.....| ok p=1
Q6:	|00....-- .0..+.1. 1.101.+. .0+.....| ok p=1
Q7:	|-1....1+ ..1.+.01 0.+1+00. .+-.....| ok p=1
Q8:	|-.1...0+ ..0.-..1 ..--+.0. .01.....| ok p=1
Q9:	|-.0..... ^.0.1..- ..-1+0.0 .10.....| ok p=1
Q10:	|-.101..1 -.+0001- ...-0.^. 11-10.1.| ok p=1
Q11:	|+.00100. 10+1011- ..1-1.+1 00-0001.| ok p=1
Q12:	|+.-++11. 11+-++++ ..1++^00 -+--+1+.| ok p=1
Q13:	|-.+----0 -----+++ .0++0-++ 0++0++-.| ok p=1
Q14:	|-.0-1101 010.0..1 110+0110 -.10.1+.| ok p=1
Q15:	|+.01011+ -111-01+ .-00-000 -10.11-.| ok p=0.479492
Q16:	|0..+..0- ..0.-..+ ...1..1. +.0...0.| ok p=0.826172
Q17:	|0..0..11 ^.1.0..1 .^.-^.-. -.1...+.| ok p=0.452148
Q18:	|...0..+1 ..+.1..- ...-.... +.-...+.| ok p=0.460938
Q19:	|...-.... .......- .0.+..^. +....0-.| ok p=0.890625
Q20:	|.0...0^. ..^....0 01.0.0.. 1.^..1-.| ok p=1
Q21:	|.1.^.1.. ..0....1 1-.1.1.. 1....-0.| ok p=0.773438
Q22:	|.+...-.. ..1..... +....+.. ......0.| ok p=0.743164
Q23:	|........ ..+.0... .^...... 0....^..| ok p=0.996094
Q24:	|.^...^.0 ....1... ^....^.. 1...0...| ok p=1
Q25:	|........ ..^.-... ........ -...1...| ok p=0.748047
Q26:	|......0+ ........ ...0.... ....-...| ok p=1
Q27:	|......1+ ....^... ...1.... ^.......| ok p=0.996094
Q28:	|......+- ........ ...+.... ....^...| ok p=0.994141
Q29:	|.......0 ........ ...0.... ........| ok p=1
Q30:	|......^1 ........ ...-.... ........| ok p=1
Q31:	|........ ........ ...-.... ........| ok p=0.993164
Q32:	|........ ........ ........ ........| ok p=1
Q33:	|........ ........ ...!.... ........| ok p=1
Q34:	|........ ........ ........ ........| ok p=1
Q35:	|........ ........ ........ ........| ok p=1
Q36:	|........ ........ ........ ........| ok p=1
Q37:	|........ ........ ........ ........| ok p=1
Q38:	|........ ........ ........ ........| ok p=1
Q39:	|........ ........ ........ ........| ok p=1
Q40:	|........ ........ ........ ........| ok p=1
Q41:	|........ ........ ........ ........| ok p=1
Q42:	|........ ........ ........ ........| ok p=1
Q43:	|........ ........ ........ ........| ok p=1
Q44:	|........ ........ ........ ........| ok p=1
Q45:	|........ ........ ........ ........| ok p=1
Q46:	|........ ........ ........ ........| ok p=1
Q47:	|........ ........ ........ ........| ok p=1
Q48:	|........ ........ ........ ........| ok p=1
Q49:	|........ ........ ........ ........| ok p=1
Q50:	|........ ........ ........ ........| ok p=1
Q51:	|........ ........ ........ ........| ok p=1
Q52:	|........ ........ ........ ........| ok p=1
Q53:	|........ ........ ........ ........| ok p=1
Q54:	|........ ........ ........ ........| ok p=1
Q55:	|........ ........ ........ ........| ok p=1
Q56:	|........ ........ ........ ........| ok p=1
Q57:	|........ ........ ........ ........| ok p=1
Q58:	|........ ........ ........ ........| ok p=1
Q59:	|........ ........ ........ ........| ok p=1
Q60:	|........ 00...... ........ ........| ok p=1
Q61:	|........ 10...... ........ ........| ok p=0.996094
Q62:	|........ +-...... ........ ........| ok p=1
Q63:	|........ 0+...... ........ ........| ok p=0.995117
Q64:	|........ .+...... ..+.-... ........|
Best path: totcompl=-22 tottunnel=41, totcond=554, p=0.00886493
