Extend MD5 differential paths forward
Copyright (C) 2009 Marc Stevens
http://homepages.cwi.nl/~stevens/

delta_m[11] = [!12!]
Loading workdir6/lowerpath.bin.gz...done: 1.
Estimating maxcond for upper bound 8000000 (=2000000 * 4)...
t=1:  0%   10   20   30   40   50   60   70   80   90   100%
      |----|----|----|----|----|----|----|----|----|----|
e     ***************************************************
Found maxcond = 2176
t=1:  0%   10   20   30   40   50   60   70   80   90   100%
      |----|----|----|----|----|----|----|----|----|----|
      ***************************************************
Q-3:	|10101000 01101110 01110000 11000001|
Q-2:	|-0100110 0-10110- 01001011 0001111+|
Q-1:	|-1011100 1-00111- 11100111 1000+---|
Q0:	|+0111000 +---111- 10-+-01+ -11101+-| ok p=0.199219
Q1:	|+.++.... -.00..+. +.+00+.+ 0+..111+| ok p=0.454102
Q2:	|+..+.-.+ .+..+..- .-.....- .+.....+|
Saving 5376 paths...done.
Autobalance parameters: maxcond=2176
Verified: 2560 bad out of 7936
Estimating maxcond for upper bound 8000000 (=2000000 * 4)...
t=2:  0%   10   20   30   40   50   60   70   80   90   100%
      |----|----|----|----|----|----|----|----|----|----|
e     ***************************************************
Found maxcond = 168
t=2:  0%   10   20   30   40   50   60   70   80   90   100%
      |----|----|----|----|----|----|----|----|----|----|
      ***************************************************
Q-3:	|10101000 01101110 01110000 11000001|
Q-2:	|-0100110 0-10110- 01001011 0001111+|
Q-1:	|-1011100 1-00111- 11100111 1000+---|
Q0:	|+0111000 +---111- 10-+-01+ -11101+-| ok p=0.754883
Q1:	|1-.-...0 -.11..+. +.+1+.-0 --..101+| ok p=0.373047
Q2:	|+0.+...- -111..-1 +.11+.0+ .+....-1| ok p=0.722656
Q3:	|.-.+.-.+ ......+. +.-.+..+ .-......|
Saving 2000000 paths...done.
Autobalance parameters: maxcond=167
Verified: 7680 bad out of 2332292
Estimating maxcond for upper bound 8000000 (=2000000 * 4)...
t=3:  0%   10   20   30   40   50   60   70   80   90   100%
      |----|----|----|----|----|----|----|----|----|----|
e     ***************************************************
Found maxcond = 181
t=3:  0%   10   20   30   40   50   60   70   80   90   100%
      |----|----|----|----|----|----|----|----|----|----|
      ***************************************************
Q-3:	|10101000 01101110 01110000 11000001|
Q-2:	|-0100110 0-10110- 01001011 0001111+|
Q-1:	|-1011100 1-00111- 11100111 1000+---|
Q0:	|+0111000 +---111- 10-+-01+ -11101+-| ok p=0.264648
Q1:	|0-.-..0. -101..+. +.+00+.+ 1+..11+-| ok p=0.261719
Q2:	|-1.+..-. --01..-0 +.+1+0.+ 0+......| ok p=0.691406
Q3:	|+1.1..-. .+....+. ....+1.. ......11| ok p=0.325195
Q4:	|...-..-. +.-.+.-. -.-..-.. ..-..+..|
Saving 2000000 paths...done.
Autobalance parameters: maxcond=180
Verified: 97317 bad out of 2298649
Estimating maxcond for upper bound 8000000 (=2000000 * 4)...
t=4:  0%   10   20   30   40   50   60   70   80   90   100%
      |----|----|----|----|----|----|----|----|----|----|
e     ***************************************************
Found maxcond = 194
t=4:  0%   10   20   30   40   50   60   70   80   90   100%
      |----|----|----|----|----|----|----|----|----|----|
      ***************************************************
Q-3:	|10101000 01101110 01110000 11000001|
Q-2:	|-0100110 0-10110- 01001011 0001111+|
Q-1:	|-1011100 1-00111- 11100111 1000+---|
Q0:	|+0111000 +---111- 10-+-01+ -11101+-| ok p=0.245117
Q1:	|0-.-..0. -001..+. +.+11+.+ 1+..11+-| ok p=0.743164
Q2:	|-0.+..-. -+11..-0 +.+1+0.+ 1+V...1.| ok p=0.873047
Q3:	|-1.+..1. -+....+. +...+1.. .+....11| ok p=0.553711
Q4:	|......1. ......+. ..1..-.1 ..+...+.| ok p=0.475586
Q5:	|+.+...+. -.+.-..- .-...-.+ .-....+.|
Saving 2000000 paths...done.
Autobalance parameters: maxcond=193
Verified: 8972 bad out of 2374857
Estimating maxcond for upper bound 8000000 (=2000000 * 4)...
t=5:  0%   10   20   30   40   50   60   70   80   90   100%
      |----|----|----|----|----|----|----|----|----|----|
e     ***************************************************
Found maxcond = 210
t=5:  0%   10   20   30   40   50   60   70   80   90   100%
      |----|----|----|----|----|----|----|----|----|----|
      ***************************************************
Q-3:	|10101000 01101110 01110000 11000001|
Q-2:	|-0100110 0-10110- 01001011 0001111+|
Q-1:	|-1011100 1-00111- 11100111 1000+---|
Q0:	|+0111000 +---111- 10-+-01+ -11101+-| ok p=0.288086
Q1:	|1-.-..0. -101..+. +.+10+.+ 1+..10+-| ok p=1
Q2:	|+1.+..-. +-01..-0 +.0--0.+ 1+V.....| ok p=0.37207
Q3:	|1+.+..0. 1+..V.+V ..---1.. .1....10| ok p=0.632812
Q4:	|-+....1. 1+....+. 1.-..-.0 .1-.....| ok p=0.492188
Q5:	|+..1..+. -...-..- ...11-.. .+0.....| ok p=0.641602
Q6:	|+...+.-. ...+.-.- .......+ .+..+...|
Saving 2000000 paths...done.
Autobalance parameters: maxcond=209
Verified: 18464 bad out of 2154889
Estimating maxcond for upper bound 8000000 (=2000000 * 4)...
t=6:  0%   10   20   30   40   50   60   70   80   90   100%
      |----|----|----|----|----|----|----|----|----|----|
e     ***************************************************
Found maxcond = 225
t=6:  0%   10   20   30   40   50   60   70   80   90   100%
      |----|----|----|----|----|----|----|----|----|----|
      ***************************************************
Q-3:	|10101000 01101110 01110000 11000001|
Q-2:	|-0100110 0-10110- 01001011 0001111+|
Q-1:	|-1011100 1-00111- 11100111 1000+---|
Q0:	|+0111000 +---111- 10-+-01+ -11101+-| ok p=0.260742
Q1:	|-.++..0. -110..+. +.+10+.+ 1+..101+| ok p=0.686523
Q2:	|-.0+..-. 0+11.V-0 +.1010.. --V...1-| ok p=0.241211
Q3:	|..1-..0. -+.VV.0. -.0..1.1 0-..V..-| ok p=0.77832
Q4:	|1..+..0. 01..1+0. -....+.V 1.+....+| ok p=0.588867
Q5:	|...-.... 1+.++1.. .....+.. .10.-..1| ok p=0.446289
Q6:	|...+.... .+.0++.. 1....-.+ ..-.0..1| ok p=0.90625
Q7:	|..+.-... ....+.+. ..-..-.. +.-.+..-|
Saving 2000000 paths...done.
Autobalance parameters: maxcond=224
Verified: 24740 bad out of 2277163
Estimating maxcond for upper bound 8000000 (=2000000 * 4)...
t=7:  0%   10   20   30   40   50   60   70   80   90   100%
      |----|----|----|----|----|----|----|----|----|----|
e     ***************************************************
Found maxcond = 239
t=7:  0%   10   20   30   40   50   60   70   80   90   100%
      |----|----|----|----|----|----|----|----|----|----|
      ***************************************************
Q-3:	|10101000 01101110 01110000 11000001|
Q-2:	|-0100110 0-10110- 01001011 0001111+|
Q-1:	|-1011100 1-00111- 11100111 1000+---|
Q0:	|+0111000 +---111- 10-+-01+ -11101+-| ok p=0.257812
Q1:	|0-.-...0 -101..+. +.+10+.+ 1+..10+-| ok p=1
Q2:	|-1.+...- --01..-0 +.0--0.+ 1+V.....| ok p=0.87207
Q3:	|1+.+..11 .+..V.+. 1.---1.. .1....00| ok p=0.636719
Q4:	|++....0+ 1-..0.+. -.-..-10 .1-.....| ok p=1
Q5:	|-..0..+0 .1..-.-. +.110-0. .+1.....| ok p=0.566406
Q6:	|-0....-1 .0..+.1. +.1...+. .01.....| ok p=0.255859
Q7:	|......+. ....+.1. -.+..1+. .1......| ok p=0.389648
Q8:	|+...-.+. ..+.-... .-.+..+. +...-..-|
Saving 2000000 paths...done.
Autobalance parameters: maxcond=238
Verified: 11933 bad out of 2691182
Estimating maxcond for upper bound 8000000 (=2000000 * 4)...
t=8:  0%   10   20   30   40   50   60   70   80   90   100%
      |----|----|----|----|----|----|----|----|----|----|
e     ***************************************************
Found maxcond = 251
t=8:  0%   10   20   30   40   50   60   70   80   90   100%
      |----|----|----|----|----|----|----|----|----|----|
      ***************************************************
Q-3:	|10101000 01101110 01110000 11000001|
Q-2:	|-0100110 0-10110- 01001011 0001111+|
Q-1:	|-1011100 1-00111- 11100111 1000+---|
Q0:	|+0111000 +---111- 10-+-01+ -11101+-| ok p=0.230469
Q1:	|1-.-...0 -101..+. +.+10+.+ 1+..10+-| ok p=1
Q2:	|+1.+...- --01..-0 +.0--0.+ 1+V.....| ok p=0.481445
Q3:	|1+.+..V1 .+..1.+. 1.---1.. .1....00| ok p=0.613281
Q4:	|-+....0+ 1-..0.+. -.-..-11 .1-.....| ok p=1
Q5:	|+..0..+0 .1..-.-. 1.010-0. .+1.....| ok p=0.49707
Q6:	|01....-1 .0..+.1. 1.1...+. .+-.....| ok p=0.655273
Q7:	|+.....+. .-..+.0. -.+..1+. ..+.....| ok p=0.365234
Q8:	|0.....+. .-..-... 0.-...+. .11.....| ok p=0.625977
Q9:	|..-....+ .-..+..- ...+..+. .-.....+|
Saving 2000000 paths...done.
Autobalance parameters: maxcond=250
Verified: 15452 bad out of 2186862
Estimating maxcond for upper bound 8000000 (=2000000 * 4)...
t=9:  0%   10   20   30   40   50   60   70   80   90   100%
      |----|----|----|----|----|----|----|----|----|----|
e     ***************************************************
Found maxcond = 262
t=9:  0%   10   20   30   40   50   60   70   80   90   100%
      |----|----|----|----|----|----|----|----|----|----|
      ***************************************************
Q-3:	|10101000 01101110 01110000 11000001|
Q-2:	|-0100110 0-10110- 01001011 0001111+|
Q-1:	|-1011100 1-00111- 11100111 1000+---|
Q0:	|+0111000 +---111- 10-+-01+ -11101+-| ok p=0.259766
Q1:	|1-.-...0 -101..+. +.+10+.+ 1+..10+-| ok p=1
Q2:	|+1.+...- --01..-0 +.0--0.+ 1+V.....| ok p=0.458008
Q3:	|1+.+..V1 .+..1.+. 1.---1.. .1....00| ok p=0.589844
Q4:	|-+....0+ 1-..0.+. -.-..-11 .1-.....| ok p=1
Q5:	|+..0..+0 .1..-.-. 1.000-0. .+1.....| ok p=0.475586
Q6:	|10....-- .0..+.1. 1.1.V1+. .0+.....| ok p=0.234375
Q7:	|-.....1+ ....+.0. ..+..+1. .+-.....| ok p=0.364258
Q8:	|0.....0+ ....-... ..-.--1. .10.....| ok p=0.480469
Q9:	|1....... ....+... ..+.0+.. .+0.....| ok p=0.457031
Q10:	|+....... .+.-.-.. ..+..+.. ..+....+|
Saving 2000000 paths...done.
Autobalance parameters: maxcond=260
Verified: 236453 bad out of 3914209
Estimating maxcond for upper bound 8000000 (=2000000 * 4)...
t=10: 0%   10   20   30   40   50   60   70   80   90   100%
      |----|----|----|----|----|----|----|----|----|----|
e     ***************************************************
Found maxcond = 271
t=10: 0%   10   20   30   40   50   60   70   80   90   100%
      |----|----|----|----|----|----|----|----|----|----|
      ***************************************************
Q-3:	|10101000 01101110 01110000 11000001|
Q-2:	|-0100110 0-10110- 01001011 0001111+|
Q-1:	|-1011100 1-00111- 11100111 1000+---|
Q0:	|+0111000 +---111- 10-+-01+ -11101+-| ok p=0.248047
Q1:	|0-.-...0 -101..+. +.+10+.+ 1+..10+-| ok p=1
Q2:	|-1.+...- --01..-0 +.0--0.+ 1+V.....| ok p=0.868164
Q3:	|1+.+..V1 .+..1.+. 1.---1.. .1....00| ok p=0.62793
Q4:	|++....1+ 1-..0.+. -.-..-11 .1-.....| ok p=1
Q5:	|-..0..+0 .1..-.-. 1.000-0. .+1.....| ok p=0.342773
Q6:	|10....-- .0..+.1. 1.1.1.+. .0+.....| ok p=0.742188
Q7:	|+.....1+ ....+.0. ..+.+00. .+-.....| ok p=0.749023
Q8:	|-.....0+ ..V.-.0. ..-.-.1. .11.....| ok p=0.982422
Q9:	|-.....0. ....+.+. ..1.+... .10.....| ok p=0.47168
Q10:	|......-1 ..+.+.+. ..1.+... ..-.....| ok p=0.682617
Q11:	|.+.+..-. +.+.+.+. ....+.+. ...-.+..|
Saving 2000000 paths...done.
Autobalance parameters: maxcond=270
Verified: 88526 bad out of 3312192
Runtime: 255.046
Extend MD5 differential paths forward
Copyright (C) 2009 Marc Stevens
http://homepages.cwi.nl/~stevens/

delta_m[11] = [!12!]
Loading workdir6/paths10_0of1...done: 2000000 (work:2000000).
Estimating maxcond for upper bound 2000000 (=500000 * 4)...
t=11: 0%   10   20   30   40   50   60   70   80   90   100%
      |----|----|----|----|----|----|----|----|----|----|
e     ***************************************************
Found maxcond = 282
t=11: 0%   10   20   30   40   50   60   70   80   90   100%
      |----|----|----|----|----|----|----|----|----|----|
      ***************************************************
Q-3:	|10101000 01101110 01110000 11000001|
Q-2:	|-0100110 0-10110- 01001011 0001111+|
Q-1:	|-1011100 1-00111- 11100111 1000+---|
Q0:	|+0111000 +---111- 10-+-01+ -11101+-| ok p=0.254883
Q1:	|0-.-...0 -101..+. +.+10+.+ 1+..10+-| ok p=1
Q2:	|-1.+...- --01..-0 +.0--0.+ 1+V.....| ok p=0.87793
Q3:	|1+.+..V1 .+..1.+. 1.---1.. .1....00| ok p=0.628906
Q4:	|++....0+ 1-..0.+. -.-..-11 .1-.....| ok p=1
Q5:	|-..0..+0 .1..-.-. 1.000-0. .+1.....| ok p=0.525391
Q6:	|00....-- .0.V+.1. 1.1.V1+. .0+.....| ok p=0.697266
Q7:	|-.....1+ ....+.0. ..+.1+1. .+-.....| ok p=0.402344
Q8:	|1.....0+ .V.-+... ..-.--1. .01.....| ok p=0.994141
Q9:	|1....... .0.1+..V ..-.+-.. .10.....| ok p=0.961914
Q10:	|.......0 .-.--... ..-.+-.. ..-.....| ok p=0.53418
Q11:	|........ .+.--..- ..-.+... ..-.....| ok p=0.972656
Q12:	|....-... ..+.+..- ..+.+.-. .-.+..+.|
Saving 500000 paths...done.
Autobalance parameters: maxcond=280
Verified: 8451 bad out of 922562
Runtime: 35.289
