MD5 differential path toolbox
Copyright (C) 2009 Marc Stevens
http://homepages.cwi.nl/~stevens/

IHV1   = {2825810113,947890933,3704612743,2792180510}
IHV1   = c1706ea8f5aa7f3887e7cfdc1e4b6da6

IHV2   = {2825810113,3096351606,1552869256,640437023}
IHV2   = c1706ea876938eb888e78e5c1f4b2c26

dIHV   = {0,2148460673,2143223809,2143223809}
NC0: delta c = delta d = [!-0,31!]
NC0: delta b           = [!-0,-20,-22,31!]
NC1: delta c = delta d = [!16!]
NC1: delta b           = [!-7,16!]
NC2: delta c = delta d = [!22!]
NC2: delta b           = [!-11,13,22!]
NC0: prob=-9.31733
NC1: prob=-7.64665
NC2: prob=-6.93181
delta m_11 = [!12!]
Q-3:	|10101000 01101110 01110000 11000001|
Q-2:	|-0100110 0-10110- 01001011 0001111+|
Q-1:	|-1011100 1-00111- 11100111 1000+---|
Q0:	|+0111000 +---111- 10-+-01+ -11101+-| ok p=0.173828
Q1:	|.-.-.... -.....+. +.+..+.+ .+.....+|
Saved lower diff. path to 'workdir6/lowerpath.bin.gz'.

Q32:	|........ ........ ........ ........|
Q33:	|........ ........ ........ ........|
Q34:	|........ ........ ........ ........|
Q35:	|........ ........ ........ ........| ok p=1
Q36:	|........ ........ ........ ........| ok p=1
Q37:	|........ ........ ........ ........| ok p=1
Q38:	|........ ........ ........ ........| ok p=1
Q39:	|........ ........ ........ ........| ok p=1
Q40:	|........ ........ ........ ........| ok p=1
Q41:	|........ ........ ........ ........| ok p=1
Q42:	|........ ........ ........ ........| ok p=1
Q43:	|........ ........ ........ ........| ok p=1
Q44:	|........ ........ ........ ........| ok p=1
Q45:	|........ ........ ........ ........| ok p=1
Q46:	|........ ........ ........ ........| ok p=1
Q47:	|........ ........ ........ ........| ok p=1
Q48:	|........ ........ ........ ........| ok p=1
Q49:	|........ ........ ........ ........| ok p=1
Q50:	|........ ........ ........ ........| ok p=1
Q51:	|........ ........ ........ ........| ok p=1
Q52:	|........ ........ ........ ........| ok p=1
Q53:	|........ ........ ........ ........| ok p=1
Q54:	|........ ........ ........ ........| ok p=1
Q55:	|........ ........ ........ ........| ok p=1
Q56:	|........ ........ ........ ........| ok p=1
Q57:	|........ ........ ........ ........| ok p=1
Q58:	|........ ........ ........ ........| ok p=1
Q59:	|........ ........ ........ ........| ok p=1
Q60:	|........ 00...... ........ ........| ok p=1
Q61:	|........ 10...... ........ ........| ok p=0.99707
Q62:	|........ +-...... ........ ........| ok p=1
Q63:	|........ 0+...... ........ ........| ok p=0.99707
Q64:	|........ .+...... ..+.-... ........|
Saved upper diff. path to 'workdir6/upperpath.bin.gz'.
Saved 'md5diffpathforward.cfg'.
Saved 'md5diffpathbackward.cfg'.
Saved 'md5diffpathconnect.cfg'.
Saved 'md5diffpathhelper.cfg'.
