MD5 differential path toolbox
Copyright (C) 2009 Marc Stevens
http://homepages.cwi.nl/~stevens/

delta_m[11] = [!31!]
Q-3:	|00001111 01000011 00110111 10111111|
Q-2:	|-000110- +1++++++ 110000+0 0000100+|
Q-1:	|-0110111 -+00010- 000+---0 1110010+|
Q0:	|--000010 0+---+++ 01-+1--1 +0100111| ok p=0.500977
Q1:	|.1+0..-. 1.0+001+ .+-+0-0. --0....0| ok p=0.508789
Q2:	|00++^.1. +0-011-- .+...++. --1.....| ok p=1
Q3:	|.1.0+.1. 0.-1110- !010.1+. ..+^....| ok p=1
Q4:	|..110... 1.0.-01- .1...1-. 000-...^| ok p=1
Q5:	|!...-... 0.1.++.+ .+....-. 1.11.^.-| ok p=1
Q6:	|.!..1... +.-.00.0 .+..!.+. -..0.+.0| ok p=1
Q7:	|!...1... -.0.01.0 .+!...11 0..-.1.1| ok p=1
Q8:	|.1..0... +^1....1 .+....11 1..0.0..| ok p=1
Q9:	|.0..+... --1....- .+..1..+ +..1.-^0| ok p=1
Q10:	|11..0..1 -1-...01 1-100..+ 1.1..+-0| ok p=1
Q11:	|100.10.0 0+111.11 1-1110.0 -10^101+| ok p=1
Q12:	|--0^11.- -++.0^-+ +.+++1^1 -0+-0+--| ok p=1
Q13:	|-1--++.+ 0++0++10 +1-1+-+- -+10--0+| ok p=1
Q14:	|0-011-.1 1.+111++ 0.11111+ .01-11-1| ok p=1
Q15:	|1111+-.0 .1.+1100 -.0.1-11 0+.0+1-0| ok p=1
Q16:	|.0..+0.0 ..^+..+1 -..1...0 .+.0+.++| ok p=0.43457
Q17:	|.-..-0.1 ...-..-. 1..1.^.1 .0..1.0.| ok p=0.292969
Q18:	|....00.+ ..0-..1. 0..-...+ .0..-.0^| ok p=0.712891
Q19:	|0^..0-.. ..11..1. -....... ....-.0.| ok p=0.926758
Q20:	|1.0....^ .0++..1. ...^...^ ....+.1.| ok p=0.168945
Q21:	|+.1..^.. ..-...1. ^......0 ....0.-.| ok p=0.517578
Q22:	|1.+..... .-1^..+. .......1 ....0...| ok p=0.65332
Q23:	|+....0.. .-0..... .......- .0....^.| ok p=0.999023
Q24:	|+.^..1.. .+....^. ........ .1......| ok p=1
Q25:	|-....-.. .+...... .......^ .-......| ok p=0.850586
Q26:	|-....... .+...... ....0... ........| ok p=0.99707
Q27:	|-....^.. .1...... ....1... .^......| ok p=0.998047
Q28:	|-....... .0...... ....+... ........| ok p=0.530273
Q29:	|1....... ........ ........ ........| ok p=0.500977
Q30:	|+....... ........ ....^... ........| ok p=1
Q31:	|+....... ........ ........ ........| ok p=0.503906
Q32:	|........ ........ ........ ........| ok p=1
Q33:	|^....... ........ ........ ........| ok p=1
Q34:	|........ ........ ........ ........| ok p=1
Q35:	|........ ........ ........ ........| ok p=1
Q36:	|........ ........ ........ ........| ok p=1
Q37:	|........ ........ ........ ........| ok p=1
Q38:	|........ ........ ........ ........| ok p=1
Q39:	|........ ........ ........ ........| ok p=1
Q40:	|........ ........ ........ ........| ok p=1
Q41:	|........ ........ ........ ........| ok p=1
Q42:	|........ ........ ........ ........| ok p=1
Q43:	|........ ........ ........ ........| ok p=1
Q44:	|........ ........ ........ ........| ok p=1
Q45:	|........ ........ ........ ........| ok p=1
Q46:	|........ ........ ........ ........| ok p=1
Q47:	|........ ........ ........ ........| ok p=1
Q48:	|........ ........ ........ ........| ok p=1
Q49:	|........ ........ ........ ........| ok p=1
Q50:	|........ ........ ........ ........| ok p=1
Q51:	|........ ........ ........ ........| ok p=1
Q52:	|........ ........ ........ ........| ok p=1
Q53:	|........ ........ ........ ........| ok p=1
Q54:	|........ ........ ........ ........| ok p=1
Q55:	|........ ........ ........ ........| ok p=1
Q56:	|........ ........ ........ ........| ok p=1
Q57:	|........ ........ ........ ........| ok p=1
Q58:	|........ ........ ........ ........| ok p=1
Q59:	|........ ........ ........ ........| ok p=1
Q60:	|........ ........ ......0. ........| ok p=1
Q61:	|........ ........ ......0. ........| ok p=0.503906
Q62:	|........ ........ ......-. ........| ok p=1
Q63:	|........ ........ ......-. ........| ok p=0.242188
Q64:	|.+...... ........ ......-. .......+|
Starting...
20: Q5m5tunnel      = 5
20: Q4m5tunnel      = 0
20: Q14m6Q3m5tunnel = 1
21: Q10m10tunnel    = 3
21: Q9m10tunnel     = 4
22: Q8Q12m15tunnel  = 2
23: Q4m4tunnel      = 13
24: Q9m9tunnel      = 9
25: Q14Q3m14tunnel  = 1
.20: Q5m5tunnel      = 5
20: Q4m5tunnel      = 0
20: Q14m6Q3m5tunnel = 1
21: Q10m10tunnel    = 3
21: Q9m10tunnel     = 4
22: Q8Q12m15tunnel  = 2
23: Q4m4tunnel      = 13
24: Q9m9tunnel      = 9
25: Q14Q3m14tunnel  = 1
.20: Q5m5tunnel      = 5
20: Q4m5tunnel      = 0
20: Q14m6Q3m5tunnel = 1
21: Q10m10tunnel    = 3
21: Q9m10tunnel     = 4
22: Q8Q12m15tunnel  = 2
23: Q4m4tunnel      = 13
24: Q9m9tunnel      = 9
25: Q14Q3m14tunnel  = 1
.20: Q5m5tunnel      = 5
20: Q4m5tunnel      = 0
20: Q14m6Q3m5tunnel = 1
21: Q10m10tunnel    = 3
21: Q9m10tunnel     = 4
22: Q8Q12m15tunnel  = 2
23: Q4m4tunnel      = 13
24: Q9m9tunnel      = 9
25: Q14Q3m14tunnel  = 1
.1 0
2 0
4 0
8 0
16 0
32 0
64 0
128 0
256 0
512 0
1024 0
2048 0
4096 0
8192 0
16384 0
24926 1
31147 2
32768 2
37273 4
65536 4
131072 4
216072 8
262144 11
413529 16
524288 27
636255 32
1048576 50
1584931 64
2097152 78
3251093 128
4194304 166
6499989 256
Block 1: workdir5/coll1_2569789600
0a 29 1c c9 4a 04 de 59 81 30 fb ab e1 eb 01 ed 
12 c1 d2 03 7f f5 7a b3 99 84 cc 4d a5 56 2d f7 
94 a5 db aa 67 9b 96 2c d7 37 57 1b 0f 63 71 ca 
52 bc 27 58 9d b5 6c bf 54 18 a8 35 cf 59 2b 77 
Block 2: workdir5/coll2_2569789600
0a 29 1c c9 4a 04 de 59 81 30 fb ab e1 eb 01 ed 
12 c1 d2 03 7f f5 7a b3 99 84 cc 4d a5 56 2d f7 
94 a5 db aa 67 9b 96 2c d7 37 57 1b 0f 63 71 4a 
52 bc 27 58 9d b5 6c bf 54 18 a8 35 cf 59 2b 77 
Found collision!
