MD5 differential path toolbox
Copyright (C) 2009 Marc Stevens
http://homepages.cwi.nl/~stevens/

delta_m[11] = [!-26!]
Q-3:	|10011110 01000001 10011100 01111111|
Q-2:	|-0000+11 0010--++ 001011+1 1-1+110+|
Q-1:	|-011+-10 110-+01- 00+----0 0-1+001+|
Q0:	|0+1-01+1 0+101++0 01-0++10 1+1+1100| ok p=0.426758
Q1:	|0+.+1++. .-.+110- 0.-1--1+ .1..+.-1| ok p=0.745117
Q2:	|.0.01++. .1.-.11+ +0..+0.0 .+.0+.+-| ok p=1
Q3:	|.-^+1.+. .+.-...+ 110.--.1 .-..-.0-| ok p=1
Q4:	|.0^1-1.. .-!+^..- 1...+-.+ .+1.+.+.| ok p=1
Q5:	|.0.-+.0. .-.1-..1 1...+1.0 .10.1.-0| ok p=1
Q6:	|...00.0. ...00..+ 1.^.0+.1 .0..00-.| ok p=1
Q7:	|.^01-.0. .0..1..- -.+.-1.. .....1..| ok p=1
Q8:	|!+0.+.+. ...!...- -.0.-+.. .....+0.| ok p=1
Q9:	|!0+.+.-. ........ +.0..-.. .!...0.0| ok p=1
Q10:	|^1+...0. ..100..1 +.-.0-.. ..1.1110| ok p=1
Q11:	|+-1.100. ..0011.0 +^+.00^^ ^.0^0-1+| ok p=1
Q12:	|1+0.10.. ..+--0^+ ++-.-+++ +.+++0++| ok p=1
Q13:	|00+1++1. ..00+-+0 -111++01 1!100-+.| ok p=1
Q14:	|.1111-0. ..+10110 -0+01010 111110-0| ok p=1
Q15:	|.-1+1++. 0.+.0111 +.1-11.. .1.-.0-.| ok p=0.825195
Q16:	|.-...0.. 1.-.0... 0.1..-.. 0+..1.+.| ok p=0.623047
Q17:	|.1.^.0^. +.+.1... -..^.+.. 1..^1.1.| ok p=0.554688
Q18:	|.+...1.. ..-.+... -....1.. -^..-.0.| ok p=0.887695
Q19:	|.+.0.-.. ^.-....0 +....+.. ........| ok p=0.770508
Q20:	|.001...0 ..1.^..1 +..0...0 ^...^...| ok p=1
Q21:	|.11+.^.1 ..1....+ 0..1.^.1 ....0...| ok p=0.370117
Q22:	|..-....- ........ 0..-...+ ....1...| ok p=0.691406
Q23:	|...^.... ..0....^ ........ ....-.0.| ok p=1
Q24:	|..^....^ ..1...0. ...^...^ .0....1.| ok p=0.819336
Q25:	|........ ..+...1. ........ ....^.+.| ok p=0.862305
Q26:	|.....0.. ......+. ........ 0-......| ok p=1
Q27:	|.....1.. ..^..... ........ 1-....^.| ok p=0.988281
Q28:	|.....-.. ......^. ........ -+......| ok p=0.984375
Q29:	|.....0.. ........ ........ .0......| ok p=0.981445
Q30:	|.....+.. ........ ........ ^1......| ok p=1
Q31:	|.....+.. ........ ........ ........| ok p=0.984375
Q32:	|........ ........ ........ ........| ok p=1
Q33:	|.....!.. ........ ........ ........| ok p=1
Q34:	|........ ........ ........ ........| ok p=1
Q35:	|........ ........ ........ ........| ok p=1
Q36:	|........ ........ ........ ........| ok p=1
Q37:	|........ ........ ........ ........| ok p=1
Q38:	|........ ........ ........ ........| ok p=1
Q39:	|........ ........ ........ ........| ok p=1
Q40:	|........ ........ ........ ........| ok p=1
Q41:	|........ ........ ........ ........| ok p=1
Q42:	|........ ........ ........ ........| ok p=1
Q43:	|........ ........ ........ ........| ok p=1
Q44:	|........ ........ ........ ........| ok p=1
Q45:	|........ ........ ........ ........| ok p=1
Q46:	|........ ........ ........ ........| ok p=1
Q47:	|........ ........ ........ ........| ok p=1
Q48:	|........ ........ ........ ........| ok p=1
Q49:	|........ ........ ........ ........| ok p=1
Q50:	|........ ........ ........ ........| ok p=1
Q51:	|........ ........ ........ ........| ok p=1
Q52:	|........ ........ ........ ........| ok p=1
Q53:	|........ ........ ........ ........| ok p=1
Q54:	|........ ........ ........ ........| ok p=1
Q55:	|........ ........ ........ ........| ok p=1
Q56:	|........ ........ ........ ........| ok p=1
Q57:	|........ ........ ........ ........| ok p=1
Q58:	|........ ........ ........ ........| ok p=1
Q59:	|........ ........ ........ ........| ok p=1
Q60:	|........ ........ ........ ...0....| ok p=1
Q61:	|........ ........ ........ ...0....| ok p=0.980469
Q62:	|........ ........ ........ ...-....| ok p=1
Q63:	|........ ........ ........ ...-....| ok p=0.987305
Q64:	|......+. ........ ........ ...-....|
Starting...
20: Q5m5tunnel      = 4
20: Q4m5tunnel      = 1
20: Q14m6Q3m5tunnel = 0
21: Q10m10tunnel    = 2
21: Q9m10tunnel     = 7
22: Q8Q12m15tunnel  = 2
23: Q4m4tunnel      = 9
24: Q9m9tunnel      = 7
25: Q14Q3m14tunnel  = 2
20: Q5m5tunnel      = 4
20: Q4m5tunnel      = 1
20: Q14m6Q3m5tunnel = 0
21: Q10m10tunnel    = 2
21: Q9m10tunnel     = 7
22: Q8Q12m15tunnel  = 2
23: Q4m4tunnel      = 9
24: Q9m9tunnel      = 7
25: Q14Q3m14tunnel  = 2
.20: Q5m5tunnel      = 3
20: Q4m5tunnel      = 1
20: Q14m6Q3m5tunnel = 0
21: Q10m10tunnel    = 4
21: Q9m10tunnel     = 2
22: Q8Q12m15tunnel  = 0
23: Q4m4tunnel      = 10
24: Q9m9tunnel      = 12
25: Q14Q3m14tunnel  = 2
.20: Q5m5tunnel      = 3
20: Q4m5tunnel      = 1
20: Q14m6Q3m5tunnel = 0
21: Q10m10tunnel    = 4
21: Q9m10tunnel     = 2
22: Q8Q12m15tunnel  = 0
23: Q4m4tunnel      = 10
24: Q9m9tunnel      = 12
25: Q14Q3m14tunnel  = 2
..1 0
2 0
4 0
8 0
16 0
32 0
64 0
128 0
256 0
512 0
1024 0
2048 0
4096 0
8192 0
16384 0
32768 0
65536 0
131072 0
135339 1
Block 1: workdir0/coll1_692650895
60 39 f8 2b a6 f7 01 01 64 80 f4 4d 0d 49 16 4b 
79 45 e6 20 08 53 cb 28 cf 13 fd 99 26 af 10 a5 
72 79 7f 25 f1 ac 60 37 bc d3 40 f0 0c 93 a4 d1 
f5 78 bb 2d a2 48 0c 60 de 5a 3c 15 cc 09 65 26 
Block 2: workdir0/coll2_692650895
60 39 f8 2b a6 f7 01 01 64 80 f4 4d 0d 49 16 4b 
79 45 e6 20 08 53 cb 28 cf 13 fd 99 26 af 10 a5 
72 79 7f 25 f1 ac 60 37 bc d3 40 f0 0c 93 a4 cd 
f5 78 bb 2d a2 48 0c 60 de 5a 3c 15 cc 09 65 26 
Found collision!
