MD5 differential path toolbox
Copyright (C) 2009 Marc Stevens
http://homepages.cwi.nl/~stevens/

delta_m[11] = [!-16!]
Q-3:	|01001100 11001001 00100011 00011100|
Q-2:	|-110+-0- ++00001- 110011+1 -+1110+-|
Q-1:	|-111+-11 -+011-++ 110+---1 0-01011+|
Q0:	|1+1-+-11 +---00-1 111--+-0 0+110010| ok p=0.37793
Q1:	|1+.+..-. -00+.-10 0-.--1.+ +0..-.+1| ok p=0.356445
Q2:	|.+.-10-. --1-.+1. 1-..010+ 11..-.+-| ok p=1
Q3:	|!0.0..0. .--1.+.! --.11... +1..-.0-| ok p=1
Q4:	|!0.-..-. 0010.+.. -...+.11 -+1.1.+1| ok p=1
Q5:	|!+.0..-. .-0..-.. +1..1.0. 100.+.00| ok p=1
Q6:	|^-.-..+^ .+...+.. 0...0.+. ++..-.1+| ok p=1
Q7:	|^+.0..1- .+...0.. 1.....-. 01^.0..-| ok p=1
Q8:	|.+.1..+1 .-!..-.. ......-1 1-+01..+| ok p=1
Q9:	|^-....+1 .1...-.. ^....1+0 .1011..0| ok p=1
Q10:	|1-....+. 00.10+01 -..1101+ .1+.1.10| ok p=1
Q11:	|0-.0.111 10.00+11 0^^00+0- ..+.-^01| ok p=1
Q12:	|-+.1.000 +-.+-.-- 0.-++--0 .^-^--++| ok p=1
Q13:	|00.-1+++ 00.-+1++ +.0+---- .+0++00+| ok p=1
Q14:	|01.00000 11.-110- 1.1.+..1 .101+10+| ok p=1
Q15:	|...++110 +..10+0+ +.00+101 .1+10.-.| ok p=0.480469
Q16:	|..1+..0. +..-...0 ..1.-.0. ..1.1.-^| ok p=0.71875
Q17:	|..10^.1. 0..0.^.0 ^.+.+.1. ..-...01| ok p=0.849609
Q18:	|..-0..-. 1..+...1 ....-.+. ..-...10| ok p=0.782227
Q19:	|........ ...+.0.- ..^.-... .0+....+| ok p=1
Q20:	|.0^...^. ...001.. .0..1.^. .1+..0..| ok p=1
Q21:	|.1....0. ...11+.^ .1..1... .+0..1.^| ok p=0.624023
Q22:	|.+....1. ....-... .-...... ..0..-..| ok p=0.75
Q23:	|......-. 0....^.. ....0... .^......| ok p=0.989258
Q24:	|.^.0.... 1...^... .^..1... 0....^..| ok p=0.995117
Q25:	|......^. +....... ....+... 1.......| ok p=0.720703
Q26:	|..0-.... .......0 ........ +.......| ok p=0.980469
Q27:	|..1-.... ^......1 ....^... ........| ok p=0.939453
Q28:	|..-+.... .......- ........ ^.......| ok p=0.936523
Q29:	|...0.... .......0 ........ ........| ok p=1
Q30:	|..^1.... .......+ ........ ........| ok p=1
Q31:	|........ .......+ ........ ........| ok p=0.94043
Q32:	|........ ........ ........ ........| ok p=1
Q33:	|........ .......! ........ ........| ok p=1
Q34:	|........ ........ ........ ........| ok p=1
Q35:	|........ ........ ........ ........| ok p=1
Q36:	|........ ........ ........ ........| ok p=1
Q37:	|........ ........ ........ ........| ok p=1
Q38:	|........ ........ ........ ........| ok p=1
Q39:	|........ ........ ........ ........| ok p=1
Q40:	|........ ........ ........ ........| ok p=1
Q41:	|........ ........ ........ ........| ok p=1
Q42:	|........ ........ ........ ........| ok p=1
Q43:	|........ ........ ........ ........| ok p=1
Q44:	|........ ........ ........ ........| ok p=1
Q45:	|........ ........ ........ ........| ok p=1
Q46:	|........ ........ ........ ........| ok p=1
Q47:	|........ ........ ........ ........| ok p=1
Q48:	|........ ........ ........ ........| ok p=1
Q49:	|........ ........ ........ ........| ok p=1
Q50:	|........ ........ ........ ........| ok p=1
Q51:	|........ ........ ........ ........| ok p=1
Q52:	|........ ........ ........ ........| ok p=1
Q53:	|........ ........ ........ ........| ok p=1
Q54:	|........ ........ ........ ........| ok p=1
Q55:	|........ ........ ........ ........| ok p=1
Q56:	|........ ........ ........ ........| ok p=1
Q57:	|........ ........ ........ ........| ok p=1
Q58:	|........ ........ ........ ........| ok p=1
Q59:	|........ ........ ........ ........| ok p=1
Q60:	|....00.. ........ ........ ........| ok p=1
Q61:	|.....1.. ........ ........ ........| ok p=0.990234
Q62:	|....-+.. ........ ........ ........| ok p=1
Q63:	|....?-.. ........ ........ ........| ok p=0.96582
Q64:	|.....-.. .......+ ........ ........|
Starting...
20: Q5m5tunnel      = 3
20: Q4m5tunnel      = 2
20: Q14m6Q3m5tunnel = 2
21: Q10m10tunnel    = 2
21: Q9m10tunnel     = 4
22: Q8Q12m15tunnel  = 0
23: Q4m4tunnel      = 11
24: Q9m9tunnel      = 7
25: Q14Q3m14tunnel  = 0
.20: Q5m5tunnel      = 3
20: Q4m5tunnel      = 2
20: Q14m6Q3m5tunnel = 2
21: Q10m10tunnel    = 2
21: Q9m10tunnel     = 4
22: Q8Q12m15tunnel  = 0
23: Q4m4tunnel      = 11
24: Q9m9tunnel      = 7
25: Q14Q3m14tunnel  = 0
.20: Q5m5tunnel      = 3
20: Q4m5tunnel      = 2
20: Q14m6Q3m5tunnel = 2
21: Q10m10tunnel    = 2
21: Q9m10tunnel     = 4
22: Q8Q12m15tunnel  = 0
23: Q4m4tunnel      = 11
24: Q9m9tunnel      = 7
25: Q14Q3m14tunnel  = 0
.20: Q5m5tunnel      = 3
20: Q4m5tunnel      = 2
20: Q14m6Q3m5tunnel = 2
21: Q10m10tunnel    = 2
21: Q9m10tunnel     = 4
22: Q8Q12m15tunnel  = 0
23: Q4m4tunnel      = 11
24: Q9m9tunnel      = 7
25: Q14Q3m14tunnel  = 0
.1 0
2 0
4 0
8 0
16 0
32 0
64 0
128 0
256 0
512 0
1024 0
2048 0
4096 0
8192 0
16384 0
32768 0
65536 0
101208 1
106819 2
131072 2
155853 4
Block 1: workdir3/coll1_2117419853
98 9d 59 b4 f2 e5 6a a9 77 76 66 bf cd e4 fc 3a 
24 13 d4 25 82 6f 41 53 1f e1 67 7d 0c 21 6f 4f 
e4 47 6e 46 69 ae 78 bf 5a e3 7e ce 3d c4 5b 06 
09 8b dd 02 6b b9 d4 e6 a6 85 6e a2 07 27 68 05 
Block 2: workdir3/coll2_2117419853
98 9d 59 b4 f2 e5 6a a9 77 76 66 bf cd e4 fc 3a 
24 13 d4 25 82 6f 41 53 1f e1 67 7d 0c 21 6f 4f 
e4 47 6e 46 69 ae 78 bf 5a e3 7e ce 3d c4 5a 06 
09 8b dd 02 6b b9 d4 e6 a6 85 6e a2 07 27 68 05 
Found collision!
