Extend MD5 differential paths backward
Copyright (C) 2009 Marc Stevens
http://homepages.cwi.nl/~stevens/

delta_m[11] = [!-21!]
Loading workdir8/upperpath.bin.gz...done: 1.
Estimating maxcond for upper bound 262144 (=65536 * 4)...
t=34: 0%   10   20   30   40   50   60   70   80   90   100%
      |----|----|----|----|----|----|----|----|----|----|
e     ***************************************************
Found maxcond = 2176
t=34: 0%   10   20   30   40   50   60   70   80   90   100%
      |----|----|----|----|----|----|----|----|----|----|
      ***************************************************
Q31:	|........ ..+..... ........ ........|
Q32:	|........ ........ ........ ........|
Q33:	|........ ........ ........ ........|
Q34:	|........ ........ ........ ........| ok p=1
Q35:	|........ ........ ........ ........| ok p=1
Q36:	|........ ........ ........ ........| ok p=1
Q37:	|........ ........ ........ ........| ok p=1
Q38:	|........ ........ ........ ........| ok p=1
Q39:	|........ ........ ........ ........| ok p=1
Q40:	|........ ........ ........ ........| ok p=1
Q41:	|........ ........ ........ ........| ok p=1
Q42:	|........ ........ ........ ........| ok p=1
Q43:	|........ ........ ........ ........| ok p=1
Q44:	|........ ........ ........ ........| ok p=1
Q45:	|........ ........ ........ ........| ok p=1
Q46:	|........ ........ ........ ........| ok p=1
Q47:	|........ ........ ........ ........| ok p=1
Q48:	|........ ........ ........ ........| ok p=1
Q49:	|........ ........ ........ ........| ok p=1
Q50:	|........ ........ ........ ........| ok p=1
Q51:	|........ ........ ........ ........| ok p=1
Q52:	|........ ........ ........ ........| ok p=1
Q53:	|........ ........ ........ ........| ok p=1
Q54:	|........ ........ ........ ........| ok p=1
Q55:	|........ ........ ........ ........| ok p=1
Q56:	|........ ........ ........ ........| ok p=1
Q57:	|........ ........ ........ ........| ok p=1
Q58:	|........ ........ ........ ........| ok p=1
Q59:	|........ ........ ........ ........| ok p=1
Q60:	|0....... ........ ........ .......0| ok p=1
Q61:	|0....... ........ ........ ......11| ok p=0.501953
Q62:	|-....... ........ ........ ......0-| ok p=1
Q63:	|+....... ........ ........ ......-+| ok p=0.503906
Q64:	|+....... .-.-.... ........ .......-|
Saving 1 paths...done.
Autobalance parameters: maxcond=2176
Verified: 0 bad out of 1
Estimating maxcond for upper bound 262144 (=65536 * 4)...
t=33: 0%   10   20   30   40   50   60   70   80   90   100%
      |----|----|----|----|----|----|----|----|----|----|
e     ***************************************************
Found maxcond = 2176
t=33: 0%   10   20   30   40   50   60   70   80   90   100%
      |----|----|----|----|----|----|----|----|----|----|
      ***************************************************
Q30:	|........ ..-..... ........ ........|
Q31:	|........ ..+..... ........ ........|
Q32:	|........ ........ ........ ........|
Q33:	|........ ..^..... ........ ........| ok p=1
Q34:	|........ ........ ........ ........| ok p=1
Q35:	|........ ........ ........ ........| ok p=1
Q36:	|........ ........ ........ ........| ok p=1
Q37:	|........ ........ ........ ........| ok p=1
Q38:	|........ ........ ........ ........| ok p=1
Q39:	|........ ........ ........ ........| ok p=1
Q40:	|........ ........ ........ ........| ok p=1
Q41:	|........ ........ ........ ........| ok p=1
Q42:	|........ ........ ........ ........| ok p=1
Q43:	|........ ........ ........ ........| ok p=1
Q44:	|........ ........ ........ ........| ok p=1
Q45:	|........ ........ ........ ........| ok p=1
Q46:	|........ ........ ........ ........| ok p=1
Q47:	|........ ........ ........ ........| ok p=1
Q48:	|........ ........ ........ ........| ok p=1
Q49:	|........ ........ ........ ........| ok p=1
Q50:	|........ ........ ........ ........| ok p=1
Q51:	|........ ........ ........ ........| ok p=1
Q52:	|........ ........ ........ ........| ok p=1
Q53:	|........ ........ ........ ........| ok p=1
Q54:	|........ ........ ........ ........| ok p=1
Q55:	|........ ........ ........ ........| ok p=1
Q56:	|........ ........ ........ ........| ok p=1
Q57:	|........ ........ ........ ........| ok p=1
Q58:	|........ ........ ........ ........| ok p=1
Q59:	|........ ........ ........ ........| ok p=1
Q60:	|0....... ........ ........ .......0| ok p=1
Q61:	|0....... ........ ........ ......11| ok p=0.50293
Q62:	|-....... ........ ........ ......0-| ok p=1
Q63:	|+....... ........ ........ ......-+| ok p=0.498047
Q64:	|+....... .-.-.... ........ .......-|
Saving 6142 paths...done.
Autobalance parameters: maxcond=2176
Verified: 0 bad out of 6142
Estimating maxcond for upper bound 262144 (=65536 * 4)...
t=32: 0%   10   20   30   40   50   60   70   80   90   100%
      |----|----|----|----|----|----|----|----|----|----|
e     **************************************************Found maxcond = 25
t=32: 0%   10   20   30   40   50   60   70   80   90   100%
      |----|----|----|----|----|----|----|----|----|----|
      **************************************************Q29:	|........ ........ ........ ........|
Q30:	|........ ..-..... ........ ........|
Q31:	|........ ..+..... ........ ........|
Q32:	|........ ........ ........ ........| ok p=1
Q33:	|........ ..^..... ........ ........| ok p=1
Q34:	|........ ........ ........ ........| ok p=1
Q35:	|........ ........ ........ ........| ok p=1
Q36:	|........ ........ ........ ........| ok p=1
Q37:	|........ ........ ........ ........| ok p=1
Q38:	|........ ........ ........ ........| ok p=1
Q39:	|........ ........ ........ ........| ok p=1
Q40:	|........ ........ ........ ........| ok p=1
Q41:	|........ ........ ........ ........| ok p=1
Q42:	|........ ........ ........ ........| ok p=1
Q43:	|........ ........ ........ ........| ok p=1
Q44:	|........ ........ ........ ........| ok p=1
Q45:	|........ ........ ........ ........| ok p=1
Q46:	|........ ........ ........ ........| ok p=1
Q47:	|........ ........ ........ ........| ok p=1
Q48:	|........ ........ ........ ........| ok p=1
Q49:	|........ ........ ........ ........| ok p=1
Q50:	|........ ........ ........ ........| ok p=1
Q51:	|........ ........ ........ ........| ok p=1
Q52:	|........ ........ ........ ........| ok p=1
Q53:	|........ ........ ........ ........| ok p=1
Q54:	|........ ........ ........ ........| ok p=1
Q55:	|........ ........ ........ ........| ok p=1
Q56:	|........ ........ ........ ........| ok p=1
Q57:	|........ ........ ........ ........| ok p=1
Q58:	|........ ........ ........ ........| ok p=1
Q59:	|........ ........ ........ ........| ok p=1
Q60:	|0....... ........ ........ .......0| ok p=1
Q61:	|0....... ........ ........ ......11| ok p=0.501953
Q62:	|-....... ........ ........ ......0-| ok p=1
Q63:	|+....... ........ ........ ......-+| ok p=0.508789
Q64:	|+....... .-.-.... ........ .......-|
Saving 65536 paths...done.
Autobalance parameters: maxcond=22
Verified: 0 bad out of 129525
Estimating maxcond for upper bound 262144 (=65536 * 4)...
t=31: 0%   10   20   30   40   50   60   70   80   90   100%
      |----|----|----|----|----|----|----|----|----|----|
e     ***************************************************
Found maxcond = 22
t=31: 0%   10   20   30   40   50   60   70   80   90   100%
      |----|----|----|----|----|----|----|----|----|----|
      ***************************************************
Q28:	|........ ..-..... ........ ......-.|
Q29:	|........ ........ ........ ........|
Q30:	|........ ..+..... ........ ........|
Q31:	|........ ..+..... ........ ........| ok p=1
Q32:	|........ ........ ........ ........| ok p=1
Q33:	|........ ..!..... ........ ........| ok p=1
Q34:	|........ ........ ........ ........| ok p=1
Q35:	|........ ........ ........ ........| ok p=1
Q36:	|........ ........ ........ ........| ok p=1
Q37:	|........ ........ ........ ........| ok p=1
Q38:	|........ ........ ........ ........| ok p=1
Q39:	|........ ........ ........ ........| ok p=1
Q40:	|........ ........ ........ ........| ok p=1
Q41:	|........ ........ ........ ........| ok p=1
Q42:	|........ ........ ........ ........| ok p=1
Q43:	|........ ........ ........ ........| ok p=1
Q44:	|........ ........ ........ ........| ok p=1
Q45:	|........ ........ ........ ........| ok p=1
Q46:	|........ ........ ........ ........| ok p=1
Q47:	|........ ........ ........ ........| ok p=1
Q48:	|........ ........ ........ ........| ok p=1
Q49:	|........ ........ ........ ........| ok p=1
Q50:	|........ ........ ........ ........| ok p=1
Q51:	|........ ........ ........ ........| ok p=1
Q52:	|........ ........ ........ ........| ok p=1
Q53:	|........ ........ ........ ........| ok p=1
Q54:	|........ ........ ........ ........| ok p=1
Q55:	|........ ........ ........ ........| ok p=1
Q56:	|........ ........ ........ ........| ok p=1
Q57:	|........ ........ ........ ........| ok p=1
Q58:	|........ ........ ........ ........| ok p=1
Q59:	|........ ........ ........ ........| ok p=1
Q60:	|0....... ........ ........ .......0| ok p=1
Q61:	|0....... ........ ........ ......11| ok p=0.517578
Q62:	|-....... ........ ........ ......0-| ok p=1
Q63:	|+....... ........ ........ ......-+| ok p=0.499023
Q64:	|+....... .-.-.... ........ .......-|
Saving 65536 paths...done.
Autobalance parameters: maxcond=20
Verified: 0 bad out of 115383
Estimating maxcond for upper bound 262144 (=65536 * 4)...
t=30: 0%   10   20   30   40   50   60   70   80   90   100%
      |----|----|----|----|----|----|----|----|----|----|
e     ***************************************************
Found maxcond = 22
t=30: 0%   10   20   30   40   50   60   70   80   90   100%
      |----|----|----|----|----|----|----|----|----|----|
      ***************************************************
Q27:	|........ ........ .......+ ........|
Q28:	|........ ..-..... ........ ......-.|
Q29:	|........ ..1..... ........ ........|
Q30:	|........ ..-..... ........ ......^.| ok p=1
Q31:	|........ ..+..... ........ ........| ok p=1
Q32:	|........ ........ ........ ........| ok p=1
Q33:	|........ ..^..... ........ ........| ok p=1
Q34:	|........ ........ ........ ........| ok p=1
Q35:	|........ ........ ........ ........| ok p=1
Q36:	|........ ........ ........ ........| ok p=1
Q37:	|........ ........ ........ ........| ok p=1
Q38:	|........ ........ ........ ........| ok p=1
Q39:	|........ ........ ........ ........| ok p=1
Q40:	|........ ........ ........ ........| ok p=1
Q41:	|........ ........ ........ ........| ok p=1
Q42:	|........ ........ ........ ........| ok p=1
Q43:	|........ ........ ........ ........| ok p=1
Q44:	|........ ........ ........ ........| ok p=1
Q45:	|........ ........ ........ ........| ok p=1
Q46:	|........ ........ ........ ........| ok p=1
Q47:	|........ ........ ........ ........| ok p=1
Q48:	|........ ........ ........ ........| ok p=1
Q49:	|........ ........ ........ ........| ok p=1
Q50:	|........ ........ ........ ........| ok p=1
Q51:	|........ ........ ........ ........| ok p=1
Q52:	|........ ........ ........ ........| ok p=1
Q53:	|........ ........ ........ ........| ok p=1
Q54:	|........ ........ ........ ........| ok p=1
Q55:	|........ ........ ........ ........| ok p=1
Q56:	|........ ........ ........ ........| ok p=1
Q57:	|........ ........ ........ ........| ok p=1
Q58:	|........ ........ ........ ........| ok p=1
Q59:	|........ ........ ........ ........| ok p=1
Q60:	|0....... ........ ........ .......0| ok p=1
Q61:	|0....... ........ ........ ......11| ok p=0.490234
Q62:	|-....... ........ ........ ......0-| ok p=1
Q63:	|+....... ........ ........ ......-+| ok p=0.489258
Q64:	|+....... .-.-.... ........ .......-|
Saving 65536 paths...done.
Autobalance parameters: maxcond=19
Verified: 0 bad out of 134059
Runtime: 5.57009
Extend MD5 differential paths backward
Copyright (C) 2009 Marc Stevens
http://homepages.cwi.nl/~stevens/

delta_m[11] = [!-21!]
Loading workdir8/paths30_0of1...done: 65536 (work:65536).
Estimating maxcond for upper bound 400000 (=100000 * 4)...
t=29: 0%   10   20   30   40   50   60   70   80   90   100%
      |----|----|----|----|----|----|----|----|----|----|
e     ***************************************************
Found maxcond = 23
t=29: 0%   10   20   30   40   50   60   70   80   90   100%
      |----|----|----|----|----|----|----|----|----|----|
      ***************************************************
Q26:	|........ ..+..... ...+.... ........|
Q27:	|........ ..-..... ........ ......1.|
Q28:	|........ ..-..... ........ ......-.|
Q29:	|........ ..1..... ........ ........| ok p=1
Q30:	|........ ..+..... ........ ......^.| ok p=1
Q31:	|........ ..+..... ........ ........| ok p=0.998047
Q32:	|........ ........ ........ ........| ok p=1
Q33:	|........ ..!..... ........ ........| ok p=1
Q34:	|........ ........ ........ ........| ok p=1
Q35:	|........ ........ ........ ........| ok p=1
Q36:	|........ ........ ........ ........| ok p=1
Q37:	|........ ........ ........ ........| ok p=1
Q38:	|........ ........ ........ ........| ok p=1
Q39:	|........ ........ ........ ........| ok p=1
Q40:	|........ ........ ........ ........| ok p=1
Q41:	|........ ........ ........ ........| ok p=1
Q42:	|........ ........ ........ ........| ok p=1
Q43:	|........ ........ ........ ........| ok p=1
Q44:	|........ ........ ........ ........| ok p=1
Q45:	|........ ........ ........ ........| ok p=1
Q46:	|........ ........ ........ ........| ok p=1
Q47:	|........ ........ ........ ........| ok p=1
Q48:	|........ ........ ........ ........| ok p=1
Q49:	|........ ........ ........ ........| ok p=1
Q50:	|........ ........ ........ ........| ok p=1
Q51:	|........ ........ ........ ........| ok p=1
Q52:	|........ ........ ........ ........| ok p=1
Q53:	|........ ........ ........ ........| ok p=1
Q54:	|........ ........ ........ ........| ok p=1
Q55:	|........ ........ ........ ........| ok p=1
Q56:	|........ ........ ........ ........| ok p=1
Q57:	|........ ........ ........ ........| ok p=1
Q58:	|........ ........ ........ ........| ok p=1
Q59:	|........ ........ ........ ........| ok p=1
Q60:	|0....... ........ ........ .......0| ok p=1
Q61:	|0....... ........ ........ ......11| ok p=0.479492
Q62:	|-....... ........ ........ ......0-| ok p=1
Q63:	|+....... ........ ........ ......-+| ok p=0.483398
Q64:	|+....... .-.-.... ........ .......-|
Saving 100000 paths...done.
Autobalance parameters: maxcond=21
Verified: 0 bad out of 158501
Estimating maxcond for upper bound 400000 (=100000 * 4)...
t=28: 0%   10   20   30   40   50   60   70   80   90   100%
      |----|----|----|----|----|----|----|----|----|----|
e     ***************************************************
Found maxcond = 25
t=28: 0%   10   20   30   40   50   60   70   80   90   100%
      |----|----|----|----|----|----|----|----|----|----|
      ***************************************************
Q25:	|...+.... ..+....+ ........ ........|
Q26:	|........ ..+..... ...+.... ......+.|
Q27:	|........ ..-..... ........ ......0.|
Q28:	|........ ..-..... ...^.... ......-.| ok p=0.935547
Q29:	|........ ..1..... ........ ........| ok p=0.999023
Q30:	|........ ..+..... ........ ......^.| ok p=1
Q31:	|........ ..+..... ........ ........| ok p=1
Q32:	|........ ........ ........ ........| ok p=1
Q33:	|........ ..!..... ........ ........| ok p=1
Q34:	|........ ........ ........ ........| ok p=1
Q35:	|........ ........ ........ ........| ok p=1
Q36:	|........ ........ ........ ........| ok p=1
Q37:	|........ ........ ........ ........| ok p=1
Q38:	|........ ........ ........ ........| ok p=1
Q39:	|........ ........ ........ ........| ok p=1
Q40:	|........ ........ ........ ........| ok p=1
Q41:	|........ ........ ........ ........| ok p=1
Q42:	|........ ........ ........ ........| ok p=1
Q43:	|........ ........ ........ ........| ok p=1
Q44:	|........ ........ ........ ........| ok p=1
Q45:	|........ ........ ........ ........| ok p=1
Q46:	|........ ........ ........ ........| ok p=1
Q47:	|........ ........ ........ ........| ok p=1
Q48:	|........ ........ ........ ........| ok p=1
Q49:	|........ ........ ........ ........| ok p=1
Q50:	|........ ........ ........ ........| ok p=1
Q51:	|........ ........ ........ ........| ok p=1
Q52:	|........ ........ ........ ........| ok p=1
Q53:	|........ ........ ........ ........| ok p=1
Q54:	|........ ........ ........ ........| ok p=1
Q55:	|........ ........ ........ ........| ok p=1
Q56:	|........ ........ ........ ........| ok p=1
Q57:	|........ ........ ........ ........| ok p=1
Q58:	|........ ........ ........ ........| ok p=1
Q59:	|........ ........ ........ ........| ok p=1
Q60:	|0....... ........ ........ .......0| ok p=1
Q61:	|0....... ........ ........ ......11| ok p=0.500977
Q62:	|-....... ........ ........ ......0-| ok p=1
Q63:	|+....... ........ ........ ......-+| ok p=0.492188
Q64:	|+....... .-.-.... ........ .......-|
Saving 100000 paths...done.
Autobalance parameters: maxcond=23
Verified: 0 bad out of 166546
Estimating maxcond for upper bound 400000 (=100000 * 4)...
t=27: 0%   10   20   30   40   50   60   70   80   90   100%
      |----|----|----|----|----|----|----|----|----|----|
e     ***************************************************
Found maxcond = 28
t=27: 0%   10   20   30   40   50   60   70   80   90   100%
      |----|----|----|----|----|----|----|----|----|----|
      ***************************************************
Q24:	|........ ........ ..-..... ......-.|
Q25:	|...+.... .......+ ...1.... ........|
Q26:	|........ ..0..... ...+.... ......0.|
Q27:	|...^.... ..1....^ ........ ......1.| ok p=1
Q28:	|........ ..-..... ...^.... ......-.| ok p=0.917969
Q29:	|........ ..0..... ........ ........| ok p=1
Q30:	|........ ..+..... ........ ......^.| ok p=1
Q31:	|........ ..+..... ........ ........| ok p=0.999023
Q32:	|........ ........ ........ ........| ok p=1
Q33:	|........ ..!..... ........ ........| ok p=1
Q34:	|........ ........ ........ ........| ok p=1
Q35:	|........ ........ ........ ........| ok p=1
Q36:	|........ ........ ........ ........| ok p=1
Q37:	|........ ........ ........ ........| ok p=1
Q38:	|........ ........ ........ ........| ok p=1
Q39:	|........ ........ ........ ........| ok p=1
Q40:	|........ ........ ........ ........| ok p=1
Q41:	|........ ........ ........ ........| ok p=1
Q42:	|........ ........ ........ ........| ok p=1
Q43:	|........ ........ ........ ........| ok p=1
Q44:	|........ ........ ........ ........| ok p=1
Q45:	|........ ........ ........ ........| ok p=1
Q46:	|........ ........ ........ ........| ok p=1
Q47:	|........ ........ ........ ........| ok p=1
Q48:	|........ ........ ........ ........| ok p=1
Q49:	|........ ........ ........ ........| ok p=1
Q50:	|........ ........ ........ ........| ok p=1
Q51:	|........ ........ ........ ........| ok p=1
Q52:	|........ ........ ........ ........| ok p=1
Q53:	|........ ........ ........ ........| ok p=1
Q54:	|........ ........ ........ ........| ok p=1
Q55:	|........ ........ ........ ........| ok p=1
Q56:	|........ ........ ........ ........| ok p=1
Q57:	|........ ........ ........ ........| ok p=1
Q58:	|........ ........ ........ ........| ok p=1
Q59:	|........ ........ ........ ........| ok p=1
Q60:	|0....... ........ ........ .......0| ok p=1
Q61:	|0....... ........ ........ ......11| ok p=0.519531
Q62:	|-....... ........ ........ ......0-| ok p=1
Q63:	|+....... ........ ........ ......-+| ok p=0.494141
Q64:	|+....... .-.-.... ........ .......-|
Saving 100000 paths...done.
Autobalance parameters: maxcond=26
Verified: 0 bad out of 172458
Estimating maxcond for upper bound 400000 (=100000 * 4)...
t=26: 0%   10   20   30   40   50   60   70   80   90   100%
      |----|----|----|----|----|----|----|----|----|----|
e     ***************************************************
Found maxcond = 31
t=26: 0%   10   20   30   40   50   60   70   80   90   100%
      |----|----|----|----|----|----|----|----|----|----|
      ***************************************************
Q23:	|.-...... ...-.... ........ ......-.|
Q24:	|...1.... .......1 ...-.... ......-.|
Q25:	|...+.... .......+ ...0.... ......+.|
Q26:	|........ ..0..... ...+.... ......+.| ok p=0.735352
Q27:	|...^.... ..1....^ ........ ......-.| ok p=0.998047
Q28:	|........ ..-..... ...^.... ......-.| ok p=0.967773
Q29:	|........ ..0..... ........ ......1.| ok p=1
Q30:	|........ ..+..... ........ ......0.| ok p=1
Q31:	|........ ..+..... ........ ........| ok p=1
Q32:	|........ ........ ........ ........| ok p=1
Q33:	|........ ..!..... ........ ........| ok p=1
Q34:	|........ ........ ........ ........| ok p=1
Q35:	|........ ........ ........ ........| ok p=1
Q36:	|........ ........ ........ ........| ok p=1
Q37:	|........ ........ ........ ........| ok p=1
Q38:	|........ ........ ........ ........| ok p=1
Q39:	|........ ........ ........ ........| ok p=1
Q40:	|........ ........ ........ ........| ok p=1
Q41:	|........ ........ ........ ........| ok p=1
Q42:	|........ ........ ........ ........| ok p=1
Q43:	|........ ........ ........ ........| ok p=1
Q44:	|........ ........ ........ ........| ok p=1
Q45:	|........ ........ ........ ........| ok p=1
Q46:	|........ ........ ........ ........| ok p=1
Q47:	|........ ........ ........ ........| ok p=1
Q48:	|........ ........ ........ ........| ok p=1
Q49:	|........ ........ ........ ........| ok p=1
Q50:	|........ ........ ........ ........| ok p=1
Q51:	|........ ........ ........ ........| ok p=1
Q52:	|........ ........ ........ ........| ok p=1
Q53:	|........ ........ ........ ........| ok p=1
Q54:	|........ ........ ........ ........| ok p=1
Q55:	|........ ........ ........ ........| ok p=1
Q56:	|........ ........ ........ ........| ok p=1
Q57:	|........ ........ ........ ........| ok p=1
Q58:	|........ ........ ........ ........| ok p=1
Q59:	|........ ........ ........ ........| ok p=1
Q60:	|0....... ........ ........ .......0| ok p=1
Q61:	|0....... ........ ........ ......11| ok p=0.500977
Q62:	|-....... ........ ........ ......0-| ok p=1
Q63:	|+....... ........ ........ ......-+| ok p=0.503906
Q64:	|+....... .-.-.... ........ .......-|
Saving 100000 paths...done.
Autobalance parameters: maxcond=29
Verified: 0 bad out of 164442
Estimating maxcond for upper bound 400000 (=100000 * 4)...
t=25: 0%   10   20   30   40   50   60   70   80   90   100%
      |----|----|----|----|----|----|----|----|----|----|
e     ***************************************************
Found maxcond = 36
t=25: 0%   10   20   30   40   50   60   70   80   90   100%
      |----|----|----|----|----|----|----|----|----|----|
      ***************************************************
Q22:	|........ ....-... ........ -...+...|
Q23:	|.-.0.... ...-...0 ........ ......-.|
Q24:	|...1.... .......1 ...0.... ......-.|
Q25:	|.^.+.... ...^...+ ...1.... ......+.| ok p=0.942383
Q26:	|........ ..0..... ...+.... ......+.| ok p=0.74707
Q27:	|...^.... ..1....^ ........ ......-.| ok p=1
Q28:	|........ ..-..... ...^.... ......-.| ok p=0.966797
Q29:	|........ ..0..... ........ ......1.| ok p=0.999023
Q30:	|........ ..+..... ........ ......0.| ok p=1
Q31:	|........ ..+..... ........ ........| ok p=1
Q32:	|........ ........ ........ ........| ok p=1
Q33:	|........ ..!..... ........ ........| ok p=1
Q34:	|........ ........ ........ ........| ok p=1
Q35:	|........ ........ ........ ........| ok p=1
Q36:	|........ ........ ........ ........| ok p=1
Q37:	|........ ........ ........ ........| ok p=1
Q38:	|........ ........ ........ ........| ok p=1
Q39:	|........ ........ ........ ........| ok p=1
Q40:	|........ ........ ........ ........| ok p=1
Q41:	|........ ........ ........ ........| ok p=1
Q42:	|........ ........ ........ ........| ok p=1
Q43:	|........ ........ ........ ........| ok p=1
Q44:	|........ ........ ........ ........| ok p=1
Q45:	|........ ........ ........ ........| ok p=1
Q46:	|........ ........ ........ ........| ok p=1
Q47:	|........ ........ ........ ........| ok p=1
Q48:	|........ ........ ........ ........| ok p=1
Q49:	|........ ........ ........ ........| ok p=1
Q50:	|........ ........ ........ ........| ok p=1
Q51:	|........ ........ ........ ........| ok p=1
Q52:	|........ ........ ........ ........| ok p=1
Q53:	|........ ........ ........ ........| ok p=1
Q54:	|........ ........ ........ ........| ok p=1
Q55:	|........ ........ ........ ........| ok p=1
Q56:	|........ ........ ........ ........| ok p=1
Q57:	|........ ........ ........ ........| ok p=1
Q58:	|........ ........ ........ ........| ok p=1
Q59:	|........ ........ ........ ........| ok p=1
Q60:	|0....... ........ ........ .......0| ok p=1
Q61:	|0....... ........ ........ ......11| ok p=0.50293
Q62:	|-....... ........ ........ ......0-| ok p=1
Q63:	|+....... ........ ........ ......-+| ok p=0.498047
Q64:	|+....... .-.-.... ........ .......-|
Saving 100000 paths...done.
Autobalance parameters: maxcond=35
Verified: 0 bad out of 143627
Estimating maxcond for upper bound 400000 (=100000 * 4)...
t=24: 0%   10   20   30   40   50   60   70   80   90   100%
      |----|----|----|----|----|----|----|----|----|----|
e     ***************************************************
Found maxcond = 44
t=24: 0%   10   20   30   40   50   60   70   80   90   100%
      |----|----|----|----|----|----|----|----|----|----|
      ***************************************************
Q21:	|..+..... +....... ..+.-..+ ......+.|
Q22:	|.1...... ...1-... ........ -.......|
Q23:	|.-.0.... ...-...0 ...-.... ......-.|
Q24:	|...1.... ....^..1 ...-.... ^.....-.| ok p=0.762695
Q25:	|.^.+.... ...^...+ ...+.... ......+.| ok p=0.935547
Q26:	|........ ..0..... ...+.... ......+.| ok p=0.764648
Q27:	|...^.... ..1....^ ...1.... ......-.| ok p=1
Q28:	|........ ..-..... ...0.... ......-.| ok p=0.970703
Q29:	|........ ..0..... ........ ......1.| ok p=1
Q30:	|........ ..+..... ........ ......0.| ok p=1
Q31:	|........ ..+..... ........ ........| ok p=1
Q32:	|........ ........ ........ ........| ok p=1
Q33:	|........ ..!..... ........ ........| ok p=1
Q34:	|........ ........ ........ ........| ok p=1
Q35:	|........ ........ ........ ........| ok p=1
Q36:	|........ ........ ........ ........| ok p=1
Q37:	|........ ........ ........ ........| ok p=1
Q38:	|........ ........ ........ ........| ok p=1
Q39:	|........ ........ ........ ........| ok p=1
Q40:	|........ ........ ........ ........| ok p=1
Q41:	|........ ........ ........ ........| ok p=1
Q42:	|........ ........ ........ ........| ok p=1
Q43:	|........ ........ ........ ........| ok p=1
Q44:	|........ ........ ........ ........| ok p=1
Q45:	|........ ........ ........ ........| ok p=1
Q46:	|........ ........ ........ ........| ok p=1
Q47:	|........ ........ ........ ........| ok p=1
Q48:	|........ ........ ........ ........| ok p=1
Q49:	|........ ........ ........ ........| ok p=1
Q50:	|........ ........ ........ ........| ok p=1
Q51:	|........ ........ ........ ........| ok p=1
Q52:	|........ ........ ........ ........| ok p=1
Q53:	|........ ........ ........ ........| ok p=1
Q54:	|........ ........ ........ ........| ok p=1
Q55:	|........ ........ ........ ........| ok p=1
Q56:	|........ ........ ........ ........| ok p=1
Q57:	|........ ........ ........ ........| ok p=1
Q58:	|........ ........ ........ ........| ok p=1
Q59:	|........ ........ ........ ........| ok p=1
Q60:	|0....... ........ ........ .......0| ok p=1
Q61:	|0....... ........ ........ ......11| ok p=0.481445
Q62:	|-....... ........ ........ ......0-| ok p=1
Q63:	|+....... ........ ........ ......-+| ok p=0.50293
Q64:	|+....... .-.-.... ........ .......-|
Saving 100000 paths...done.
Autobalance parameters: maxcond=43
Verified: 0 bad out of 132873
Estimating maxcond for upper bound 400000 (=100000 * 4)...
t=23: 0%   10   20   30   40   50   60   70   80   90   100%
      |----|----|----|----|----|----|----|----|----|----|
e     ***************************************************
Found maxcond = 53
t=23: 0%   10   20   30   40   50   60   70   80   90   100%
      |----|----|----|----|----|----|----|----|----|----|
      ***************************************************
Q20:	|..+..... .......+ .....+.. ........|
Q21:	|.+.....1 +...1... ........ 1...1...|
Q22:	|.0.....- ....-..- ........ -...+...|
Q23:	|.-.0.... ^......- ........ ........| ok p=0.575195
Q24:	|...1...^ ....^..+ ...0.... ^...^.0.| ok p=0.887695
Q25:	|.^.+.... .......+ ...1.... ........| ok p=0.93457
Q26:	|........ ..0....1 ...+.... .....0-.| ok p=0.748047
Q27:	|...^.... ..1....0 ........ .....1-.| ok p=0.999023
Q28:	|........ ..-..... ...^.... .....-+.| ok p=0.957031
Q29:	|........ ..0..... ........ ......0.| ok p=1
Q30:	|........ ..+..... ........ .....^1.| ok p=1
Q31:	|........ ..+..... ........ ........| ok p=1
Q32:	|........ ........ ........ ........| ok p=1
Q33:	|........ ..!..... ........ ........| ok p=1
Q34:	|........ ........ ........ ........| ok p=1
Q35:	|........ ........ ........ ........| ok p=1
Q36:	|........ ........ ........ ........| ok p=1
Q37:	|........ ........ ........ ........| ok p=1
Q38:	|........ ........ ........ ........| ok p=1
Q39:	|........ ........ ........ ........| ok p=1
Q40:	|........ ........ ........ ........| ok p=1
Q41:	|........ ........ ........ ........| ok p=1
Q42:	|........ ........ ........ ........| ok p=1
Q43:	|........ ........ ........ ........| ok p=1
Q44:	|........ ........ ........ ........| ok p=1
Q45:	|........ ........ ........ ........| ok p=1
Q46:	|........ ........ ........ ........| ok p=1
Q47:	|........ ........ ........ ........| ok p=1
Q48:	|........ ........ ........ ........| ok p=1
Q49:	|........ ........ ........ ........| ok p=1
Q50:	|........ ........ ........ ........| ok p=1
Q51:	|........ ........ ........ ........| ok p=1
Q52:	|........ ........ ........ ........| ok p=1
Q53:	|........ ........ ........ ........| ok p=1
Q54:	|........ ........ ........ ........| ok p=1
Q55:	|........ ........ ........ ........| ok p=1
Q56:	|........ ........ ........ ........| ok p=1
Q57:	|........ ........ ........ ........| ok p=1
Q58:	|........ ........ ........ ........| ok p=1
Q59:	|........ ........ ........ ........| ok p=1
Q60:	|0....... ........ ........ .......0| ok p=1
Q61:	|0....... ........ ........ ......11| ok p=0.487305
Q62:	|-....... ........ ........ ......0-| ok p=1
Q63:	|+....... ........ ........ ......-+| ok p=0.532227
Q64:	|+....... .-.-.... ........ .......-|
Saving 100000 paths...done.
Autobalance parameters: maxcond=52
Verified: 0 bad out of 106747
Estimating maxcond for upper bound 400000 (=100000 * 4)...
t=22: 0%   10   20   30   40   50   60   70   80   90   100%
      |----|----|----|----|----|----|----|----|----|----|
e     ***************************************************
Found maxcond = 60
t=22: 0%   10   20   30   40   50   60   70   80   90   100%
      |----|----|----|----|----|----|----|----|----|----|
      ***************************************************
Q19:	|......+. ..-....- .....+.. ..+.....|
Q20:	|.......+ 1...+... ....1+.. 0...-...|
Q21:	|.0.....0 +...0... ....+... 1...0...|
Q22:	|.1.....- ....-... .....^.. -...+...| ok p=0.816406
Q23:	|.-.0.... ^......0 ....^... ........| ok p=0.750977
Q24:	|...1...^ ....^..1 ...0.... ^...^.0.| ok p=0.876953
Q25:	|.^.+.... .......+ ...1.... ........| ok p=0.925781
Q26:	|........ ..0..... ...+.... .....0-.| ok p=0.77832
Q27:	|...^.... ..1....^ ........ .....1-.| ok p=0.999023
Q28:	|........ ..-..... ...^.... .....-+.| ok p=0.967773
Q29:	|........ ..0..... ........ ......0.| ok p=0.999023
Q30:	|........ ..+..... ........ .....^1.| ok p=1
Q31:	|........ ..+..... ........ ........| ok p=1
Q32:	|........ ........ ........ ........| ok p=1
Q33:	|........ ..!..... ........ ........| ok p=1
Q34:	|........ ........ ........ ........| ok p=1
Q35:	|........ ........ ........ ........| ok p=1
Q36:	|........ ........ ........ ........| ok p=1
Q37:	|........ ........ ........ ........| ok p=1
Q38:	|........ ........ ........ ........| ok p=1
Q39:	|........ ........ ........ ........| ok p=1
Q40:	|........ ........ ........ ........| ok p=1
Q41:	|........ ........ ........ ........| ok p=1
Q42:	|........ ........ ........ ........| ok p=1
Q43:	|........ ........ ........ ........| ok p=1
Q44:	|........ ........ ........ ........| ok p=1
Q45:	|........ ........ ........ ........| ok p=1
Q46:	|........ ........ ........ ........| ok p=1
Q47:	|........ ........ ........ ........| ok p=1
Q48:	|........ ........ ........ ........| ok p=1
Q49:	|........ ........ ........ ........| ok p=1
Q50:	|........ ........ ........ ........| ok p=1
Q51:	|........ ........ ........ ........| ok p=1
Q52:	|........ ........ ........ ........| ok p=1
Q53:	|........ ........ ........ ........| ok p=1
Q54:	|........ ........ ........ ........| ok p=1
Q55:	|........ ........ ........ ........| ok p=1
Q56:	|........ ........ ........ ........| ok p=1
Q57:	|........ ........ ........ ........| ok p=1
Q58:	|........ ........ ........ ........| ok p=1
Q59:	|........ ........ ........ ........| ok p=1
Q60:	|0....... ........ ........ .......0| ok p=1
Q61:	|0....... ........ ........ ......11| ok p=0.495117
Q62:	|-....... ........ ........ ......0-| ok p=1
Q63:	|+....... ........ ........ ......-+| ok p=0.49707
Q64:	|+....... .-.-.... ........ .......-|
Saving 100000 paths...done.
Autobalance parameters: maxcond=59
Verified: 0 bad out of 123719
Estimating maxcond for upper bound 400000 (=100000 * 4)...
t=21: 0%   10   20   30   40   50   60   70   80   90   100%
      |----|----|----|----|----|----|----|----|----|----|
e     ***************************************************
Found maxcond = 71
t=21: 0%   10   20   30   40   50   60   70   80   90   100%
      |----|----|----|----|----|----|----|----|----|----|
      ***************************************************
Q18:	|+.....+. .+.....- .+...-.. .....-..|
Q19:	|.......+ +.-..... ....0+.. ..+.....|
Q20:	|.+.....0 0...0... ....1+.. 0...0...|
Q21:	|.+.....1 +.^.1... ....+0.. 1.^.1...| ok p=0.395508
Q22:	|.-.....- ....-... .....^.. -...+...| ok p=0.978516
Q23:	|.-.0.... ^......0 ....^... ........| ok p=0.87793
Q24:	|.1.1...^ ....^..1 ...0.... ^...^.0.| ok p=1
Q25:	|.0.+.... .......+ ...1.... ........| ok p=0.929688
Q26:	|........ ..0..... ...+.... .....0-.| ok p=0.764648
Q27:	|...^.... ..1....^ ........ .....1-.| ok p=1
Q28:	|........ ..-..... ...^.... .....-+.| ok p=0.962891
Q29:	|........ ..0..... ........ ......0.| ok p=0.999023
Q30:	|........ ..+..... ........ .....^1.| ok p=1
Q31:	|........ ..+..... ........ ........| ok p=1
Q32:	|........ ........ ........ ........| ok p=1
Q33:	|........ ..!..... ........ ........| ok p=1
Q34:	|........ ........ ........ ........| ok p=1
Q35:	|........ ........ ........ ........| ok p=1
Q36:	|........ ........ ........ ........| ok p=1
Q37:	|........ ........ ........ ........| ok p=1
Q38:	|........ ........ ........ ........| ok p=1
Q39:	|........ ........ ........ ........| ok p=1
Q40:	|........ ........ ........ ........| ok p=1
Q41:	|........ ........ ........ ........| ok p=1
Q42:	|........ ........ ........ ........| ok p=1
Q43:	|........ ........ ........ ........| ok p=1
Q44:	|........ ........ ........ ........| ok p=1
Q45:	|........ ........ ........ ........| ok p=1
Q46:	|........ ........ ........ ........| ok p=1
Q47:	|........ ........ ........ ........| ok p=1
Q48:	|........ ........ ........ ........| ok p=1
Q49:	|........ ........ ........ ........| ok p=1
Q50:	|........ ........ ........ ........| ok p=1
Q51:	|........ ........ ........ ........| ok p=1
Q52:	|........ ........ ........ ........| ok p=1
Q53:	|........ ........ ........ ........| ok p=1
Q54:	|........ ........ ........ ........| ok p=1
Q55:	|........ ........ ........ ........| ok p=1
Q56:	|........ ........ ........ ........| ok p=1
Q57:	|........ ........ ........ ........| ok p=1
Q58:	|........ ........ ........ ........| ok p=1
Q59:	|........ ........ ........ ........| ok p=1
Q60:	|0....... ........ ........ .......0| ok p=1
Q61:	|0....... ........ ........ ......11| ok p=0.507812
Q62:	|-....... ........ ........ ......0-| ok p=1
Q63:	|+....... ........ ........ ......-+| ok p=0.498047
Q64:	|+....... .-.-.... ........ .......-|
Saving 100000 paths...done.
Autobalance parameters: maxcond=70
Verified: 0 bad out of 128791
Runtime: 17.9628
Extend MD5 differential paths backward
Copyright (C) 2009 Marc Stevens
http://homepages.cwi.nl/~stevens/

delta_m[11] = [!-21!]
Loading workdir8/paths21_0of1...done: 100000 (work:100000).
Estimating maxcond for upper bound 65536 (=16384 * 4)...
t=20: 0%   10   20   30   40   50   60   70   80   90   100%
      |----|----|----|----|----|----|----|----|----|----|
e     ***************************************************
Found maxcond = 84
t=20: 0%   10   20   30   40   50   60   70   80   90   100%
      |----|----|----|----|----|----|----|----|----|----|
      ***************************************************
Q17:	|......-. +....-.. ........ ..+.....|
Q18:	|.-...+.. -.1....- .+...-.. ..1..-..|
Q19:	|.......+ +.-....- ....0-.. ..+.....|
Q20:	|.^...^.+ 0...0..0 .^..0+.. 0...0^..| ok p=0.996094
Q21:	|.0.....0 +.^.1..^ ....+1.. 1.^.1...| ok p=0.780273
Q22:	|.1.....- ....-... .....^.. -...+...| ok p=0.792969
Q23:	|.-.0.... ^......0 ....^... ........| ok p=0.75
Q24:	|...1...^ ....^..1 ...0.... ^...^.0.| ok p=0.880859
Q25:	|.^.+.... .......+ ...1.... ........| ok p=0.932617
Q26:	|........ ..0..... ...+.... .....0-.| ok p=0.745117
Q27:	|...^.... ..1....^ ........ .....1-.| ok p=0.999023
Q28:	|........ ..-..... ...^.... .....-+.| ok p=0.962891
Q29:	|........ ..0..... ........ ......0.| ok p=0.999023
Q30:	|........ ..+..... ........ .....^1.| ok p=1
Q31:	|........ ..+..... ........ ........| ok p=1
Q32:	|........ ........ ........ ........| ok p=1
Q33:	|........ ..!..... ........ ........| ok p=1
Q34:	|........ ........ ........ ........| ok p=1
Q35:	|........ ........ ........ ........| ok p=1
Q36:	|........ ........ ........ ........| ok p=1
Q37:	|........ ........ ........ ........| ok p=1
Q38:	|........ ........ ........ ........| ok p=1
Q39:	|........ ........ ........ ........| ok p=1
Q40:	|........ ........ ........ ........| ok p=1
Q41:	|........ ........ ........ ........| ok p=1
Q42:	|........ ........ ........ ........| ok p=1
Q43:	|........ ........ ........ ........| ok p=1
Q44:	|........ ........ ........ ........| ok p=1
Q45:	|........ ........ ........ ........| ok p=1
Q46:	|........ ........ ........ ........| ok p=1
Q47:	|........ ........ ........ ........| ok p=1
Q48:	|........ ........ ........ ........| ok p=1
Q49:	|........ ........ ........ ........| ok p=1
Q50:	|........ ........ ........ ........| ok p=1
Q51:	|........ ........ ........ ........| ok p=1
Q52:	|........ ........ ........ ........| ok p=1
Q53:	|........ ........ ........ ........| ok p=1
Q54:	|........ ........ ........ ........| ok p=1
Q55:	|........ ........ ........ ........| ok p=1
Q56:	|........ ........ ........ ........| ok p=1
Q57:	|........ ........ ........ ........| ok p=1
Q58:	|........ ........ ........ ........| ok p=1
Q59:	|........ ........ ........ ........| ok p=1
Q60:	|0....... ........ ........ .......0| ok p=1
Q61:	|0....... ........ ........ ......11| ok p=0.503906
Q62:	|-....... ........ ........ ......0-| ok p=1
Q63:	|+....... ........ ........ ......-+| ok p=0.501953
Q64:	|+....... .-.-.... ........ .......-|
Saving 16384 paths...done.
Autobalance parameters: maxcond=83
Verified: 496 bad out of 24092
Runtime: 4.04869
Extend MD5 differential paths backward
Copyright (C) 2009 Marc Stevens
http://homepages.cwi.nl/~stevens/

delta_m[11] = [!-21!]
Loading workdir8/paths20_0of1...done: 16384 (work:16384).
Estimating maxcond for upper bound 2000000 (=500000 * 4)...
t=19: 0%   10   20   30   40   50   60   70   80   90   100%
      |----|----|----|----|----|----|----|----|----|----|
e     ***************************************************
Found maxcond = 95
t=19: 0%   10   20   30   40   50   60   70   80   90   100%
      |----|----|----|----|----|----|----|----|----|----|
      ***************************************************
Q16:	|...+..-. +......- .....+.. ..-...+.|
Q17:	|.1...... ..0..+.. .1...... ..0..1..|
Q18:	|.-....+. ..1....- .+...-.. ..0..-..|
Q19:	|......+. 0.-..^.- ....0-.. ..+.....| ok p=0.918945
Q20:	|.^....00 1...0..0 .^..0+.. 0...0^..| ok p=1
Q21:	|.0....11 +.^.1..^ ....+1.. 1.^.1...| ok p=0.768555
Q22:	|.1.....- ....-... .....^.. -...+...| ok p=0.789062
Q23:	|.-.0.... ^......0 ....^... ........| ok p=0.760742
Q24:	|...1...^ ....^..1 ...0.... ^...^.0.| ok p=0.879883
Q25:	|.^.+.... .......+ ...1.... ........| ok p=0.925781
Q26:	|........ ..0..... ...+.... .....0-.| ok p=0.763672
Q27:	|...^.... ..1....^ ........ .....1-.| ok p=1
Q28:	|........ ..-..... ...^.... .....-+.| ok p=0.964844
Q29:	|........ ..0..... ........ ......0.| ok p=0.999023
Q30:	|........ ..+..... ........ .....^1.| ok p=1
Q31:	|........ ..+..... ........ ........| ok p=0.999023
Q32:	|........ ........ ........ ........| ok p=1
Q33:	|........ ..!..... ........ ........| ok p=1
Q34:	|........ ........ ........ ........| ok p=1
Q35:	|........ ........ ........ ........| ok p=1
Q36:	|........ ........ ........ ........| ok p=1
Q37:	|........ ........ ........ ........| ok p=1
Q38:	|........ ........ ........ ........| ok p=1
Q39:	|........ ........ ........ ........| ok p=1
Q40:	|........ ........ ........ ........| ok p=1
Q41:	|........ ........ ........ ........| ok p=1
Q42:	|........ ........ ........ ........| ok p=1
Q43:	|........ ........ ........ ........| ok p=1
Q44:	|........ ........ ........ ........| ok p=1
Q45:	|........ ........ ........ ........| ok p=1
Q46:	|........ ........ ........ ........| ok p=1
Q47:	|........ ........ ........ ........| ok p=1
Q48:	|........ ........ ........ ........| ok p=1
Q49:	|........ ........ ........ ........| ok p=1
Q50:	|........ ........ ........ ........| ok p=1
Q51:	|........ ........ ........ ........| ok p=1
Q52:	|........ ........ ........ ........| ok p=1
Q53:	|........ ........ ........ ........| ok p=1
Q54:	|........ ........ ........ ........| ok p=1
Q55:	|........ ........ ........ ........| ok p=1
Q56:	|........ ........ ........ ........| ok p=1
Q57:	|........ ........ ........ ........| ok p=1
Q58:	|........ ........ ........ ........| ok p=1
Q59:	|........ ........ ........ ........| ok p=1
Q60:	|0....... ........ ........ .......0| ok p=1
Q61:	|0....... ........ ........ ......11| ok p=0.50293
Q62:	|-....... ........ ........ ......0-| ok p=1
Q63:	|+....... ........ ........ ......-+| ok p=0.500977
Q64:	|+....... .-.-.... ........ .......-|
Saving 500000 paths...done.
Autobalance parameters: maxcond=94
Verified: 0 bad out of 785540
Estimating maxcond for upper bound 2000000 (=500000 * 4)...
t=18: 0%   10   20   30   40   50   60   70   80   90   100%
      |----|----|----|----|----|----|----|----|----|----|
e     ***************************************************
Found maxcond = 107
t=18: 0%   10   20   30   40   50   60   70   80   90   100%
      |----|----|----|----|----|----|----|----|----|----|
      ***************************************************
Q15:	|..+....+ .-.-...+ .....+.. -......-|
Q16:	|.+.+..-. .....1.- .0...... ..-..++.|
Q17:	|.0....0. ..0..+.+ .1...-.. ..+..0..|
Q18:	|.-.^..+. ..1....- .+...-.. ..1..-^.| ok p=0.688477
Q19:	|......+. 0.-..^.- ....0+.. ..+.....| ok p=0.94043
Q20:	|.^....00 1...0..1 .^..1+.. 0...0^..| ok p=1
Q21:	|.0....11 +.^.1..^ ....+0.. 1.^.1...| ok p=0.78418
Q22:	|.1.....- ....-... .....^.. -...+...| ok p=0.828125
Q23:	|.-.0.... ^......0 ....^... ........| ok p=0.731445
Q24:	|...1...^ ....^..1 ...0.... ^...^.0.| ok p=0.892578
Q25:	|.^.+.... .......+ ...1.... ........| ok p=0.9375
Q26:	|........ ..0..... ...+.... .....0-.| ok p=0.731445
Q27:	|...^.... ..1....^ ........ .....1-.| ok p=1
Q28:	|........ ..-..... ...^.... .....-+.| ok p=0.959961
Q29:	|........ ..0..... ........ ......0.| ok p=1
Q30:	|........ ..+..... ........ .....^1.| ok p=1
Q31:	|........ ..+..... ........ ........| ok p=1
Q32:	|........ ........ ........ ........| ok p=1
Q33:	|........ ..!..... ........ ........| ok p=1
Q34:	|........ ........ ........ ........| ok p=1
Q35:	|........ ........ ........ ........| ok p=1
Q36:	|........ ........ ........ ........| ok p=1
Q37:	|........ ........ ........ ........| ok p=1
Q38:	|........ ........ ........ ........| ok p=1
Q39:	|........ ........ ........ ........| ok p=1
Q40:	|........ ........ ........ ........| ok p=1
Q41:	|........ ........ ........ ........| ok p=1
Q42:	|........ ........ ........ ........| ok p=1
Q43:	|........ ........ ........ ........| ok p=1
Q44:	|........ ........ ........ ........| ok p=1
Q45:	|........ ........ ........ ........| ok p=1
Q46:	|........ ........ ........ ........| ok p=1
Q47:	|........ ........ ........ ........| ok p=1
Q48:	|........ ........ ........ ........| ok p=1
Q49:	|........ ........ ........ ........| ok p=1
Q50:	|........ ........ ........ ........| ok p=1
Q51:	|........ ........ ........ ........| ok p=1
Q52:	|........ ........ ........ ........| ok p=1
Q53:	|........ ........ ........ ........| ok p=1
Q54:	|........ ........ ........ ........| ok p=1
Q55:	|........ ........ ........ ........| ok p=1
Q56:	|........ ........ ........ ........| ok p=1
Q57:	|........ ........ ........ ........| ok p=1
Q58:	|........ ........ ........ ........| ok p=1
Q59:	|........ ........ ........ ........| ok p=1
Q60:	|0....... ........ ........ .......0| ok p=1
Q61:	|0....... ........ ........ ......11| ok p=0.496094
Q62:	|-....... ........ ........ ......0-| ok p=1
Q63:	|+....... ........ ........ ......-+| ok p=0.514648
Q64:	|+....... .-.-.... ........ .......-|
Saving 500000 paths...done.
Autobalance parameters: maxcond=106
Verified: 0 bad out of 751926
Estimating maxcond for upper bound 2000000 (=500000 * 4)...
t=17: 0%   10   20   30   40   50   60   70   80   90   100%
      |----|----|----|----|----|----|----|----|----|----|
e     ***************************************************
Found maxcond = 124
t=17: 0%   10   20   30   40   50   60   70   80   90   100%
      |----|----|----|----|----|----|----|----|----|----|
      ***************************************************
Q14:	|.......- ..-..+.+ .+.....+ ..+...-.|
Q15:	|...1.... ..++..+. .....-.. -.....1-|
Q16:	|.0.+..0- 1.0...1- .0...+.. .....0-.|
Q17:	|.1....1- ..0^..-- .1...1.. ^.0..0.^| ok p=0.792969
Q18:	|.-.^..++ +.1....- .+...-.. ..0..-^.| ok p=0.755859
Q19:	|.......+ +.-...^- ....0-.. ..+.....| ok p=0.920898
Q20:	|.^....^+ 0...0..1 .^..0+.. 0...0^..| ok p=0.995117
Q21:	|.0.....0 +.^.1..^ ....+1.. 1.^.1...| ok p=0.765625
Q22:	|.1.....- ....-... .....^.. -...+...| ok p=0.795898
Q23:	|.-.0.... ^......0 ....^... ........| ok p=0.758789
Q24:	|...1...^ ....^..1 ...0.... ^...^.0.| ok p=0.874023
Q25:	|.^.+.... .......+ ...1.... ........| ok p=0.931641
Q26:	|........ ..0..... ...+.... .....0-.| ok p=0.757812
Q27:	|...^.... ..1....^ ........ .....1-.| ok p=1
Q28:	|........ ..-..... ...^.... .....-+.| ok p=0.966797
Q29:	|........ ..0..... ........ ......0.| ok p=0.999023
Q30:	|........ ..+..... ........ .....^1.| ok p=1
Q31:	|........ ..+..... ........ ........| ok p=0.998047
Q32:	|........ ........ ........ ........| ok p=1
Q33:	|........ ..!..... ........ ........| ok p=1
Q34:	|........ ........ ........ ........| ok p=1
Q35:	|........ ........ ........ ........| ok p=1
Q36:	|........ ........ ........ ........| ok p=1
Q37:	|........ ........ ........ ........| ok p=1
Q38:	|........ ........ ........ ........| ok p=1
Q39:	|........ ........ ........ ........| ok p=1
Q40:	|........ ........ ........ ........| ok p=1
Q41:	|........ ........ ........ ........| ok p=1
Q42:	|........ ........ ........ ........| ok p=1
Q43:	|........ ........ ........ ........| ok p=1
Q44:	|........ ........ ........ ........| ok p=1
Q45:	|........ ........ ........ ........| ok p=1
Q46:	|........ ........ ........ ........| ok p=1
Q47:	|........ ........ ........ ........| ok p=1
Q48:	|........ ........ ........ ........| ok p=1
Q49:	|........ ........ ........ ........| ok p=1
Q50:	|........ ........ ........ ........| ok p=1
Q51:	|........ ........ ........ ........| ok p=1
Q52:	|........ ........ ........ ........| ok p=1
Q53:	|........ ........ ........ ........| ok p=1
Q54:	|........ ........ ........ ........| ok p=1
Q55:	|........ ........ ........ ........| ok p=1
Q56:	|........ ........ ........ ........| ok p=1
Q57:	|........ ........ ........ ........| ok p=1
Q58:	|........ ........ ........ ........| ok p=1
Q59:	|........ ........ ........ ........| ok p=1
Q60:	|0....... ........ ........ .......0| ok p=1
Q61:	|0....... ........ ........ ......11| ok p=0.518555
Q62:	|-....... ........ ........ ......0-| ok p=1
Q63:	|+....... ........ ........ ......-+| ok p=0.511719
Q64:	|+....... .-.-.... ........ .......-|
Saving 500000 paths...done.
Autobalance parameters: maxcond=123
Verified: 0 bad out of 846739
Estimating maxcond for upper bound 2000000 (=500000 * 4)...
t=16: 0%   10   20   30   40   50   60   70   80   90   100%
      |----|----|----|----|----|----|----|----|----|----|
e     ***************************************************
Found maxcond = 136
t=16: 0%   10   20   30   40   50   60   70   80   90   100%
      |----|----|----|----|----|----|----|----|----|----|
      ***************************************************
Q13:	|..-...+. -..-.... .+.-.-.. .......+|
Q14:	|........ 1.-1...+ .....-.. +.+...01|
Q15:	|...+..-. +.++.0.+ .....+.. -.1...1-|
Q16:	|.0.+..-. ..0..1.- .0...0.. 1.-..0+.| ok p=1
Q17:	|.1.0..1. ^.0^.+.+ .1...-.. 0.0..1.^| ok p=0.621094
Q18:	|.-.1..+. ..1....- .+...-.. ..0..-^.| ok p=0.650391
Q19:	|......+. 0.-..^.- ....0+.. ..+.....| ok p=0.929688
Q20:	|.^....00 1...0..1 .^..1+.. 0...0^..| ok p=1
Q21:	|.0....11 +.^.1..^ ....+0.. 1.^.1...| ok p=0.772461
Q22:	|.1.....- ....-... .....^.. -...+...| ok p=0.8125
Q23:	|.-.0.... ^......0 ....^... ........| ok p=0.746094
Q24:	|...1...^ ....^..1 ...0.... ^...^.0.| ok p=0.854492
Q25:	|.^.+.... .......+ ...1.... ........| ok p=0.921875
Q26:	|........ ..0..... ...+.... .....0-.| ok p=0.761719
Q27:	|...^.... ..1....^ ........ .....1-.| ok p=1
Q28:	|........ ..-..... ...^.... .....-+.| ok p=0.963867
Q29:	|........ ..0..... ........ ......0.| ok p=1
Q30:	|........ ..+..... ........ .....^1.| ok p=1
Q31:	|........ ..+..... ........ ........| ok p=1
Q32:	|........ ........ ........ ........| ok p=1
Q33:	|........ ..!..... ........ ........| ok p=1
Q34:	|........ ........ ........ ........| ok p=1
Q35:	|........ ........ ........ ........| ok p=1
Q36:	|........ ........ ........ ........| ok p=1
Q37:	|........ ........ ........ ........| ok p=1
Q38:	|........ ........ ........ ........| ok p=1
Q39:	|........ ........ ........ ........| ok p=1
Q40:	|........ ........ ........ ........| ok p=1
Q41:	|........ ........ ........ ........| ok p=1
Q42:	|........ ........ ........ ........| ok p=1
Q43:	|........ ........ ........ ........| ok p=1
Q44:	|........ ........ ........ ........| ok p=1
Q45:	|........ ........ ........ ........| ok p=1
Q46:	|........ ........ ........ ........| ok p=1
Q47:	|........ ........ ........ ........| ok p=1
Q48:	|........ ........ ........ ........| ok p=1
Q49:	|........ ........ ........ ........| ok p=1
Q50:	|........ ........ ........ ........| ok p=1
Q51:	|........ ........ ........ ........| ok p=1
Q52:	|........ ........ ........ ........| ok p=1
Q53:	|........ ........ ........ ........| ok p=1
Q54:	|........ ........ ........ ........| ok p=1
Q55:	|........ ........ ........ ........| ok p=1
Q56:	|........ ........ ........ ........| ok p=1
Q57:	|........ ........ ........ ........| ok p=1
Q58:	|........ ........ ........ ........| ok p=1
Q59:	|........ ........ ........ ........| ok p=1
Q60:	|0....... ........ ........ .......0| ok p=1
Q61:	|0....... ........ ........ ......11| ok p=0.477539
Q62:	|-....... ........ ........ ......0-| ok p=1
Q63:	|+....... ........ ........ ......-+| ok p=0.508789
Q64:	|+....... .-.-.... ........ .......-|
Saving 500000 paths...done.
Autobalance parameters: maxcond=135
Verified: 0 bad out of 701336
Runtime: 63.4049
