Connect MD5 differential paths
Copyright (C) 2009 Marc Stevens
http://homepages.cwi.nl/~stevens/

delta_m[11] = [!-21!]
Loading workdir8/paths16_0of1.bin.gz...done: 500000.
Loading workdir8/paths11_0of1.bin.gz...done: 500000.
t=12: 0%   10   20   30   40   50   60   70   80   90   100%
      |----|----|----|----|----|----|----|----|----|----|
      *Q-3:	|00100100 11110010 01000110 11101000|
Q-2:	|+1011101 11111101 10101000 110101+-|
Q-1:	|-1110110 11101100 11010100 1101110+|
Q0:	|-1100000 +1--0010 10100110 1010001+| ok p=0.970703
Q1:	|-..0+... 0+1+.1.. ..1..... .......+| ok p=1
Q2:	|-..+-... 1+1+.1.. .1+.0... .......-| ok p=1
Q3:	|-.10+... 1+.+.+.. .0+^1... ......1-| ok p=1
Q4:	|-111+... +.!+.+.. .+.+-... ......0-| ok p=1
Q5:	|0.--+... +0...... .+00+... .1!^..++| ok p=1
Q6:	|0!+0.... ..11.0^. ...+-.^0 .1.+..--| ok p=1
Q7:	|.!-11... 1.11..-. !1.--.+0 .-.0.1-0| ok p=1
Q8:	|..-..... ..-0..0. ...+..0- .-.+.0.1| ok p=1
Q9:	|.!+0.... 1.01..1. .0.+0.-+ .+.1.-0.| ok p=1
Q10:	|0.+0.101 0.+1..-1 00000.-+ 0+01.-..| ok p=1
Q11:	|111+0100 -.+-.1+0 1-10101- 110-^+11| ok p=1
Q12:	|-10+1+-+ -.+-^10+ +++-+1-1 +-++++00| ok p=1
Q13:	|0-++---- +.-+-+01 +-0-0-11 +1-10.++| ok p=1
Q14:	|111-0010 1.011-.+ .00.1-1+ 000110-0| ok p=1
Q15:	|.01+01-0 +.+1++.+ 1011.+.1 -.1...--| ok p=0.967773
Q16:	|.0.+..-. ..1..0.- .0...0.1 ..-..0+.| ok p=1
Q17:	|.1.0..1. ^.0.^+.+ .1...-.. ^.+..10^| ok p=0.582031
Q18:	|.-.1..+. ..1....- .+...-.. ..1..-1.| ok p=0.657227
Q19:	|......+. 0.-..^.- ....0+.. ..+.....| ok p=0.915039
Q20:	|.^....00 1...0..1 .^..1+.. 0...0^..| ok p=1
Q21:	|.0....11 +.^.1..1 ....+0.. 1.^.1...| ok p=0.763672
Q22:	|.1.....- ....-... .....0.. -...+...| ok p=0.813477
Q23:	|.-.0.... ^......0 ....^... ........| ok p=0.756836
Q24:	|...1...^ ....^..1 ...0.... ^...^.0.| ok p=0.868164
Q25:	|.^.+.... .......+ ...1.... ........| ok p=0.918945
Q26:	|........ ..0..... ...+.... .....0-.| ok p=0.744141
Q27:	|...^.... ..1....^ ........ .....1-.| ok p=1
Q28:	|........ ..-..... ...^.... .....-+.| ok p=0.963867
Q29:	|........ ..0..... ........ ......0.| ok p=1
Q30:	|........ ..+..... ........ .....^1.| ok p=1
Q31:	|........ ..+..... ........ ........| ok p=1
Q32:	|........ ........ ........ ........| ok p=1
Q33:	|........ ..!..... ........ ........| ok p=1
Q34:	|........ ........ ........ ........| ok p=1
Q35:	|........ ........ ........ ........| ok p=1
Q36:	|........ ........ ........ ........| ok p=1
Q37:	|........ ........ ........ ........| ok p=1
Q38:	|........ ........ ........ ........| ok p=1
Q39:	|........ ........ ........ ........| ok p=1
Q40:	|........ ........ ........ ........| ok p=1
Q41:	|........ ........ ........ ........| ok p=1
Q42:	|........ ........ ........ ........| ok p=1
Q43:	|........ ........ ........ ........| ok p=1
Q44:	|........ ........ ........ ........| ok p=1
Q45:	|........ ........ ........ ........| ok p=1
Q46:	|........ ........ ........ ........| ok p=1
Q47:	|........ ........ ........ ........| ok p=1
Q48:	|........ ........ ........ ........| ok p=1
Q49:	|........ ........ ........ ........| ok p=1
Q50:	|........ ........ ........ ........| ok p=1
Q51:	|........ ........ ........ ........| ok p=1
Q52:	|........ ........ ........ ........| ok p=1
Q53:	|........ ........ ........ ........| ok p=1
Q54:	|........ ........ ........ ........| ok p=1
Q55:	|........ ........ ........ ........| ok p=1
Q56:	|........ ........ ........ ........| ok p=1
Q57:	|........ ........ ........ ........| ok p=1
Q58:	|........ ........ ........ ........| ok p=1
Q59:	|........ ........ ........ ........| ok p=1
Q60:	|0....... ........ ........ .......0| ok p=1
Q61:	|0....... ........ ........ ......11| ok p=0.489258
Q62:	|-....... ........ ........ ......0-| ok p=1
Q63:	|+....... ........ ........ ......-+| ok p=0.487305
Q64:	|+....... .-.-.... ........ .......-|
Best path: totcompl=-31 tottunnel=35, totcond=547, p=0.0231381
Q-3:	|00100100 11110010 01000110 11101000|
Q-2:	|+1011101 11111101 10101000 110101+-|
Q-1:	|-1110110 11101100 11010100 1101110+|
Q0:	|-1100000 +1--0010 10100110 1010001+| ok p=0.976562
Q1:	|-..0+... 0+1+.1.. ..1..... .......+| ok p=1
Q2:	|-..+-... 1+1+.1.. .1+.0... .......-| ok p=1
Q3:	|-.10+... 1+.+.+.. .0+^1... ......1-| ok p=1
Q4:	|-.11+... +.!+.+.. .+.+-... ......0-| ok p=1
Q5:	|0^--+... +0...... .+00+... .1!^..++| ok p=1
Q6:	|0!+0.... ..11.0^. ...+-.^0 .1.+..--| ok p=1
Q7:	|.!-11... 1.11..-. !1.--.+0 .-.0.1-0| ok p=1
Q8:	|..-..... ..-0..0. ...+..0- .-.+.0.1| ok p=1
Q9:	|!.+0.... 1.01..1. .0.+0.-+ .+.1.-0.| ok p=1
Q10:	|0.+0.101 0.+1..-1 00000.-+ 0+11.-..| ok p=1
Q11:	|111+0100 -.+-.1+0 1-10101- 111-^+11| ok p=1
Q12:	|-10+1+-+ -.+-^10+ +++-+1-1 +-++++00| ok p=1
Q13:	|0-++---- +.-+-+01 +-0-0-11 +1-00.++| ok p=1
Q14:	|111-0010 1.011-.+ .00.1-1+ 000110-0| ok p=1
Q15:	|.01+01-0 +.+1++.+ 10.10+.1 -.1...--| ok p=0.967773
Q16:	|.0.+..-. ..1..0.- .0...0.1 ..-..0+.| ok p=1
Q17:	|.1.0..1. ^.0.^+.+ .1...-.. ^.+..10^| ok p=0.583984
Q18:	|.-.1..+. ..1....- .+...-.. ..1..-1.| ok p=0.658203
Q19:	|......+. 0.-..^.- ....0+.. ..+.....| ok p=0.930664
Q20:	|.^....00 1...0..1 .^..1+.. 0...0^..| ok p=1
Q21:	|.0....11 +.^.1..1 ....+0.. 1.^.1...| ok p=0.764648
Q22:	|.1.....- ....-... .....0.. -...+...| ok p=0.800781
Q23:	|.-.0.... ^......0 ....^... ........| ok p=0.742188
Q24:	|...1...^ ....^..1 ...0.... ^...^.0.| ok p=0.852539
Q25:	|.^.+.... .......+ ...1.... ........| ok p=0.930664
Q26:	|........ ..0..... ...+.... .....0-.| ok p=0.75
Q27:	|...^.... ..1....^ ........ .....1-.| ok p=1
Q28:	|........ ..-..... ...^.... .....-+.| ok p=0.960938
Q29:	|........ ..0..... ........ ......0.| ok p=1
Q30:	|........ ..+..... ........ .....^1.| ok p=1
Q31:	|........ ..+..... ........ ........| ok p=1
Q32:	|........ ........ ........ ........| ok p=1
Q33:	|........ ..!..... ........ ........| ok p=1
Q34:	|........ ........ ........ ........| ok p=1
Q35:	|........ ........ ........ ........| ok p=1
Q36:	|........ ........ ........ ........| ok p=1
Q37:	|........ ........ ........ ........| ok p=1
Q38:	|........ ........ ........ ........| ok p=1
Q39:	|........ ........ ........ ........| ok p=1
Q40:	|........ ........ ........ ........| ok p=1
Q41:	|........ ........ ........ ........| ok p=1
Q42:	|........ ........ ........ ........| ok p=1
Q43:	|........ ........ ........ ........| ok p=1
Q44:	|........ ........ ........ ........| ok p=1
Q45:	|........ ........ ........ ........| ok p=1
Q46:	|........ ........ ........ ........| ok p=1
Q47:	|........ ........ ........ ........| ok p=1
Q48:	|........ ........ ........ ........| ok p=1
Q49:	|........ ........ ........ ........| ok p=1
Q50:	|........ ........ ........ ........| ok p=1
Q51:	|........ ........ ........ ........| ok p=1
Q52:	|........ ........ ........ ........| ok p=1
Q53:	|........ ........ ........ ........| ok p=1
Q54:	|........ ........ ........ ........| ok p=1
Q55:	|........ ........ ........ ........| ok p=1
Q56:	|........ ........ ........ ........| ok p=1
Q57:	|........ ........ ........ ........| ok p=1
Q58:	|........ ........ ........ ........| ok p=1
Q59:	|........ ........ ........ ........| ok p=1
Q60:	|0....... ........ ........ .......0| ok p=1
Q61:	|0....... ........ ........ ......11| ok p=0.518555
Q62:	|-....... ........ ........ ......0-| ok p=1
Q63:	|+....... ........ ........ ......-+| ok p=0.482422
Q64:	|+....... .-.-.... ........ .......-|
Best path: totcompl=-30 tottunnel=36, totcond=547, p=0.0234069
Q-3:	|00100100 11110010 01000110 11101000|
Q-2:	|+1011101 11111101 10101000 110101+-|
Q-1:	|-1110110 11101100 11010100 1101110+|
Q0:	|-1100000 +1--0010 10100110 1010001+| ok p=0.973633
Q1:	|-..0+... 0+1+.1.. ..1..... .......+| ok p=0.998047
Q2:	|-..+-... 1+1+.1.. .1+.0... .......-| ok p=1
Q3:	|-.10+... 1+.+.+.. .0+^1... ......1-| ok p=1
Q4:	|-011+... +.!+.+.. .+.+-... .0....0-| ok p=1
Q5:	|11--+... +0...... .+00+... .1.^..++| ok p=1
Q6:	|0.+0.... ..11.0^. ...+-.^0 .1.+..--| ok p=1
Q7:	|1.-11... 1.11..-! .1.--.+0 .-.0.1-0| ok p=1
Q8:	|..-..... ..-0..0. ...+..0- .-.+.0.1| ok p=1
Q9:	|!.+0.... 1.01..1. .0.+0.-+ .+.1.-0.| ok p=1
Q10:	|0.+0.101 0.+1..-1 00000.-+ 0+01.-..| ok p=1
Q11:	|111+0100 -.+-.1+0 1-10101- 1.0-^+11| ok p=1
Q12:	|-10+1+-+ -.+-^10+ +++-+1-1 +1-+++00| ok p=1
Q13:	|0-++---- +.-+-+01 +-0-0-11 +0-00.++| ok p=1
Q14:	|111-0010 1.011-.+ .0001-1+ 0.0110-0| ok p=1
Q15:	|.01+01-0 +.+1++.+ 10.1.+.1 -.1...--| ok p=0.973633
Q16:	|.0.+..-. ..1..0.- .0...0.1 ..-..0+.| ok p=1
Q17:	|.1.0..1. ^.0.^+.+ .1...-.. ^.+..10^| ok p=0.580078
Q18:	|.-.1..+. ..1....- .+...-.. ..1..-1.| ok p=0.677734
Q19:	|......+. 0.-..^.- ....0+.. ..+.....| ok p=0.94043
Q20:	|.^....00 1...0..1 .^..1+.. 0...0^..| ok p=1
Q21:	|.0....11 +.^.1..1 ....+0.. 1.^.1...| ok p=0.789062
Q22:	|.1.....- ....-... .....0.. -...+...| ok p=0.799805
Q23:	|.-.0.... ^......0 ....^... ........| ok p=0.733398
Q24:	|...1...^ ....^..1 ...0.... ^...^.0.| ok p=0.876953
Q25:	|.^.+.... .......+ ...1.... ........| ok p=0.932617
Q26:	|........ ..0..... ...+.... .....0-.| ok p=0.764648
Q27:	|...^.... ..1....^ ........ .....1-.| ok p=1
Q28:	|........ ..-..... ...^.... .....-+.| ok p=0.978516
Q29:	|........ ..0..... ........ ......0.| ok p=1
Q30:	|........ ..+..... ........ .....^1.| ok p=1
Q31:	|........ ..+..... ........ ........| ok p=1
Q32:	|........ ........ ........ ........| ok p=1
Q33:	|........ ..!..... ........ ........| ok p=1
Q34:	|........ ........ ........ ........| ok p=1
Q35:	|........ ........ ........ ........| ok p=1
Q36:	|........ ........ ........ ........| ok p=1
Q37:	|........ ........ ........ ........| ok p=1
Q38:	|........ ........ ........ ........| ok p=1
Q39:	|........ ........ ........ ........| ok p=1
Q40:	|........ ........ ........ ........| ok p=1
Q41:	|........ ........ ........ ........| ok p=1
Q42:	|........ ........ ........ ........| ok p=1
Q43:	|........ ........ ........ ........| ok p=1
Q44:	|........ ........ ........ ........| ok p=1
Q45:	|........ ........ ........ ........| ok p=1
Q46:	|........ ........ ........ ........| ok p=1
Q47:	|........ ........ ........ ........| ok p=1
Q48:	|........ ........ ........ ........| ok p=1
Q49:	|........ ........ ........ ........| ok p=1
Q50:	|........ ........ ........ ........| ok p=1
Q51:	|........ ........ ........ ........| ok p=1
Q52:	|........ ........ ........ ........| ok p=1
Q53:	|........ ........ ........ ........| ok p=1
Q54:	|........ ........ ........ ........| ok p=1
Q55:	|........ ........ ........ ........| ok p=1
Q56:	|........ ........ ........ ........| ok p=1
Q57:	|........ ........ ........ ........| ok p=1
Q58:	|........ ........ ........ ........| ok p=1
Q59:	|........ ........ ........ ........| ok p=1
Q60:	|0....... ........ ........ .......0| ok p=1
Q61:	|0....... ........ ........ ......11| ok p=0.519531
Q62:	|-....... ........ ........ ......0-| ok p=1
Q63:	|+....... ........ ........ ......-+| ok p=0.494141
Q64:	|+....... .-.-.... ........ .......-|
Best path: totcompl=-30 tottunnel=36, totcond=545, p=0.0221533
Best paths: 2
Q-3:	|00100100 11110010 01000110 11101000|
Q-2:	|+1011101 11111101 10101000 110101+-|
Q-1:	|-1110110 11101100 11010100 1101110+|
Q0:	|-1100000 +1--0010 10100110 1010001+| ok p=0.962891
Q1:	|-..0+... 0+1+.1.. ..1..... .......+| ok p=1
Q2:	|-..+-... 1+1+.1.. .1+.0... .......-| ok p=1
Q3:	|-.10+... 1+.+.+.. .0+^1... ......1-| ok p=1
Q4:	|-011+... +..+!+.. .+.+-... .0....0-| ok p=1
Q5:	|11--+... +0...... .+00+... .1.^..++| ok p=1
Q6:	|0.+0.... ..01.0^. ...+-.^0 .1.+..--| ok p=1
Q7:	|1.-11... 1.00..-. !1.--.+0 .-.0.1-0| ok p=1
Q8:	|..-..... ..-1..0. ...+..0- .-.+.0.1| ok p=1
Q9:	|.!+0.... 1.01..1. .0.+0.-+ .+.1.-0.| ok p=1
Q10:	|0.+0.101 0.+1..-1 000.1.-+ 0+01.-..| ok p=1
Q11:	|111+0100 -.+-.1+0 1-10001- 1.0-^+11| ok p=1
Q12:	|-10+1+-+ -.+-^10+ +++1-1-1 +1-+++00| ok p=1
Q13:	|0-++---- +.-+-+01 +-0-0-11 +0-00.++| ok p=1
Q14:	|111-0010 1.011-.+ .0011-1+ 0.0110-0| ok p=1
Q15:	|.01+01-0 +.+1++.+ 10.10+.1 -.1...--| ok p=0.976562
Q16:	|.0.+..-. ..1..0.- .0...0.1 ..-..0+.| ok p=1
Q17:	|.1.0..1. ^.0.^+.+ .1...-.. ^.+..10^| ok p=0.573242
Q18:	|.-.1..+. ..1....- .+...-.. ..1..-1.| ok p=0.655273
Q19:	|......+. 0.-..^.- ....0+.. ..+.....| ok p=0.939453
Q20:	|.^....00 1...0..1 .^..1+.. 0...0^..| ok p=1
Q21:	|.0....11 +.^.1..1 ....+0.. 1.^.1...| ok p=0.790039
Q22:	|.1.....- ....-... .....0.. -...+...| ok p=0.821289
Q23:	|.-.0.... ^......0 ....^... ........| ok p=0.791016
Q24:	|...1...^ ....^..1 ...0.... ^...^.0.| ok p=0.889648
Q25:	|.^.+.... .......+ ...1.... ........| ok p=0.930664
Q26:	|........ ..0..... ...+.... .....0-.| ok p=0.744141
Q27:	|...^.... ..1....^ ........ .....1-.| ok p=1
Q28:	|........ ..-..... ...^.... .....-+.| ok p=0.972656
Q29:	|........ ..0..... ........ ......0.| ok p=1
Q30:	|........ ..+..... ........ .....^1.| ok p=1
Q31:	|........ ..+..... ........ ........| ok p=1
Q32:	|........ ........ ........ ........| ok p=1
Q33:	|........ ..!..... ........ ........| ok p=1
Q34:	|........ ........ ........ ........| ok p=1
Q35:	|........ ........ ........ ........| ok p=1
Q36:	|........ ........ ........ ........| ok p=1
Q37:	|........ ........ ........ ........| ok p=1
Q38:	|........ ........ ........ ........| ok p=1
Q39:	|........ ........ ........ ........| ok p=1
Q40:	|........ ........ ........ ........| ok p=1
Q41:	|........ ........ ........ ........| ok p=1
Q42:	|........ ........ ........ ........| ok p=1
Q43:	|........ ........ ........ ........| ok p=1
Q44:	|........ ........ ........ ........| ok p=1
Q45:	|........ ........ ........ ........| ok p=1
Q46:	|........ ........ ........ ........| ok p=1
Q47:	|........ ........ ........ ........| ok p=1
Q48:	|........ ........ ........ ........| ok p=1
Q49:	|........ ........ ........ ........| ok p=1
Q50:	|........ ........ ........ ........| ok p=1
Q51:	|........ ........ ........ ........| ok p=1
Q52:	|........ ........ ........ ........| ok p=1
Q53:	|........ ........ ........ ........| ok p=1
Q54:	|........ ........ ........ ........| ok p=1
Q55:	|........ ........ ........ ........| ok p=1
Q56:	|........ ........ ........ ........| ok p=1
Q57:	|........ ........ ........ ........| ok p=1
Q58:	|........ ........ ........ ........| ok p=1
Q59:	|........ ........ ........ ........| ok p=1
Q60:	|0....... ........ ........ .......0| ok p=1
Q61:	|0....... ........ ........ ......11| ok p=0.504883
Q62:	|-....... ........ ........ ......0-| ok p=1
Q63:	|+....... ........ ........ ......-+| ok p=0.503906
Q64:	|+....... .-.-.... ........ .......-|
Best path: totcompl=-28 tottunnel=38, totcond=545, p=0.0222281
Best paths: 2
Q-3:	|00100100 11110010 01000110 11101000|
Q-2:	|+1011101 11111101 10101000 110101+-|
Q-1:	|-1110110 11101100 11010100 1101110+|
Q0:	|-1100000 +1--0010 10100110 1010001+| ok p=0.960938
Q1:	|-..0+... 0+1+.1.. ..1..... .......+| ok p=1
Q2:	|-..+-... 1+1+.1.. .1+.0... .......-| ok p=1
Q3:	|-.10+... 1+.+.+.. .0+^1... ......1-| ok p=1
Q4:	|-111+... +.!+.+.. .+.+-... .0....0-| ok p=1
Q5:	|0.--+... +0...... .+00+... .1.^..++| ok p=1
Q6:	|0!+0.... ..01.0^. ...+-.^0 .1.+..--| ok p=1
Q7:	|1.-11... 1.00..-! .1.--.+0 .-.0.1-0| ok p=1
Q8:	|..-..... ..-1..0. ...+..0- .-.+.0.1| ok p=1
Q9:	|.!+1.... 1.01..1. .1.+0.-+ .+.1.-0.| ok p=1
Q10:	|1.+0.101 0.+1.1-. 111...-+ 0+01.-..| ok p=1
Q11:	|0.1+0100 -.+-.1+^ 1-00^01- 1.0-^+11| ok p=1
Q12:	|+^0+1+-+ -.+-^-0+ +++1-1-+ -1-+++00| ok p=1
Q13:	|0-++---- +.-+--01 +-0-0-11 +0-00.++| ok p=1
Q14:	|111-0010 1.010-.+ .0011-1+ 0.0110-0| ok p=1
Q15:	|.01+01-0 +.+0++.+ 10.10+.1 -.1...--| ok p=0.500977
Q16:	|.0.+..-. ..1..0.- .0...0.1 ..-..0+.| ok p=1
Q17:	|.1.0..1. ^.0.^+.+ .1...-.. ^.+..10^| ok p=0.580078
Q18:	|.-.1..+. ..1....- .+...-.. ..1..-1.| ok p=0.652344
Q19:	|......+. 0.-..^.- ....0+.. ..+.....| ok p=0.942383
Q20:	|.^....00 1...0..1 .^..1+.. 0...0^..| ok p=1
Q21:	|.0....11 +.^.1..1 ....+0.. 1.^.1...| ok p=0.777344
Q22:	|.1.....- ....-... .....0.. -...+...| ok p=0.795898
Q23:	|.-.0.... ^......0 ....^... ........| ok p=0.754883
Q24:	|...1...^ ....^..1 ...0.... ^...^.0.| ok p=0.880859
Q25:	|.^.+.... .......+ ...1.... ........| ok p=0.943359
Q26:	|........ ..0..... ...+.... .....0-.| ok p=0.764648
Q27:	|...^.... ..1....^ ........ .....1-.| ok p=0.999023
Q28:	|........ ..-..... ...^.... .....-+.| ok p=0.966797
Q29:	|........ ..0..... ........ ......0.| ok p=1
Q30:	|........ ..+..... ........ .....^1.| ok p=1
Q31:	|........ ..+..... ........ ........| ok p=1
Q32:	|........ ........ ........ ........| ok p=1
Q33:	|........ ..!..... ........ ........| ok p=1
Q34:	|........ ........ ........ ........| ok p=1
Q35:	|........ ........ ........ ........| ok p=1
Q36:	|........ ........ ........ ........| ok p=1
Q37:	|........ ........ ........ ........| ok p=1
Q38:	|........ ........ ........ ........| ok p=1
Q39:	|........ ........ ........ ........| ok p=1
Q40:	|........ ........ ........ ........| ok p=1
Q41:	|........ ........ ........ ........| ok p=1
Q42:	|........ ........ ........ ........| ok p=1
Q43:	|........ ........ ........ ........| ok p=1
Q44:	|........ ........ ........ ........| ok p=1
Q45:	|........ ........ ........ ........| ok p=1
Q46:	|........ ........ ........ ........| ok p=1
Q47:	|........ ........ ........ ........| ok p=1
Q48:	|........ ........ ........ ........| ok p=1
Q49:	|........ ........ ........ ........| ok p=1
Q50:	|........ ........ ........ ........| ok p=1
Q51:	|........ ........ ........ ........| ok p=1
Q52:	|........ ........ ........ ........| ok p=1
Q53:	|........ ........ ........ ........| ok p=1
Q54:	|........ ........ ........ ........| ok p=1
Q55:	|........ ........ ........ ........| ok p=1
Q56:	|........ ........ ........ ........| ok p=1
Q57:	|........ ........ ........ ........| ok p=1
Q58:	|........ ........ ........ ........| ok p=1
Q59:	|........ ........ ........ ........| ok p=1
Q60:	|0....... ........ ........ .......0| ok p=1
Q61:	|0....... ........ ........ ......11| ok p=0.513672
Q62:	|-....... ........ ........ ......0-| ok p=1
Q63:	|+....... ........ ........ ......-+| ok p=0.486328
Q64:	|+....... .-.-.... ........ .......-|
Best path: totcompl=-28 tottunnel=38, totcond=543, p=0.0136963
Q-3:	|00100100 11110010 01000110 11101000|
Q-2:	|+1011101 11111101 10101000 110101+-|
Q-1:	|-1110110 11101100 11010100 1101110+|
Q0:	|-1100000 +1--0010 10100110 1010001+| ok p=0.973633
Q1:	|-..0+... 0+1+.1.. ..1..... .......+| ok p=1
Q2:	|-..+-... 1+1+.1.. .1+.0... .......-| ok p=1
Q3:	|-.10+... 1+.+.+.. .0+^1... ......1-| ok p=1
Q4:	|-.11+... +.!+.+.. .+.+-... .0....0-| ok p=1
Q5:	|0^--+... +0...... .+00+... .1.^..++| ok p=1
Q6:	|0!+0.... ..01.0^. ...+-.^0 .1.+..--| ok p=1
Q7:	|.!-11... 1.00..-. !1.--.+0 .-.0.1-0| ok p=1
Q8:	|..-..... ..-1..0. ...+..0- .-.+.0.1| ok p=1
Q9:	|.!+0.... 1.01..1. .1.+0.-+ .+.1.-0.| ok p=1
Q10:	|1.+0.101 0.+1..-. 11.11.-+ 0+01.-..| ok p=1
Q11:	|0.1+0100 -.+-.1+^ 1-00001- 1.0-^+11| ok p=1
Q12:	|+^0+1+-+ -.+-^10+ ++1++1-1 +1-+++00| ok p=1
Q13:	|0-++---- +.-+-+01 +--+0-11 +0-00.++| ok p=1
Q14:	|111-0010 1.011-.+ .00.1-1+ 0.0110-0| ok p=1
Q15:	|.01+01-0 +.+1++.+ 1011.+.1 -.1...--| ok p=0.984375
Q16:	|.0.+..-. ..1..0.- .0...0.1 ..-..0+.| ok p=1
Q17:	|.1.0..1. ^.0.^+.+ .1...-.. ^.+..10^| ok p=0.580078
Q18:	|.-.1..+. ..1....- .+...-.. ..1..-1.| ok p=0.650391
Q19:	|......+. 0.-..^.- ....0+.. ..+.....| ok p=0.929688
Q20:	|.^....00 1...0..1 .^..1+.. 0...0^..| ok p=1
Q21:	|.0....11 +.^.1..1 ....+0.. 1.^.1...| ok p=0.780273
Q22:	|.1.....- ....-... .....0.. -...+...| ok p=0.782227
Q23:	|.-.0.... ^......0 ....^... ........| ok p=0.71582
Q24:	|...1...^ ....^..1 ...0.... ^...^.0.| ok p=0.873047
Q25:	|.^.+.... .......+ ...1.... ........| ok p=0.936523
Q26:	|........ ..0..... ...+.... .....0-.| ok p=0.756836
Q27:	|...^.... ..1....^ ........ .....1-.| ok p=1
Q28:	|........ ..-..... ...^.... .....-+.| ok p=0.96875
Q29:	|........ ..0..... ........ ......0.| ok p=1
Q30:	|........ ..+..... ........ .....^1.| ok p=1
Q31:	|........ ..+..... ........ ........| ok p=1
Q32:	|........ ........ ........ ........| ok p=1
Q33:	|........ ..!..... ........ ........| ok p=1
Q34:	|........ ........ ........ ........| ok p=1
Q35:	|........ ........ ........ ........| ok p=1
Q36:	|........ ........ ........ ........| ok p=1
Q37:	|........ ........ ........ ........| ok p=1
Q38:	|........ ........ ........ ........| ok p=1
Q39:	|........ ........ ........ ........| ok p=1
Q40:	|........ ........ ........ ........| ok p=1
Q41:	|........ ........ ........ ........| ok p=1
Q42:	|........ ........ ........ ........| ok p=1
Q43:	|........ ........ ........ ........| ok p=1
Q44:	|........ ........ ........ ........| ok p=1
Q45:	|........ ........ ........ ........| ok p=1
Q46:	|........ ........ ........ ........| ok p=1
Q47:	|........ ........ ........ ........| ok p=1
Q48:	|........ ........ ........ ........| ok p=1
Q49:	|........ ........ ........ ........| ok p=1
Q50:	|........ ........ ........ ........| ok p=1
Q51:	|........ ........ ........ ........| ok p=1
Q52:	|........ ........ ........ ........| ok p=1
Q53:	|........ ........ ........ ........| ok p=1
Q54:	|........ ........ ........ ........| ok p=1
Q55:	|........ ........ ........ ........| ok p=1
Q56:	|........ ........ ........ ........| ok p=1
Q57:	|........ ........ ........ ........| ok p=1
Q58:	|........ ........ ........ ........| ok p=1
Q59:	|........ ........ ........ ........| ok p=1
Q60:	|0....... ........ ........ .......0| ok p=1
Q61:	|0....... ........ ........ ......11| ok p=0.483398
Q62:	|-....... ........ ........ ......0-| ok p=1
Q63:	|+....... ........ ........ ......-+| ok p=0.503906
Q64:	|+....... .-.-.... ........ .......-|
Best path: totcompl=-28 tottunnel=38, totcond=542, p=0.0233366
Best paths: 2
Best paths: 4
Q-3:	|00100100 11110010 01000110 11101000|
Q-2:	|+1011101 11111101 10101000 110101+-|
Q-1:	|-1110110 11101100 11010100 1101110+|
Q0:	|-1100000 +1--0010 10100110 1010001+| ok p=0.969727
Q1:	|-..0+... 0+1+.1.. ..1..... .......+| ok p=0.998047
Q2:	|-..+-... 1+1+.1.. .1+.0... .......-| ok p=1
Q3:	|-.10+... 1+.+.+.. .0+^1... ......1-| ok p=1
Q4:	|-111+... +..+!+.. .+.+-... .0....0-| ok p=1
Q5:	|0.--+... +0...... .+00+... .1.^..++| ok p=1
Q6:	|0!+0.... ..11.0^. ...+-.^0 .1.+..--| ok p=1
Q7:	|1.-11... 1.11..-. !1.--.+0 .-.0.1-0| ok p=1
Q8:	|..-..... ..-0..0. ...+..0- .-.+.0.1| ok p=1
Q9:	|!.+1.... 1.01..1. .1.+0.-+ .+.1.-0.| ok p=1
Q10:	|1.+0.101 0.+1.1-. 11.1..-+ 0+01.-..| ok p=1
Q11:	|0.1+0100 -.+-.1+^ 1-00^01- 1.0-^+11| ok p=1
Q12:	|+^0+1+-+ -.+-.-0+ ++1++1-1 +1-+++00| ok p=1
Q13:	|0-++---- +.-+0-01 +--+0-11 +0-00.++| ok p=1
Q14:	|111-0010 1.011-.+ .00.1-1+ 0.0110-0| ok p=1
Q15:	|.01+01-0 +.+1++.+ 1011.+.1 -.1...--| ok p=0.978516
Q16:	|.0.+..-. ..1..0.- .0...0.1 ..-..0+.| ok p=1
Q17:	|.1.0..1. ^.0.^+.+ .1...-.. ^.+..10^| ok p=0.576172
Q18:	|.-.1..+. ..1....- .+...-.. ..1..-1.| ok p=0.688477
Q19:	|......+. 0.-..^.- ....0+.. ..+.....| ok p=0.921875
Q20:	|.^....00 1...0..1 .^..1+.. 0...0^..| ok p=1
Q21:	|.0....11 +.^.1..1 ....+0.. 1.^.1...| ok p=0.777344
Q22:	|.1.....- ....-... .....0.. -...+...| ok p=0.806641
Q23:	|.-.0.... ^......0 ....^... ........| ok p=0.779297
Q24:	|...1...^ ....^..1 ...0.... ^...^.0.| ok p=0.875977
Q25:	|.^.+.... .......+ ...1.... ........| ok p=0.9375
Q26:	|........ ..0..... ...+.... .....0-.| ok p=0.748047
Q27:	|...^.... ..1....^ ........ .....1-.| ok p=1
Q28:	|........ ..-..... ...^.... .....-+.| ok p=0.977539
Q29:	|........ ..0..... ........ ......0.| ok p=1
Q30:	|........ ..+..... ........ .....^1.| ok p=1
Q31:	|........ ..+..... ........ ........| ok p=0.998047
Q32:	|........ ........ ........ ........| ok p=1
Q33:	|........ ..!..... ........ ........| ok p=1
Q34:	|........ ........ ........ ........| ok p=1
Q35:	|........ ........ ........ ........| ok p=1
Q36:	|........ ........ ........ ........| ok p=1
Q37:	|........ ........ ........ ........| ok p=1
Q38:	|........ ........ ........ ........| ok p=1
Q39:	|........ ........ ........ ........| ok p=1
Q40:	|........ ........ ........ ........| ok p=1
Q41:	|........ ........ ........ ........| ok p=1
Q42:	|........ ........ ........ ........| ok p=1
Q43:	|........ ........ ........ ........| ok p=1
Q44:	|........ ........ ........ ........| ok p=1
Q45:	|........ ........ ........ ........| ok p=1
Q46:	|........ ........ ........ ........| ok p=1
Q47:	|........ ........ ........ ........| ok p=1
Q48:	|........ ........ ........ ........| ok p=1
Q49:	|........ ........ ........ ........| ok p=1
Q50:	|........ ........ ........ ........| ok p=1
Q51:	|........ ........ ........ ........| ok p=1
Q52:	|........ ........ ........ ........| ok p=1
Q53:	|........ ........ ........ ........| ok p=1
Q54:	|........ ........ ........ ........| ok p=1
Q55:	|........ ........ ........ ........| ok p=1
Q56:	|........ ........ ........ ........| ok p=1
Q57:	|........ ........ ........ ........| ok p=1
Q58:	|........ ........ ........ ........| ok p=1
Q59:	|........ ........ ........ ........| ok p=1
Q60:	|0....... ........ ........ .......0| ok p=1
Q61:	|0....... ........ ........ ......11| ok p=0.5
Q62:	|-....... ........ ........ ......0-| ok p=1
Q63:	|+....... ........ ........ ......-+| ok p=0.486328
Q64:	|+....... .-.-.... ........ .......-|
Best path: totcompl=-27 tottunnel=39, totcond=541, p=0.0232268
Best paths: 2
Best paths: 4
Best paths: 8
Q-3:	|00100100 11110010 01000110 11101000|
Q-2:	|+1011101 11111101 10101000 110101+-|
Q-1:	|-1110110 11101100 11010100 1101110+|
Q0:	|-1100000 +1--0010 10100110 1010001+| ok p=0.96582
Q1:	|-..0+... 0+1+.1.. ..1..... .......+| ok p=1
Q2:	|-..+-... 1+1+.1.. .1+.0... .......-| ok p=1
Q3:	|-.10+... 1+.+.+.. .0+^1... ......1-| ok p=1
Q4:	|-011+... +.!+.+.. .+.+-... ......0-| ok p=1
Q5:	|11--+... +0...... .+00+... .1!^..++| ok p=1
Q6:	|0.+0.... ..01.0^. ...+-.^0 .1.+..--| ok p=1
Q7:	|.!-11... 1.00..-! .1.--.+0 .-.0.1-0| ok p=1
Q8:	|..-..... ..-1..0. ...+..0- .-.+.0.1| ok p=1
Q9:	|.!+0.... 1.01..1. .1.+0.-+ .+.1.-0.| ok p=1
Q10:	|0.+0.1.0 0.+1..-. 11.11.-+ 0+01.-..| ok p=1
Q11:	|101+0101 -.+-.1+^ 1-00001- 1.0-^+11| ok p=1
Q12:	|+10+1+1- -.+-^10+ ++1++1-1 +1-+++00| ok p=1
Q13:	|1-++---- +.-+-+01 +--+0-11 +0-00.++| ok p=1
Q14:	|111-001. 1.011-.+ .00.101+ 0.0110-0| ok p=1
Q15:	|.01+01-0 +.+1++.+ 1011.+.1 -.1...--| ok p=0.973633
Q16:	|.0.+..-. ..1..0.- .0...1.1 ..-..0+.| ok p=1
Q17:	|.1.0..1. ^.0.^+.+ .1...-.. ^.+..10^| ok p=0.571289
Q18:	|.-.1..+. ..1....- .+...-.. ..1..-1.| ok p=0.648438
Q19:	|......+. 0.-..^.- ....0+.. ..+.....| ok p=0.94043
Q20:	|.^....00 1...0..1 .^..1+.. 0...0^..| ok p=1
Q21:	|.0....11 +.^.1..1 ....+0.. 1.^.1...| ok p=0.807617
Q22:	|.1.....- ....-... .....0.. -...+...| ok p=0.80957
Q23:	|.-.0.... ^......0 ....^... ........| ok p=0.743164
Q24:	|...1...^ ....^..1 ...0.... ^...^.0.| ok p=0.886719
Q25:	|.^.+.... .......+ ...1.... ........| ok p=0.936523
Q26:	|........ ..0..... ...+.... .....0-.| ok p=0.759766
Q27:	|...^.... ..1....^ ........ .....1-.| ok p=1
Q28:	|........ ..-..... ...^.... .....-+.| ok p=0.96582
Q29:	|........ ..0..... ........ ......0.| ok p=0.999023
Q30:	|........ ..+..... ........ .....^1.| ok p=1
Q31:	|........ ..+..... ........ ........| ok p=1
Q32:	|........ ........ ........ ........| ok p=1
Q33:	|........ ..!..... ........ ........| ok p=1
Q34:	|........ ........ ........ ........| ok p=1
Q35:	|........ ........ ........ ........| ok p=1
Q36:	|........ ........ ........ ........| ok p=1
Q37:	|........ ........ ........ ........| ok p=1
Q38:	|........ ........ ........ ........| ok p=1
Q39:	|........ ........ ........ ........| ok p=1
Q40:	|........ ........ ........ ........| ok p=1
Q41:	|........ ........ ........ ........| ok p=1
Q42:	|........ ........ ........ ........| ok p=1
Q43:	|........ ........ ........ ........| ok p=1
Q44:	|........ ........ ........ ........| ok p=1
Q45:	|........ ........ ........ ........| ok p=1
Q46:	|........ ........ ........ ........| ok p=1
Q47:	|........ ........ ........ ........| ok p=1
Q48:	|........ ........ ........ ........| ok p=1
Q49:	|........ ........ ........ ........| ok p=1
Q50:	|........ ........ ........ ........| ok p=1
Q51:	|........ ........ ........ ........| ok p=1
Q52:	|........ ........ ........ ........| ok p=1
Q53:	|........ ........ ........ ........| ok p=1
Q54:	|........ ........ ........ ........| ok p=1
Q55:	|........ ........ ........ ........| ok p=1
Q56:	|........ ........ ........ ........| ok p=1
Q57:	|........ ........ ........ ........| ok p=1
Q58:	|........ ........ ........ ........| ok p=1
Q59:	|........ ........ ........ ........| ok p=1
Q60:	|0....... ........ ........ .......0| ok p=1
Q61:	|0....... ........ ........ ......11| ok p=0.52832
Q62:	|-....... ........ ........ ......0-| ok p=1
Q63:	|+....... ........ ........ ......-+| ok p=0.506836
Q64:	|+....... .-.-.... ........ .......-|
Best path: totcompl=-26 tottunnel=40, totcond=541, p=0.019753
Best paths: 2
Q-3:	|00100100 11110010 01000110 11101000|
Q-2:	|+1011101 11111101 10101000 110101+-|
Q-1:	|-1110110 11101100 11010100 1101110+|
Q0:	|-1100000 +1--0010 10100110 1010001+| ok p=0.974609
Q1:	|-..0+... 0+1+.1.. ..1..... .......+| ok p=0.999023
Q2:	|-..+-... 1+1+.1.. .1+.0... .......-| ok p=1
Q3:	|-.10+... 1+.+.+.. .0+^1... ......1-| ok p=1
Q4:	|-011+... +..+!+.. .+.+-... .0....0-| ok p=1
Q5:	|11--+... +0...... .+00+... .1.^..++| ok p=1
Q6:	|0.+0.... ..11.0^. ...+-.^0 .1.+..--| ok p=1
Q7:	|.!-11... 1.11..-. !1.--.+0 .-.0.1-0| ok p=1
Q8:	|..-..... ..-0..0. ...+..0- .-.+.0.1| ok p=1
Q9:	|.!+0.... 1.01..1. .1.+0.-+ .+.1.-0.| ok p=1
Q10:	|1.+0.1.0 0.+1..-. 111.1.-+ 0+.11-..| ok p=1
Q11:	|0.1+0101 -^+-.1+^ 1-000.1- 1.0-0+01| ok p=1
Q12:	|+^0+1+1- -+--^10+ +++1-.-1 +11-++10| ok p=1
Q13:	|0-++---- +1-+-+01 +-0-1001 +.-00+-+| ok p=1
Q14:	|111-001. 10-11-.+ .001111+ 0.001.00| ok p=1
Q15:	|.01+01-0 +.+1++.+ 10.0.+.1 -.1..11-| ok p=0.438477
Q16:	|.0.+..-. ..0..0.- .0...1.1 ..-..0+.| ok p=1
Q17:	|.1.0..1. ^.0.^+.+ .1...-.. ^.+..1.^| ok p=0.573242
Q18:	|.-.1..+. ..1....- .+...-.. ..1..-^.| ok p=0.649414
Q19:	|......+. 0.-..^.- ....0+.. ..+.....| ok p=0.926758
Q20:	|.^....00 1...0..1 .^..1+.. 0...0^..| ok p=1
Q21:	|.0....11 +.^.1..1 ....+0.. 1.^.1...| ok p=0.77832
Q22:	|.1.....- ....-... .....0.. -...+...| ok p=0.789062
Q23:	|.-.0.... ^......0 ....^... ........| ok p=0.746094
Q24:	|...1...^ ....^..1 ...0.... ^...^.0.| ok p=0.886719
Q25:	|.^.+.... .......+ ...1.... ........| ok p=0.926758
Q26:	|........ ..0..... ...+.... .....0-.| ok p=0.755859
Q27:	|...^.... ..1....^ ........ .....1-.| ok p=1
Q28:	|........ ..-..... ...^.... .....-+.| ok p=0.964844
Q29:	|........ ..0..... ........ ......0.| ok p=1
Q30:	|........ ..+..... ........ .....^1.| ok p=1
Q31:	|........ ..+..... ........ ........| ok p=1
Q32:	|........ ........ ........ ........| ok p=1
Q33:	|........ ..!..... ........ ........| ok p=1
Q34:	|........ ........ ........ ........| ok p=1
Q35:	|........ ........ ........ ........| ok p=1
Q36:	|........ ........ ........ ........| ok p=1
Q37:	|........ ........ ........ ........| ok p=1
Q38:	|........ ........ ........ ........| ok p=1
Q39:	|........ ........ ........ ........| ok p=1
Q40:	|........ ........ ........ ........| ok p=1
Q41:	|........ ........ ........ ........| ok p=1
Q42:	|........ ........ ........ ........| ok p=1
Q43:	|........ ........ ........ ........| ok p=1
Q44:	|........ ........ ........ ........| ok p=1
Q45:	|........ ........ ........ ........| ok p=1
Q46:	|........ ........ ........ ........| ok p=1
Q47:	|........ ........ ........ ........| ok p=1
Q48:	|........ ........ ........ ........| ok p=1
Q49:	|........ ........ ........ ........| ok p=1
Q50:	|........ ........ ........ ........| ok p=1
Q51:	|........ ........ ........ ........| ok p=1
Q52:	|........ ........ ........ ........| ok p=1
Q53:	|........ ........ ........ ........| ok p=1
Q54:	|........ ........ ........ ........| ok p=1
Q55:	|........ ........ ........ ........| ok p=1
Q56:	|........ ........ ........ ........| ok p=1
Q57:	|........ ........ ........ ........| ok p=1
Q58:	|........ ........ ........ ........| ok p=1
Q59:	|........ ........ ........ ........| ok p=1
Q60:	|0....... ........ ........ .......0| ok p=1
Q61:	|0....... ........ ........ ......11| ok p=0.483398
Q62:	|-....... ........ ........ ......0-| ok p=1
Q63:	|+....... ........ ........ ......-+| ok p=0.523438
Q64:	|+....... .-.-.... ........ .......-|
Best path: totcompl=-25 tottunnel=41, totcond=541, p=0.0100317
Best paths: 2
Q-3:	|00100100 11110010 01000110 11101000|
Q-2:	|+1011101 11111101 10101000 110101+-|
Q-1:	|-1110110 11101100 11010100 1101110+|
Q0:	|-1100000 +1--0010 10100110 1010001+| ok p=0.982422
Q1:	|-..0+... 0+1+.1.. ..1..... .......+| ok p=1
Q2:	|-..+-... 1+1+.1.. .1+.0... .......-| ok p=1
Q3:	|-.10+... 1+.+.+.. .0+^1... ......1-| ok p=1
Q4:	|-111+... +.!+.+.. .+.+-... .0....0-| ok p=1
Q5:	|0.--+... +0...... .+00+... .1.^..++| ok p=1
Q6:	|0!+0.... ..01.0^. ...+-.^0 .1.+..--| ok p=1
Q7:	|1.-11... 1.00..-! .1.--.+0 .-.0.1-0| ok p=1
Q8:	|..-..... ..-1..0. ...+..0- .-.+.0.1| ok p=1
Q9:	|!.+1.... 1.01..1. .1.+0.-+ .+.1.-0.| ok p=1
Q10:	|1.+0.1.0 0.+1.1-. 11.1..-+ 0+01.-..| ok p=1
Q11:	|011+0101 -.+-.1+^ 1-00^01- 1.0-^+11| ok p=1
Q12:	|+00+1+1- -.+-.-0+ ++1++1-1 +1-+++00| ok p=1
Q13:	|0-++---- +.-+0-01 +--+0-11 +0-00.++| ok p=1
Q14:	|111-001. 1.011-.+ .00.101+ 0.0110-0| ok p=1
Q15:	|.01+01-0 +.+1++.+ 1011.+.1 -.1...--| ok p=0.984375
Q16:	|.0.+..-. ..1..0.- .0...1.1 ..-..0+.| ok p=1
Q17:	|.1.0..1. ^.0.^+.+ .1...-.. ^.+..10^| ok p=0.588867
Q18:	|.-.1..+. ..1....- .+...-.. ..1..-1.| ok p=0.646484
Q19:	|......+. 0.-..^.- ....0+.. ..+.....| ok p=0.933594
Q20:	|.^....00 1...0..1 .^..1+.. 0...0^..| ok p=1
Q21:	|.0....11 +.^.1..1 ....+0.. 1.^.1...| ok p=0.775391
Q22:	|.1.....- ....-... .....0.. -...+...| ok p=0.818359
Q23:	|.-.0.... ^......0 ....^... ........| ok p=0.751953
Q24:	|...1...^ ....^..1 ...0.... ^...^.0.| ok p=0.870117
Q25:	|.^.+.... .......+ ...1.... ........| ok p=0.942383
Q26:	|........ ..0..... ...+.... .....0-.| ok p=0.760742
Q27:	|...^.... ..1....^ ........ .....1-.| ok p=0.999023
Q28:	|........ ..-..... ...^.... .....-+.| ok p=0.977539
Q29:	|........ ..0..... ........ ......0.| ok p=0.999023
Q30:	|........ ..+..... ........ .....^1.| ok p=1
Q31:	|........ ..+..... ........ ........| ok p=1
Q32:	|........ ........ ........ ........| ok p=1
Q33:	|........ ..!..... ........ ........| ok p=1
Q34:	|........ ........ ........ ........| ok p=1
Q35:	|........ ........ ........ ........| ok p=1
Q36:	|........ ........ ........ ........| ok p=1
Q37:	|........ ........ ........ ........| ok p=1
Q38:	|........ ........ ........ ........| ok p=1
Q39:	|........ ........ ........ ........| ok p=1
Q40:	|........ ........ ........ ........| ok p=1
Q41:	|........ ........ ........ ........| ok p=1
Q42:	|........ ........ ........ ........| ok p=1
Q43:	|........ ........ ........ ........| ok p=1
Q44:	|........ ........ ........ ........| ok p=1
Q45:	|........ ........ ........ ........| ok p=1
Q46:	|........ ........ ........ ........| ok p=1
Q47:	|........ ........ ........ ........| ok p=1
Q48:	|........ ........ ........ ........| ok p=1
Q49:	|........ ........ ........ ........| ok p=1
Q50:	|........ ........ ........ ........| ok p=1
Q51:	|........ ........ ........ ........| ok p=1
Q52:	|........ ........ ........ ........| ok p=1
Q53:	|........ ........ ........ ........| ok p=1
Q54:	|........ ........ ........ ........| ok p=1
Q55:	|........ ........ ........ ........| ok p=1
Q56:	|........ ........ ........ ........| ok p=1
Q57:	|........ ........ ........ ........| ok p=1
Q58:	|........ ........ ........ ........| ok p=1
Q59:	|........ ........ ........ ........| ok p=1
Q60:	|0....... ........ ........ .......0| ok p=1
Q61:	|0....... ........ ........ ......11| ok p=0.483398
Q62:	|-....... ........ ........ ......0-| ok p=1
Q63:	|+....... ........ ........ ......-+| ok p=0.504883
Q64:	|+....... .-.-.... ........ .......-|
Best path: totcompl=-25 tottunnel=41, totcond=540, p=0.0222875
Best paths: 2
******Q-3:	|00100100 11110010 01000110 11101000|
Q-2:	|+1011101 11111101 10101000 110101+-|
Q-1:	|-1110110 11101100 11010100 1101110+|
Q0:	|-1100000 +1--0010 10100110 1010001+| ok p=0.97168
Q1:	|-..0+... 0+1+.1.. ..1..... .......+| ok p=0.999023
Q2:	|-..+-... 1+1+.1.. .1+.0... .......-| ok p=1
Q3:	|-.10+... 1+.+.+.. .0+^1... ......1-| ok p=1
Q4:	|-111+... +.!+.+.. .+.+-... .0....0-| ok p=1
Q5:	|0.--+... +0...... .+00+... .1.^..++| ok p=1
Q6:	|0!+0.... ..01.0^. ...+-.^0 .1.+..--| ok p=1
Q7:	|.!-11... 1.00..-! .1.--.+0 .-.0.1-0| ok p=1
Q8:	|..-..... ..-1..0. ...+..0- .-.+.0.1| ok p=1
Q9:	|.!+00... ^.00..1. .1.+1.-+ .+.1.-0.| ok p=1
Q10:	|0.+01011 +.+0.1-. 01.1.1-+ 0+.10-..| ok p=1
Q11:	|1.1+1111 1.+-.0+1 0-00.00- 1.0-1+1.| ok p=1
Q12:	|-^0++--+ 0.0+.+-0 -+1+^++0 +111-+0.| ok p=1
Q13:	|1-+0+--- 0.-+.00- +--+-000 +.-10.+1| ok p=1
Q14:	|111-..11 0.--.10+ 100.011+ +.0.00-1| ok p=1
Q15:	|.10+01-0 +.++.0.+ 10001+.1 -.1...0-| ok p=0.757812
Q16:	|.0.+..-. ..+1.1.- .0...1.1 0.-..0+.| ok p=1
Q17:	|.1.0..1. ^.10.+.1 .1...-.. 0.+..1.^| ok p=0.573242
Q18:	|.-.1..+. ..1....- .+...-.. ..1..-^.| ok p=0.65332
Q19:	|......+. 0.-..^.- ....0+.. ..+.....| ok p=0.904297
Q20:	|.^....00 1...0..0 .^..1+.. 0...0^..| ok p=1
Q21:	|.0....11 +.^.1..0 ....+0.. 1.^.1...| ok p=0.796875
Q22:	|.1.....- ....-... .....0.. -...+...| ok p=0.796875
Q23:	|.-.0.... ^......0 ....^... ........| ok p=0.756836
Q24:	|...1...^ ....^..1 ...0.... ^...^.0.| ok p=0.869141
Q25:	|.^.+.... .......+ ...1.... ........| ok p=0.917969
Q26:	|........ ..0..... ...+.... .....0-.| ok p=0.759766
Q27:	|...^.... ..1....^ ........ .....1-.| ok p=0.999023
Q28:	|........ ..-..... ...^.... .....-+.| ok p=0.96875
Q29:	|........ ..0..... ........ ......0.| ok p=1
Q30:	|........ ..+..... ........ .....^1.| ok p=1
Q31:	|........ ..+..... ........ ........| ok p=1
Q32:	|........ ........ ........ ........| ok p=1
Q33:	|........ ..!..... ........ ........| ok p=1
Q34:	|........ ........ ........ ........| ok p=1
Q35:	|........ ........ ........ ........| ok p=1
Q36:	|........ ........ ........ ........| ok p=1
Q37:	|........ ........ ........ ........| ok p=1
Q38:	|........ ........ ........ ........| ok p=1
Q39:	|........ ........ ........ ........| ok p=1
Q40:	|........ ........ ........ ........| ok p=1
Q41:	|........ ........ ........ ........| ok p=1
Q42:	|........ ........ ........ ........| ok p=1
Q43:	|........ ........ ........ ........| ok p=1
Q44:	|........ ........ ........ ........| ok p=1
Q45:	|........ ........ ........ ........| ok p=1
Q46:	|........ ........ ........ ........| ok p=1
Q47:	|........ ........ ........ ........| ok p=1
Q48:	|........ ........ ........ ........| ok p=1
Q49:	|........ ........ ........ ........| ok p=1
Q50:	|........ ........ ........ ........| ok p=1
Q51:	|........ ........ ........ ........| ok p=1
Q52:	|........ ........ ........ ........| ok p=1
Q53:	|........ ........ ........ ........| ok p=1
Q54:	|........ ........ ........ ........| ok p=1
Q55:	|........ ........ ........ ........| ok p=1
Q56:	|........ ........ ........ ........| ok p=1
Q57:	|........ ........ ........ ........| ok p=1
Q58:	|........ ........ ........ ........| ok p=1
Q59:	|........ ........ ........ ........| ok p=1
Q60:	|0....... ........ ........ .......0| ok p=1
Q61:	|0....... ........ ........ ......11| ok p=0.50293
Q62:	|-....... ........ ........ ......0-| ok p=1
Q63:	|+....... ........ ........ ......-+| ok p=0.492188
Q64:	|+....... .-.-.... ........ .......-|
Best path: totcompl=-25 tottunnel=41, totcond=538, p=0.016309
Best paths: 2
**************