Extend MD5 differential paths forward
Copyright (C) 2009 Marc Stevens
http://homepages.cwi.nl/~stevens/

delta_m[11] = [!-21!]
Loading workdir8/lowerpath.bin.gz...done: 1.
Estimating maxcond for upper bound 8000000 (=2000000 * 4)...
t=1:  0%   10   20   30   40   50   60   70   80   90   100%
      |----|----|----|----|----|----|----|----|----|----|
e     ***************************************************
Found maxcond = 2176
t=1:  0%   10   20   30   40   50   60   70   80   90   100%
      |----|----|----|----|----|----|----|----|----|----|
      ***************************************************
Q-3:	|00100100 11110010 01000110 11101000|
Q-2:	|+1011101 11111101 10101000 110101+-|
Q-1:	|-1110110 11101100 11010100 1101110+|
Q0:	|-1100000 +1--0010 10100110 1010001+| ok p=1
Q1:	|+...+... +.--.... ........ .......+| ok p=0.999023
Q2:	|+...+... .+.+.... ..+..... ........|
Saving 34 paths...done.
Autobalance parameters: maxcond=2176
Verified: 0 bad out of 34
Estimating maxcond for upper bound 8000000 (=2000000 * 4)...
t=2:  0%   10   20   30   40   50   60   70   80   90   100%
      |----|----|----|----|----|----|----|----|----|----|
e     ***************************************************
Found maxcond = 2176
t=2:  0%   10   20   30   40   50   60   70   80   90   100%
      |----|----|----|----|----|----|----|----|----|----|
      ***************************************************
Q-3:	|00100100 11110010 01000110 11101000|
Q-2:	|+1011101 11111101 10101000 110101+-|
Q-1:	|-1110110 11101100 11010100 1101110+|
Q0:	|-1100000 +1--0010 10100110 1010001+| ok p=1
Q1:	|+...+... +1--.... ..1..... .......+| ok p=1
Q2:	|+...+... .+.+.... ..+..... ........| ok p=0.536133
Q3:	|+...+... .+.+.+.- .+.-.... +.+.....|
Saving 16872 paths...done.
Autobalance parameters: maxcond=2176
Verified: 0 bad out of 16872
Estimating maxcond for upper bound 8000000 (=2000000 * 4)...
t=3:  0%   10   20   30   40   50   60   70   80   90   100%
      |----|----|----|----|----|----|----|----|----|----|
e     ***************************************************
Found maxcond = 163
t=3:  0%   10   20   30   40   50   60   70   80   90   100%
      |----|----|----|----|----|----|----|----|----|----|
      ***************************************************
Q-3:	|00100100 11110010 01000110 11101000|
Q-2:	|+1011101 11111101 10101000 110101+-|
Q-1:	|-1110110 11101100 11010100 1101110+|
Q0:	|-1100000 +1--0010 10100110 1010001+| ok p=0.970703
Q1:	|-...+... 0+1+.V.. ..1V.... .......+| ok p=0.999023
Q2:	|-...+... 1+1+.... ..+..... .......-| ok p=0.936523
Q3:	|+...+... .+.+.+.. ..++.... .......-| ok p=0.962891
Q4:	|+...+... +.+.-.-. +.-.-... .......-|
Saving 2000000 paths...done.
Autobalance parameters: maxcond=161
Verified: 2848 bad out of 3582276
Estimating maxcond for upper bound 8000000 (=2000000 * 4)...
t=4:  0%   10   20   30   40   50   60   70   80   90   100%
      |----|----|----|----|----|----|----|----|----|----|
e     ***************************************************
Found maxcond = 174
t=4:  0%   10   20   30   40   50   60   70   80   90   100%
      |----|----|----|----|----|----|----|----|----|----|
      ***************************************************
Q-3:	|00100100 11110010 01000110 11101000|
Q-2:	|+1011101 11111101 10101000 110101+-|
Q-1:	|-1110110 11101100 11010100 1101110+|
Q0:	|-1100000 +1--0010 10100110 1010001+| ok p=0.96582
Q1:	|-..0+... 0+1+.V.. ..1..... .......+| ok p=1
Q2:	|+..+-... 1+1+V... .V+.V... .......-| ok p=0.994141
Q3:	|+..+-... 1+.+.+.. ..+..... .......-| ok p=0.556641
Q4:	|+...+... +...-0.. .+..+... .......-| ok p=0.652344
Q5:	|..-.-... +...+... .+..+... ....+..-|
Saving 2000000 paths...done.
Autobalance parameters: maxcond=172
Verified: 114830 bad out of 3569011
Estimating maxcond for upper bound 8000000 (=2000000 * 4)...
t=5:  0%   10   20   30   40   50   60   70   80   90   100%
      |----|----|----|----|----|----|----|----|----|----|
e     ***************************************************
Found maxcond = 187
t=5:  0%   10   20   30   40   50   60   70   80   90   100%
      |----|----|----|----|----|----|----|----|----|----|
      ***************************************************
Q-3:	|00100100 11110010 01000110 11101000|
Q-2:	|+1011101 11111101 10101000 110101+-|
Q-1:	|-1110110 11101100 11010100 1101110+|
Q0:	|-1100000 +1--0010 10100110 1010001+| ok p=1
Q1:	|-..+-... 0+0+.... ..1....0 ......0+| ok p=0.945312
Q2:	|+..0+... 0+1+.... .V+....- ......+-| ok p=0.996094
Q3:	|+..1+... +.--.... .1+....0 V...V.0+| ok p=0.512695
Q4:	|+...+... +01-.... .+.....1 ......1+| ok p=0.496094
Q5:	|........ +.1..... .+1..... +...+..+| ok p=0.924805
Q6:	|......+. +..-.... +.-...+. -..+.+.+|
Saving 2000000 paths...done.
Autobalance parameters: maxcond=186
Verified: 36077 bad out of 2919337
Estimating maxcond for upper bound 8000000 (=2000000 * 4)...
t=6:  0%   10   20   30   40   50   60   70   80   90   100%
      |----|----|----|----|----|----|----|----|----|----|
e     ***************************************************
Found maxcond = 200
t=6:  0%   10   20   30   40   50   60   70   80   90   100%
      |----|----|----|----|----|----|----|----|----|----|
      ***************************************************
Q-3:	|00100100 11110010 01000110 11101000|
Q-2:	|+1011101 11111101 10101000 110101+-|
Q-1:	|-1110110 11101100 11010100 1101110+|
Q0:	|-1100000 +1--0010 10100110 1010001+| ok p=0.970703
Q1:	|-..0+... 0+1+.V.. ..1..... .......+| ok p=1
Q2:	|-..+-... 1+1+.1.. .1+.1... .......-| ok p=1
Q3:	|-..0+... 0+.+.+.. .0+.0... ......1-| ok p=0.995117
Q4:	|+.V1+..V +..+.+.. .+..+.V. ...V..0-| ok p=0.680664
Q5:	|+..++... +1...... .+0.+... ......++| ok p=0.432617
Q6:	|..-0...+ ...1.1.. ......+. ...+..0+| ok p=0.75
Q7:	|.-.-...+ ......-. ..+..+.. .-..-.+.|
Saving 2000000 paths...done.
Autobalance parameters: maxcond=199
Verified: 3988 bad out of 2443013
Estimating maxcond for upper bound 8000000 (=2000000 * 4)...
t=7:  0%   10   20   30   40   50   60   70   80   90   100%
      |----|----|----|----|----|----|----|----|----|----|
e     ***************************************************
Found maxcond = 214
t=7:  0%   10   20   30   40   50   60   70   80   90   100%
      |----|----|----|----|----|----|----|----|----|----|
      ***************************************************
Q-3:	|00100100 11110010 01000110 11101000|
Q-2:	|+1011101 11111101 10101000 110101+-|
Q-1:	|-1110110 11101100 11010100 1101110+|
Q0:	|-1100000 +1--0010 10100110 1010001+| ok p=0.960938
Q1:	|-..0+... 0+1+.V.. ..1..... ......0+| ok p=1
Q2:	|-..+-... 1+1+.1.. .1+.V... ......1-| ok p=1
Q3:	|-.V0+... .+.+.+.. .0+.1... V.....-+| ok p=0.988281
Q4:	|-.1+-... ...+.+.. .+..+... ....V.1-| ok p=0.578125
Q5:	|..-0-... .1...+V. .+0.+... -V..0.++| ok p=0.742188
Q6:	|0.+1.... ...1.+.. .+..-... 0...+.0+| ok p=0.644531
Q7:	|..1-1... ......+. ....-... ++..-.+.| ok p=0.509766
Q8:	|.-.+.... ..-.+... .......- ..-..-..|
Saving 2000000 paths...done.
Autobalance parameters: maxcond=213
Verified: 8228 bad out of 2241345
Estimating maxcond for upper bound 8000000 (=2000000 * 4)...
t=8:  0%   10   20   30   40   50   60   70   80   90   100%
      |----|----|----|----|----|----|----|----|----|----|
e     ***************************************************
Found maxcond = 227
t=8:  0%   10   20   30   40   50   60   70   80   90   100%
      |----|----|----|----|----|----|----|----|----|----|
      ***************************************************
Q-3:	|00100100 11110010 01000110 11101000|
Q-2:	|+1011101 11111101 10101000 110101+-|
Q-1:	|-1110110 11101100 11010100 1101110+|
Q0:	|-1100000 +1--0010 10100110 1010001+| ok p=0.967773
Q1:	|-..0+... 0+1+.V.. ..1..... .......+| ok p=1
Q2:	|+..+-... 1+1+.1.. .V+.V... .......-| ok p=1
Q3:	|+V.0+... +.--.+.. .0+.1... .....1.-| ok p=0.518555
Q4:	|-..1+... +10-.+.. .++.+... ...V.0.-| ok p=0.579102
Q5:	|-+.-0... +.1..+.. .++.+.V. .V...+.-| ok p=0.4375
Q6:	|.0.1-... +..1.+.. .0...... ...+.0.-| ok p=0.993164
Q7:	|01.+-... +....... .00.0.+. .-.0.1..| ok p=0.998047
Q8:	|...0+... .....1.. .+....0. .0.-.+.1| ok p=0.360352
Q9:	|+...+.+. .+.-.+.. .+.+.-.- .+..+..+|
Saving 2000000 paths...done.
Autobalance parameters: maxcond=226
Verified: 480 bad out of 2279445
Estimating maxcond for upper bound 8000000 (=2000000 * 4)...
t=9:  0%   10   20   30   40   50   60   70   80   90   100%
      |----|----|----|----|----|----|----|----|----|----|
e     ***************************************************
Found maxcond = 242
t=9:  0%   10   20   30   40   50   60   70   80   90   100%
      |----|----|----|----|----|----|----|----|----|----|
      ***************************************************
Q-3:	|00100100 11110010 01000110 11101000|
Q-2:	|+1011101 11111101 10101000 110101+-|
Q-1:	|-1110110 11101100 11010100 1101110+|
Q0:	|-1100000 +1--0010 10100110 1010001+| ok p=0.979492
Q1:	|-..0+... 0+1+.V.. ..1..... ......0+| ok p=1
Q2:	|-..+-... 1+1+.1.. .1+.V... ......1-| ok p=1
Q3:	|+.V0+... .+.+.+.. .0+.1... .V....-+| ok p=0.976562
Q4:	|+.11+... ...+.+.. .+0.+... .1.V..-+| ok p=0.351562
Q5:	|..--+... .0...+.. .+0.+..V .+....++| ok p=0.753906
Q6:	|0.+0.... ...1.+.. ..+0+..0 .+.+..--| ok p=0.695312
Q7:	|..1-0V.. ...0.+.. .101+..+ ...0..-0| ok p=0.5625
Q8:	|..10.... ...-.... ..+-...- .1.+..+0| ok p=0.803711
Q9:	|...+.-.. ...+.1.. ..++1..- ...0..-.| ok p=0.685547
Q10:	|.+.+.... -..+.+.+ ........ ......-.|
Saving 2000000 paths...done.
Autobalance parameters: maxcond=240
Verified: 18672 bad out of 3648244
Estimating maxcond for upper bound 8000000 (=2000000 * 4)...
t=10: 0%   10   20   30   40   50   60   70   80   90   100%
      |----|----|----|----|----|----|----|----|----|----|
e     ***************************************************
Found maxcond = 253
t=10: 0%   10   20   30   40   50   60   70   80   90   100%
      |----|----|----|----|----|----|----|----|----|----|
      ***************************************************
Q-3:	|00100100 11110010 01000110 11101000|
Q-2:	|+1011101 11111101 10101000 110101+-|
Q-1:	|-1110110 11101100 11010100 1101110+|
Q0:	|-1100000 +1--0010 10100110 1010001+| ok p=0.960938
Q1:	|-..0+... 0+1+.V.. ..1..... .......+| ok p=1
Q2:	|-..+-... 1+1+.1.. .1+V0... .......-| ok p=1
Q3:	|-.V0+... 1+.+.+.. .0+.1... ......1-| ok p=0.993164
Q4:	|-.11+... +..+.+.. .+.+-... ...V..0-| ok p=0.598633
Q5:	|..--+... +0....V. .+00+.V. ..V...++| ok p=0.754883
Q6:	|0.+0.... ..V0.0.. ...+-..V ...+..--| ok p=0.703125
Q7:	|..-11... 1.....-. .0.--.+1 ..-0.1-0| ok p=0.52832
Q8:	|..-..... ..-...0. ...+..0- ..01.0.0| ok p=0.740234
Q9:	|..+..... ..0...0. ...+0.0- ..1-.-0.| ok p=0.881836
Q10:	|..1..... ..+..... .......- ...-.-..| ok p=0.943359
Q11:	|...-..+. .-.+.+.. ......-. +.+.+...|
Saving 2000000 paths...done.
Autobalance parameters: maxcond=252
Verified: 1260 bad out of 2361278
Runtime: 203.329
Extend MD5 differential paths forward
Copyright (C) 2009 Marc Stevens
http://homepages.cwi.nl/~stevens/

delta_m[11] = [!-21!]
Loading workdir8/paths10_0of1...done: 2000000 (work:2000000).
Estimating maxcond for upper bound 2000000 (=500000 * 4)...
t=11: 0%   10   20   30   40   50   60   70   80   90   100%
      |----|----|----|----|----|----|----|----|----|----|
e     ***************************************************
Found maxcond = 264
t=11: 0%   10   20   30   40   50   60   70   80   90   100%
      |----|----|----|----|----|----|----|----|----|----|
      ***************************************************
Q-3:	|00100100 11110010 01000110 11101000|
Q-2:	|+1011101 11111101 10101000 110101+-|
Q-1:	|-1110110 11101100 11010100 1101110+|
Q0:	|-1100000 +1--0010 10100110 1010001+| ok p=0.960938
Q1:	|-..0+... 0+1+.V.. ..1..... .......+| ok p=0.998047
Q2:	|-..+-... 1+1+.1.. .1+V0... .......-| ok p=1
Q3:	|-.V0+... 1+.+.+.. .0+.1... ......1-| ok p=0.985352
Q4:	|-.11+... +..+.+.. .+.+-... ...V..0-| ok p=0.582031
Q5:	|..--+... +0....V. .+00+.V. ..V...++| ok p=0.741211
Q6:	|0.+0.... ..V0.0.. ...+-..V ...+..--| ok p=0.69043
Q7:	|..-11... 1.....-. .0.--.+0 ..-0.1-0| ok p=0.551758
Q8:	|..-..... ..-...0. ...+..0- ..01.010| ok p=0.732422
Q9:	|..+V.... ..1.V.0. ...+0.-+ ..1-V-0.| ok p=0.870117
Q10:	|..1..... ..+..... ......-+ ...-.--.| ok p=0.862305
Q11:	|..1-.... ..-.-... ...1...- ...--.-.| ok p=0.458984
Q12:	|+.-.+.+. .+.+.... ....-..- ..-.+..+|
Saving 500000 paths...done.
Autobalance parameters: maxcond=263
Verified: 1152 bad out of 677151
Runtime: 30.6596
