MD5 differential path toolbox
Copyright (C) 2009 Marc Stevens
http://homepages.cwi.nl/~stevens/

IHV1   = {619857640,3765610146,4142716124,1576904917}
IHV1   = e846f224a2a672e0dcd4ecf6d5a8fd5d

IHV2   = {619857640,1623369379,1995232477,3724388566}
IHV2   = e846f224a3a6c260ddd4ec76d6a8fddd

dIHV   = {0,2152726529,2147483649,2147483649}
NC0: delta c = delta d = [!-0,31!]
NC0: delta b           = [!-0,-20,-22,31!]
NC0: prob=-9.29167
delta m_11 = [!-21!]
Q-3:	|00100100 11110010 01000110 11101000|
Q-2:	|+1011101 11111101 10101000 110101+-|
Q-1:	|-1110110 11101100 11010100 1101110+|
Q0:	|-1100000 +1--0010 10100110 1010001+| ok p=1
Q1:	|+...+... .+.+.... ........ .......+|
Saved lower diff. path to 'workdir8/lowerpath.bin.gz'.

Q32:	|........ ........ ........ ........|
Q33:	|........ ........ ........ ........|
Q34:	|........ ........ ........ ........|
Q35:	|........ ........ ........ ........| ok p=1
Q36:	|........ ........ ........ ........| ok p=1
Q37:	|........ ........ ........ ........| ok p=1
Q38:	|........ ........ ........ ........| ok p=1
Q39:	|........ ........ ........ ........| ok p=1
Q40:	|........ ........ ........ ........| ok p=1
Q41:	|........ ........ ........ ........| ok p=1
Q42:	|........ ........ ........ ........| ok p=1
Q43:	|........ ........ ........ ........| ok p=1
Q44:	|........ ........ ........ ........| ok p=1
Q45:	|........ ........ ........ ........| ok p=1
Q46:	|........ ........ ........ ........| ok p=1
Q47:	|........ ........ ........ ........| ok p=1
Q48:	|........ ........ ........ ........| ok p=1
Q49:	|........ ........ ........ ........| ok p=1
Q50:	|........ ........ ........ ........| ok p=1
Q51:	|........ ........ ........ ........| ok p=1
Q52:	|........ ........ ........ ........| ok p=1
Q53:	|........ ........ ........ ........| ok p=1
Q54:	|........ ........ ........ ........| ok p=1
Q55:	|........ ........ ........ ........| ok p=1
Q56:	|........ ........ ........ ........| ok p=1
Q57:	|........ ........ ........ ........| ok p=1
Q58:	|........ ........ ........ ........| ok p=1
Q59:	|........ ........ ........ ........| ok p=1
Q60:	|0....... ........ ........ .......0| ok p=1
Q61:	|0....... ........ ........ ......11| ok p=0.492188
Q62:	|-....... ........ ........ ......0-| ok p=1
Q63:	|+....... ........ ........ ......-+| ok p=0.507812
Q64:	|+....... .-.-.... ........ .......-|
Saved upper diff. path to 'workdir8/upperpath.bin.gz'.
Saved 'md5diffpathforward.cfg'.
Saved 'md5diffpathbackward.cfg'.
Saved 'md5diffpathconnect.cfg'.
Saved 'md5diffpathhelper.cfg'.
