MD5 differential path toolbox
Copyright (C) 2009 Marc Stevens
http://homepages.cwi.nl/~stevens/

delta_m[11] = [!6!]
Q-3:	|00100001 10101101 00111111 00101111|
Q-2:	|+1101111 1001100- 00111101 000101+-|
Q-1:	|+0001110 1001100- 01010110 11111+--|
Q0:	|+0111110 +0--010- 00010100 +110010+| ok p=0.245117
Q1:	|-.1..1.. 0.--1..- 1+.0.+.. --..00+-| ok p=0.984375
Q2:	|+.-..-.. 0.-1-..1 -0.-.+.. --..0.-+| ok p=1
Q3:	|+!1^.-.. 1.-1-1.1 +0.-.+.. 0-..+.+1| ok p=1
Q4:	|-.1-.-.. +.0-.1.. +....1.. -...-.-+| ok p=1
Q5:	|-!11.... 1.0+0-.. ...1.0.^ +0.!-.--| ok p=1
Q6:	|-.01.1.. -..0.-.. 1...!+.+ 1.0.-..-| ok p=1
Q7:	|-!-..1.. 1..0.-.^ .!...-.1 +.1.+.1.| ok p=1
Q8:	|+.+..-.. -...!..- .....-.0 -.+.+..0| ok p=1
Q9:	|-0-..1.1 -....1.0 .0..1+.+ +.+.+...| ok p=1
Q10:	|0.+011.0 -0^00.01 .1.01-.+ +.-.0.0.| ok p=1
Q11:	|10+10-0- 00-11.10 .-11-+.1 +.-.-^1^| ok p=1
Q12:	|+00-+11- -+1+-1-+ ^-0-++.0 .0..1+++| ok p=1
Q13:	|++-+1--- +-01101- ---+++.+ 111.-100| ok p=1
Q14:	|.101+0-0 0+.10+10 1.11.1^1 .10.00-0| ok p=1
Q15:	|0100-00+ 11...0+0 10-01+.- .--.+.-.| ok p=0.796875
Q16:	|0...0.1. .+..0-.. 0.-..+.. .1..0.+.| ok p=0.614258
Q17:	|1...+..^ .0..1.^. 1.0..1.^ .0^.-.-.| ok p=0.493164
Q18:	|-...+... .0..+^.. +.1..-.. .1....+.| ok p=0.550781
Q19:	|...0-... .-...... .....-.0 .+..^.+.| ok p=0.998047
Q20:	|^..1-..0 ...0^... ^....001 ...0..1.| ok p=1
Q21:	|...-0..1 .^.1.... 0....11- .^.1..1.| ok p=0.488281
Q22:	|....0..+ ...-.... 1.....+. ...+....| ok p=0.96582
Q23:	|...^.... ........ +.0....^ ......0.| ok p=0.976562
Q24:	|..0....^ ...^.0.. ..1...^. ...^..1.| ok p=0.928711
Q25:	|..1..... ........ ^.-..... ......-.| ok p=0.881836
Q26:	|..-..... ....0+.. ........ .0......| ok p=0.882812
Q27:	|........ ....1+.. ..^..... .1....^.| ok p=1
Q28:	|..^..... ....+-.. ........ .+......| ok p=1
Q29:	|........ .....0.. ........ .0......| ok p=0.882812
Q30:	|........ ....^1.. ........ .-......| ok p=1
Q31:	|........ ........ ........ .-......| ok p=1
Q32:	|........ ........ ........ ........| ok p=1
Q33:	|........ ........ ........ .!......| ok p=1
Q34:	|........ ........ ........ ........| ok p=1
Q35:	|........ ........ ........ ........| ok p=1
Q36:	|........ ........ ........ ........| ok p=1
Q37:	|........ ........ ........ ........| ok p=1
Q38:	|........ ........ ........ ........| ok p=1
Q39:	|........ ........ ........ ........| ok p=1
Q40:	|........ ........ ........ ........| ok p=1
Q41:	|........ ........ ........ ........| ok p=1
Q42:	|........ ........ ........ ........| ok p=1
Q43:	|........ ........ ........ ........| ok p=1
Q44:	|........ ........ ........ ........| ok p=1
Q45:	|........ ........ ........ ........| ok p=1
Q46:	|........ ........ ........ ........| ok p=1
Q47:	|........ ........ ........ ........| ok p=1
Q48:	|........ ........ ........ ........| ok p=1
Q49:	|........ ........ ........ ........| ok p=1
Q50:	|........ ........ ........ ........| ok p=1
Q51:	|........ ........ ........ ........| ok p=1
Q52:	|........ ........ ........ ........| ok p=1
Q53:	|........ ........ ........ ........| ok p=1
Q54:	|........ ........ ........ ........| ok p=1
Q55:	|........ ........ ........ ........| ok p=1
Q56:	|........ ........ ........ ........| ok p=1
Q57:	|........ ........ ........ ........| ok p=1
Q58:	|........ ........ ........ ........| ok p=1
Q59:	|........ ........ ........ ........| ok p=1
Q60:	|........ .......0 ........ ........| ok p=1
Q61:	|........ .....101 ........ ........| ok p=1
Q62:	|........ .....1.+ ........ ........| ok p=1
Q63:	|........ .....+-- ........ ........| ok p=1
Q64:	|........ .......+ ........ -.......|
Starting...
20: Q5m5tunnel      = 1
20: Q4m5tunnel      = 1
20: Q14m6Q3m5tunnel = 1
21: Q10m10tunnel    = 3
21: Q9m10tunnel     = 3
22: Q8Q12m15tunnel  = 2
23: Q4m4tunnel      = 13
24: Q9m9tunnel      = 10
25: Q14Q3m14tunnel  = 1
.20: Q5m5tunnel      = 1
20: Q4m5tunnel      = 1
20: Q14m6Q3m5tunnel = 1
21: Q10m10tunnel    = 3
21: Q9m10tunnel     = 3
22: Q8Q12m15tunnel  = 2
23: Q4m4tunnel      = 13
24: Q9m9tunnel      = 10
25: Q14Q3m14tunnel  = 1
.20: Q5m5tunnel      = 1
20: Q4m5tunnel      = 1
20: Q14m6Q3m5tunnel = 1
21: Q10m10tunnel    = 3
21: Q9m10tunnel     = 3
22: Q8Q12m15tunnel  = 2
23: Q4m4tunnel      = 13
24: Q9m9tunnel      = 10
25: Q14Q3m14tunnel  = 1
.20: Q5m5tunnel      = 1
20: Q4m5tunnel      = 1
20: Q14m6Q3m5tunnel = 1
21: Q10m10tunnel    = 3
21: Q9m10tunnel     = 3
22: Q8Q12m15tunnel  = 2
23: Q4m4tunnel      = 13
24: Q9m9tunnel      = 10
25: Q14Q3m14tunnel  = 1
.1 0
2 0
4 0
8 0
16 0
32 0
64 0
128 0
256 0
512 0
1024 0
2048 0
4096 0
8192 0
16384 0
32768 0
65536 0
72161 1
102368 2
131072 2
141588 4
262144 4
Block 1: workdir7/coll1_1763322134
c7 ef 1a d2 2b e7 06 59 76 96 30 74 bb 3f 8e c8 
e2 86 69 82 50 75 3e 1d 6f 4f ae f5 cd fe e9 3e 
75 85 3b 3b 77 b9 e7 ed df 98 fc c0 a0 45 51 ff 
ae 12 7f 8f 1a f2 f8 2a 8d d9 9f b1 e7 a3 c6 ee 
Block 2: workdir7/coll2_1763322134
c7 ef 1a d2 2b e7 06 59 76 96 30 74 bb 3f 8e c8 
e2 86 69 82 50 75 3e 1d 6f 4f ae f5 cd fe e9 3e 
75 85 3b 3b 77 b9 e7 ed df 98 fc c0 e0 45 51 ff 
ae 12 7f 8f 1a f2 f8 2a 8d d9 9f b1 e7 a3 c6 ee 
Found collision!
