Extend MD5 differential paths backward
Copyright (C) 2009 Marc Stevens
http://homepages.cwi.nl/~stevens/

delta_m[11] = [!6!]
Loading workdir7/upperpath.bin.gz...done: 1.
Estimating maxcond for upper bound 262144 (=65536 * 4)...
t=34: 0%   10   20   30   40   50   60   70   80   90   100%
      |----|----|----|----|----|----|----|----|----|----|
e     ***************************************************
Found maxcond = 2176
t=34: 0%   10   20   30   40   50   60   70   80   90   100%
      |----|----|----|----|----|----|----|----|----|----|
      ***************************************************
Q31:	|........ ........ ........ .-......|
Q32:	|........ ........ ........ ........|
Q33:	|........ ........ ........ ........|
Q34:	|........ ........ ........ ........| ok p=1
Q35:	|........ ........ ........ ........| ok p=1
Q36:	|........ ........ ........ ........| ok p=1
Q37:	|........ ........ ........ ........| ok p=1
Q38:	|........ ........ ........ ........| ok p=1
Q39:	|........ ........ ........ ........| ok p=1
Q40:	|........ ........ ........ ........| ok p=1
Q41:	|........ ........ ........ ........| ok p=1
Q42:	|........ ........ ........ ........| ok p=1
Q43:	|........ ........ ........ ........| ok p=1
Q44:	|........ ........ ........ ........| ok p=1
Q45:	|........ ........ ........ ........| ok p=1
Q46:	|........ ........ ........ ........| ok p=1
Q47:	|........ ........ ........ ........| ok p=1
Q48:	|........ ........ ........ ........| ok p=1
Q49:	|........ ........ ........ ........| ok p=1
Q50:	|........ ........ ........ ........| ok p=1
Q51:	|........ ........ ........ ........| ok p=1
Q52:	|........ ........ ........ ........| ok p=1
Q53:	|........ ........ ........ ........| ok p=1
Q54:	|........ ........ ........ ........| ok p=1
Q55:	|........ ........ ........ ........| ok p=1
Q56:	|........ ........ ........ ........| ok p=1
Q57:	|........ ........ ........ ........| ok p=1
Q58:	|........ ........ ........ ........| ok p=1
Q59:	|........ ........ ........ ........| ok p=1
Q60:	|........ .......0 ........ ........| ok p=1
Q61:	|........ .....101 ........ ........| ok p=1
Q62:	|........ .....1.+ ........ ........| ok p=1
Q63:	|........ .....+-- ........ ........| ok p=1
Q64:	|........ .......+ ........ -.......|
Saving 1 paths...done.
Autobalance parameters: maxcond=2176
Verified: 0 bad out of 1
Estimating maxcond for upper bound 262144 (=65536 * 4)...
t=33: 0%   10   20   30   40   50   60   70   80   90   100%
      |----|----|----|----|----|----|----|----|----|----|
e     ***************************************************
Found maxcond = 35
t=33: 0%   10   20   30   40   50   60   70   80   90   100%
      |----|----|----|----|----|----|----|----|----|----|
      ***************************************************
Q30:	|........ ........ ........ .-......|
Q31:	|........ ........ ........ .-......|
Q32:	|........ ........ ........ ........|
Q33:	|........ ........ ........ .!......| ok p=1
Q34:	|........ ........ ........ ........| ok p=1
Q35:	|........ ........ ........ ........| ok p=1
Q36:	|........ ........ ........ ........| ok p=1
Q37:	|........ ........ ........ ........| ok p=1
Q38:	|........ ........ ........ ........| ok p=1
Q39:	|........ ........ ........ ........| ok p=1
Q40:	|........ ........ ........ ........| ok p=1
Q41:	|........ ........ ........ ........| ok p=1
Q42:	|........ ........ ........ ........| ok p=1
Q43:	|........ ........ ........ ........| ok p=1
Q44:	|........ ........ ........ ........| ok p=1
Q45:	|........ ........ ........ ........| ok p=1
Q46:	|........ ........ ........ ........| ok p=1
Q47:	|........ ........ ........ ........| ok p=1
Q48:	|........ ........ ........ ........| ok p=1
Q49:	|........ ........ ........ ........| ok p=1
Q50:	|........ ........ ........ ........| ok p=1
Q51:	|........ ........ ........ ........| ok p=1
Q52:	|........ ........ ........ ........| ok p=1
Q53:	|........ ........ ........ ........| ok p=1
Q54:	|........ ........ ........ ........| ok p=1
Q55:	|........ ........ ........ ........| ok p=1
Q56:	|........ ........ ........ ........| ok p=1
Q57:	|........ ........ ........ ........| ok p=1
Q58:	|........ ........ ........ ........| ok p=1
Q59:	|........ ........ ........ ........| ok p=1
Q60:	|........ .......0 ........ ........| ok p=1
Q61:	|........ .....101 ........ ........| ok p=1
Q62:	|........ .....1.+ ........ ........| ok p=1
Q63:	|........ .....+-- ........ ........| ok p=1
Q64:	|........ .......+ ........ -.......|
Saving 65536 paths...done.
Autobalance parameters: maxcond=31
Verified: 0 bad out of 65537
Estimating maxcond for upper bound 262144 (=65536 * 4)...
t=32: 0%   10   20   30   40   50   60   70   80   90   100%
      |----|----|----|----|----|----|----|----|----|----|
e     ***************************************************
Found maxcond = 25
t=32: 0%   10   20   30   40   50   60   70   80   90   100%
      |----|----|----|----|----|----|----|----|----|----|
      ***************************************************
Q29:	|........ ........ ........ ........|
Q30:	|........ ........ ........ .+......|
Q31:	|........ ........ ........ .-......|
Q32:	|........ ........ ........ ........| ok p=1
Q33:	|........ ........ ........ .^......| ok p=1
Q34:	|........ ........ ........ ........| ok p=1
Q35:	|........ ........ ........ ........| ok p=1
Q36:	|........ ........ ........ ........| ok p=1
Q37:	|........ ........ ........ ........| ok p=1
Q38:	|........ ........ ........ ........| ok p=1
Q39:	|........ ........ ........ ........| ok p=1
Q40:	|........ ........ ........ ........| ok p=1
Q41:	|........ ........ ........ ........| ok p=1
Q42:	|........ ........ ........ ........| ok p=1
Q43:	|........ ........ ........ ........| ok p=1
Q44:	|........ ........ ........ ........| ok p=1
Q45:	|........ ........ ........ ........| ok p=1
Q46:	|........ ........ ........ ........| ok p=1
Q47:	|........ ........ ........ ........| ok p=1
Q48:	|........ ........ ........ ........| ok p=1
Q49:	|........ ........ ........ ........| ok p=1
Q50:	|........ ........ ........ ........| ok p=1
Q51:	|........ ........ ........ ........| ok p=1
Q52:	|........ ........ ........ ........| ok p=1
Q53:	|........ ........ ........ ........| ok p=1
Q54:	|........ ........ ........ ........| ok p=1
Q55:	|........ ........ ........ ........| ok p=1
Q56:	|........ ........ ........ ........| ok p=1
Q57:	|........ ........ ........ ........| ok p=1
Q58:	|........ ........ ........ ........| ok p=1
Q59:	|........ ........ ........ ........| ok p=1
Q60:	|........ .......0 ........ ........| ok p=1
Q61:	|........ .....101 ........ ........| ok p=1
Q62:	|........ .....1.+ ........ ........| ok p=1
Q63:	|........ .....+-- ........ ........| ok p=1
Q64:	|........ .......+ ........ -.......|
Saving 65536 paths...done.
Autobalance parameters: maxcond=22
Verified: 0 bad out of 122988
Estimating maxcond for upper bound 262144 (=65536 * 4)...
t=31: 0%   10   20   30   40   50   60   70   80   90   100%
      |----|----|----|----|----|----|----|----|----|----|
e     ***************************************************
Found maxcond = 22
t=31: 0%   10   20   30   40   50   60   70   80   90   100%
      |----|----|----|----|----|----|----|----|----|----|
      ***************************************************
Q28:	|........ .....+.. ........ .+......|
Q29:	|........ ........ ........ ........|
Q30:	|........ ........ ........ .-......|
Q31:	|........ ........ ........ .-......| ok p=1
Q32:	|........ ........ ........ ........| ok p=1
Q33:	|........ ........ ........ .!......| ok p=1
Q34:	|........ ........ ........ ........| ok p=1
Q35:	|........ ........ ........ ........| ok p=1
Q36:	|........ ........ ........ ........| ok p=1
Q37:	|........ ........ ........ ........| ok p=1
Q38:	|........ ........ ........ ........| ok p=1
Q39:	|........ ........ ........ ........| ok p=1
Q40:	|........ ........ ........ ........| ok p=1
Q41:	|........ ........ ........ ........| ok p=1
Q42:	|........ ........ ........ ........| ok p=1
Q43:	|........ ........ ........ ........| ok p=1
Q44:	|........ ........ ........ ........| ok p=1
Q45:	|........ ........ ........ ........| ok p=1
Q46:	|........ ........ ........ ........| ok p=1
Q47:	|........ ........ ........ ........| ok p=1
Q48:	|........ ........ ........ ........| ok p=1
Q49:	|........ ........ ........ ........| ok p=1
Q50:	|........ ........ ........ ........| ok p=1
Q51:	|........ ........ ........ ........| ok p=1
Q52:	|........ ........ ........ ........| ok p=1
Q53:	|........ ........ ........ ........| ok p=1
Q54:	|........ ........ ........ ........| ok p=1
Q55:	|........ ........ ........ ........| ok p=1
Q56:	|........ ........ ........ ........| ok p=1
Q57:	|........ ........ ........ ........| ok p=1
Q58:	|........ ........ ........ ........| ok p=1
Q59:	|........ ........ ........ ........| ok p=1
Q60:	|........ .......0 ........ ........| ok p=1
Q61:	|........ .....101 ........ ........| ok p=1
Q62:	|........ .....1.+ ........ ........| ok p=1
Q63:	|........ .....+-- ........ ........| ok p=1
Q64:	|........ .......+ ........ -.......|
Saving 65536 paths...done.
Autobalance parameters: maxcond=20
Verified: 0 bad out of 114840
Estimating maxcond for upper bound 262144 (=65536 * 4)...
t=30: 0%   10   20   30   40   50   60   70   80   90   100%
      |----|----|----|----|----|----|----|----|----|----|
e     ***************************************************
Found maxcond = 22
t=30: 0%   10   20   30   40   50   60   70   80   90   100%
      |----|----|----|----|----|----|----|----|----|----|
      ***************************************************
Q27:	|......-. ........ ........ ........|
Q28:	|........ .....+.. ........ .-......|
Q29:	|........ ........ ........ .0......|
Q30:	|........ .....^.. ........ .+......| ok p=0.991211
Q31:	|........ ........ ........ .-......| ok p=1
Q32:	|........ ........ ........ ........| ok p=1
Q33:	|........ ........ ........ .^......| ok p=1
Q34:	|........ ........ ........ ........| ok p=1
Q35:	|........ ........ ........ ........| ok p=1
Q36:	|........ ........ ........ ........| ok p=1
Q37:	|........ ........ ........ ........| ok p=1
Q38:	|........ ........ ........ ........| ok p=1
Q39:	|........ ........ ........ ........| ok p=1
Q40:	|........ ........ ........ ........| ok p=1
Q41:	|........ ........ ........ ........| ok p=1
Q42:	|........ ........ ........ ........| ok p=1
Q43:	|........ ........ ........ ........| ok p=1
Q44:	|........ ........ ........ ........| ok p=1
Q45:	|........ ........ ........ ........| ok p=1
Q46:	|........ ........ ........ ........| ok p=1
Q47:	|........ ........ ........ ........| ok p=1
Q48:	|........ ........ ........ ........| ok p=1
Q49:	|........ ........ ........ ........| ok p=1
Q50:	|........ ........ ........ ........| ok p=1
Q51:	|........ ........ ........ ........| ok p=1
Q52:	|........ ........ ........ ........| ok p=1
Q53:	|........ ........ ........ ........| ok p=1
Q54:	|........ ........ ........ ........| ok p=1
Q55:	|........ ........ ........ ........| ok p=1
Q56:	|........ ........ ........ ........| ok p=1
Q57:	|........ ........ ........ ........| ok p=1
Q58:	|........ ........ ........ ........| ok p=1
Q59:	|........ ........ ........ ........| ok p=1
Q60:	|........ .......0 ........ ........| ok p=1
Q61:	|........ .....101 ........ ........| ok p=1
Q62:	|........ .....1.+ ........ ........| ok p=1
Q63:	|........ .....+-- ........ ........| ok p=1
Q64:	|........ .......+ ........ -.......|
Saving 65536 paths...done.
Autobalance parameters: maxcond=19
Verified: 0 bad out of 133532
Runtime: 6.66672
Extend MD5 differential paths backward
Copyright (C) 2009 Marc Stevens
http://homepages.cwi.nl/~stevens/

delta_m[11] = [!6!]
Loading workdir7/paths30_0of1...done: 65536 (work:65536).
Estimating maxcond for upper bound 400000 (=100000 * 4)...
t=29: 0%   10   20   30   40   50   60   70   80   90   100%
      |----|----|----|----|----|----|----|----|----|----|
e     ***************************************************
Found maxcond = 23
t=29: 0%   10   20   30   40   50   60   70   80   90   100%
      |----|----|----|----|----|----|----|----|----|----|
      ***************************************************
Q26:	|..-..... ........ ........ .-......|
Q27:	|........ .....1.. ........ .+......|
Q28:	|........ .....+.. ........ .+......|
Q29:	|........ ........ ........ .1......| ok p=0.87793
Q30:	|........ .....^.. ........ .-......| ok p=1
Q31:	|........ ........ ........ .-......| ok p=1
Q32:	|........ ........ ........ ........| ok p=1
Q33:	|........ ........ ........ .!......| ok p=1
Q34:	|........ ........ ........ ........| ok p=1
Q35:	|........ ........ ........ ........| ok p=1
Q36:	|........ ........ ........ ........| ok p=1
Q37:	|........ ........ ........ ........| ok p=1
Q38:	|........ ........ ........ ........| ok p=1
Q39:	|........ ........ ........ ........| ok p=1
Q40:	|........ ........ ........ ........| ok p=1
Q41:	|........ ........ ........ ........| ok p=1
Q42:	|........ ........ ........ ........| ok p=1
Q43:	|........ ........ ........ ........| ok p=1
Q44:	|........ ........ ........ ........| ok p=1
Q45:	|........ ........ ........ ........| ok p=1
Q46:	|........ ........ ........ ........| ok p=1
Q47:	|........ ........ ........ ........| ok p=1
Q48:	|........ ........ ........ ........| ok p=1
Q49:	|........ ........ ........ ........| ok p=1
Q50:	|........ ........ ........ ........| ok p=1
Q51:	|........ ........ ........ ........| ok p=1
Q52:	|........ ........ ........ ........| ok p=1
Q53:	|........ ........ ........ ........| ok p=1
Q54:	|........ ........ ........ ........| ok p=1
Q55:	|........ ........ ........ ........| ok p=1
Q56:	|........ ........ ........ ........| ok p=1
Q57:	|........ ........ ........ ........| ok p=1
Q58:	|........ ........ ........ ........| ok p=1
Q59:	|........ ........ ........ ........| ok p=1
Q60:	|........ .......0 ........ ........| ok p=1
Q61:	|........ .....101 ........ ........| ok p=1
Q62:	|........ .....1.+ ........ ........| ok p=1
Q63:	|........ .....+-- ........ ........| ok p=1
Q64:	|........ .......+ ........ -.......|
Saving 100000 paths...done.
Autobalance parameters: maxcond=21
Verified: 6861 bad out of 162501
Estimating maxcond for upper bound 400000 (=100000 * 4)...
t=28: 0%   10   20   30   40   50   60   70   80   90   100%
      |----|----|----|----|----|----|----|----|----|----|
e     ***************************************************
Found maxcond = 25
t=28: 0%   10   20   30   40   50   60   70   80   90   100%
      |----|----|----|----|----|----|----|----|----|----|
      ***************************************************
Q25:	|........ ........ ..-..... .-....-.|
Q26:	|..-..... .....-.. ........ .-......|
Q27:	|........ .....0.. ........ .+......|
Q28:	|..^..... .....+.. ........ .+......| ok p=1
Q29:	|........ ........ ........ .1......| ok p=0.875977
Q30:	|........ .....^.. ........ .-......| ok p=1
Q31:	|........ ........ ........ .-......| ok p=1
Q32:	|........ ........ ........ ........| ok p=1
Q33:	|........ ........ ........ .!......| ok p=1
Q34:	|........ ........ ........ ........| ok p=1
Q35:	|........ ........ ........ ........| ok p=1
Q36:	|........ ........ ........ ........| ok p=1
Q37:	|........ ........ ........ ........| ok p=1
Q38:	|........ ........ ........ ........| ok p=1
Q39:	|........ ........ ........ ........| ok p=1
Q40:	|........ ........ ........ ........| ok p=1
Q41:	|........ ........ ........ ........| ok p=1
Q42:	|........ ........ ........ ........| ok p=1
Q43:	|........ ........ ........ ........| ok p=1
Q44:	|........ ........ ........ ........| ok p=1
Q45:	|........ ........ ........ ........| ok p=1
Q46:	|........ ........ ........ ........| ok p=1
Q47:	|........ ........ ........ ........| ok p=1
Q48:	|........ ........ ........ ........| ok p=1
Q49:	|........ ........ ........ ........| ok p=1
Q50:	|........ ........ ........ ........| ok p=1
Q51:	|........ ........ ........ ........| ok p=1
Q52:	|........ ........ ........ ........| ok p=1
Q53:	|........ ........ ........ ........| ok p=1
Q54:	|........ ........ ........ ........| ok p=1
Q55:	|........ ........ ........ ........| ok p=1
Q56:	|........ ........ ........ ........| ok p=1
Q57:	|........ ........ ........ ........| ok p=1
Q58:	|........ ........ ........ ........| ok p=1
Q59:	|........ ........ ........ ........| ok p=1
Q60:	|........ .......0 ........ ........| ok p=1
Q61:	|........ .....101 ........ ........| ok p=1
Q62:	|........ .....1.+ ........ ........| ok p=1
Q63:	|........ .....+-- ........ ........| ok p=1
Q64:	|........ .......+ ........ -.......|
Saving 100000 paths...done.
Autobalance parameters: maxcond=23
Verified: 0 bad out of 169324
Estimating maxcond for upper bound 400000 (=100000 * 4)...
t=27: 0%   10   20   30   40   50   60   70   80   90   100%
      |----|----|----|----|----|----|----|----|----|----|
e     ***************************************************
Found maxcond = 28
t=27: 0%   10   20   30   40   50   60   70   80   90   100%
      |----|----|----|----|----|----|----|----|----|----|
      ***************************************************
Q24:	|.+...... .....+.. ........ ........|
Q25:	|..1..... ........ ..-..... ......-.|
Q26:	|..-..... .....0.. ........ .0......|
Q27:	|........ .....1.. ..^..... .1....^.| ok p=0.740234
Q28:	|..^..... .....+.. ........ .+......| ok p=1
Q29:	|........ ........ ........ .0......| ok p=0.865234
Q30:	|........ .....^.. ........ .-......| ok p=1
Q31:	|........ ........ ........ .-......| ok p=1
Q32:	|........ ........ ........ ........| ok p=1
Q33:	|........ ........ ........ .!......| ok p=1
Q34:	|........ ........ ........ ........| ok p=1
Q35:	|........ ........ ........ ........| ok p=1
Q36:	|........ ........ ........ ........| ok p=1
Q37:	|........ ........ ........ ........| ok p=1
Q38:	|........ ........ ........ ........| ok p=1
Q39:	|........ ........ ........ ........| ok p=1
Q40:	|........ ........ ........ ........| ok p=1
Q41:	|........ ........ ........ ........| ok p=1
Q42:	|........ ........ ........ ........| ok p=1
Q43:	|........ ........ ........ ........| ok p=1
Q44:	|........ ........ ........ ........| ok p=1
Q45:	|........ ........ ........ ........| ok p=1
Q46:	|........ ........ ........ ........| ok p=1
Q47:	|........ ........ ........ ........| ok p=1
Q48:	|........ ........ ........ ........| ok p=1
Q49:	|........ ........ ........ ........| ok p=1
Q50:	|........ ........ ........ ........| ok p=1
Q51:	|........ ........ ........ ........| ok p=1
Q52:	|........ ........ ........ ........| ok p=1
Q53:	|........ ........ ........ ........| ok p=1
Q54:	|........ ........ ........ ........| ok p=1
Q55:	|........ ........ ........ ........| ok p=1
Q56:	|........ ........ ........ ........| ok p=1
Q57:	|........ ........ ........ ........| ok p=1
Q58:	|........ ........ ........ ........| ok p=1
Q59:	|........ ........ ........ ........| ok p=1
Q60:	|........ .......0 ........ ........| ok p=1
Q61:	|........ .....101 ........ ........| ok p=1
Q62:	|........ .....1.+ ........ ........| ok p=1
Q63:	|........ .....+-- ........ ........| ok p=1
Q64:	|........ .......+ ........ -.......|
Saving 100000 paths...done.
Autobalance parameters: maxcond=26
Verified: 4604 bad out of 187707
Estimating maxcond for upper bound 400000 (=100000 * 4)...
t=26: 0%   10   20   30   40   50   60   70   80   90   100%
      |----|----|----|----|----|----|----|----|----|----|
e     ***************************************************
Found maxcond = 31
t=26: 0%   10   20   30   40   50   60   70   80   90   100%
      |----|----|----|----|----|----|----|----|----|----|
      ***************************************************
Q23:	|........ .....+.. +....... ..+.....|
Q24:	|..0..... .....+.. ..1..... ......1.|
Q25:	|..1..... .....-.. ..-..... ......-.|
Q26:	|..-..... .....-.. ........ .0......| ok p=0.867188
Q27:	|........ .....+.. ..^..... .1....^.| ok p=1
Q28:	|..^..... .....+.. ........ .+......| ok p=1
Q29:	|........ .....1.. ........ .0......| ok p=0.876953
Q30:	|........ .....0.. ........ .-......| ok p=1
Q31:	|........ ........ ........ .-......| ok p=1
Q32:	|........ ........ ........ ........| ok p=1
Q33:	|........ ........ ........ .!......| ok p=1
Q34:	|........ ........ ........ ........| ok p=1
Q35:	|........ ........ ........ ........| ok p=1
Q36:	|........ ........ ........ ........| ok p=1
Q37:	|........ ........ ........ ........| ok p=1
Q38:	|........ ........ ........ ........| ok p=1
Q39:	|........ ........ ........ ........| ok p=1
Q40:	|........ ........ ........ ........| ok p=1
Q41:	|........ ........ ........ ........| ok p=1
Q42:	|........ ........ ........ ........| ok p=1
Q43:	|........ ........ ........ ........| ok p=1
Q44:	|........ ........ ........ ........| ok p=1
Q45:	|........ ........ ........ ........| ok p=1
Q46:	|........ ........ ........ ........| ok p=1
Q47:	|........ ........ ........ ........| ok p=1
Q48:	|........ ........ ........ ........| ok p=1
Q49:	|........ ........ ........ ........| ok p=1
Q50:	|........ ........ ........ ........| ok p=1
Q51:	|........ ........ ........ ........| ok p=1
Q52:	|........ ........ ........ ........| ok p=1
Q53:	|........ ........ ........ ........| ok p=1
Q54:	|........ ........ ........ ........| ok p=1
Q55:	|........ ........ ........ ........| ok p=1
Q56:	|........ ........ ........ ........| ok p=1
Q57:	|........ ........ ........ ........| ok p=1
Q58:	|........ ........ ........ ........| ok p=1
Q59:	|........ ........ ........ ........| ok p=1
Q60:	|........ .......0 ........ ........| ok p=1
Q61:	|........ .....101 ........ ........| ok p=1
Q62:	|........ .....1.+ ........ ........| ok p=1
Q63:	|........ .....+-- ........ ........| ok p=1
Q64:	|........ .......+ ........ -.......|
Saving 100000 paths...done.
Autobalance parameters: maxcond=29
Verified: 0 bad out of 174342
Estimating maxcond for upper bound 400000 (=100000 * 4)...
t=25: 0%   10   20   30   40   50   60   70   80   90   100%
      |----|----|----|----|----|----|----|----|----|----|
e     ***************************************************
Found maxcond = 36
t=25: 0%   10   20   30   40   50   60   70   80   90   100%
      |----|----|----|----|----|----|----|----|----|----|
      ***************************************************
Q22:	|.......+ ...-.... ........ ...+....|
Q23:	|.1...... .....1.. +.+..... ......+.|
Q24:	|.+0..... .....+.. ..0..... ......0.|
Q25:	|..1..... .....0.. ^.-..... ......-.| ok p=0.761719
Q26:	|.^-..... .....0.. ........ .0......| ok p=0.894531
Q27:	|........ .....1.. ..^..... .1....^.| ok p=0.740234
Q28:	|..^..... .....+.. ........ .+......| ok p=1
Q29:	|........ ........ ........ .0......| ok p=0.889648
Q30:	|........ .....^.. ........ .-......| ok p=1
Q31:	|........ ........ ........ .-......| ok p=1
Q32:	|........ ........ ........ ........| ok p=1
Q33:	|........ ........ ........ .!......| ok p=1
Q34:	|........ ........ ........ ........| ok p=1
Q35:	|........ ........ ........ ........| ok p=1
Q36:	|........ ........ ........ ........| ok p=1
Q37:	|........ ........ ........ ........| ok p=1
Q38:	|........ ........ ........ ........| ok p=1
Q39:	|........ ........ ........ ........| ok p=1
Q40:	|........ ........ ........ ........| ok p=1
Q41:	|........ ........ ........ ........| ok p=1
Q42:	|........ ........ ........ ........| ok p=1
Q43:	|........ ........ ........ ........| ok p=1
Q44:	|........ ........ ........ ........| ok p=1
Q45:	|........ ........ ........ ........| ok p=1
Q46:	|........ ........ ........ ........| ok p=1
Q47:	|........ ........ ........ ........| ok p=1
Q48:	|........ ........ ........ ........| ok p=1
Q49:	|........ ........ ........ ........| ok p=1
Q50:	|........ ........ ........ ........| ok p=1
Q51:	|........ ........ ........ ........| ok p=1
Q52:	|........ ........ ........ ........| ok p=1
Q53:	|........ ........ ........ ........| ok p=1
Q54:	|........ ........ ........ ........| ok p=1
Q55:	|........ ........ ........ ........| ok p=1
Q56:	|........ ........ ........ ........| ok p=1
Q57:	|........ ........ ........ ........| ok p=1
Q58:	|........ ........ ........ ........| ok p=1
Q59:	|........ ........ ........ ........| ok p=1
Q60:	|........ .......0 ........ ........| ok p=1
Q61:	|........ .....101 ........ ........| ok p=1
Q62:	|........ .....1.+ ........ ........| ok p=1
Q63:	|........ .....+-- ........ ........| ok p=1
Q64:	|........ .......+ ........ -.......|
Saving 100000 paths...done.
Autobalance parameters: maxcond=35
Verified: 900 bad out of 154169
Estimating maxcond for upper bound 400000 (=100000 * 4)...
t=24: 0%   10   20   30   40   50   60   70   80   90   100%
      |----|----|----|----|----|----|----|----|----|----|
e     ***************************************************
Found maxcond = 44
t=24: 0%   10   20   30   40   50   60   70   80   90   100%
      |----|----|----|----|----|----|----|----|----|----|
      ***************************************************
Q21:	|...-.... .....-.. .-.....- ........|
Q22:	|.......+ ...-.... 1....... ..1+....|
Q23:	|........ .....+.. +.0..... ..+...0.|
Q24:	|..0....^ ...^.+.. ..1..... ...^..1.| ok p=0.908203
Q25:	|..1..... .....-.. ^.-..... ..^...-.| ok p=0.882812
Q26:	|..-..... .....-.. ........ .0......| ok p=0.875977
Q27:	|........ .....+.. ..^..... .1....^.| ok p=1
Q28:	|..^..... .....+.. ........ .+......| ok p=1
Q29:	|........ .....1.. ........ .0......| ok p=0.867188
Q30:	|........ .....0.. ........ .-......| ok p=1
Q31:	|........ ........ ........ .-......| ok p=1
Q32:	|........ ........ ........ ........| ok p=1
Q33:	|........ ........ ........ .!......| ok p=1
Q34:	|........ ........ ........ ........| ok p=1
Q35:	|........ ........ ........ ........| ok p=1
Q36:	|........ ........ ........ ........| ok p=1
Q37:	|........ ........ ........ ........| ok p=1
Q38:	|........ ........ ........ ........| ok p=1
Q39:	|........ ........ ........ ........| ok p=1
Q40:	|........ ........ ........ ........| ok p=1
Q41:	|........ ........ ........ ........| ok p=1
Q42:	|........ ........ ........ ........| ok p=1
Q43:	|........ ........ ........ ........| ok p=1
Q44:	|........ ........ ........ ........| ok p=1
Q45:	|........ ........ ........ ........| ok p=1
Q46:	|........ ........ ........ ........| ok p=1
Q47:	|........ ........ ........ ........| ok p=1
Q48:	|........ ........ ........ ........| ok p=1
Q49:	|........ ........ ........ ........| ok p=1
Q50:	|........ ........ ........ ........| ok p=1
Q51:	|........ ........ ........ ........| ok p=1
Q52:	|........ ........ ........ ........| ok p=1
Q53:	|........ ........ ........ ........| ok p=1
Q54:	|........ ........ ........ ........| ok p=1
Q55:	|........ ........ ........ ........| ok p=1
Q56:	|........ ........ ........ ........| ok p=1
Q57:	|........ ........ ........ ........| ok p=1
Q58:	|........ ........ ........ ........| ok p=1
Q59:	|........ ........ ........ ........| ok p=1
Q60:	|........ .......0 ........ ........| ok p=1
Q61:	|........ .....101 ........ ........| ok p=1
Q62:	|........ .....1.+ ........ ........| ok p=1
Q63:	|........ .....+-- ........ ........| ok p=1
Q64:	|........ .......+ ........ -.......|
Saving 100000 paths...done.
Autobalance parameters: maxcond=43
Verified: 188 bad out of 157440
Estimating maxcond for upper bound 400000 (=100000 * 4)...
t=23: 0%   10   20   30   40   50   60   70   80   90   100%
      |----|----|----|----|----|----|----|----|----|----|
e     ***************************************************
Found maxcond = 53
t=23: 0%   10   20   30   40   50   60   70   80   90   100%
      |----|----|----|----|----|----|----|----|----|----|
      ***************************************************
Q20:	|....-... ........ ........ ........|
Q21:	|...-...1 ...1.... 0.....1- ...1....|
Q22:	|.......+ ...-.... 1.....+. ...+....|
Q23:	|...^.... ........ +.0....^ ......0.| ok p=0.962891
Q24:	|..0....^ ...^.0.. ..1...^. ...^..1.| ok p=0.901367
Q25:	|..1..... ........ ^.-..... ......-.| ok p=0.873047
Q26:	|..-..... ....0+.. ........ .0......| ok p=0.886719
Q27:	|........ ....1+.. ..^..... .1....^.| ok p=1
Q28:	|..^..... ....+-.. ........ .+......| ok p=1
Q29:	|........ .....0.. ........ .0......| ok p=0.878906
Q30:	|........ ....^1.. ........ .-......| ok p=1
Q31:	|........ ........ ........ .-......| ok p=1
Q32:	|........ ........ ........ ........| ok p=1
Q33:	|........ ........ ........ .!......| ok p=1
Q34:	|........ ........ ........ ........| ok p=1
Q35:	|........ ........ ........ ........| ok p=1
Q36:	|........ ........ ........ ........| ok p=1
Q37:	|........ ........ ........ ........| ok p=1
Q38:	|........ ........ ........ ........| ok p=1
Q39:	|........ ........ ........ ........| ok p=1
Q40:	|........ ........ ........ ........| ok p=1
Q41:	|........ ........ ........ ........| ok p=1
Q42:	|........ ........ ........ ........| ok p=1
Q43:	|........ ........ ........ ........| ok p=1
Q44:	|........ ........ ........ ........| ok p=1
Q45:	|........ ........ ........ ........| ok p=1
Q46:	|........ ........ ........ ........| ok p=1
Q47:	|........ ........ ........ ........| ok p=1
Q48:	|........ ........ ........ ........| ok p=1
Q49:	|........ ........ ........ ........| ok p=1
Q50:	|........ ........ ........ ........| ok p=1
Q51:	|........ ........ ........ ........| ok p=1
Q52:	|........ ........ ........ ........| ok p=1
Q53:	|........ ........ ........ ........| ok p=1
Q54:	|........ ........ ........ ........| ok p=1
Q55:	|........ ........ ........ ........| ok p=1
Q56:	|........ ........ ........ ........| ok p=1
Q57:	|........ ........ ........ ........| ok p=1
Q58:	|........ ........ ........ ........| ok p=1
Q59:	|........ ........ ........ ........| ok p=1
Q60:	|........ .......0 ........ ........| ok p=1
Q61:	|........ .....101 ........ ........| ok p=1
Q62:	|........ .....1.+ ........ ........| ok p=1
Q63:	|........ .....+-- ........ ........| ok p=1
Q64:	|........ .......+ ........ -.......|
Saving 100000 paths...done.
Autobalance parameters: maxcond=52
Verified: 0 bad out of 106802
Estimating maxcond for upper bound 400000 (=100000 * 4)...
t=22: 0%   10   20   30   40   50   60   70   80   90   100%
      |----|----|----|----|----|----|----|----|----|----|
e     ***************************************************
Found maxcond = 60
t=22: 0%   10   20   30   40   50   60   70   80   90   100%
      |----|----|----|----|----|----|----|----|----|----|
      ***************************************************
Q19:	|....-... .-...... .....-.. .+....+.|
Q20:	|...1-..- ...+.... ......01 ...0....|
Q21:	|...-...0 ...0.... 0.....1- ...1....|
Q22:	|....^..+ ...-.... 1.....+. ...+....| ok p=0.951172
Q23:	|...^.... ........ +.0....^ ......0.| ok p=0.960938
Q24:	|..0....^ ...^.0.. ..1...^. ...^..1.| ok p=0.907227
Q25:	|..1..... ........ ^.-..... ......-.| ok p=0.875977
Q26:	|..-..... ....0+.. ........ .0......| ok p=0.862305
Q27:	|........ ....1+.. ..^..... .1....^.| ok p=1
Q28:	|..^..... ....+-.. ........ .+......| ok p=1
Q29:	|........ .....0.. ........ .0......| ok p=0.883789
Q30:	|........ ....^1.. ........ .-......| ok p=1
Q31:	|........ ........ ........ .-......| ok p=1
Q32:	|........ ........ ........ ........| ok p=1
Q33:	|........ ........ ........ .!......| ok p=1
Q34:	|........ ........ ........ ........| ok p=1
Q35:	|........ ........ ........ ........| ok p=1
Q36:	|........ ........ ........ ........| ok p=1
Q37:	|........ ........ ........ ........| ok p=1
Q38:	|........ ........ ........ ........| ok p=1
Q39:	|........ ........ ........ ........| ok p=1
Q40:	|........ ........ ........ ........| ok p=1
Q41:	|........ ........ ........ ........| ok p=1
Q42:	|........ ........ ........ ........| ok p=1
Q43:	|........ ........ ........ ........| ok p=1
Q44:	|........ ........ ........ ........| ok p=1
Q45:	|........ ........ ........ ........| ok p=1
Q46:	|........ ........ ........ ........| ok p=1
Q47:	|........ ........ ........ ........| ok p=1
Q48:	|........ ........ ........ ........| ok p=1
Q49:	|........ ........ ........ ........| ok p=1
Q50:	|........ ........ ........ ........| ok p=1
Q51:	|........ ........ ........ ........| ok p=1
Q52:	|........ ........ ........ ........| ok p=1
Q53:	|........ ........ ........ ........| ok p=1
Q54:	|........ ........ ........ ........| ok p=1
Q55:	|........ ........ ........ ........| ok p=1
Q56:	|........ ........ ........ ........| ok p=1
Q57:	|........ ........ ........ ........| ok p=1
Q58:	|........ ........ ........ ........| ok p=1
Q59:	|........ ........ ........ ........| ok p=1
Q60:	|........ .......0 ........ ........| ok p=1
Q61:	|........ .....101 ........ ........| ok p=1
Q62:	|........ .....1.+ ........ ........| ok p=1
Q63:	|........ .....+-- ........ ........| ok p=1
Q64:	|........ .......+ ........ -.......|
Saving 100000 paths...done.
Autobalance parameters: maxcond=59
Verified: 0 bad out of 120530
Estimating maxcond for upper bound 400000 (=100000 * 4)...
t=21: 0%   10   20   30   40   50   60   70   80   90   100%
      |----|----|----|----|----|----|----|----|----|----|
e     ***************************************************
Found maxcond = 71
t=21: 0%   10   20   30   40   50   60   70   80   90   100%
      |----|----|----|----|----|----|----|----|----|----|
      ***************************************************
Q18:	|+.+.-... ....+... +...-..+ .......+|
Q19:	|....+... .-...... ......-- .+....+.|
Q20:	|...-+..0 ...0.... ......-0 ...0....|
Q21:	|...-0..1 .^.1.... 0.....0- .^.1..^.| ok p=0.411133
Q22:	|...1^..+ ...-.... 1.....+. ...+....| ok p=0.954102
Q23:	|...^.... ........ +.0....^ ......0.| ok p=0.967773
Q24:	|..0....^ ...^.0.. ..1...^. ...^..1.| ok p=0.901367
Q25:	|..1..... ........ ^.-..... ......-.| ok p=0.871094
Q26:	|..-..... ....0+.. ........ .0......| ok p=0.868164
Q27:	|........ ....1+.. ..^..... .1....^.| ok p=1
Q28:	|..^..... ....+-.. ........ .+......| ok p=1
Q29:	|........ .....0.. ........ .0......| ok p=0.868164
Q30:	|........ ....^1.. ........ .-......| ok p=1
Q31:	|........ ........ ........ .-......| ok p=1
Q32:	|........ ........ ........ ........| ok p=1
Q33:	|........ ........ ........ .!......| ok p=1
Q34:	|........ ........ ........ ........| ok p=1
Q35:	|........ ........ ........ ........| ok p=1
Q36:	|........ ........ ........ ........| ok p=1
Q37:	|........ ........ ........ ........| ok p=1
Q38:	|........ ........ ........ ........| ok p=1
Q39:	|........ ........ ........ ........| ok p=1
Q40:	|........ ........ ........ ........| ok p=1
Q41:	|........ ........ ........ ........| ok p=1
Q42:	|........ ........ ........ ........| ok p=1
Q43:	|........ ........ ........ ........| ok p=1
Q44:	|........ ........ ........ ........| ok p=1
Q45:	|........ ........ ........ ........| ok p=1
Q46:	|........ ........ ........ ........| ok p=1
Q47:	|........ ........ ........ ........| ok p=1
Q48:	|........ ........ ........ ........| ok p=1
Q49:	|........ ........ ........ ........| ok p=1
Q50:	|........ ........ ........ ........| ok p=1
Q51:	|........ ........ ........ ........| ok p=1
Q52:	|........ ........ ........ ........| ok p=1
Q53:	|........ ........ ........ ........| ok p=1
Q54:	|........ ........ ........ ........| ok p=1
Q55:	|........ ........ ........ ........| ok p=1
Q56:	|........ ........ ........ ........| ok p=1
Q57:	|........ ........ ........ ........| ok p=1
Q58:	|........ ........ ........ ........| ok p=1
Q59:	|........ ........ ........ ........| ok p=1
Q60:	|........ .......0 ........ ........| ok p=1
Q61:	|........ .....101 ........ ........| ok p=1
Q62:	|........ .....1.+ ........ ........| ok p=1
Q63:	|........ .....+-- ........ ........| ok p=1
Q64:	|........ .......+ ........ -.......|
Saving 100000 paths...done.
Autobalance parameters: maxcond=70
Verified: 0 bad out of 156062
Runtime: 18.815
Extend MD5 differential paths backward
Copyright (C) 2009 Marc Stevens
http://homepages.cwi.nl/~stevens/

delta_m[11] = [!6!]
Loading workdir7/paths21_0of1...done: 100000 (work:100000).
Estimating maxcond for upper bound 65536 (=16384 * 4)...
t=20: 0%   10   20   30   40   50   60   70   80   90   100%
      |----|----|----|----|----|----|----|----|----|----|
e     ***************************************************
Found maxcond = 84
t=20: 0%   10   20   30   40   50   60   70   80   90   100%
      |----|----|----|----|----|----|----|----|----|----|
      ***************************************************
Q17:	|....+... .-...... ........ ....-...|
Q18:	|+...+... .1..+... +....-.. .1....+.|
Q19:	|...01... .-...... .....-.0 .+....+.|
Q20:	|^..0-..0 ...0^... ^....001 ...0..0.| ok p=1
Q21:	|...-1..1 .^.1.... 0....11- .^.1..^.| ok p=0.500977
Q22:	|....0..+ ...-.... 1.....+. ...+....| ok p=0.961914
Q23:	|...^.... ........ +.0....^ ......0.| ok p=0.970703
Q24:	|..0....^ ...^.0.. ..1...^. ...^..1.| ok p=0.928711
Q25:	|..1..... ........ ^.-..... ......-.| ok p=0.869141
Q26:	|..-..... ....0+.. ........ .0......| ok p=0.882812
Q27:	|........ ....1+.. ..^..... .1....^.| ok p=1
Q28:	|..^..... ....+-.. ........ .+......| ok p=1
Q29:	|........ .....0.. ........ .0......| ok p=0.874023
Q30:	|........ ....^1.. ........ .-......| ok p=1
Q31:	|........ ........ ........ .-......| ok p=1
Q32:	|........ ........ ........ ........| ok p=1
Q33:	|........ ........ ........ .!......| ok p=1
Q34:	|........ ........ ........ ........| ok p=1
Q35:	|........ ........ ........ ........| ok p=1
Q36:	|........ ........ ........ ........| ok p=1
Q37:	|........ ........ ........ ........| ok p=1
Q38:	|........ ........ ........ ........| ok p=1
Q39:	|........ ........ ........ ........| ok p=1
Q40:	|........ ........ ........ ........| ok p=1
Q41:	|........ ........ ........ ........| ok p=1
Q42:	|........ ........ ........ ........| ok p=1
Q43:	|........ ........ ........ ........| ok p=1
Q44:	|........ ........ ........ ........| ok p=1
Q45:	|........ ........ ........ ........| ok p=1
Q46:	|........ ........ ........ ........| ok p=1
Q47:	|........ ........ ........ ........| ok p=1
Q48:	|........ ........ ........ ........| ok p=1
Q49:	|........ ........ ........ ........| ok p=1
Q50:	|........ ........ ........ ........| ok p=1
Q51:	|........ ........ ........ ........| ok p=1
Q52:	|........ ........ ........ ........| ok p=1
Q53:	|........ ........ ........ ........| ok p=1
Q54:	|........ ........ ........ ........| ok p=1
Q55:	|........ ........ ........ ........| ok p=1
Q56:	|........ ........ ........ ........| ok p=1
Q57:	|........ ........ ........ ........| ok p=1
Q58:	|........ ........ ........ ........| ok p=1
Q59:	|........ ........ ........ ........| ok p=1
Q60:	|........ .......0 ........ ........| ok p=1
Q61:	|........ .....101 ........ ........| ok p=1
Q62:	|........ .....1.+ ........ ........| ok p=1
Q63:	|........ .....+-- ........ ........| ok p=1
Q64:	|........ .......+ ........ -.......|
Saving 16384 paths...done.
Autobalance parameters: maxcond=83
Verified: 0 bad out of 29803
Runtime: 4.07871
Extend MD5 differential paths backward
Copyright (C) 2009 Marc Stevens
http://homepages.cwi.nl/~stevens/

delta_m[11] = [!6!]
Loading workdir7/paths20_0of1...done: 16384 (work:16384).
Estimating maxcond for upper bound 2000000 (=500000 * 4)...
t=19: 0%   10   20   30   40   50   60   70   80   90   100%
      |----|----|----|----|----|----|----|----|----|----|
e     ***************************************************
Found maxcond = 95
t=19: 0%   10   20   30   40   50   60   70   80   90   100%
      |----|----|----|----|----|----|----|----|----|----|
      ***************************************************
Q16:	|....-... .+...-.. ..-..+.- ......+.|
Q17:	|1....... .-..1... 1....... .0..-...|
Q18:	|-...+... .1..+... +....-.. .1....+.|
Q19:	|...0+... .-...... .....-.0 .+..^.+.| ok p=0.772461
Q20:	|^..0-..0 ...0^... ^....001 ...0..0.| ok p=1
Q21:	|...-1..1 .^.1.... 0....11- .^.1..^.| ok p=0.506836
Q22:	|....^..+ ...-.... 1.....+. ...+....| ok p=0.961914
Q23:	|...^.... ........ +.0....^ ......0.| ok p=0.977539
Q24:	|..0....^ ...^.0.. ..1...^. ...^..1.| ok p=0.915039
Q25:	|..1..... ........ ^.-..... ......-.| ok p=0.864258
Q26:	|..-..... ....0+.. ........ .0......| ok p=0.880859
Q27:	|........ ....1+.. ..^..... .1....^.| ok p=1
Q28:	|..^..... ....+-.. ........ .+......| ok p=1
Q29:	|........ .....0.. ........ .0......| ok p=0.886719
Q30:	|........ ....^1.. ........ .-......| ok p=1
Q31:	|........ ........ ........ .-......| ok p=1
Q32:	|........ ........ ........ ........| ok p=1
Q33:	|........ ........ ........ .!......| ok p=1
Q34:	|........ ........ ........ ........| ok p=1
Q35:	|........ ........ ........ ........| ok p=1
Q36:	|........ ........ ........ ........| ok p=1
Q37:	|........ ........ ........ ........| ok p=1
Q38:	|........ ........ ........ ........| ok p=1
Q39:	|........ ........ ........ ........| ok p=1
Q40:	|........ ........ ........ ........| ok p=1
Q41:	|........ ........ ........ ........| ok p=1
Q42:	|........ ........ ........ ........| ok p=1
Q43:	|........ ........ ........ ........| ok p=1
Q44:	|........ ........ ........ ........| ok p=1
Q45:	|........ ........ ........ ........| ok p=1
Q46:	|........ ........ ........ ........| ok p=1
Q47:	|........ ........ ........ ........| ok p=1
Q48:	|........ ........ ........ ........| ok p=1
Q49:	|........ ........ ........ ........| ok p=1
Q50:	|........ ........ ........ ........| ok p=1
Q51:	|........ ........ ........ ........| ok p=1
Q52:	|........ ........ ........ ........| ok p=1
Q53:	|........ ........ ........ ........| ok p=1
Q54:	|........ ........ ........ ........| ok p=1
Q55:	|........ ........ ........ ........| ok p=1
Q56:	|........ ........ ........ ........| ok p=1
Q57:	|........ ........ ........ ........| ok p=1
Q58:	|........ ........ ........ ........| ok p=1
Q59:	|........ ........ ........ ........| ok p=1
Q60:	|........ .......0 ........ ........| ok p=1
Q61:	|........ .....101 ........ ........| ok p=1
Q62:	|........ .....1.+ ........ ........| ok p=1
Q63:	|........ .....+-- ........ ........| ok p=1
Q64:	|........ .......+ ........ -.......|
Saving 500000 paths...done.
Autobalance parameters: maxcond=93
Verified: 0 bad out of 903479
Estimating maxcond for upper bound 2000000 (=500000 * 4)...
t=18: 0%   10   20   30   40   50   60   70   80   90   100%
      |----|----|----|----|----|----|----|----|----|----|
e     ***************************************************
Found maxcond = 106
t=18: 0%   10   20   30   40   50   60   70   80   90   100%
      |----|----|----|----|----|----|----|----|----|----|
      ***************************************************
Q15:	|+...-..+ ......-. .-....-. +.+...-.|
Q16:	|+....... .+..0-.. 0.-..+.. ....1.+.|
Q17:	|0...+... .0..1... 1....0.. .0..-.-.|
Q18:	|+...+... .0..+^.. +.^..-.. .1....+.| ok p=0.443359
Q19:	|...0-... .-...... .....-.0 .+..^.+.| ok p=0.99707
Q20:	|^..1-..0 ...0^... ^....001 ...0..1.| ok p=1
Q21:	|...-0..1 .^.1.... 0....11- .^.1..^.| ok p=0.514648
Q22:	|....^..+ ...-.... 1.....+. ...+....| ok p=0.963867
Q23:	|...^.... ........ +.0....^ ......0.| ok p=0.964844
Q24:	|..0....^ ...^.0.. ..1...^. ...^..1.| ok p=0.912109
Q25:	|..1..... ........ ^.-..... ......-.| ok p=0.861328
Q26:	|..-..... ....0+.. ........ .0......| ok p=0.851562
Q27:	|........ ....1+.. ..^..... .1....^.| ok p=1
Q28:	|..^..... ....+-.. ........ .+......| ok p=0.999023
Q29:	|........ .....0.. ........ .0......| ok p=0.887695
Q30:	|........ ....^1.. ........ .-......| ok p=1
Q31:	|........ ........ ........ .-......| ok p=1
Q32:	|........ ........ ........ ........| ok p=1
Q33:	|........ ........ ........ .!......| ok p=1
Q34:	|........ ........ ........ ........| ok p=1
Q35:	|........ ........ ........ ........| ok p=1
Q36:	|........ ........ ........ ........| ok p=1
Q37:	|........ ........ ........ ........| ok p=1
Q38:	|........ ........ ........ ........| ok p=1
Q39:	|........ ........ ........ ........| ok p=1
Q40:	|........ ........ ........ ........| ok p=1
Q41:	|........ ........ ........ ........| ok p=1
Q42:	|........ ........ ........ ........| ok p=1
Q43:	|........ ........ ........ ........| ok p=1
Q44:	|........ ........ ........ ........| ok p=1
Q45:	|........ ........ ........ ........| ok p=1
Q46:	|........ ........ ........ ........| ok p=1
Q47:	|........ ........ ........ ........| ok p=1
Q48:	|........ ........ ........ ........| ok p=1
Q49:	|........ ........ ........ ........| ok p=1
Q50:	|........ ........ ........ ........| ok p=1
Q51:	|........ ........ ........ ........| ok p=1
Q52:	|........ ........ ........ ........| ok p=1
Q53:	|........ ........ ........ ........| ok p=1
Q54:	|........ ........ ........ ........| ok p=1
Q55:	|........ ........ ........ ........| ok p=1
Q56:	|........ ........ ........ ........| ok p=1
Q57:	|........ ........ ........ ........| ok p=1
Q58:	|........ ........ ........ ........| ok p=1
Q59:	|........ ........ ........ ........| ok p=1
Q60:	|........ .......0 ........ ........| ok p=1
Q61:	|........ .....101 ........ ........| ok p=1
Q62:	|........ .....1.+ ........ ........| ok p=1
Q63:	|........ .....+-- ........ ........| ok p=1
Q64:	|........ .......+ ........ -.......|
Saving 500000 paths...done.
Autobalance parameters: maxcond=105
Verified: 0 bad out of 794373
Estimating maxcond for upper bound 2000000 (=500000 * 4)...
t=17: 0%   10   20   30   40   50   60   70   80   90   100%
      |----|----|----|----|----|----|----|----|----|----|
e     ***************************************************
Found maxcond = 123
t=17: 0%   10   20   30   40   50   60   70   80   90   100%
      |----|----|----|----|----|----|----|----|----|----|
      ***************************************************
Q14:	|+.....-. .-...+.. ...+.-.. .+.-.+.+|
Q15:	|....+..+ .....1-. ...1+.-. .--..-..|
Q16:	|0...-... ....0+.. 0..--.01 .0...1+.|
Q17:	|1...1..^ .0..0.^. 1...0.+. .0^..++.| ok p=0.227539
Q18:	|+...+... .0..+^.. +..^-.+- .1....+.| ok p=0.457031
Q19:	|...0+... .-...... ......-- .+...^+.| ok p=0.759766
Q20:	|^..0-..0 ...0^... ^...^.-0 ...0..1.| ok p=1
Q21:	|...-1..1 .^.1.... 0.....0- .^.1..^.| ok p=0.507812
Q22:	|....^..+ ...-.... 1.....+. ...+....| ok p=0.962891
Q23:	|...^.... ........ +.0....^ ......0.| ok p=0.972656
Q24:	|..0....^ ...^.0.. ..1...^. ...^..1.| ok p=0.908203
Q25:	|..1..... ........ ^.-..... ......-.| ok p=0.873047
Q26:	|..-..... ....0+.. ........ .0......| ok p=0.875977
Q27:	|........ ....1+.. ..^..... .1....^.| ok p=1
Q28:	|..^..... ....+-.. ........ .+......| ok p=1
Q29:	|........ .....0.. ........ .0......| ok p=0.874023
Q30:	|........ ....^1.. ........ .-......| ok p=1
Q31:	|........ ........ ........ .-......| ok p=1
Q32:	|........ ........ ........ ........| ok p=1
Q33:	|........ ........ ........ .!......| ok p=1
Q34:	|........ ........ ........ ........| ok p=1
Q35:	|........ ........ ........ ........| ok p=1
Q36:	|........ ........ ........ ........| ok p=1
Q37:	|........ ........ ........ ........| ok p=1
Q38:	|........ ........ ........ ........| ok p=1
Q39:	|........ ........ ........ ........| ok p=1
Q40:	|........ ........ ........ ........| ok p=1
Q41:	|........ ........ ........ ........| ok p=1
Q42:	|........ ........ ........ ........| ok p=1
Q43:	|........ ........ ........ ........| ok p=1
Q44:	|........ ........ ........ ........| ok p=1
Q45:	|........ ........ ........ ........| ok p=1
Q46:	|........ ........ ........ ........| ok p=1
Q47:	|........ ........ ........ ........| ok p=1
Q48:	|........ ........ ........ ........| ok p=1
Q49:	|........ ........ ........ ........| ok p=1
Q50:	|........ ........ ........ ........| ok p=1
Q51:	|........ ........ ........ ........| ok p=1
Q52:	|........ ........ ........ ........| ok p=1
Q53:	|........ ........ ........ ........| ok p=1
Q54:	|........ ........ ........ ........| ok p=1
Q55:	|........ ........ ........ ........| ok p=1
Q56:	|........ ........ ........ ........| ok p=1
Q57:	|........ ........ ........ ........| ok p=1
Q58:	|........ ........ ........ ........| ok p=1
Q59:	|........ ........ ........ ........| ok p=1
Q60:	|........ .......0 ........ ........| ok p=1
Q61:	|........ .....101 ........ ........| ok p=1
Q62:	|........ .....1.+ ........ ........| ok p=1
Q63:	|........ .....+-- ........ ........| ok p=1
Q64:	|........ .......+ ........ -.......|
Saving 500000 paths...done.
Autobalance parameters: maxcond=122
Verified: 16 bad out of 540204
Estimating maxcond for upper bound 2000000 (=500000 * 4)...
t=16: 0%   10   20   30   40   50   60   70   80   90   100%
      |----|----|----|----|----|----|----|----|----|----|
e     ***************************************************
Found maxcond = 135
t=16: 0%   10   20   30   40   50   60   70   80   90   100%
      |----|----|----|----|----|----|----|----|----|----|
      ***************************************************
Q13:	|+.+..... .+....-. .+...-.+ ..+.....|
Q14:	|....1..- .+...01. .......1 .+1...-.|
Q15:	|....-..+ .1...1-. ..-..+.- .--.0.-.|
Q16:	|0...1..1 .+..0-.. 0.-..+.. .0..1.+.| ok p=0.600586
Q17:	|1...+..0 .0..1.^. 1.0..1.^ .0^.-.-.| ok p=0.492188
Q18:	|+...+... .0..+^.. +.1..-.. .1....+.| ok p=0.424805
Q19:	|...0-... .-...... .....-.0 .+..^.+.| ok p=0.998047
Q20:	|^..1-..0 ...0^... ^....001 ...0..1.| ok p=1
Q21:	|...-0..1 .^.1.... 0....11- .^.1..^.| ok p=0.479492
Q22:	|....^..+ ...-.... 1.....+. ...+....| ok p=0.961914
Q23:	|...^.... ........ +.0....^ ......0.| ok p=0.964844
Q24:	|..0....^ ...^.0.. ..1...^. ...^..1.| ok p=0.911133
Q25:	|..1..... ........ ^.-..... ......-.| ok p=0.870117
Q26:	|..-..... ....0+.. ........ .0......| ok p=0.874023
Q27:	|........ ....1+.. ..^..... .1....^.| ok p=1
Q28:	|..^..... ....+-.. ........ .+......| ok p=1
Q29:	|........ .....0.. ........ .0......| ok p=0.878906
Q30:	|........ ....^1.. ........ .-......| ok p=1
Q31:	|........ ........ ........ .-......| ok p=1
Q32:	|........ ........ ........ ........| ok p=1
Q33:	|........ ........ ........ .!......| ok p=1
Q34:	|........ ........ ........ ........| ok p=1
Q35:	|........ ........ ........ ........| ok p=1
Q36:	|........ ........ ........ ........| ok p=1
Q37:	|........ ........ ........ ........| ok p=1
Q38:	|........ ........ ........ ........| ok p=1
Q39:	|........ ........ ........ ........| ok p=1
Q40:	|........ ........ ........ ........| ok p=1
Q41:	|........ ........ ........ ........| ok p=1
Q42:	|........ ........ ........ ........| ok p=1
Q43:	|........ ........ ........ ........| ok p=1
Q44:	|........ ........ ........ ........| ok p=1
Q45:	|........ ........ ........ ........| ok p=1
Q46:	|........ ........ ........ ........| ok p=1
Q47:	|........ ........ ........ ........| ok p=1
Q48:	|........ ........ ........ ........| ok p=1
Q49:	|........ ........ ........ ........| ok p=1
Q50:	|........ ........ ........ ........| ok p=1
Q51:	|........ ........ ........ ........| ok p=1
Q52:	|........ ........ ........ ........| ok p=1
Q53:	|........ ........ ........ ........| ok p=1
Q54:	|........ ........ ........ ........| ok p=1
Q55:	|........ ........ ........ ........| ok p=1
Q56:	|........ ........ ........ ........| ok p=1
Q57:	|........ ........ ........ ........| ok p=1
Q58:	|........ ........ ........ ........| ok p=1
Q59:	|........ ........ ........ ........| ok p=1
Q60:	|........ .......0 ........ ........| ok p=1
Q61:	|........ .....101 ........ ........| ok p=1
Q62:	|........ .....1.+ ........ ........| ok p=1
Q63:	|........ .....+-- ........ ........| ok p=1
Q64:	|........ .......+ ........ -.......|
Saving 500000 paths...done.
Autobalance parameters: maxcond=134
Verified: 0 bad out of 721352
Runtime: 68.5232
