Connect MD5 differential paths
Copyright (C) 2009 Marc Stevens
http://homepages.cwi.nl/~stevens/

delta_m[11] = [!6!]
Loading workdir7/paths16_0of1.bin.gz...done: 500000.
Loading workdir7/paths11_0of1.bin.gz...done: 500000.
t=12: 0%   10   20   30   40   50   60   70   80   90   100%
      |----|----|----|----|----|----|----|----|----|----|
      *Q-3:	|00100001 10101101 00111111 00101111|
Q-2:	|+1101111 1001100- 00111101 000101+-|
Q-1:	|+0001110 1001100- 01010110 11111+--|
Q0:	|+0111110 +0--010- 00010100 +110010+| ok p=0.229492
Q1:	|-.1..1.. 0.--1..- 1+.0.+.. --..00+-| ok p=0.979492
Q2:	|+.-..-.. 0.-1-..1 -0.-.+.. --..0.-+| ok p=1
Q3:	|+!1^.-.. 1.-1-1.1 +0.-.+.. 0-..+.+1| ok p=1
Q4:	|-.1-.-.. +.0-.1.. +....1.. -1..-.-+| ok p=1
Q5:	|-!11.... 1.0+0-.. ...1.0.^ +0..-.--| ok p=1
Q6:	|-.01.1.. -..0.-.. 1...!+.+ 1.0.-..-| ok p=1
Q7:	|-!-..1.. 1..0.-.^ 0....-11 +.1.+.1.| ok p=1
Q8:	|+.+..-.. -..1...- .....-10 -.+.+..0| ok p=1
Q9:	|+!-000.. -..0.0.0 .0..0++. -.+!+...| ok p=1
Q10:	|11-.11.1 -01+.011 11110-+. -0+.1.1.| ok p=1
Q11:	|00-^-101 000-1101 0-001-1^ +10.-.0^| ok p=1
Q12:	|1+0-+00+ ++++0-+- -0-+++0+ ---^+^-+| ok p=1
Q13:	|+0+11+++ 0+-++1+0 +--++++1 --0----0| ok p=1
Q14:	|0101+0-0 101.0+00 01+.0111 .++110-0| ok p=1
Q15:	|0.00-00+ .11000+. 11-01+1- 1--101-.| ok p=0.730469
Q16:	|0...0.0. .+..0-.. 0.-..+.. .-1.1.+.| ok p=0.619141
Q17:	|1...+..^ .-..1.^. 1.0..1.^ .10.-.-.| ok p=0.461914
Q18:	|+...+... .1..+^.. +.1..-.. .1....+.| ok p=0.546875
Q19:	|...0-... .-...... .....-.0 .+..^.+.| ok p=0.995117
Q20:	|^..1-..0 ...0^... ^....001 ...0..1.| ok p=1
Q21:	|...-0..1 .^.1.... 0....11- .^.1..1.| ok p=0.493164
Q22:	|....0..+ ...-.... 1.....+. ...+....| ok p=0.961914
Q23:	|...^.... ........ +.0....^ ......0.| ok p=0.970703
Q24:	|..0....^ ...^.0.. ..1...^. ...^..1.| ok p=0.910156
Q25:	|..1..... ........ ^.-..... ......-.| ok p=0.863281
Q26:	|..-..... ....0+.. ........ .0......| ok p=0.883789
Q27:	|........ ....1+.. ..^..... .1....^.| ok p=1
Q28:	|..^..... ....+-.. ........ .+......| ok p=0.999023
Q29:	|........ .....0.. ........ .0......| ok p=0.867188
Q30:	|........ ....^1.. ........ .-......| ok p=1
Q31:	|........ ........ ........ .-......| ok p=1
Q32:	|........ ........ ........ ........| ok p=1
Q33:	|........ ........ ........ .!......| ok p=1
Q34:	|........ ........ ........ ........| ok p=1
Q35:	|........ ........ ........ ........| ok p=1
Q36:	|........ ........ ........ ........| ok p=1
Q37:	|........ ........ ........ ........| ok p=1
Q38:	|........ ........ ........ ........| ok p=1
Q39:	|........ ........ ........ ........| ok p=1
Q40:	|........ ........ ........ ........| ok p=1
Q41:	|........ ........ ........ ........| ok p=1
Q42:	|........ ........ ........ ........| ok p=1
Q43:	|........ ........ ........ ........| ok p=1
Q44:	|........ ........ ........ ........| ok p=1
Q45:	|........ ........ ........ ........| ok p=1
Q46:	|........ ........ ........ ........| ok p=1
Q47:	|........ ........ ........ ........| ok p=1
Q48:	|........ ........ ........ ........| ok p=1
Q49:	|........ ........ ........ ........| ok p=1
Q50:	|........ ........ ........ ........| ok p=1
Q51:	|........ ........ ........ ........| ok p=1
Q52:	|........ ........ ........ ........| ok p=1
Q53:	|........ ........ ........ ........| ok p=1
Q54:	|........ ........ ........ ........| ok p=1
Q55:	|........ ........ ........ ........| ok p=1
Q56:	|........ ........ ........ ........| ok p=1
Q57:	|........ ........ ........ ........| ok p=1
Q58:	|........ ........ ........ ........| ok p=1
Q59:	|........ ........ ........ ........| ok p=1
Q60:	|........ .......0 ........ ........| ok p=1
Q61:	|........ .....101 ........ ........| ok p=1
Q62:	|........ .....1.+ ........ ........| ok p=1
Q63:	|........ .....+-- ........ ........| ok p=1
Q64:	|........ .......+ ........ -.......|
Best path: totcompl=-36 tottunnel=28, totcond=576, p=0.00787741
Q-3:	|00100001 10101101 00111111 00101111|
Q-2:	|+1101111 1001100- 00111101 000101+-|
Q-1:	|+0001110 1001100- 01010110 11111+--|
Q0:	|+0111110 +0--010- 00010100 +110010+| ok p=0.251953
Q1:	|-.1..1.. 0.--1..- 1+.0.+.. --..00+-| ok p=0.980469
Q2:	|+.-..-.. 0.-1-..1 -0.-.+.. --..0.-+| ok p=1
Q3:	|+!1^.-.. 1.-1-1.1 +0.-.+.. 0-..+.+1| ok p=1
Q4:	|-.1-.-.. +.0-.1.. +....1.. -...-.-+| ok p=1
Q5:	|-!11.... 1.0+0-.. ...1.0.^ +0!.-.--| ok p=1
Q6:	|-.01.1.. -..0.-.. 1...!+.+ 1.0.-..-| ok p=1
Q7:	|-!-..1.. 1..0.-.^ .!...-11 +.1.+.1.| ok p=1
Q8:	|+.+..-.. -..1...- .....-10 -.+.+..0| ok p=1
Q9:	|+!-.00.. -..0.0.0 .0..0++. -.+.+!..| ok p=1
Q10:	|11-^11.1 -01+.011 11110-+. -0+.1.1.| ok p=1
Q11:	|00-^-101 000-1101 0-001-1^ +10.-.0^| ok p=1
Q12:	|1+0-+00+ ++++0-+- -0-++++- ---^+^-+| ok p=1
Q13:	|+0+11+++ 0+-++1+0 +--++++1 --0----0| ok p=1
Q14:	|0101+0-0 101.0+00 01+..101 .++110-0| ok p=1
Q15:	|000.-00+ .11000+. 11-01+1- 1--101-.| ok p=0.730469
Q16:	|0...0.0. .+..0-.. 0.-..+.. .-1.1.+.| ok p=0.631836
Q17:	|1...+..^ .-..1.^. 1.0..1.^ .10.-.-.| ok p=0.49707
Q18:	|+...+... .1..+^.. +.1..-.. .1....+.| ok p=0.533203
Q19:	|...0-... .-...... .....-.0 .+..^.+.| ok p=0.994141
Q20:	|^..1-..0 ...0^... ^....001 ...0..1.| ok p=1
Q21:	|...-0..1 .^.1.... 0....11- .^.1..1.| ok p=0.476562
Q22:	|....0..+ ...-.... 1.....+. ...+....| ok p=0.96875
Q23:	|...^.... ........ +.0....^ ......0.| ok p=0.958984
Q24:	|..0....^ ...^.0.. ..1...^. ...^..1.| ok p=0.890625
Q25:	|..1..... ........ ^.-..... ......-.| ok p=0.862305
Q26:	|..-..... ....0+.. ........ .0......| ok p=0.874023
Q27:	|........ ....1+.. ..^..... .1....^.| ok p=1
Q28:	|..^..... ....+-.. ........ .+......| ok p=1
Q29:	|........ .....0.. ........ .0......| ok p=0.861328
Q30:	|........ ....^1.. ........ .-......| ok p=1
Q31:	|........ ........ ........ .-......| ok p=0.999023
Q32:	|........ ........ ........ ........| ok p=1
Q33:	|........ ........ ........ .!......| ok p=1
Q34:	|........ ........ ........ ........| ok p=1
Q35:	|........ ........ ........ ........| ok p=1
Q36:	|........ ........ ........ ........| ok p=1
Q37:	|........ ........ ........ ........| ok p=1
Q38:	|........ ........ ........ ........| ok p=1
Q39:	|........ ........ ........ ........| ok p=1
Q40:	|........ ........ ........ ........| ok p=1
Q41:	|........ ........ ........ ........| ok p=1
Q42:	|........ ........ ........ ........| ok p=1
Q43:	|........ ........ ........ ........| ok p=1
Q44:	|........ ........ ........ ........| ok p=1
Q45:	|........ ........ ........ ........| ok p=1
Q46:	|........ ........ ........ ........| ok p=1
Q47:	|........ ........ ........ ........| ok p=1
Q48:	|........ ........ ........ ........| ok p=1
Q49:	|........ ........ ........ ........| ok p=1
Q50:	|........ ........ ........ ........| ok p=1
Q51:	|........ ........ ........ ........| ok p=1
Q52:	|........ ........ ........ ........| ok p=1
Q53:	|........ ........ ........ ........| ok p=1
Q54:	|........ ........ ........ ........| ok p=1
Q55:	|........ ........ ........ ........| ok p=1
Q56:	|........ ........ ........ ........| ok p=1
Q57:	|........ ........ ........ ........| ok p=1
Q58:	|........ ........ ........ ........| ok p=1
Q59:	|........ ........ ........ ........| ok p=1
Q60:	|........ .......0 ........ ........| ok p=1
Q61:	|........ .....101 ........ ........| ok p=1
Q62:	|........ .....1.+ ........ ........| ok p=1
Q63:	|........ .....+-- ........ ........| ok p=1
Q64:	|........ .......+ ........ -.......|
Best path: totcompl=-35 tottunnel=29, totcond=575, p=0.00761929
Q-3:	|00100001 10101101 00111111 00101111|
Q-2:	|+1101111 1001100- 00111101 000101+-|
Q-1:	|+0001110 1001100- 01010110 11111+--|
Q0:	|+0111110 +0--010- 00010100 +110010+| ok p=0.241211
Q1:	|-.1..1.. 0.--1..- 1+.0.+.. --..00+-| ok p=0.986328
Q2:	|+.-..-.. 0.-1-..1 -0.-.+.. --..0.-+| ok p=1
Q3:	|+!1^.-.. 1.-1-1.1 +0.-.+.. 0-..+.+1| ok p=1
Q4:	|-.1-.-.. +.0-.1.. +....1.. -1..-.-+| ok p=1
Q5:	|-!11.... 1.0+0-.. ...1.0.^ +0..-.--| ok p=1
Q6:	|-.01.1.. -..0.-.. 1...!+.+ 1.0.-..-| ok p=1
Q7:	|-!-..1.. 1..0.-.^ .!...-11 +.1.+.1.| ok p=1
Q8:	|+1+..-.. -..1...- .....-10 -.+.+..0| ok p=1
Q9:	|+0-.00.. -..0.0.0 .0..0++. -.+.+!..| ok p=1
Q10:	|11-.11.1 -01+.011 11.00-+. -0+.1.1.| ok p=1
Q11:	|00-^-101 000-1101 0-^11-1^ +10.-.0^| ok p=1
Q12:	|1+0-+00+ ++++0-+- -0-++++- ---^+^-+| ok p=1
Q13:	|+0+11+++ 0+-++1+0 +-1-+++1 --0----0| ok p=1
Q14:	|0101+0-0 101.0+00 01+1.101 .++110-0| ok p=1
Q15:	|000.-00+ .11000+. 11-01+1- 1--101-.| ok p=0.710938
Q16:	|0...0.0. .+..0-.. 0.-..+.. .-1.1.+.| ok p=0.652344
Q17:	|1...+..^ .-..1.^. 1.0..1.^ .10.-.-.| ok p=0.490234
Q18:	|+...+... .1..+^.. +.1..-.. .1....+.| ok p=0.549805
Q19:	|...0-... .-...... .....-.0 .+..^.+.| ok p=0.994141
Q20:	|^..1-..0 ...0^... ^....001 ...0..1.| ok p=1
Q21:	|...-0..1 .^.1.... 0....11- .^.1..1.| ok p=0.491211
Q22:	|....0..+ ...-.... 1.....+. ...+....| ok p=0.950195
Q23:	|...^.... ........ +.0....^ ......0.| ok p=0.963867
Q24:	|..0....^ ...^.0.. ..1...^. ...^..1.| ok p=0.908203
Q25:	|..1..... ........ ^.-..... ......-.| ok p=0.883789
Q26:	|..-..... ....0+.. ........ .0......| ok p=0.859375
Q27:	|........ ....1+.. ..^..... .1....^.| ok p=1
Q28:	|..^..... ....+-.. ........ .+......| ok p=1
Q29:	|........ .....0.. ........ .0......| ok p=0.896484
Q30:	|........ ....^1.. ........ .-......| ok p=1
Q31:	|........ ........ ........ .-......| ok p=1
Q32:	|........ ........ ........ ........| ok p=1
Q33:	|........ ........ ........ .!......| ok p=1
Q34:	|........ ........ ........ ........| ok p=1
Q35:	|........ ........ ........ ........| ok p=1
Q36:	|........ ........ ........ ........| ok p=1
Q37:	|........ ........ ........ ........| ok p=1
Q38:	|........ ........ ........ ........| ok p=1
Q39:	|........ ........ ........ ........| ok p=1
Q40:	|........ ........ ........ ........| ok p=1
Q41:	|........ ........ ........ ........| ok p=1
Q42:	|........ ........ ........ ........| ok p=1
Q43:	|........ ........ ........ ........| ok p=1
Q44:	|........ ........ ........ ........| ok p=1
Q45:	|........ ........ ........ ........| ok p=1
Q46:	|........ ........ ........ ........| ok p=1
Q47:	|........ ........ ........ ........| ok p=1
Q48:	|........ ........ ........ ........| ok p=1
Q49:	|........ ........ ........ ........| ok p=1
Q50:	|........ ........ ........ ........| ok p=1
Q51:	|........ ........ ........ ........| ok p=1
Q52:	|........ ........ ........ ........| ok p=1
Q53:	|........ ........ ........ ........| ok p=1
Q54:	|........ ........ ........ ........| ok p=1
Q55:	|........ ........ ........ ........| ok p=1
Q56:	|........ ........ ........ ........| ok p=1
Q57:	|........ ........ ........ ........| ok p=1
Q58:	|........ ........ ........ ........| ok p=1
Q59:	|........ ........ ........ ........| ok p=1
Q60:	|........ .......0 ........ ........| ok p=1
Q61:	|........ .....101 ........ ........| ok p=1
Q62:	|........ .....1.+ ........ ........| ok p=1
Q63:	|........ .....+-- ........ ........| ok p=1
Q64:	|........ .......+ ........ -.......|
Best path: totcompl=-32 tottunnel=32, totcond=575, p=0.00841621
Q-3:	|00100001 10101101 00111111 00101111|
Q-2:	|+1101111 1001100- 00111101 000101+-|
Q-1:	|+0001110 1001100- 01010110 11111+--|
Q0:	|+0111110 +0--010- 00010100 +110010+| ok p=0.261719
Q1:	|-.1..1.. 0.--1..- 1+.0.+.. --..00+-| ok p=0.985352
Q2:	|+.-..-.. 0.-1-..1 -0.-.+.. --..0.-+| ok p=1
Q3:	|+!1^.-.. 1.-1-1.1 +0.-.+.. 0-..+.+1| ok p=1
Q4:	|-.1-.-.. +.0-.1.. +....1.. -1..-.-+| ok p=1
Q5:	|-!11.... 1.0+0-.. ...1.0.^ +0..-.--| ok p=1
Q6:	|-.01.1.. -..0.-.. 1...!+.+ 1.0.-..-| ok p=1
Q7:	|-!-..1.. 1..0.-.^ .!...-11 +.1.+.1.| ok p=1
Q8:	|+1+..-.. -..1...- .....-10 -.+.+..0| ok p=1
Q9:	|+0-.00.. -..0.0.0 .0..0++. -.+!+...| ok p=1
Q10:	|11-.11.1 -01+.011 01.00-+. -0+.1.1.| ok p=1
Q11:	|00-^-101 000-1100 1-^11-1^ +10.-.0^| ok p=1
Q12:	|1+0-+00+ ++++0-+- -0-++++- ---^+^-+| ok p=1
Q13:	|+0+11+++ 0+-++1++ --1-+++1 --0----0| ok p=1
Q14:	|0101+0-0 101.0+00 .1+1.101 .++110-0| ok p=1
Q15:	|000.-00+ .11000+1 11-01+1- 1--101-.| ok p=0.677734
Q16:	|0...0.0. .+..0-.. 0.-..+.. .-1.1.+.| ok p=0.626953
Q17:	|1...+..^ .-..1.^. 1.0..1.^ .10.-.-.| ok p=0.43457
Q18:	|+...+... .1..+^.. +.1..-.. .1....+.| ok p=0.56543
Q19:	|...0-... .-...... .....-.0 .+..^.+.| ok p=0.991211
Q20:	|^..1-..0 ...0^... ^....001 ...0..1.| ok p=1
Q21:	|...-0..1 .^.1.... 0....11- .^.1..1.| ok p=0.493164
Q22:	|....0..+ ...-.... 1.....+. ...+....| ok p=0.964844
Q23:	|...^.... ........ +.0....^ ......0.| ok p=0.966797
Q24:	|..0....^ ...^.0.. ..1...^. ...^..1.| ok p=0.925781
Q25:	|..1..... ........ ^.-..... ......-.| ok p=0.879883
Q26:	|..-..... ....0+.. ........ .0......| ok p=0.864258
Q27:	|........ ....1+.. ..^..... .1....^.| ok p=1
Q28:	|..^..... ....+-.. ........ .+......| ok p=1
Q29:	|........ .....0.. ........ .0......| ok p=0.882812
Q30:	|........ ....^1.. ........ .-......| ok p=1
Q31:	|........ ........ ........ .-......| ok p=1
Q32:	|........ ........ ........ ........| ok p=1
Q33:	|........ ........ ........ .!......| ok p=1
Q34:	|........ ........ ........ ........| ok p=1
Q35:	|........ ........ ........ ........| ok p=1
Q36:	|........ ........ ........ ........| ok p=1
Q37:	|........ ........ ........ ........| ok p=1
Q38:	|........ ........ ........ ........| ok p=1
Q39:	|........ ........ ........ ........| ok p=1
Q40:	|........ ........ ........ ........| ok p=1
Q41:	|........ ........ ........ ........| ok p=1
Q42:	|........ ........ ........ ........| ok p=1
Q43:	|........ ........ ........ ........| ok p=1
Q44:	|........ ........ ........ ........| ok p=1
Q45:	|........ ........ ........ ........| ok p=1
Q46:	|........ ........ ........ ........| ok p=1
Q47:	|........ ........ ........ ........| ok p=1
Q48:	|........ ........ ........ ........| ok p=1
Q49:	|........ ........ ........ ........| ok p=1
Q50:	|........ ........ ........ ........| ok p=1
Q51:	|........ ........ ........ ........| ok p=1
Q52:	|........ ........ ........ ........| ok p=1
Q53:	|........ ........ ........ ........| ok p=1
Q54:	|........ ........ ........ ........| ok p=1
Q55:	|........ ........ ........ ........| ok p=1
Q56:	|........ ........ ........ ........| ok p=1
Q57:	|........ ........ ........ ........| ok p=1
Q58:	|........ ........ ........ ........| ok p=1
Q59:	|........ ........ ........ ........| ok p=1
Q60:	|........ .......0 ........ ........| ok p=1
Q61:	|........ .....101 ........ ........| ok p=1
Q62:	|........ .....1.+ ........ ........| ok p=1
Q63:	|........ .....+-- ........ ........| ok p=1
Q64:	|........ .......+ ........ -.......|
Best path: totcompl=-31 tottunnel=33, totcond=575, p=0.00765074
Q-3:	|00100001 10101101 00111111 00101111|
Q-2:	|+1101111 1001100- 00111101 000101+-|
Q-1:	|+0001110 1001100- 01010110 11111+--|
Q0:	|+0111110 +0--010- 00010100 +110010+| ok p=0.245117
Q1:	|-.1..1.. 0.--1..- 1+.0.+.. --..00+-| ok p=0.982422
Q2:	|+.-..-.. 0.-1-..1 -0.-.+.. --..0.-+| ok p=1
Q3:	|+!1^.-.. 1.-1-1.1 +0.-.+.. 0-..+.+1| ok p=1
Q4:	|-.1-.-.. +.0-.1.. +....1.. -...-.-+| ok p=1
Q5:	|-!11.... 1.0+0-.. ...1.0.^ +0!.-.--| ok p=1
Q6:	|-.01.1.. -..0.-.. 1...!+.+ 1.0.-..-| ok p=1
Q7:	|-!-..1.. 1..0.-.^ 0....-.1 +.1.+.1.| ok p=1
Q8:	|+.+..-.. -..1...- .....-.0 -.+.+..0| ok p=1
Q9:	|+!-..1.1 -....1.0 11..0+.+ +.+!+...| ok p=1
Q10:	|0^+101.0 -1^..001 00.00-.+ +1-.001.| ok p=1
Q11:	|10+11-1- 01-..110 -+011-1. +1-.-10^| ok p=1
Q12:	|+00-+11- 1-1^^+++ 0-1-++00 +--.+-++| ok p=1
Q13:	|++-+1--0 --0+-1-- ---++++1 ---0+100| ok p=1
Q14:	|0101+0-0 10.10101 1.110111 1+.1+0-0| ok p=1
Q15:	|0111-00+ 00.111-0 10-01+1- 1-1--.-.| ok p=0.87793
Q16:	|0...0.1. .+..0-.. 0.-..+.. .0..0.+.| ok p=0.242188
Q17:	|1...+..^ .0..1.^. 1.0..1.^ .0.^-.-.| ok p=0.510742
Q18:	|+...+... .0..+^.. +.1..-.. .1....+.| ok p=0.414062
Q19:	|...0-... .-...... .....-.0 .+..^.+.| ok p=0.995117
Q20:	|^..1-..0 ...0^... ^....001 ...0..1.| ok p=1
Q21:	|...-0..1 .^.1.... 0....11- .^.1..1.| ok p=0.489258
Q22:	|....0..+ ...-.... 1.....+. ...+....| ok p=0.962891
Q23:	|...^.... ........ +.0....^ ......0.| ok p=0.96582
Q24:	|..0....^ ...^.0.. ..1...^. ...^..1.| ok p=0.90918
Q25:	|..1..... ........ ^.-..... ......-.| ok p=0.878906
Q26:	|..-..... ....0+.. ........ .0......| ok p=0.883789
Q27:	|........ ....1+.. ..^..... .1....^.| ok p=1
Q28:	|..^..... ....+-.. ........ .+......| ok p=1
Q29:	|........ .....0.. ........ .0......| ok p=0.866211
Q30:	|........ ....^1.. ........ .-......| ok p=1
Q31:	|........ ........ ........ .-......| ok p=1
Q32:	|........ ........ ........ ........| ok p=1
Q33:	|........ ........ ........ .!......| ok p=1
Q34:	|........ ........ ........ ........| ok p=1
Q35:	|........ ........ ........ ........| ok p=1
Q36:	|........ ........ ........ ........| ok p=1
Q37:	|........ ........ ........ ........| ok p=1
Q38:	|........ ........ ........ ........| ok p=1
Q39:	|........ ........ ........ ........| ok p=1
Q40:	|........ ........ ........ ........| ok p=1
Q41:	|........ ........ ........ ........| ok p=1
Q42:	|........ ........ ........ ........| ok p=1
Q43:	|........ ........ ........ ........| ok p=1
Q44:	|........ ........ ........ ........| ok p=1
Q45:	|........ ........ ........ ........| ok p=1
Q46:	|........ ........ ........ ........| ok p=1
Q47:	|........ ........ ........ ........| ok p=1
Q48:	|........ ........ ........ ........| ok p=1
Q49:	|........ ........ ........ ........| ok p=1
Q50:	|........ ........ ........ ........| ok p=1
Q51:	|........ ........ ........ ........| ok p=1
Q52:	|........ ........ ........ ........| ok p=1
Q53:	|........ ........ ........ ........| ok p=1
Q54:	|........ ........ ........ ........| ok p=1
Q55:	|........ ........ ........ ........| ok p=1
Q56:	|........ ........ ........ ........| ok p=1
Q57:	|........ ........ ........ ........| ok p=1
Q58:	|........ ........ ........ ........| ok p=1
Q59:	|........ ........ ........ ........| ok p=1
Q60:	|........ .......0 ........ ........| ok p=1
Q61:	|........ .....101 ........ ........| ok p=1
Q62:	|........ .....1.+ ........ ........| ok p=1
Q63:	|........ .....+-- ........ ........| ok p=1
Q64:	|........ .......+ ........ -.......|
Best path: totcompl=-29 tottunnel=35, totcond=570, p=0.00342144
Q-3:	|00100001 10101101 00111111 00101111|
Q-2:	|+1101111 1001100- 00111101 000101+-|
Q-1:	|+0001110 1001100- 01010110 11111+--|
Q0:	|+0111110 +0--010- 00010100 +110010+| ok p=0.224609
Q1:	|-.1..1.. 0.--1..- 1+.0.+.. --..00+-| ok p=0.982422
Q2:	|+.-..-.. 0.-1-..1 -0.-.+.. --..0.-+| ok p=1
Q3:	|+!1^.-.. 1.-1-1.1 +0.-.+.. 0-..+.+1| ok p=1
Q4:	|-.1-.-.. +.0-.1.. +....1.. -1..-.-+| ok p=1
Q5:	|-!11.... 1.0+0-.. ...1.0.^ +0..-.--| ok p=1
Q6:	|-.01.1.. -..0.-.. 1...!+.+ 1.0.-..-| ok p=1
Q7:	|-!-..1.. 1..0.-.^ .!...-.1 +.1.+.1.| ok p=1
Q8:	|+0+..-.. -...!..- .....-.0 -.+.+..0| ok p=1
Q9:	|+1-..110 -....1.0 .1..0+.+ +!+.+...| ok p=1
Q10:	|0.+10101 -1^..001 .0.00-.+ +1-.001.| ok p=1
Q11:	|10+11--+ 01-..110 .-011-1. +1-.-10^| ok p=1
Q12:	|+00-+11- 1-1^^+++ ^+1-++01 +--.+-++| ok p=1
Q13:	|++-+1--0 --0+-1-- ---++++1 ---0+100| ok p=1
Q14:	|0101+0-0 10.10101 11110111 1+.1+0-0| ok p=1
Q15:	|0111-00+ 00.111-0 00-01+1- 1-1--.-.| ok p=0.873047
Q16:	|0...0.1. .+..0-.. 0.-..+.. .0..0.+.| ok p=0.243164
Q17:	|1...+..^ .0..1.^. 1.0..1.^ .0.^-.-.| ok p=0.514648
Q18:	|+...+... .0..+^.. +.1..-.. .1....+.| ok p=0.426758
Q19:	|...0-... .-...... .....-.0 .+..^.+.| ok p=0.998047
Q20:	|^..1-..0 ...0^... ^....001 ...0..1.| ok p=1
Q21:	|...-0..1 .^.1.... 0....11- .^.1..1.| ok p=0.489258
Q22:	|....0..+ ...-.... 1.....+. ...+....| ok p=0.949219
Q23:	|...^.... ........ +.0....^ ......0.| ok p=0.970703
Q24:	|..0....^ ...^.0.. ..1...^. ...^..1.| ok p=0.898438
Q25:	|..1..... ........ ^.-..... ......-.| ok p=0.87793
Q26:	|..-..... ....0+.. ........ .0......| ok p=0.887695
Q27:	|........ ....1+.. ..^..... .1....^.| ok p=1
Q28:	|..^..... ....+-.. ........ .+......| ok p=1
Q29:	|........ .....0.. ........ .0......| ok p=0.875977
Q30:	|........ ....^1.. ........ .-......| ok p=1
Q31:	|........ ........ ........ .-......| ok p=0.999023
Q32:	|........ ........ ........ ........| ok p=1
Q33:	|........ ........ ........ .!......| ok p=1
Q34:	|........ ........ ........ ........| ok p=1
Q35:	|........ ........ ........ ........| ok p=1
Q36:	|........ ........ ........ ........| ok p=1
Q37:	|........ ........ ........ ........| ok p=1
Q38:	|........ ........ ........ ........| ok p=1
Q39:	|........ ........ ........ ........| ok p=1
Q40:	|........ ........ ........ ........| ok p=1
Q41:	|........ ........ ........ ........| ok p=1
Q42:	|........ ........ ........ ........| ok p=1
Q43:	|........ ........ ........ ........| ok p=1
Q44:	|........ ........ ........ ........| ok p=1
Q45:	|........ ........ ........ ........| ok p=1
Q46:	|........ ........ ........ ........| ok p=1
Q47:	|........ ........ ........ ........| ok p=1
Q48:	|........ ........ ........ ........| ok p=1
Q49:	|........ ........ ........ ........| ok p=1
Q50:	|........ ........ ........ ........| ok p=1
Q51:	|........ ........ ........ ........| ok p=1
Q52:	|........ ........ ........ ........| ok p=1
Q53:	|........ ........ ........ ........| ok p=1
Q54:	|........ ........ ........ ........| ok p=1
Q55:	|........ ........ ........ ........| ok p=1
Q56:	|........ ........ ........ ........| ok p=1
Q57:	|........ ........ ........ ........| ok p=1
Q58:	|........ ........ ........ ........| ok p=1
Q59:	|........ ........ ........ ........| ok p=1
Q60:	|........ .......0 ........ ........| ok p=1
Q61:	|........ .....101 ........ ........| ok p=1
Q62:	|........ .....1.+ ........ ........| ok p=1
Q63:	|........ .....+-- ........ ........| ok p=1
Q64:	|........ .......+ ........ -.......|
Best path: totcompl=-28 tottunnel=36, totcond=570, p=0.00334758
Best paths: 2
Q-3:	|00100001 10101101 00111111 00101111|
Q-2:	|+1101111 1001100- 00111101 000101+-|
Q-1:	|+0001110 1001100- 01010110 11111+--|
Q0:	|+0111110 +0--010- 00010100 +110010+| ok p=0.259766
Q1:	|-.1..1.. 0.--1..- 1+.0.+.. --..00+-| ok p=0.985352
Q2:	|+.-..-.. 0.-1-..1 -0.-.+.. --..0.-+| ok p=1
Q3:	|+!1^.-.. 1.-1-1.1 +0.-.+.. 0-..+.+1| ok p=1
Q4:	|-.1-.-.. +.0-.1.. +....1.. -1..-.-+| ok p=1
Q5:	|-!11.... 1.0+0-.. ...1.0.^ +0..-.--| ok p=1
Q6:	|-.01.1.. -..0.-.. 1...!+.+ 1.0.-..-| ok p=1
Q7:	|-!-..1.. 1..0.-.^ .!...-.1 +.1.+.1.| ok p=1
Q8:	|+.+..-.. -..1...- .....-.0 -.+.+..0| ok p=1
Q9:	|-0-..1.1 -0...1.0 .1..0+.+ +.+.+...| ok p=1
Q10:	|0.+101.0 -0^..001 10.00-.+ +1-.001.| ok p=1
Q11:	|10+11-1- 0-+..110 1-011-1. +1-.-10^| ok p=1
Q12:	|+00-+11- 1-1^^+++ -+1-++00 +--.+-++| ok p=1
Q13:	|++-+1--0 --0+-1-- ---++++1 ---0+100| ok p=1
Q14:	|0101+0-0 10.10101 .1110111 1+.1+0-0| ok p=1
Q15:	|0111-00+ 00.111-0 10-01+1- 1-1--.-.| ok p=0.883789
Q16:	|0...0.1. .+..0-.. 0.-..+.. .0..0.+.| ok p=0.251953
Q17:	|1...+..^ .0..1.^. 1.0..1.^ .0.^-.-.| ok p=0.504883
Q18:	|+...+... .0..+^.. +.1..-.. .1....+.| ok p=0.442383
Q19:	|...0-... .-...... .....-.0 .+..^.+.| ok p=0.999023
Q20:	|^..1-..0 ...0^... ^....001 ...0..1.| ok p=1
Q21:	|...-0..1 .^.1.... 0....11- .^.1..1.| ok p=0.486328
Q22:	|....0..+ ...-.... 1.....+. ...+....| ok p=0.964844
Q23:	|...^.... ........ +.0....^ ......0.| ok p=0.963867
Q24:	|..0....^ ...^.0.. ..1...^. ...^..1.| ok p=0.902344
Q25:	|..1..... ........ ^.-..... ......-.| ok p=0.867188
Q26:	|..-..... ....0+.. ........ .0......| ok p=0.878906
Q27:	|........ ....1+.. ..^..... .1....^.| ok p=1
Q28:	|..^..... ....+-.. ........ .+......| ok p=1
Q29:	|........ .....0.. ........ .0......| ok p=0.859375
Q30:	|........ ....^1.. ........ .-......| ok p=1
Q31:	|........ ........ ........ .-......| ok p=1
Q32:	|........ ........ ........ ........| ok p=1
Q33:	|........ ........ ........ .!......| ok p=1
Q34:	|........ ........ ........ ........| ok p=1
Q35:	|........ ........ ........ ........| ok p=1
Q36:	|........ ........ ........ ........| ok p=1
Q37:	|........ ........ ........ ........| ok p=1
Q38:	|........ ........ ........ ........| ok p=1
Q39:	|........ ........ ........ ........| ok p=1
Q40:	|........ ........ ........ ........| ok p=1
Q41:	|........ ........ ........ ........| ok p=1
Q42:	|........ ........ ........ ........| ok p=1
Q43:	|........ ........ ........ ........| ok p=1
Q44:	|........ ........ ........ ........| ok p=1
Q45:	|........ ........ ........ ........| ok p=1
Q46:	|........ ........ ........ ........| ok p=1
Q47:	|........ ........ ........ ........| ok p=1
Q48:	|........ ........ ........ ........| ok p=1
Q49:	|........ ........ ........ ........| ok p=1
Q50:	|........ ........ ........ ........| ok p=1
Q51:	|........ ........ ........ ........| ok p=1
Q52:	|........ ........ ........ ........| ok p=1
Q53:	|........ ........ ........ ........| ok p=1
Q54:	|........ ........ ........ ........| ok p=1
Q55:	|........ ........ ........ ........| ok p=1
Q56:	|........ ........ ........ ........| ok p=1
Q57:	|........ ........ ........ ........| ok p=1
Q58:	|........ ........ ........ ........| ok p=1
Q59:	|........ ........ ........ ........| ok p=1
Q60:	|........ .......0 ........ ........| ok p=1
Q61:	|........ .....101 ........ ........| ok p=1
Q62:	|........ .....1.+ ........ ........| ok p=1
Q63:	|........ .....+-- ........ ........| ok p=1
Q64:	|........ .......+ ........ -.......|
Best path: totcompl=-27 tottunnel=37, totcond=568, p=0.00292787
Q-3:	|00100001 10101101 00111111 00101111|
Q-2:	|+1101111 1001100- 00111101 000101+-|
Q-1:	|+0001110 1001100- 01010110 11111+--|
Q0:	|+0111110 +0--010- 00010100 +110010+| ok p=0.249023
Q1:	|-.1..1.. 0.--1..- 1+.0.+.. --..00+-| ok p=0.985352
Q2:	|+.-..-.. 0.-1-..1 -0.-.+.. --..0.-+| ok p=1
Q3:	|+!1^.-.. 1.-1-1.1 +0.-.+.. 0-..+.+1| ok p=1
Q4:	|-.1-.-.. +.0-.1.. +....1.. -1..-.-+| ok p=1
Q5:	|-!11.... 1.0+0-.. ...1.0.^ +0..-.--| ok p=1
Q6:	|-.01.1.. -..0.-.. 1...!+.+ 1.0.-..-| ok p=1
Q7:	|-!-..1.. 1..0.-.^ 0....-.1 +.1.+.1.| ok p=1
Q8:	|+.+..-.. -...!..- .....-.0 -.+.+..0| ok p=1
Q9:	|-.-..1.1 -....1.0 .1..0+.+ +.+.+...| ok p=1
Q10:	|0^+101.0 -1^..001 10.00-.+ +1-.001.| ok p=1
Q11:	|10+11-1- 01-..110 1-011-1. +1-.-10^| ok p=1
Q12:	|+00-+11- 1-1^^+++ -+1-++00 +--.+-++| ok p=1
Q13:	|++-+1--0 --0+-1-- ---++++1 ---0+100| ok p=1
Q14:	|0101+0-0 10.10101 .1110111 1+.1+0-0| ok p=1
Q15:	|0111-00+ 00.111-0 10-01+1- 1-1--.-.| ok p=0.881836
Q16:	|0...0.1. .+..0-.. 0.-..+.. .0..0.+.| ok p=0.245117
Q17:	|1...+..^ .0..1.^. 1.0..1.^ .0.^-.-.| ok p=0.514648
Q18:	|+...+... .0..+^.. +.1..-.. .1....+.| ok p=0.436523
Q19:	|...0-... .-...... .....-.0 .+..^.+.| ok p=0.996094
Q20:	|^..1-..0 ...0^... ^....001 ...0..1.| ok p=1
Q21:	|...-0..1 .^.1.... 0....11- .^.1..1.| ok p=0.514648
Q22:	|....0..+ ...-.... 1.....+. ...+....| ok p=0.957031
Q23:	|...^.... ........ +.0....^ ......0.| ok p=0.979492
Q24:	|..0....^ ...^.0.. ..1...^. ...^..1.| ok p=0.895508
Q25:	|..1..... ........ ^.-..... ......-.| ok p=0.875977
Q26:	|..-..... ....0+.. ........ .0......| ok p=0.856445
Q27:	|........ ....1+.. ..^..... .1....^.| ok p=1
Q28:	|..^..... ....+-.. ........ .+......| ok p=1
Q29:	|........ .....0.. ........ .0......| ok p=0.885742
Q30:	|........ ....^1.. ........ .-......| ok p=1
Q31:	|........ ........ ........ .-......| ok p=1
Q32:	|........ ........ ........ ........| ok p=1
Q33:	|........ ........ ........ .!......| ok p=1
Q34:	|........ ........ ........ ........| ok p=1
Q35:	|........ ........ ........ ........| ok p=1
Q36:	|........ ........ ........ ........| ok p=1
Q37:	|........ ........ ........ ........| ok p=1
Q38:	|........ ........ ........ ........| ok p=1
Q39:	|........ ........ ........ ........| ok p=1
Q40:	|........ ........ ........ ........| ok p=1
Q41:	|........ ........ ........ ........| ok p=1
Q42:	|........ ........ ........ ........| ok p=1
Q43:	|........ ........ ........ ........| ok p=1
Q44:	|........ ........ ........ ........| ok p=1
Q45:	|........ ........ ........ ........| ok p=1
Q46:	|........ ........ ........ ........| ok p=1
Q47:	|........ ........ ........ ........| ok p=1
Q48:	|........ ........ ........ ........| ok p=1
Q49:	|........ ........ ........ ........| ok p=1
Q50:	|........ ........ ........ ........| ok p=1
Q51:	|........ ........ ........ ........| ok p=1
Q52:	|........ ........ ........ ........| ok p=1
Q53:	|........ ........ ........ ........| ok p=1
Q54:	|........ ........ ........ ........| ok p=1
Q55:	|........ ........ ........ ........| ok p=1
Q56:	|........ ........ ........ ........| ok p=1
Q57:	|........ ........ ........ ........| ok p=1
Q58:	|........ ........ ........ ........| ok p=1
Q59:	|........ ........ ........ ........| ok p=1
Q60:	|........ .......0 ........ ........| ok p=1
Q61:	|........ .....101 ........ ........| ok p=1
Q62:	|........ .....1.+ ........ ........| ok p=1
Q63:	|........ .....+-- ........ ........| ok p=1
Q64:	|........ .......+ ........ -.......|
Best path: totcompl=-27 tottunnel=37, totcond=567, p=0.0031339
Best paths: 2
Q-3:	|00100001 10101101 00111111 00101111|
Q-2:	|+1101111 1001100- 00111101 000101+-|
Q-1:	|+0001110 1001100- 01010110 11111+--|
Q0:	|+0111110 +0--010- 00010100 +110010+| ok p=0.235352
Q1:	|-.1..1.. 0.--1..- 1+.0.+.. --..00+-| ok p=0.987305
Q2:	|+.-..-.. 0.-1-..1 -0.-.+.. --..0.-+| ok p=1
Q3:	|+!1^.-.. 1.-1-..1 +0.-.+.. 0-..+.+1| ok p=1
Q4:	|-.1-.-.. +.0-.^.. +....0.1 -...-.-+| ok p=1
Q5:	|+111.0.. 1.0+1-.. ...1.0.0 +1.!-.--| ok p=1
Q6:	|1.01.1.1 -..0.1.. 1...!+.+ 0.0.-..-| ok p=1
Q7:	|0.-..+.1 1..0.0.! .....-0+ -.1...0.| ok p=1
Q8:	|1!+..0.- 0.!..+0. ^....-1. -.+.0..0| ok p=1
Q9:	|0.-..+.- .....+0. +0..^+-0 .^-.0...| ok p=1
Q10:	|1.+00+.- 10.010-. 00..---0 10-.-.0.| ok p=1
Q11:	|0.+11-01 01^100-. 1-1.1010 .1-.1^0^| ok p=1
Q12:	|-^.+-+0- ------+. .+1^010+ 0++1-++-| ok p=1
Q13:	|++1--1-+ +-1110+. .+-++++- 10+.01+0| ok p=1
Q14:	|1100+1-0 1000110. ..+11011 +11.00-0| ok p=1
Q15:	|01.1-..+ 11...--. !0-01+1- 0--.0.-.| ok p=0.897461
Q16:	|0...0.^. .+..1-.. 0.-..+.. 0-..1.+.| ok p=0.626953
Q17:	|1...+..^ .-..10^. 1.0..1.^ .1^.-.-.| ok p=0.495117
Q18:	|+...+... .1..+0.. +.1..-.. .1....+.| ok p=0.558594
Q19:	|...0-... .-...... .....-.0 .+..^.+.| ok p=0.99707
Q20:	|^..1-..0 ...0^... ^....001 ...0..1.| ok p=1
Q21:	|...-0..1 .^.1.... 0....11- .^.1..1.| ok p=0.482422
Q22:	|....0..+ ...-.... 1.....+. ...+....| ok p=0.959961
Q23:	|...^.... ........ +.0....^ ......0.| ok p=0.969727
Q24:	|..0....^ ...^.0.. ..1...^. ...^..1.| ok p=0.901367
Q25:	|..1..... ........ ^.-..... ......-.| ok p=0.865234
Q26:	|..-..... ....0+.. ........ .0......| ok p=0.875977
Q27:	|........ ....1+.. ..^..... .1....^.| ok p=1
Q28:	|..^..... ....+-.. ........ .+......| ok p=1
Q29:	|........ .....0.. ........ .0......| ok p=0.882812
Q30:	|........ ....^1.. ........ .-......| ok p=1
Q31:	|........ ........ ........ .-......| ok p=1
Q32:	|........ ........ ........ ........| ok p=1
Q33:	|........ ........ ........ .!......| ok p=1
Q34:	|........ ........ ........ ........| ok p=1
Q35:	|........ ........ ........ ........| ok p=1
Q36:	|........ ........ ........ ........| ok p=1
Q37:	|........ ........ ........ ........| ok p=1
Q38:	|........ ........ ........ ........| ok p=1
Q39:	|........ ........ ........ ........| ok p=1
Q40:	|........ ........ ........ ........| ok p=1
Q41:	|........ ........ ........ ........| ok p=1
Q42:	|........ ........ ........ ........| ok p=1
Q43:	|........ ........ ........ ........| ok p=1
Q44:	|........ ........ ........ ........| ok p=1
Q45:	|........ ........ ........ ........| ok p=1
Q46:	|........ ........ ........ ........| ok p=1
Q47:	|........ ........ ........ ........| ok p=1
Q48:	|........ ........ ........ ........| ok p=1
Q49:	|........ ........ ........ ........| ok p=1
Q50:	|........ ........ ........ ........| ok p=1
Q51:	|........ ........ ........ ........| ok p=1
Q52:	|........ ........ ........ ........| ok p=1
Q53:	|........ ........ ........ ........| ok p=1
Q54:	|........ ........ ........ ........| ok p=1
Q55:	|........ ........ ........ ........| ok p=1
Q56:	|........ ........ ........ ........| ok p=1
Q57:	|........ ........ ........ ........| ok p=1
Q58:	|........ ........ ........ ........| ok p=1
Q59:	|........ ........ ........ ........| ok p=1
Q60:	|........ .......0 ........ ........| ok p=1
Q61:	|........ .....101 ........ ........| ok p=1
Q62:	|........ .....1.+ ........ ........| ok p=1
Q63:	|........ .....+-- ........ ........| ok p=1
Q64:	|........ .......+ ........ -.......|
Best path: totcompl=-27 tottunnel=37, totcond=559, p=0.00973439
Q-3:	|00100001 10101101 00111111 00101111|
Q-2:	|+1101111 1001100- 00111101 000101+-|
Q-1:	|+0001110 1001100- 01010110 11111+--|
Q0:	|+0111110 +0--010- 00010100 +110010+| ok p=0.253906
Q1:	|-.1..1.. 0.--1..- 1+.0.+.. --..00+-| ok p=0.982422
Q2:	|+.-..-.. 0.-1-..1 -0.-.+.. --..0.-+| ok p=1
Q3:	|+!1^.-.. 1.-1-..1 +0.-.+.. 0-..+.+1| ok p=1
Q4:	|-.1-.-.. +.0-.^.. +....0.1 -0..-.-+| ok p=1
Q5:	|+.11.0.. 1.0+1-.. ...1.0.0 +1..-.--| ok p=1
Q6:	|1^01.1.1 -..0.1.. 1...!+.+ 0.0.-..-| ok p=1
Q7:	|0.-..+.1 1..0.0.! .....-0+ -.1...0.| ok p=1
Q8:	|.!+..0.- 0.!..+0. ^....-1. -.+.0..0| ok p=1
Q9:	|0!-..+.- .....+0. +0..^+-0 .^-.0...| ok p=1
Q10:	|1.+00+.- 10..00-. 00..---0 10-.-.0.| ok p=1
Q11:	|0.+11-01 01^^10-. 1-1.1010 .1-.1^0^| ok p=1
Q12:	|-^.+-+0- ------+. .+1^010+ 0++1-++-| ok p=1
Q13:	|++1--1-+ +-1110+. .+-++++- 10+.01+0| ok p=1
Q14:	|1100+1-0 1000110. ..+11011 +11.00-0| ok p=1
Q15:	|01.1-..+ 11...--! .0-01+1- 0--.0.-.| ok p=0.890625
Q16:	|0...0.^. .+..1-.. 0.-..+.. 0-..1.+.| ok p=0.632812
Q17:	|1...+..^ .-..10^. 1.0..1.^ .1^.-.-.| ok p=0.504883
Q18:	|+...+... .1..+0.. +.1..-.. .1....+.| ok p=0.526367
Q19:	|...0-... .-...... .....-.0 .+..^.+.| ok p=0.995117
Q20:	|^..1-..0 ...0^... ^....001 ...0..1.| ok p=1
Q21:	|...-0..1 .^.1.... 0....11- .^.1..1.| ok p=0.510742
Q22:	|....0..+ ...-.... 1.....+. ...+....| ok p=0.949219
Q23:	|...^.... ........ +.0....^ ......0.| ok p=0.967773
Q24:	|..0....^ ...^.0.. ..1...^. ...^..1.| ok p=0.90918
Q25:	|..1..... ........ ^.-..... ......-.| ok p=0.87207
Q26:	|..-..... ....0+.. ........ .0......| ok p=0.87207
Q27:	|........ ....1+.. ..^..... .1....^.| ok p=1
Q28:	|..^..... ....+-.. ........ .+......| ok p=1
Q29:	|........ .....0.. ........ .0......| ok p=0.874023
Q30:	|........ ....^1.. ........ .-......| ok p=1
Q31:	|........ ........ ........ .-......| ok p=1
Q32:	|........ ........ ........ ........| ok p=1
Q33:	|........ ........ ........ .!......| ok p=1
Q34:	|........ ........ ........ ........| ok p=1
Q35:	|........ ........ ........ ........| ok p=1
Q36:	|........ ........ ........ ........| ok p=1
Q37:	|........ ........ ........ ........| ok p=1
Q38:	|........ ........ ........ ........| ok p=1
Q39:	|........ ........ ........ ........| ok p=1
Q40:	|........ ........ ........ ........| ok p=1
Q41:	|........ ........ ........ ........| ok p=1
Q42:	|........ ........ ........ ........| ok p=1
Q43:	|........ ........ ........ ........| ok p=1
Q44:	|........ ........ ........ ........| ok p=1
Q45:	|........ ........ ........ ........| ok p=1
Q46:	|........ ........ ........ ........| ok p=1
Q47:	|........ ........ ........ ........| ok p=1
Q48:	|........ ........ ........ ........| ok p=1
Q49:	|........ ........ ........ ........| ok p=1
Q50:	|........ ........ ........ ........| ok p=1
Q51:	|........ ........ ........ ........| ok p=1
Q52:	|........ ........ ........ ........| ok p=1
Q53:	|........ ........ ........ ........| ok p=1
Q54:	|........ ........ ........ ........| ok p=1
Q55:	|........ ........ ........ ........| ok p=1
Q56:	|........ ........ ........ ........| ok p=1
Q57:	|........ ........ ........ ........| ok p=1
Q58:	|........ ........ ........ ........| ok p=1
Q59:	|........ ........ ........ ........| ok p=1
Q60:	|........ .......0 ........ ........| ok p=1
Q61:	|........ .....101 ........ ........| ok p=1
Q62:	|........ .....1.+ ........ ........| ok p=1
Q63:	|........ .....+-- ........ ........| ok p=1
Q64:	|........ .......+ ........ -.......|
Best path: totcompl=-27 tottunnel=37, totcond=558, p=0.0114598
Q-3:	|00100001 10101101 00111111 00101111|
Q-2:	|+1101111 1001100- 00111101 000101+-|
Q-1:	|+0001110 1001100- 01010110 11111+--|
Q0:	|+0111110 +0--010- 00010100 +110010+| ok p=0.237305
Q1:	|-.1..1.. 0.--1..- 1+.0.+.. --..00+-| ok p=0.980469
Q2:	|+.-..-.. 0.-1-..1 -0.-.+.. --..0.-+| ok p=1
Q3:	|+!1^.-.. 1.-1-..1 +0.-.+.. 0-..+.+1| ok p=1
Q4:	|-.1-.-.. +.0-.^.. +....0.1 -0..-.-+| ok p=1
Q5:	|+111.0.. 1.0+1-.. ...1.0.0 +1..-.--| ok p=1
Q6:	|1.01.1.1 -..0.1.. 1...!+.+ 0.0.-..-| ok p=1
Q7:	|0.-..+.1 1..0.0.. .!...-0+ -.1...0.| ok p=1
Q8:	|1!+..0.- 0...!+0. ^....-1. -.+.0..0| ok p=1
Q9:	|0.-..+.- .....+0. +0..^+-0 .^-.0...| ok p=1
Q10:	|1.+00+.- 10..00-. 00..---0 10-.-.0.| ok p=1
Q11:	|0.+11-01 01^^10-. 1-..1010 .1-.1^0^| ok p=1
Q12:	|-^.+-+0- ------+. .+1^010+ 0++1-++-| ok p=1
Q13:	|++1--1-+ +-1110+. .+1-+++- 10+.01+0| ok p=1
Q14:	|1100+1-0 1000110. ..+11011 +11.00-0| ok p=1
Q15:	|01.1-..+ 11...--. !0-01+1- 0--.0.-.| ok p=0.901367
Q16:	|0...0.^. .+..1-.. 0.-..+.. 0-..1.+.| ok p=0.647461
Q17:	|1...+..^ .-..10^. 1.0..1.^ .1^.-.-.| ok p=0.479492
Q18:	|+...+... .1..+0.. +.1..-.. .1....+.| ok p=0.553711
Q19:	|...0-... .-...... .....-.0 .+..^.+.| ok p=0.998047
Q20:	|^..1-..0 ...0^... ^....001 ...0..1.| ok p=1
Q21:	|...-0..1 .^.1.... 0....11- .^.1..1.| ok p=0.498047
Q22:	|....0..+ ...-.... 1.....+. ...+....| ok p=0.962891
Q23:	|...^.... ........ +.0....^ ......0.| ok p=0.957031
Q24:	|..0....^ ...^.0.. ..1...^. ...^..1.| ok p=0.916992
Q25:	|..1..... ........ ^.-..... ......-.| ok p=0.890625
Q26:	|..-..... ....0+.. ........ .0......| ok p=0.887695
Q27:	|........ ....1+.. ..^..... .1....^.| ok p=1
Q28:	|..^..... ....+-.. ........ .+......| ok p=1
Q29:	|........ .....0.. ........ .0......| ok p=0.886719
Q30:	|........ ....^1.. ........ .-......| ok p=1
Q31:	|........ ........ ........ .-......| ok p=0.999023
Q32:	|........ ........ ........ ........| ok p=1
Q33:	|........ ........ ........ .!......| ok p=1
Q34:	|........ ........ ........ ........| ok p=1
Q35:	|........ ........ ........ ........| ok p=1
Q36:	|........ ........ ........ ........| ok p=1
Q37:	|........ ........ ........ ........| ok p=1
Q38:	|........ ........ ........ ........| ok p=1
Q39:	|........ ........ ........ ........| ok p=1
Q40:	|........ ........ ........ ........| ok p=1
Q41:	|........ ........ ........ ........| ok p=1
Q42:	|........ ........ ........ ........| ok p=1
Q43:	|........ ........ ........ ........| ok p=1
Q44:	|........ ........ ........ ........| ok p=1
Q45:	|........ ........ ........ ........| ok p=1
Q46:	|........ ........ ........ ........| ok p=1
Q47:	|........ ........ ........ ........| ok p=1
Q48:	|........ ........ ........ ........| ok p=1
Q49:	|........ ........ ........ ........| ok p=1
Q50:	|........ ........ ........ ........| ok p=1
Q51:	|........ ........ ........ ........| ok p=1
Q52:	|........ ........ ........ ........| ok p=1
Q53:	|........ ........ ........ ........| ok p=1
Q54:	|........ ........ ........ ........| ok p=1
Q55:	|........ ........ ........ ........| ok p=1
Q56:	|........ ........ ........ ........| ok p=1
Q57:	|........ ........ ........ ........| ok p=1
Q58:	|........ ........ ........ ........| ok p=1
Q59:	|........ ........ ........ ........| ok p=1
Q60:	|........ .......0 ........ ........| ok p=1
Q61:	|........ .....101 ........ ........| ok p=1
Q62:	|........ .....1.+ ........ ........| ok p=1
Q63:	|........ .....+-- ........ ........| ok p=1
Q64:	|........ .......+ ........ -.......|
Best path: totcompl=-27 tottunnel=37, totcond=557, p=0.00943976
Q-3:	|00100001 10101101 00111111 00101111|
Q-2:	|+1101111 1001100- 00111101 000101+-|
Q-1:	|+0001110 1001100- 01010110 11111+--|
Q0:	|+0111110 +0--010- 00010100 +110010+| ok p=0.262695
Q1:	|-.1..1.. 0.--1..- 1+.0.+.. --..00+-| ok p=0.983398
Q2:	|+.-..-.. 0.-1-..1 -0.-.+.. --..0.-+| ok p=1
Q3:	|+!1^.-.. 1.-1-..1 +0.-.+.. 0-..+.+1| ok p=1
Q4:	|-.1-.-.. +.0-.^.. +....0.1 -...-.-+| ok p=1
Q5:	|+111.0.. 1.0+1-.. ...1.0.0 +1.!-.--| ok p=1
Q6:	|1.01.1.1 -..0.1.. 1...!+.+ 0.0.-..-| ok p=1
Q7:	|0.-..+.1 1..0.0.. 0....-0+ -.1...0.| ok p=1
Q8:	|1.+..0.- 0..1.+0. 0....-1. -.+.0..0| ok p=1
Q9:	|0.-..+.- .....+0. +0..^+-0 .^-.0...| ok p=1
Q10:	|1.+00+.- 10..00-. 00..---0 10-.-.0.| ok p=1
Q11:	|0.+11-01 01^^10-. 1-1.1010 .1-.1^0^| ok p=1
Q12:	|-^.+-+0- ------+. .+1^010+ 0++1-++-| ok p=1
Q13:	|++1--1-+ +-1110+. .+-++++- 10+.01+0| ok p=1
Q14:	|01.0+1-0 1000110. ..+11011 +11.00-0| ok p=1
Q15:	|01.1-..+ 11...--. !0-01+1- 0--.0.-.| ok p=0.910156
Q16:	|0...0.^. .+..1-.. 0.-..+.. 0-..1.+.| ok p=0.608398
Q17:	|1...+..^ .-..10^. 1.0..1.^ .1^.-.-.| ok p=0.46582
Q18:	|+...+... .1..+0.. +.1..-.. .1....+.| ok p=0.553711
Q19:	|...0-... .-...... .....-.0 .+..^.+.| ok p=0.999023
Q20:	|^..1-..0 ...0^... ^....001 ...0..1.| ok p=1
Q21:	|...-0..1 .^.1.... 0....11- .^.1..1.| ok p=0.467773
Q22:	|....0..+ ...-.... 1.....+. ...+....| ok p=0.96875
Q23:	|...^.... ........ +.0....^ ......0.| ok p=0.973633
Q24:	|..0....^ ...^.0.. ..1...^. ...^..1.| ok p=0.898438
Q25:	|..1..... ........ ^.-..... ......-.| ok p=0.864258
Q26:	|..-..... ....0+.. ........ .0......| ok p=0.878906
Q27:	|........ ....1+.. ..^..... .1....^.| ok p=1
Q28:	|..^..... ....+-.. ........ .+......| ok p=1
Q29:	|........ .....0.. ........ .0......| ok p=0.878906
Q30:	|........ ....^1.. ........ .-......| ok p=1
Q31:	|........ ........ ........ .-......| ok p=1
Q32:	|........ ........ ........ ........| ok p=1
Q33:	|........ ........ ........ .!......| ok p=1
Q34:	|........ ........ ........ ........| ok p=1
Q35:	|........ ........ ........ ........| ok p=1
Q36:	|........ ........ ........ ........| ok p=1
Q37:	|........ ........ ........ ........| ok p=1
Q38:	|........ ........ ........ ........| ok p=1
Q39:	|........ ........ ........ ........| ok p=1
Q40:	|........ ........ ........ ........| ok p=1
Q41:	|........ ........ ........ ........| ok p=1
Q42:	|........ ........ ........ ........| ok p=1
Q43:	|........ ........ ........ ........| ok p=1
Q44:	|........ ........ ........ ........| ok p=1
Q45:	|........ ........ ........ ........| ok p=1
Q46:	|........ ........ ........ ........| ok p=1
Q47:	|........ ........ ........ ........| ok p=1
Q48:	|........ ........ ........ ........| ok p=1
Q49:	|........ ........ ........ ........| ok p=1
Q50:	|........ ........ ........ ........| ok p=1
Q51:	|........ ........ ........ ........| ok p=1
Q52:	|........ ........ ........ ........| ok p=1
Q53:	|........ ........ ........ ........| ok p=1
Q54:	|........ ........ ........ ........| ok p=1
Q55:	|........ ........ ........ ........| ok p=1
Q56:	|........ ........ ........ ........| ok p=1
Q57:	|........ ........ ........ ........| ok p=1
Q58:	|........ ........ ........ ........| ok p=1
Q59:	|........ ........ ........ ........| ok p=1
Q60:	|........ .......0 ........ ........| ok p=1
Q61:	|........ .....101 ........ ........| ok p=1
Q62:	|........ .....1.+ ........ ........| ok p=1
Q63:	|........ .....+-- ........ ........| ok p=1
Q64:	|........ .......+ ........ -.......|
Best path: totcompl=-26 tottunnel=38, totcond=556, p=0.0112637
Best paths: 2
**Q-3:	|00100001 10101101 00111111 00101111|
Q-2:	|+1101111 1001100- 00111101 000101+-|
Q-1:	|+0001110 1001100- 01010110 11111+--|
Q0:	|+0111110 +0--010- 00010100 +110010+| ok p=0.257812
Q1:	|-.1..1.. 0.--1..- 1+.0.+.. --..00+-| ok p=0.983398
Q2:	|+.-..-.. 0.-1-..1 -0.-.+.. --..0.-+| ok p=1
Q3:	|+!1^.-.. 1.-1-1.1 +0.-.+.. 0-..+.+1| ok p=1
Q4:	|-.1-.-.. +.0-.1.. +....1.. -...-.-+| ok p=1
Q5:	|-!11.... 1.0+0-.. ...1.0.^ +0!.-.--| ok p=1
Q6:	|-.01.1.. -..0.-.. 1...!+.+ 1.0.-..-| ok p=1
Q7:	|-!-..1.. 1..0.-.^ 0....-.1 +.1.+.1.| ok p=1
Q8:	|+0+..-.. -...!..- .....-.0 -.+.+..0| ok p=1
Q9:	|+1-..1.1 -....1.0 .0..1+.+ +.+!+...| ok p=1
Q10:	|0.+01100 -0^00.01 .1.01-.+ +.-.0.0.| ok p=1
Q11:	|10+10-0- 10-11.10 .-11-+.1 +.-.-^1^| ok p=1
Q12:	|-00-+1-1 ++1+-1-+ ^-0-++.0 ....1+++| ok p=1
Q13:	|-+-+1--- +-01101- ---+++.+ 111!-100| ok p=1
Q14:	|1101+0-0 .+.10+10 1.11.1^1 .10.00-0| ok p=1
Q15:	|0100-00+ 11...0+0 10-01+.- .--.+.-.| ok p=0.808594
Q16:	|0...0.1. .+..0-.. 0.-..+.. .1..0.+.| ok p=0.605469
Q17:	|1...+..^ .0..1.^. 1.0..1.^ .0^.-.-.| ok p=0.487305
Q18:	|-...+... .0..+^.. +.1..-.. .1....+.| ok p=0.580078
Q19:	|...0-... .-...... .....-.0 .+..^.+.| ok p=0.996094
Q20:	|^..1-..0 ...0^... ^....001 ...0..1.| ok p=1
Q21:	|...-0..1 .^.1.... 0....11- .^.1..1.| ok p=0.493164
Q22:	|....0..+ ...-.... 1.....+. ...+....| ok p=0.961914
Q23:	|...^.... ........ +.0....^ ......0.| ok p=0.967773
Q24:	|..0....^ ...^.0.. ..1...^. ...^..1.| ok p=0.90332
Q25:	|..1..... ........ ^.-..... ......-.| ok p=0.869141
Q26:	|..-..... ....0+.. ........ .0......| ok p=0.876953
Q27:	|........ ....1+.. ..^..... .1....^.| ok p=1
Q28:	|..^..... ....+-.. ........ .+......| ok p=1
Q29:	|........ .....0.. ........ .0......| ok p=0.899414
Q30:	|........ ....^1.. ........ .-......| ok p=1
Q31:	|........ ........ ........ .-......| ok p=1
Q32:	|........ ........ ........ ........| ok p=1
Q33:	|........ ........ ........ .!......| ok p=1
Q34:	|........ ........ ........ ........| ok p=1
Q35:	|........ ........ ........ ........| ok p=1
Q36:	|........ ........ ........ ........| ok p=1
Q37:	|........ ........ ........ ........| ok p=1
Q38:	|........ ........ ........ ........| ok p=1
Q39:	|........ ........ ........ ........| ok p=1
Q40:	|........ ........ ........ ........| ok p=1
Q41:	|........ ........ ........ ........| ok p=1
Q42:	|........ ........ ........ ........| ok p=1
Q43:	|........ ........ ........ ........| ok p=1
Q44:	|........ ........ ........ ........| ok p=1
Q45:	|........ ........ ........ ........| ok p=1
Q46:	|........ ........ ........ ........| ok p=1
Q47:	|........ ........ ........ ........| ok p=1
Q48:	|........ ........ ........ ........| ok p=1
Q49:	|........ ........ ........ ........| ok p=1
Q50:	|........ ........ ........ ........| ok p=1
Q51:	|........ ........ ........ ........| ok p=1
Q52:	|........ ........ ........ ........| ok p=1
Q53:	|........ ........ ........ ........| ok p=1
Q54:	|........ ........ ........ ........| ok p=1
Q55:	|........ ........ ........ ........| ok p=1
Q56:	|........ ........ ........ ........| ok p=1
Q57:	|........ ........ ........ ........| ok p=1
Q58:	|........ ........ ........ ........| ok p=1
Q59:	|........ ........ ........ ........| ok p=1
Q60:	|........ .......0 ........ ........| ok p=1
Q61:	|........ .....101 ........ ........| ok p=1
Q62:	|........ .....1.+ ........ ........| ok p=1
Q63:	|........ .....+-- ........ ........| ok p=1
Q64:	|........ .......+ ........ -.......|
Best path: totcompl=-26 tottunnel=38, totcond=554, p=0.00939256
Q-3:	|00100001 10101101 00111111 00101111|
Q-2:	|+1101111 1001100- 00111101 000101+-|
Q-1:	|+0001110 1001100- 01010110 11111+--|
Q0:	|+0111110 +0--010- 00010100 +110010+| ok p=0.246094
Q1:	|-.1..1.. 0.--1..- 1+.0.+.. --..00+-| ok p=0.986328
Q2:	|+.-..-.. 0.-1-..1 -0.-.+.. --..0.-+| ok p=1
Q3:	|+!1^.-.. 1.-1-1.1 +0.-.+.. 0-..+.+1| ok p=1
Q4:	|-.1-.-.. +.0-.1.. +....1.. -...-.-+| ok p=1
Q5:	|-!11.... 1.0+0-.. ...1.0.^ +0.!-.--| ok p=1
Q6:	|-.01.1.. -..0.-.. 1...!+.+ 1.0.-..-| ok p=1
Q7:	|-!-..1.. 1..0.-.^ 0....-.1 +.1.+.1.| ok p=1
Q8:	|+0+..-.. -..1...- .....-.0 -.+.+..0| ok p=1
Q9:	|+1-..1.1 -....1.0 .0..1+.+ +.+!+...| ok p=1
Q10:	|0.+011.0 -0^00.01 .1.01-.+ +.-.0.0.| ok p=1
Q11:	|10+10-0- 00-11.10 .-11-+.1 +.-.-^1^| ok p=1
Q12:	|-00-+11- -+1+-1-+ ^-0-++.0 ..0.1+++| ok p=1
Q13:	|-+-+1--- +-01101- ---+++.+ 111.-100| ok p=1
Q14:	|.101+0-0 0+.10+10 1.11.1^1 .10.00-0| ok p=1
Q15:	|0100-00+ 11...0+0 10-01+.- .--.+.-.| ok p=0.795898
Q16:	|0...0.1. .+..0-.. 0.-..+.. .1..0.+.| ok p=0.620117
Q17:	|1...+..^ .0..1.^. 1.0..1.^ .0^.-.-.| ok p=0.501953
Q18:	|-...+... .0..+^.. +.1..-.. .1....+.| ok p=0.550781
Q19:	|...0-... .-...... .....-.0 .+..^.+.| ok p=0.995117
Q20:	|^..1-..0 ...0^... ^....001 ...0..1.| ok p=1
Q21:	|...-0..1 .^.1.... 0....11- .^.1..1.| ok p=0.506836
Q22:	|....0..+ ...-.... 1.....+. ...+....| ok p=0.960938
Q23:	|...^.... ........ +.0....^ ......0.| ok p=0.96875
Q24:	|..0....^ ...^.0.. ..1...^. ...^..1.| ok p=0.905273
Q25:	|..1..... ........ ^.-..... ......-.| ok p=0.879883
Q26:	|..-..... ....0+.. ........ .0......| ok p=0.859375
Q27:	|........ ....1+.. ..^..... .1....^.| ok p=1
Q28:	|..^..... ....+-.. ........ .+......| ok p=1
Q29:	|........ .....0.. ........ .0......| ok p=0.876953
Q30:	|........ ....^1.. ........ .-......| ok p=1
Q31:	|........ ........ ........ .-......| ok p=1
Q32:	|........ ........ ........ ........| ok p=1
Q33:	|........ ........ ........ .!......| ok p=1
Q34:	|........ ........ ........ ........| ok p=1
Q35:	|........ ........ ........ ........| ok p=1
Q36:	|........ ........ ........ ........| ok p=1
Q37:	|........ ........ ........ ........| ok p=1
Q38:	|........ ........ ........ ........| ok p=1
Q39:	|........ ........ ........ ........| ok p=1
Q40:	|........ ........ ........ ........| ok p=1
Q41:	|........ ........ ........ ........| ok p=1
Q42:	|........ ........ ........ ........| ok p=1
Q43:	|........ ........ ........ ........| ok p=1
Q44:	|........ ........ ........ ........| ok p=1
Q45:	|........ ........ ........ ........| ok p=1
Q46:	|........ ........ ........ ........| ok p=1
Q47:	|........ ........ ........ ........| ok p=1
Q48:	|........ ........ ........ ........| ok p=1
Q49:	|........ ........ ........ ........| ok p=1
Q50:	|........ ........ ........ ........| ok p=1
Q51:	|........ ........ ........ ........| ok p=1
Q52:	|........ ........ ........ ........| ok p=1
Q53:	|........ ........ ........ ........| ok p=1
Q54:	|........ ........ ........ ........| ok p=1
Q55:	|........ ........ ........ ........| ok p=1
Q56:	|........ ........ ........ ........| ok p=1
Q57:	|........ ........ ........ ........| ok p=1
Q58:	|........ ........ ........ ........| ok p=1
Q59:	|........ ........ ........ ........| ok p=1
Q60:	|........ .......0 ........ ........| ok p=1
Q61:	|........ .....101 ........ ........| ok p=1
Q62:	|........ .....1.+ ........ ........| ok p=1
Q63:	|........ .....+-- ........ ........| ok p=1
Q64:	|........ .......+ ........ -.......|
Best path: totcompl=-24 tottunnel=40, totcond=553, p=0.00985611
Q-3:	|00100001 10101101 00111111 00101111|
Q-2:	|+1101111 1001100- 00111101 000101+-|
Q-1:	|+0001110 1001100- 01010110 11111+--|
Q0:	|+0111110 +0--010- 00010100 +110010+| ok p=0.267578
Q1:	|-.1..1.. 0.--1..- 1+.0.+.. --..00+-| ok p=0.988281
Q2:	|+.-..-.. 0.-1-..1 -0.-.+.. --..0.-+| ok p=1
Q3:	|+!1^.-.. 1.-1-1.1 +0.-.+.. 0-..+.+1| ok p=1
Q4:	|-.1-.-.. +.0-.1.. +....1.. -...-.-+| ok p=1
Q5:	|-!11.... 1.0+0-.. ...1.0.^ +0.!-.--| ok p=1
Q6:	|-.01.1.. -..0.-.. 1...!+.+ 1.0.-..-| ok p=1
Q7:	|-!-..1.. 1..0.-.^ 0....-.1 +.1.+.1.| ok p=1
Q8:	|+.+..-.. -.!....- .....-.0 -.+.+..0| ok p=1
Q9:	|-0-..1.1 -....1.0 .0..1+.+ +.+.+...| ok p=1
Q10:	|0.+011.0 -0^00.01 .1111-.+ +.-.0.0.| ok p=1
Q11:	|10+10-0- 00-11.10 .-10-+.1 +.-.-^1^| ok p=1
Q12:	|-00-+11- -+1+-1-+ ^--+++.0 ..0.1+++| ok p=1
Q13:	|-+-+1--- +-01101- ---+++1+ 111.-100| ok p=1
Q14:	|.101+0-0 0+.10+10 1.11.1.1 .10.00-0| ok p=1
Q15:	|0100-00+ 11...0+0 10-01+.- .--.+.-.| ok p=0.774414
Q16:	|0...0.1. .+..0-.. 0.-..+.. .1..0.+.| ok p=0.620117
Q17:	|1...+..^ .0..1.^. 1.0..1.^ .0^.-.-.| ok p=0.515625
Q18:	|-...+... .0..+^.. +.1..-.. .1....+.| ok p=0.550781
Q19:	|...0-... .-...... .....-.0 .+..^.+.| ok p=0.99707
Q20:	|^..1-..0 ...0^... ^....001 ...0..1.| ok p=1
Q21:	|...-0..1 .^.1.... 0....11- .^.1..1.| ok p=0.475586
Q22:	|....0..+ ...-.... 1.....+. ...+....| ok p=0.956055
Q23:	|...^.... ........ +.0....^ ......0.| ok p=0.96875
Q24:	|..0....^ ...^.0.. ..1...^. ...^..1.| ok p=0.905273
Q25:	|..1..... ........ ^.-..... ......-.| ok p=0.881836
Q26:	|..-..... ....0+.. ........ .0......| ok p=0.882812
Q27:	|........ ....1+.. ..^..... .1....^.| ok p=1
Q28:	|..^..... ....+-.. ........ .+......| ok p=1
Q29:	|........ .....0.. ........ .0......| ok p=0.885742
Q30:	|........ ....^1.. ........ .-......| ok p=1
Q31:	|........ ........ ........ .-......| ok p=1
Q32:	|........ ........ ........ ........| ok p=1
Q33:	|........ ........ ........ .!......| ok p=1
Q34:	|........ ........ ........ ........| ok p=1
Q35:	|........ ........ ........ ........| ok p=1
Q36:	|........ ........ ........ ........| ok p=1
Q37:	|........ ........ ........ ........| ok p=1
Q38:	|........ ........ ........ ........| ok p=1
Q39:	|........ ........ ........ ........| ok p=1
Q40:	|........ ........ ........ ........| ok p=1
Q41:	|........ ........ ........ ........| ok p=1
Q42:	|........ ........ ........ ........| ok p=1
Q43:	|........ ........ ........ ........| ok p=1
Q44:	|........ ........ ........ ........| ok p=1
Q45:	|........ ........ ........ ........| ok p=1
Q46:	|........ ........ ........ ........| ok p=1
Q47:	|........ ........ ........ ........| ok p=1
Q48:	|........ ........ ........ ........| ok p=1
Q49:	|........ ........ ........ ........| ok p=1
Q50:	|........ ........ ........ ........| ok p=1
Q51:	|........ ........ ........ ........| ok p=1
Q52:	|........ ........ ........ ........| ok p=1
Q53:	|........ ........ ........ ........| ok p=1
Q54:	|........ ........ ........ ........| ok p=1
Q55:	|........ ........ ........ ........| ok p=1
Q56:	|........ ........ ........ ........| ok p=1
Q57:	|........ ........ ........ ........| ok p=1
Q58:	|........ ........ ........ ........| ok p=1
Q59:	|........ ........ ........ ........| ok p=1
Q60:	|........ .......0 ........ ........| ok p=1
Q61:	|........ .....101 ........ ........| ok p=1
Q62:	|........ .....1.+ ........ ........| ok p=1
Q63:	|........ .....+-- ........ ........| ok p=1
Q64:	|........ .......+ ........ -.......|
Best path: totcompl=-24 tottunnel=40, totcond=552, p=0.00928999
Q-3:	|00100001 10101101 00111111 00101111|
Q-2:	|+1101111 1001100- 00111101 000101+-|
Q-1:	|+0001110 1001100- 01010110 11111+--|
Q0:	|+0111110 +0--010- 00010100 +110010+| ok p=0.232422
Q1:	|-.1..1.. 0.--1..- 1+.0.+.. --..00+-| ok p=0.981445
Q2:	|+.-..-.. 0.-1-..1 -0.-.+.. --..0.-+| ok p=1
Q3:	|+!1^.-.. 1.-1-1.1 +0.-.+.. 0-..+.+1| ok p=1
Q4:	|-.1-.-.. +.0-.1.. +....1.. -...-.-+| ok p=1
Q5:	|-!11.... 1.0+0-.. ...1.0.^ +0.!-.--| ok p=1
Q6:	|-.01.1.. -..0.-.. 1...!+.+ 1.0.-..-| ok p=1
Q7:	|-!-..1.. 1..0.-.^ .!...-.1 +.1.+.1.| ok p=1
Q8:	|+.+..-.. -...!..- .....-.0 -.+.+..0| ok p=1
Q9:	|-0-..1.1 -....1.0 .0..1+.+ +.+.+...| ok p=1
Q10:	|0.+011.0 -0^00.01 .1.01-.+ +.-.0.0.| ok p=1
Q11:	|10+10-0- 00-11.10 .-11-+.1 +.-.-^1^| ok p=1
Q12:	|+00-+11- -+1+-1-+ ^-0-++.0 .0..1+++| ok p=1
Q13:	|++-+1--- +-01101- ---+++.+ 111.-100| ok p=1
Q14:	|.101+0-0 0+.10+10 1.11.1^1 .10.00-0| ok p=1
Q15:	|0100-00+ 11...0+0 10-01+.- .--.+.-.| ok p=0.798828
Q16:	|0...0.1. .+..0-.. 0.-..+.. .1..0.+.| ok p=0.633789
Q17:	|1...+..^ .0..1.^. 1.0..1.^ .0^.-.-.| ok p=0.5
Q18:	|-...+... .0..+^.. +.1..-.. .1....+.| ok p=0.549805
Q19:	|...0-... .-...... .....-.0 .+..^.+.| ok p=0.996094
Q20:	|^..1-..0 ...0^... ^....001 ...0..1.| ok p=1
Q21:	|...-0..1 .^.1.... 0....11- .^.1..1.| ok p=0.491211
Q22:	|....0..+ ...-.... 1.....+. ...+....| ok p=0.950195
Q23:	|...^.... ........ +.0....^ ......0.| ok p=0.962891
Q24:	|..0....^ ...^.0.. ..1...^. ...^..1.| ok p=0.916016
Q25:	|..1..... ........ ^.-..... ......-.| ok p=0.869141
Q26:	|..-..... ....0+.. ........ .0......| ok p=0.881836
Q27:	|........ ....1+.. ..^..... .1....^.| ok p=1
Q28:	|..^..... ....+-.. ........ .+......| ok p=1
Q29:	|........ .....0.. ........ .0......| ok p=0.887695
Q30:	|........ ....^1.. ........ .-......| ok p=1
Q31:	|........ ........ ........ .-......| ok p=1
Q32:	|........ ........ ........ ........| ok p=1
Q33:	|........ ........ ........ .!......| ok p=1
Q34:	|........ ........ ........ ........| ok p=1
Q35:	|........ ........ ........ ........| ok p=1
Q36:	|........ ........ ........ ........| ok p=1
Q37:	|........ ........ ........ ........| ok p=1
Q38:	|........ ........ ........ ........| ok p=1
Q39:	|........ ........ ........ ........| ok p=1
Q40:	|........ ........ ........ ........| ok p=1
Q41:	|........ ........ ........ ........| ok p=1
Q42:	|........ ........ ........ ........| ok p=1
Q43:	|........ ........ ........ ........| ok p=1
Q44:	|........ ........ ........ ........| ok p=1
Q45:	|........ ........ ........ ........| ok p=1
Q46:	|........ ........ ........ ........| ok p=1
Q47:	|........ ........ ........ ........| ok p=1
Q48:	|........ ........ ........ ........| ok p=1
Q49:	|........ ........ ........ ........| ok p=1
Q50:	|........ ........ ........ ........| ok p=1
Q51:	|........ ........ ........ ........| ok p=1
Q52:	|........ ........ ........ ........| ok p=1
Q53:	|........ ........ ........ ........| ok p=1
Q54:	|........ ........ ........ ........| ok p=1
Q55:	|........ ........ ........ ........| ok p=1
Q56:	|........ ........ ........ ........| ok p=1
Q57:	|........ ........ ........ ........| ok p=1
Q58:	|........ ........ ........ ........| ok p=1
Q59:	|........ ........ ........ ........| ok p=1
Q60:	|........ .......0 ........ ........| ok p=1
Q61:	|........ .....101 ........ ........| ok p=0.999023
Q62:	|........ .....1.+ ........ ........| ok p=1
Q63:	|........ .....+-- ........ ........| ok p=1
Q64:	|........ .......+ ........ -.......|
Best path: totcompl=-24 tottunnel=40, totcond=551, p=0.00921418
************************