Extend MD5 differential paths forward
Copyright (C) 2009 Marc Stevens
http://homepages.cwi.nl/~stevens/

delta_m[11] = [!6!]
Loading workdir7/lowerpath.bin.gz...done: 1.
Estimating maxcond for upper bound 8000000 (=2000000 * 4)...
t=1:  0%   10   20   30   40   50   60   70   80   90   100%
      |----|----|----|----|----|----|----|----|----|----|
e     ***************************************************
Found maxcond = 2176
t=1:  0%   10   20   30   40   50   60   70   80   90   100%
      |----|----|----|----|----|----|----|----|----|----|
      ***************************************************
Q-3:	|00100001 10101101 00111111 00101111|
Q-2:	|+1101111 1001100- 00111101 000101+-|
Q-1:	|+0001110 1001100- 01010110 11111+--|
Q0:	|+0111110 +0--010- 00010100 +110010+| ok p=0.524414
Q1:	|+....... 0.--.... --...+.. --...11+| ok p=0.785156
Q2:	|+.-..+.. ..-.-..- .+.+.+.- .+.....-|
Saving 2192 paths...done.
Autobalance parameters: maxcond=2176
Verified: 0 bad out of 2192
Estimating maxcond for upper bound 8000000 (=2000000 * 4)...
t=2:  0%   10   20   30   40   50   60   70   80   90   100%
      |----|----|----|----|----|----|----|----|----|----|
e     **************************************************Found maxcond = 161
t=2:  0%   10   20   30   40   50   60   70   80   90   100%
      |----|----|----|----|----|----|----|----|----|----|
      **************************************************Q-3:	|00100001 10101101 00111111 00101111|
Q-2:	|+1101111 1001100- 00111101 000101+-|
Q-1:	|+0001110 1001100- 01010110 11111+--|
Q0:	|+0111110 +0--010- 00010100 +110010+| ok p=0.478516
Q1:	|+.1..1.. 0.--...- .+.1..++ +-...11+| ok p=0.717773
Q2:	|+.-..-.. -.++...- .+.+..++ .+.....-| ok p=0.539062
Q3:	|..-...+. .+.-.+.- .+.+.+.. ..-..-..|
Saving 2000000 paths...done.
Autobalance parameters: maxcond=160
Verified: 0 bad out of 2707603
Estimating maxcond for upper bound 8000000 (=2000000 * 4)...
t=3:  0%   10   20   30   40   50   60   70   80   90   100%
      |----|----|----|----|----|----|----|----|----|----|
e     ***************************************************
Found maxcond = 176
t=3:  0%   10   20   30   40   50   60   70   80   90   100%
      |----|----|----|----|----|----|----|----|----|----|
      ***************************************************
Q-3:	|00100001 10101101 00111111 00101111|
Q-2:	|+1101111 1001100- 00111101 000101+-|
Q-1:	|+0001110 1001100- 01010110 11111+--|
Q0:	|+0111110 +0--010- 00010100 +110010+| ok p=0.501953
Q1:	|-.1..0.. 0.--0..- .+..0+.. --V..1+-| ok p=0.693359
Q2:	|-.-..-.. 0.-.-..- .+..--.. --...10-| ok p=0.31543
Q3:	|..-..+.. ..-1-... .+..-+.. ..-..-1.| ok p=0.930664
Q4:	|.-.+.+.. ..-.-... .+..+.-. -.-.+.+.|
Saving 2000000 paths...done.
Autobalance parameters: maxcond=175
Verified: 259890 bad out of 3102153
Estimating maxcond for upper bound 8000000 (=2000000 * 4)...
t=4:  0%   10   20   30   40   50   60   70   80   90   100%
      |----|----|----|----|----|----|----|----|----|----|
e     ***************************************************
Found maxcond = 192
t=4:  0%   10   20   30   40   50   60   70   80   90   100%
      |----|----|----|----|----|----|----|----|----|----|
      ***************************************************
Q-3:	|00100001 10101101 00111111 00101111|
Q-2:	|+1101111 1001100- 00111101 000101+-|
Q-1:	|+0001110 1001100- 01010110 11111+--|
Q0:	|+0111110 +0--010- 00010100 +110010+| ok p=0.359375
Q1:	|-.1..1.. 0.--1..- 0+.0.+.. --..V0+-| ok p=0.994141
Q2:	|+.-V.-.. 0.-.-... -0.-.+.. --..1.-+| ok p=0.525391
Q3:	|-.0..-.. ..-1-..1 +1.-.+.. 0-..+.++| ok p=0.472656
Q4:	|+.1-.-.. ....-... +....... -...+.1.| ok p=0.447266
Q5:	|.+...... -..+.+.. ......+. .-..+.-.|
Saving 2000000 paths...done.
Autobalance parameters: maxcond=191
Verified: 65109 bad out of 3566485
Estimating maxcond for upper bound 8000000 (=2000000 * 4)...
t=5:  0%   10   20   30   40   50   60   70   80   90   100%
      |----|----|----|----|----|----|----|----|----|----|
e     ***************************************************
Found maxcond = 207
t=5:  0%   10   20   30   40   50   60   70   80   90   100%
      |----|----|----|----|----|----|----|----|----|----|
      ***************************************************
Q-3:	|00100001 10101101 00111111 00101111|
Q-2:	|+1101111 1001100- 00111101 000101+-|
Q-1:	|+0001110 1001100- 01010110 11111+--|
Q0:	|+0111110 +0--010- 00010100 +110010+| ok p=0.387695
Q1:	|-.1..1.. 0.--1..- 1+.0.+.. --..V0+-| ok p=0.734375
Q2:	|-.-V.-.. 0.-.-... -1.-.+.. --..0.0-| ok p=0.323242
Q3:	|.V0..-.. V.-1-V.1 +0.-.+.. 0-..+.++| ok p=0.990234
Q4:	|0.1-.-.. ..-.-... +....... -...-.01| ok p=0.819336
Q5:	|.-.0.... -...--.. ...1.1.. +1..-.-1| ok p=0.671875
Q6:	|.-....-. +.+.+... ..+.-.-. ...-...+|
Saving 2000000 paths...done.
Autobalance parameters: maxcond=205
Verified: 36366 bad out of 3781116
Estimating maxcond for upper bound 8000000 (=2000000 * 4)...
t=6:  0%   10   20   30   40   50   60   70   80   90   100%
      |----|----|----|----|----|----|----|----|----|----|
e     ***************************************************
Found maxcond = 222
t=6:  0%   10   20   30   40   50   60   70   80   90   100%
      |----|----|----|----|----|----|----|----|----|----|
      ***************************************************
Q-3:	|00100001 10101101 00111111 00101111|
Q-2:	|+1101111 1001100- 00111101 000101+-|
Q-1:	|+0001110 1001100- 01010110 11111+--|
Q0:	|+0111110 +0--010- 00010100 +110010+| ok p=0.357422
Q1:	|-.1..0.. 0.--1..- 0+..0+.. --..V0+-| ok p=0.68457
Q2:	|-.-.V-.. 0.-.-... -0..--.. --..1.-+| ok p=0.373047
Q3:	|-.-.0+.. .V-0-..1 +1..1-.. 0-..+.++| ok p=0.753906
Q4:	|-.-.--.V ..+.-... +...1+.. -...+.0+| ok p=0.644531
Q5:	|..+.+0.. .-1.-... 0....+.. -0..-.1+| ok p=0.775391
Q6:	|1.+.+1.- .0-..... +....... -...-...| ok p=0.607422
Q7:	|..+.+.-. -...-..+ .+..+..- ..+.-..+|
Saving 2000000 paths...done.
Autobalance parameters: maxcond=221
Verified: 48 bad out of 2866038
Estimating maxcond for upper bound 8000000 (=2000000 * 4)...
t=7:  0%   10   20   30   40   50   60   70   80   90   100%
      |----|----|----|----|----|----|----|----|----|----|
e     ***************************************************
Found maxcond = 235
t=7:  0%   10   20   30   40   50   60   70   80   90   100%
      |----|----|----|----|----|----|----|----|----|----|
      ***************************************************
Q-3:	|00100001 10101101 00111111 00101111|
Q-2:	|+1101111 1001100- 00111101 000101+-|
Q-1:	|+0001110 1001100- 01010110 11111+--|
Q0:	|+0111110 +0--010- 00010100 +110010+| ok p=0.361328
Q1:	|-.1..1.. 0.--1..- 1+.0.+.. --..V0+-| ok p=0.989258
Q2:	|+.-V.-.. 0.-1-... -0.-.+.. --..0.-+| ok p=0.383789
Q3:	|+.1..-.. 1.-1-V.1 +0.-.+.. 0-..+.+1| ok p=0.62207
Q4:	|-.1-.-.. +..-.... +....1.V -...-.-+| ok p=0.81543
Q5:	|-.V1.... 1.0+1-.. ...1.0.. +1..-.--| ok p=0.375
Q6:	|...1.1.. -..0.1.. 1....+.+ 1...-..-| ok p=0.853516
Q7:	|1.-..... 0..1.1.. .....-.0 +.....1.| ok p=0.542969
Q8:	|..-..-.. -.+..-.- ..+.-... +.+.....|
Saving 2000000 paths...done.
Autobalance parameters: maxcond=234
Verified: 53288 bad out of 2597506
Estimating maxcond for upper bound 8000000 (=2000000 * 4)...
t=8:  0%   10   20   30   40   50   60   70   80   90   100%
      |----|----|----|----|----|----|----|----|----|----|
e     ***************************************************
Found maxcond = 249
t=8:  0%   10   20   30   40   50   60   70   80   90   100%
      |----|----|----|----|----|----|----|----|----|----|
      ***************************************************
Q-3:	|00100001 10101101 00111111 00101111|
Q-2:	|+1101111 1001100- 00111101 000101+-|
Q-1:	|+0001110 1001100- 01010110 11111+--|
Q0:	|+0111110 +0--010- 00010100 +110010+| ok p=0.368164
Q1:	|-.1..1.. 0.--1..- 1+.0.+.. --..V0+-| ok p=0.981445
Q2:	|+.-V.-.. 0.-1-... -0.-.+.. --..0.-+| ok p=0.386719
Q3:	|+.1..-.. 1.-1-V.1 +0.-.+.. 0-..+.+1| ok p=0.625977
Q4:	|-.1-.-.. +..-.... +....0.1 -...-.-+| ok p=0.751953
Q5:	|-.V1.0.. 1.0+1-.. ...1.0.0 +1..-.--| ok p=0.324219
Q6:	|..01.1.. -..0.1.. 1....+.+ 0.V.-..-| ok p=0.819336
Q7:	|0.-..+.. 1..0.0.. .....-.+ -.....1.| ok p=0.704102
Q8:	|..+..0.. -....-.. .....-.. -.+.1..1| ok p=0.356445
Q9:	|..-.+... -....-.. +...-.-. +.-.....|
Saving 2000000 paths...done.
Autobalance parameters: maxcond=247
Verified: 16800 bad out of 3561821
Estimating maxcond for upper bound 8000000 (=2000000 * 4)...
t=9:  0%   10   20   30   40   50   60   70   80   90   100%
      |----|----|----|----|----|----|----|----|----|----|
e     ***************************************************
Found maxcond = 261
t=9:  0%   10   20   30   40   50   60   70   80   90   100%
      |----|----|----|----|----|----|----|----|----|----|
      ***************************************************
Q-3:	|00100001 10101101 00111111 00101111|
Q-2:	|+1101111 1001100- 00111101 000101+-|
Q-1:	|+0001110 1001100- 01010110 11111+--|
Q0:	|+0111110 +0--010- 00010100 +110010+| ok p=0.360352
Q1:	|-.1..1.. 0.--1..- 1+.0.+.. --..V0+-| ok p=0.986328
Q2:	|+.-V.-.. 0.-1-... -0.-.+.. --..0.-+| ok p=0.401367
Q3:	|+.1..-.. 1.-1-V.1 +0.-.+.. 0-..+.+1| ok p=0.601562
Q4:	|-.1-.-.. +..-.... +....0.1 -...-.-+| ok p=0.580078
Q5:	|-.11.0.. 1.0+1-.. ...1.0.0 +1..-.--| ok p=0.325195
Q6:	|..01.1.. -..0.1.. 1....+.+ 0.0.-..-| ok p=0.799805
Q7:	|0.-..+.. 1..0.0.. V....-V+ -.1...1.| ok p=0.720703
Q8:	|..+..0.. -....+.. .....-.. -.+.0..0| ok p=0.379883
Q9:	|..-..+.. -....+.. +.....+1 ..-.....| ok p=0.727539
Q10:	|..+..+.. -..+..-. ...-..+. ..-.-...|
Saving 2000000 paths...done.
Autobalance parameters: maxcond=260
Verified: 47586 bad out of 3473960
Estimating maxcond for upper bound 8000000 (=2000000 * 4)...
t=10: 0%   10   20   30   40   50   60   70   80   90   100%
      |----|----|----|----|----|----|----|----|----|----|
e     ***************************************************
Found maxcond = 274
t=10: 0%   10   20   30   40   50   60   70   80   90   100%
      |----|----|----|----|----|----|----|----|----|----|
      ***************************************************
Q-3:	|00100001 10101101 00111111 00101111|
Q-2:	|+1101111 1001100- 00111101 000101+-|
Q-1:	|+0001110 1001100- 01010110 11111+--|
Q0:	|+0111110 +0--010- 00010100 +110010+| ok p=0.357422
Q1:	|-.1..1.. 0.--1..- 1+.0.+.. --..V0+-| ok p=0.974609
Q2:	|+.-V.-.. 0.-1-... -0.-.+.. --..0.-+| ok p=0.383789
Q3:	|+.1..-.. 1.-1-V.1 +0.-.+.. 0-..+.+1| ok p=0.666992
Q4:	|-.1-.-.. +..-.1.. +....1.V -...-.-+| ok p=0.666016
Q5:	|-.11.... 1.0+0-.. ...1.0.. +0..-.--| ok p=0.761719
Q6:	|-.01.1.. -..0.-.V 1....+.+ 1.0.-..-| ok p=0.586914
Q7:	|-.-..1.. 1..0.-.. .....-.1 +.1.+.1.| ok p=0.946289
Q8:	|+.+..-.. -......- .....-.0 -.+.+..0| ok p=0.495117
Q9:	|+.-..1.. -....1.0 .....+.+ +.+.+...| ok p=0.34082
Q10:	|..+..1.. -......1 .....-.+ +.-.....| ok p=0.84082
Q11:	|..+..-.- ..-..... .-...-.. +.-.-...|
Saving 2000000 paths...done.
Autobalance parameters: maxcond=273
Verified: 33686 bad out of 2155693
Runtime: 291.994
Extend MD5 differential paths forward
Copyright (C) 2009 Marc Stevens
http://homepages.cwi.nl/~stevens/

delta_m[11] = [!6!]
Loading workdir7/paths10_0of1...done: 2000000 (work:2000000).
Estimating maxcond for upper bound 2000000 (=500000 * 4)...
t=11: 0%   10   20   30   40   50   60   70   80   90   100%
      |----|----|----|----|----|----|----|----|----|----|
e     ***************************************************
Found maxcond = 286
t=11: 0%   10   20   30   40   50   60   70   80   90   100%
      |----|----|----|----|----|----|----|----|----|----|
      ***************************************************
Q-3:	|00100001 10101101 00111111 00101111|
Q-2:	|+1101111 1001100- 00111101 000101+-|
Q-1:	|+0001110 1001100- 01010110 11111+--|
Q0:	|+0111110 +0--010- 00010100 +110010+| ok p=0.365234
Q1:	|-.1..1.. 0.--1..- 1+.0.+.. --..V0+-| ok p=0.981445
Q2:	|+.-V.-.. 0.-1-... -0.-.+.. --..0.-+| ok p=0.407227
Q3:	|+.1..-.. 1.-1-V.1 +0.-.+.. 0-..+.+1| ok p=0.668945
Q4:	|-.1-.-.. +..-.1.. +....1.V -...-.-+| ok p=0.658203
Q5:	|-.11.... 1.0+0-.. ...1.0.. +0..-.--| ok p=0.732422
Q6:	|-.01.1.. -..0.-.V 1....+.+ 1.0.-..-| ok p=0.624023
Q7:	|-.-..1.. 1..0.-.. .....-.1 +.1.+.1.| ok p=0.967773
Q8:	|+.+..-.. -......- .....-.0 -.+.+..0| ok p=0.539062
Q9:	|+.-..1.V -.V..1.0 .V...+.+ +.+.+...| ok p=0.366211
Q10:	|..+..1.. -......1 .....-.+ +.-.1...| ok p=0.84082
Q11:	|1.+..-.- ..-..... .-...-.. +.-.-...| ok p=0.380859
Q12:	|+..-.+.+ .-..+.-. +....-.. ..+.-..-|
Saving 500000 paths...done.
Autobalance parameters: maxcond=285
Verified: 2668 bad out of 599348
Runtime: 28.4112
