MD5 differential path toolbox
Copyright (C) 2009 Marc Stevens
http://homepages.cwi.nl/~stevens/

IHV1   = {565002031,1043666020,244930299,1872313621}
IHV1   = 2f3fad216414353efb56990e153d996f

IHV2   = {565002031,3196327141,2392348412,4019731734}
IHV2   = 2f3fad21e51484befc56988e163d98ef

dIHV   = {0,2152661121,2147418113,2147418113}
NC0: delta c = delta d = [!-0,31!]
NC0: delta b           = [!-0,-20,-22,31!]
NC1: delta c = delta d = [!16!]
NC1: delta b           = [!-7,16!]
NC0: prob=-9.30292
NC1: prob=-7.62673
delta m_11 = [!6!]
Q-3:	|00100001 10101101 00111111 00101111|
Q-2:	|+1101111 1001100- 00111101 000101+-|
Q-1:	|+0001110 1001100- 01010110 11111+--|
Q0:	|+0111110 +0--010- 00010100 +110010+| ok p=0.558594
Q1:	|+....... .-.+...- .+...+.- .+.....+|
Saved lower diff. path to 'workdir7/lowerpath.bin.gz'.

Q32:	|........ ........ ........ ........|
Q33:	|........ ........ ........ ........|
Q34:	|........ ........ ........ ........|
Q35:	|........ ........ ........ ........| ok p=1
Q36:	|........ ........ ........ ........| ok p=1
Q37:	|........ ........ ........ ........| ok p=1
Q38:	|........ ........ ........ ........| ok p=1
Q39:	|........ ........ ........ ........| ok p=1
Q40:	|........ ........ ........ ........| ok p=1
Q41:	|........ ........ ........ ........| ok p=1
Q42:	|........ ........ ........ ........| ok p=1
Q43:	|........ ........ ........ ........| ok p=1
Q44:	|........ ........ ........ ........| ok p=1
Q45:	|........ ........ ........ ........| ok p=1
Q46:	|........ ........ ........ ........| ok p=1
Q47:	|........ ........ ........ ........| ok p=1
Q48:	|........ ........ ........ ........| ok p=1
Q49:	|........ ........ ........ ........| ok p=1
Q50:	|........ ........ ........ ........| ok p=1
Q51:	|........ ........ ........ ........| ok p=1
Q52:	|........ ........ ........ ........| ok p=1
Q53:	|........ ........ ........ ........| ok p=1
Q54:	|........ ........ ........ ........| ok p=1
Q55:	|........ ........ ........ ........| ok p=1
Q56:	|........ ........ ........ ........| ok p=1
Q57:	|........ ........ ........ ........| ok p=1
Q58:	|........ ........ ........ ........| ok p=1
Q59:	|........ ........ ........ ........| ok p=1
Q60:	|........ .......0 ........ ........| ok p=1
Q61:	|........ .....101 ........ ........| ok p=1
Q62:	|........ .....1.+ ........ ........| ok p=1
Q63:	|........ .....+-- ........ ........| ok p=1
Q64:	|........ .......+ ........ -.......|
Saved upper diff. path to 'workdir7/upperpath.bin.gz'.
Saved 'md5diffpathforward.cfg'.
Saved 'md5diffpathbackward.cfg'.
Saved 'md5diffpathconnect.cfg'.
Saved 'md5diffpathhelper.cfg'.
