Extend MD5 differential paths backward
Copyright (C) 2009 Marc Stevens
http://homepages.cwi.nl/~stevens/

delta_m[11] = [!-26!]
Loading workdir0/upperpath.bin.gz...done: 1.
Estimating maxcond for upper bound 262144 (=65536 * 4)...
t=34: 0%   10   20   30   40   50   60   70   80   90   100%
      |----|----|----|----|----|----|----|----|----|----|
e     ***************************************************
Found maxcond = 2176
t=34: 0%   10   20   30   40   50   60   70   80   90   100%
      |----|----|----|----|----|----|----|----|----|----|
      ***************************************************
Q31:	|.....+.. ........ ........ ........|
Q32:	|........ ........ ........ ........|
Q33:	|........ ........ ........ ........|
Q34:	|........ ........ ........ ........| ok p=1
Q35:	|........ ........ ........ ........| ok p=1
Q36:	|........ ........ ........ ........| ok p=1
Q37:	|........ ........ ........ ........| ok p=1
Q38:	|........ ........ ........ ........| ok p=1
Q39:	|........ ........ ........ ........| ok p=1
Q40:	|........ ........ ........ ........| ok p=1
Q41:	|........ ........ ........ ........| ok p=1
Q42:	|........ ........ ........ ........| ok p=1
Q43:	|........ ........ ........ ........| ok p=1
Q44:	|........ ........ ........ ........| ok p=1
Q45:	|........ ........ ........ ........| ok p=1
Q46:	|........ ........ ........ ........| ok p=1
Q47:	|........ ........ ........ ........| ok p=1
Q48:	|........ ........ ........ ........| ok p=1
Q49:	|........ ........ ........ ........| ok p=1
Q50:	|........ ........ ........ ........| ok p=1
Q51:	|........ ........ ........ ........| ok p=1
Q52:	|........ ........ ........ ........| ok p=1
Q53:	|........ ........ ........ ........| ok p=1
Q54:	|........ ........ ........ ........| ok p=1
Q55:	|........ ........ ........ ........| ok p=1
Q56:	|........ ........ ........ ........| ok p=1
Q57:	|........ ........ ........ ........| ok p=1
Q58:	|........ ........ ........ ........| ok p=1
Q59:	|........ ........ ........ ........| ok p=1
Q60:	|........ ........ ........ ...0....| ok p=1
Q61:	|........ ........ ........ ...0....| ok p=0.982422
Q62:	|........ ........ ........ ...-....| ok p=1
Q63:	|........ ........ ........ ...-....| ok p=0.992188
Q64:	|......+. ........ ........ ...-....|
Saving 1 paths...done.
Autobalance parameters: maxcond=2176
Verified: 0 bad out of 1
Estimating maxcond for upper bound 262144 (=65536 * 4)...
t=33: 0%   10   20   30   40   50   60   70   80   90   100%
      |----|----|----|----|----|----|----|----|----|----|
e     ***************************************************
Found maxcond = 2176
t=33: 0%   10   20   30   40   50   60   70   80   90   100%
      |----|----|----|----|----|----|----|----|----|----|
      ***************************************************
Q30:	|.....-.. ........ ........ ........|
Q31:	|.....+.. ........ ........ ........|
Q32:	|........ ........ ........ ........|
Q33:	|.....^.. ........ ........ ........| ok p=1
Q34:	|........ ........ ........ ........| ok p=1
Q35:	|........ ........ ........ ........| ok p=1
Q36:	|........ ........ ........ ........| ok p=1
Q37:	|........ ........ ........ ........| ok p=1
Q38:	|........ ........ ........ ........| ok p=1
Q39:	|........ ........ ........ ........| ok p=1
Q40:	|........ ........ ........ ........| ok p=1
Q41:	|........ ........ ........ ........| ok p=1
Q42:	|........ ........ ........ ........| ok p=1
Q43:	|........ ........ ........ ........| ok p=1
Q44:	|........ ........ ........ ........| ok p=1
Q45:	|........ ........ ........ ........| ok p=1
Q46:	|........ ........ ........ ........| ok p=1
Q47:	|........ ........ ........ ........| ok p=1
Q48:	|........ ........ ........ ........| ok p=1
Q49:	|........ ........ ........ ........| ok p=1
Q50:	|........ ........ ........ ........| ok p=1
Q51:	|........ ........ ........ ........| ok p=1
Q52:	|........ ........ ........ ........| ok p=1
Q53:	|........ ........ ........ ........| ok p=1
Q54:	|........ ........ ........ ........| ok p=1
Q55:	|........ ........ ........ ........| ok p=1
Q56:	|........ ........ ........ ........| ok p=1
Q57:	|........ ........ ........ ........| ok p=1
Q58:	|........ ........ ........ ........| ok p=1
Q59:	|........ ........ ........ ........| ok p=1
Q60:	|........ ........ ........ ...0....| ok p=1
Q61:	|........ ........ ........ ...0....| ok p=0.986328
Q62:	|........ ........ ........ ...-....| ok p=1
Q63:	|........ ........ ........ ...-....| ok p=0.989258
Q64:	|......+. ........ ........ ...-....|
Saving 190 paths...done.
Autobalance parameters: maxcond=2176
Verified: 0 bad out of 190
Estimating maxcond for upper bound 262144 (=65536 * 4)...
t=32: 0%   10   20   30   40   50   60   70   80   90   100%
      |----|----|----|----|----|----|----|----|----|----|
e     ***************************************************
Found maxcond = 2176
t=32: 0%   10   20   30   40   50   60   70   80   90   100%
      |----|----|----|----|----|----|----|----|----|----|
      ***************************************************
Q29:	|........ ........ ........ ........|
Q30:	|.....-.. ........ ........ ........|
Q31:	|.....+.. ........ ........ ........|
Q32:	|........ ........ ........ ........| ok p=1
Q33:	|.....^.. ........ ........ ........| ok p=1
Q34:	|........ ........ ........ ........| ok p=1
Q35:	|........ ........ ........ ........| ok p=1
Q36:	|........ ........ ........ ........| ok p=1
Q37:	|........ ........ ........ ........| ok p=1
Q38:	|........ ........ ........ ........| ok p=1
Q39:	|........ ........ ........ ........| ok p=1
Q40:	|........ ........ ........ ........| ok p=1
Q41:	|........ ........ ........ ........| ok p=1
Q42:	|........ ........ ........ ........| ok p=1
Q43:	|........ ........ ........ ........| ok p=1
Q44:	|........ ........ ........ ........| ok p=1
Q45:	|........ ........ ........ ........| ok p=1
Q46:	|........ ........ ........ ........| ok p=1
Q47:	|........ ........ ........ ........| ok p=1
Q48:	|........ ........ ........ ........| ok p=1
Q49:	|........ ........ ........ ........| ok p=1
Q50:	|........ ........ ........ ........| ok p=1
Q51:	|........ ........ ........ ........| ok p=1
Q52:	|........ ........ ........ ........| ok p=1
Q53:	|........ ........ ........ ........| ok p=1
Q54:	|........ ........ ........ ........| ok p=1
Q55:	|........ ........ ........ ........| ok p=1
Q56:	|........ ........ ........ ........| ok p=1
Q57:	|........ ........ ........ ........| ok p=1
Q58:	|........ ........ ........ ........| ok p=1
Q59:	|........ ........ ........ ........| ok p=1
Q60:	|........ ........ ........ ...0....| ok p=1
Q61:	|........ ........ ........ ...0....| ok p=0.986328
Q62:	|........ ........ ........ ...-....| ok p=1
Q63:	|........ ........ ........ ...-....| ok p=0.994141
Q64:	|......+. ........ ........ ...-....|
Saving 13462 paths...done.
Autobalance parameters: maxcond=2176
Verified: 0 bad out of 13462
Estimating maxcond for upper bound 262144 (=65536 * 4)...
t=31: 0%   10   20   30   40   50   60   70   80   90   100%
      |----|----|----|----|----|----|----|----|----|----|
e     ***************************************************
Found maxcond = 21
t=31: 0%   10   20   30   40   50   60   70   80   90   100%
      |----|----|----|----|----|----|----|----|----|----|
      ***************************************************
Q28:	|.....-.. ........ ........ .-......|
Q29:	|........ ........ ........ ........|
Q30:	|.....+.. ........ ........ ........|
Q31:	|.....+.. ........ ........ ........| ok p=0.983398
Q32:	|........ ........ ........ ........| ok p=1
Q33:	|.....!.. ........ ........ ........| ok p=1
Q34:	|........ ........ ........ ........| ok p=1
Q35:	|........ ........ ........ ........| ok p=1
Q36:	|........ ........ ........ ........| ok p=1
Q37:	|........ ........ ........ ........| ok p=1
Q38:	|........ ........ ........ ........| ok p=1
Q39:	|........ ........ ........ ........| ok p=1
Q40:	|........ ........ ........ ........| ok p=1
Q41:	|........ ........ ........ ........| ok p=1
Q42:	|........ ........ ........ ........| ok p=1
Q43:	|........ ........ ........ ........| ok p=1
Q44:	|........ ........ ........ ........| ok p=1
Q45:	|........ ........ ........ ........| ok p=1
Q46:	|........ ........ ........ ........| ok p=1
Q47:	|........ ........ ........ ........| ok p=1
Q48:	|........ ........ ........ ........| ok p=1
Q49:	|........ ........ ........ ........| ok p=1
Q50:	|........ ........ ........ ........| ok p=1
Q51:	|........ ........ ........ ........| ok p=1
Q52:	|........ ........ ........ ........| ok p=1
Q53:	|........ ........ ........ ........| ok p=1
Q54:	|........ ........ ........ ........| ok p=1
Q55:	|........ ........ ........ ........| ok p=1
Q56:	|........ ........ ........ ........| ok p=1
Q57:	|........ ........ ........ ........| ok p=1
Q58:	|........ ........ ........ ........| ok p=1
Q59:	|........ ........ ........ ........| ok p=1
Q60:	|........ ........ ........ ...0....| ok p=1
Q61:	|........ ........ ........ ...0....| ok p=0.987305
Q62:	|........ ........ ........ ...-....| ok p=1
Q63:	|........ ........ ........ ...-....| ok p=0.995117
Q64:	|......+. ........ ........ ...-....|
Saving 65536 paths...done.
Autobalance parameters: maxcond=19
Verified: 0 bad out of 103240
Estimating maxcond for upper bound 262144 (=65536 * 4)...
t=30: 0%   10   20   30   40   50   60   70   80   90   100%
      |----|----|----|----|----|----|----|----|----|----|
e     ***************************************************
Found maxcond = 22
t=30: 0%   10   20   30   40   50   60   70   80   90   100%
      |----|----|----|----|----|----|----|----|----|----|
      ***************************************************
Q27:	|........ ........ ..+..... ........|
Q28:	|.....-.. ........ ........ .-......|
Q29:	|.....1.. ........ ........ ........|
Q30:	|.....-.. ........ ........ .^......| ok p=0.961914
Q31:	|.....+.. ........ ........ ........| ok p=0.983398
Q32:	|........ ........ ........ ........| ok p=1
Q33:	|.....^.. ........ ........ ........| ok p=1
Q34:	|........ ........ ........ ........| ok p=1
Q35:	|........ ........ ........ ........| ok p=1
Q36:	|........ ........ ........ ........| ok p=1
Q37:	|........ ........ ........ ........| ok p=1
Q38:	|........ ........ ........ ........| ok p=1
Q39:	|........ ........ ........ ........| ok p=1
Q40:	|........ ........ ........ ........| ok p=1
Q41:	|........ ........ ........ ........| ok p=1
Q42:	|........ ........ ........ ........| ok p=1
Q43:	|........ ........ ........ ........| ok p=1
Q44:	|........ ........ ........ ........| ok p=1
Q45:	|........ ........ ........ ........| ok p=1
Q46:	|........ ........ ........ ........| ok p=1
Q47:	|........ ........ ........ ........| ok p=1
Q48:	|........ ........ ........ ........| ok p=1
Q49:	|........ ........ ........ ........| ok p=1
Q50:	|........ ........ ........ ........| ok p=1
Q51:	|........ ........ ........ ........| ok p=1
Q52:	|........ ........ ........ ........| ok p=1
Q53:	|........ ........ ........ ........| ok p=1
Q54:	|........ ........ ........ ........| ok p=1
Q55:	|........ ........ ........ ........| ok p=1
Q56:	|........ ........ ........ ........| ok p=1
Q57:	|........ ........ ........ ........| ok p=1
Q58:	|........ ........ ........ ........| ok p=1
Q59:	|........ ........ ........ ........| ok p=1
Q60:	|........ ........ ........ ...0....| ok p=1
Q61:	|........ ........ ........ ...0....| ok p=0.983398
Q62:	|........ ........ ........ ...-....| ok p=1
Q63:	|........ ........ ........ ...-....| ok p=0.990234
Q64:	|......+. ........ ........ ...-....|
Saving 65536 paths...done.
Autobalance parameters: maxcond=19
Verified: 0 bad out of 134831
Runtime: 4.41143
Extend MD5 differential paths backward
Copyright (C) 2009 Marc Stevens
http://homepages.cwi.nl/~stevens/

delta_m[11] = [!-26!]
Loading workdir0/paths30_0of1...done: 65536 (work:65536).
Estimating maxcond for upper bound 400000 (=100000 * 4)...
t=29: 0%   10   20   30   40   50   60   70   80   90   100%
      |----|----|----|----|----|----|----|----|----|----|
e     ***************************************************
Found maxcond = 23
t=29: 0%   10   20   30   40   50   60   70   80   90   100%
      |----|----|----|----|----|----|----|----|----|----|
      ***************************************************
Q26:	|.....+.. ......+. ........ ........|
Q27:	|.....-.. ........ ........ .1......|
Q28:	|.....-.. ........ ........ .-......|
Q29:	|.....1.. ........ ........ ........| ok p=0.987305
Q30:	|.....+.. ........ ........ .^......| ok p=1
Q31:	|.....+.. ........ ........ ........| ok p=0.983398
Q32:	|........ ........ ........ ........| ok p=1
Q33:	|.....!.. ........ ........ ........| ok p=1
Q34:	|........ ........ ........ ........| ok p=1
Q35:	|........ ........ ........ ........| ok p=1
Q36:	|........ ........ ........ ........| ok p=1
Q37:	|........ ........ ........ ........| ok p=1
Q38:	|........ ........ ........ ........| ok p=1
Q39:	|........ ........ ........ ........| ok p=1
Q40:	|........ ........ ........ ........| ok p=1
Q41:	|........ ........ ........ ........| ok p=1
Q42:	|........ ........ ........ ........| ok p=1
Q43:	|........ ........ ........ ........| ok p=1
Q44:	|........ ........ ........ ........| ok p=1
Q45:	|........ ........ ........ ........| ok p=1
Q46:	|........ ........ ........ ........| ok p=1
Q47:	|........ ........ ........ ........| ok p=1
Q48:	|........ ........ ........ ........| ok p=1
Q49:	|........ ........ ........ ........| ok p=1
Q50:	|........ ........ ........ ........| ok p=1
Q51:	|........ ........ ........ ........| ok p=1
Q52:	|........ ........ ........ ........| ok p=1
Q53:	|........ ........ ........ ........| ok p=1
Q54:	|........ ........ ........ ........| ok p=1
Q55:	|........ ........ ........ ........| ok p=1
Q56:	|........ ........ ........ ........| ok p=1
Q57:	|........ ........ ........ ........| ok p=1
Q58:	|........ ........ ........ ........| ok p=1
Q59:	|........ ........ ........ ........| ok p=1
Q60:	|........ ........ ........ ...0....| ok p=1
Q61:	|........ ........ ........ ...0....| ok p=0.990234
Q62:	|........ ........ ........ ...-....| ok p=1
Q63:	|........ ........ ........ ...-....| ok p=0.993164
Q64:	|......+. ........ ........ ...-....|
Saving 100000 paths...done.
Autobalance parameters: maxcond=21
Verified: 0 bad out of 158339
Estimating maxcond for upper bound 400000 (=100000 * 4)...
t=28: 0%   10   20   30   40   50   60   70   80   90   100%
      |----|----|----|----|----|----|----|----|----|----|
e     ***************************************************
Found maxcond = 25
t=28: 0%   10   20   30   40   50   60   70   80   90   100%
      |----|----|----|----|----|----|----|----|----|----|
      ***************************************************
Q25:	|.....+.. ..+..... ........ ......+.|
Q26:	|.....+.. ......+. ........ .+......|
Q27:	|.....-.. ........ ........ .0......|
Q28:	|.....-.. ......^. ........ .-......| ok p=0.983398
Q29:	|.....1.. ........ ........ ........| ok p=0.986328
Q30:	|.....+.. ........ ........ .^......| ok p=1
Q31:	|.....+.. ........ ........ ........| ok p=0.991211
Q32:	|........ ........ ........ ........| ok p=1
Q33:	|.....!.. ........ ........ ........| ok p=1
Q34:	|........ ........ ........ ........| ok p=1
Q35:	|........ ........ ........ ........| ok p=1
Q36:	|........ ........ ........ ........| ok p=1
Q37:	|........ ........ ........ ........| ok p=1
Q38:	|........ ........ ........ ........| ok p=1
Q39:	|........ ........ ........ ........| ok p=1
Q40:	|........ ........ ........ ........| ok p=1
Q41:	|........ ........ ........ ........| ok p=1
Q42:	|........ ........ ........ ........| ok p=1
Q43:	|........ ........ ........ ........| ok p=1
Q44:	|........ ........ ........ ........| ok p=1
Q45:	|........ ........ ........ ........| ok p=1
Q46:	|........ ........ ........ ........| ok p=1
Q47:	|........ ........ ........ ........| ok p=1
Q48:	|........ ........ ........ ........| ok p=1
Q49:	|........ ........ ........ ........| ok p=1
Q50:	|........ ........ ........ ........| ok p=1
Q51:	|........ ........ ........ ........| ok p=1
Q52:	|........ ........ ........ ........| ok p=1
Q53:	|........ ........ ........ ........| ok p=1
Q54:	|........ ........ ........ ........| ok p=1
Q55:	|........ ........ ........ ........| ok p=1
Q56:	|........ ........ ........ ........| ok p=1
Q57:	|........ ........ ........ ........| ok p=1
Q58:	|........ ........ ........ ........| ok p=1
Q59:	|........ ........ ........ ........| ok p=1
Q60:	|........ ........ ........ ...0....| ok p=1
Q61:	|........ ........ ........ ...0....| ok p=0.989258
Q62:	|........ ........ ........ ...-....| ok p=1
Q63:	|........ ........ ........ ...-....| ok p=0.993164
Q64:	|......+. ........ ........ ...-....|
Saving 100000 paths...done.
Autobalance parameters: maxcond=23
Verified: 0 bad out of 166425
Estimating maxcond for upper bound 400000 (=100000 * 4)...
t=27: 0%   10   20   30   40   50   60   70   80   90   100%
      |----|----|----|----|----|----|----|----|----|----|
e     ***************************************************
Found maxcond = 28
t=27: 0%   10   20   30   40   50   60   70   80   90   100%
      |----|----|----|----|----|----|----|----|----|----|
      ***************************************************
Q24:	|........ .....-.. ........ .-......|
Q25:	|........ ..+...1. ........ ......+.|
Q26:	|.....0.. ......+. ........ .0......|
Q27:	|.....1.. ..^..... ........ .1....^.| ok p=0.980469
Q28:	|.....-.. ......^. ........ .-......| ok p=0.988281
Q29:	|.....0.. ........ ........ ........| ok p=0.981445
Q30:	|.....+.. ........ ........ .^......| ok p=1
Q31:	|.....+.. ........ ........ ........| ok p=0.977539
Q32:	|........ ........ ........ ........| ok p=1
Q33:	|.....!.. ........ ........ ........| ok p=1
Q34:	|........ ........ ........ ........| ok p=1
Q35:	|........ ........ ........ ........| ok p=1
Q36:	|........ ........ ........ ........| ok p=1
Q37:	|........ ........ ........ ........| ok p=1
Q38:	|........ ........ ........ ........| ok p=1
Q39:	|........ ........ ........ ........| ok p=1
Q40:	|........ ........ ........ ........| ok p=1
Q41:	|........ ........ ........ ........| ok p=1
Q42:	|........ ........ ........ ........| ok p=1
Q43:	|........ ........ ........ ........| ok p=1
Q44:	|........ ........ ........ ........| ok p=1
Q45:	|........ ........ ........ ........| ok p=1
Q46:	|........ ........ ........ ........| ok p=1
Q47:	|........ ........ ........ ........| ok p=1
Q48:	|........ ........ ........ ........| ok p=1
Q49:	|........ ........ ........ ........| ok p=1
Q50:	|........ ........ ........ ........| ok p=1
Q51:	|........ ........ ........ ........| ok p=1
Q52:	|........ ........ ........ ........| ok p=1
Q53:	|........ ........ ........ ........| ok p=1
Q54:	|........ ........ ........ ........| ok p=1
Q55:	|........ ........ ........ ........| ok p=1
Q56:	|........ ........ ........ ........| ok p=1
Q57:	|........ ........ ........ ........| ok p=1
Q58:	|........ ........ ........ ........| ok p=1
Q59:	|........ ........ ........ ........| ok p=1
Q60:	|........ ........ ........ ...0....| ok p=1
Q61:	|........ ........ ........ ...0....| ok p=0.979492
Q62:	|........ ........ ........ ...-....| ok p=1
Q63:	|........ ........ ........ ...-....| ok p=0.987305
Q64:	|......+. ........ ........ ...-....|
Saving 100000 paths...done.
Autobalance parameters: maxcond=26
Verified: 0 bad out of 173747
Estimating maxcond for upper bound 400000 (=100000 * 4)...
t=26: 0%   10   20   30   40   50   60   70   80   90   100%
      |----|----|----|----|----|----|----|----|----|----|
e     ***************************************************
Found maxcond = 31
t=26: 0%   10   20   30   40   50   60   70   80   90   100%
      |----|----|----|----|----|----|----|----|----|----|
      ***************************************************
Q23:	|......-. ........ ........ .-..-...|
Q24:	|........ ..1...-. ........ .-....1.|
Q25:	|........ ..+...0. ........ .+....+.|
Q26:	|.....0.. ......+. ........ .+......| ok p=0.993164
Q27:	|.....1.. ..^..... ........ .-....^.| ok p=0.977539
Q28:	|.....-.. ......^. ........ .-......| ok p=0.981445
Q29:	|.....0.. ........ ........ .1......| ok p=0.989258
Q30:	|.....+.. ........ ........ .0......| ok p=1
Q31:	|.....+.. ........ ........ ........| ok p=0.987305
Q32:	|........ ........ ........ ........| ok p=1
Q33:	|.....!.. ........ ........ ........| ok p=1
Q34:	|........ ........ ........ ........| ok p=1
Q35:	|........ ........ ........ ........| ok p=1
Q36:	|........ ........ ........ ........| ok p=1
Q37:	|........ ........ ........ ........| ok p=1
Q38:	|........ ........ ........ ........| ok p=1
Q39:	|........ ........ ........ ........| ok p=1
Q40:	|........ ........ ........ ........| ok p=1
Q41:	|........ ........ ........ ........| ok p=1
Q42:	|........ ........ ........ ........| ok p=1
Q43:	|........ ........ ........ ........| ok p=1
Q44:	|........ ........ ........ ........| ok p=1
Q45:	|........ ........ ........ ........| ok p=1
Q46:	|........ ........ ........ ........| ok p=1
Q47:	|........ ........ ........ ........| ok p=1
Q48:	|........ ........ ........ ........| ok p=1
Q49:	|........ ........ ........ ........| ok p=1
Q50:	|........ ........ ........ ........| ok p=1
Q51:	|........ ........ ........ ........| ok p=1
Q52:	|........ ........ ........ ........| ok p=1
Q53:	|........ ........ ........ ........| ok p=1
Q54:	|........ ........ ........ ........| ok p=1
Q55:	|........ ........ ........ ........| ok p=1
Q56:	|........ ........ ........ ........| ok p=1
Q57:	|........ ........ ........ ........| ok p=1
Q58:	|........ ........ ........ ........| ok p=1
Q59:	|........ ........ ........ ........| ok p=1
Q60:	|........ ........ ........ ...0....| ok p=1
Q61:	|........ ........ ........ ...0....| ok p=0.983398
Q62:	|........ ........ ........ ...-....| ok p=1
Q63:	|........ ........ ........ ...-....| ok p=0.995117
Q64:	|......+. ........ ........ ...-....|
Saving 100000 paths...done.
Autobalance parameters: maxcond=29
Verified: 0 bad out of 164474
Estimating maxcond for upper bound 400000 (=100000 * 4)...
t=25: 0%   10   20   30   40   50   60   70   80   90   100%
      |----|----|----|----|----|----|----|----|----|----|
e     ***************************************************
Found maxcond = 36
t=25: 0%   10   20   30   40   50   60   70   80   90   100%
      |----|----|----|----|----|----|----|----|----|----|
      ***************************************************
Q22:	|.......- ........ ...-...+ ........|
Q23:	|......-. ..0..... ........ .-..-.0.|
Q24:	|........ ..1...0. ........ .-....1.|
Q25:	|......^. ..+...1. ........ .+..^.+.| ok p=0.992188
Q26:	|.....0.. ......+. ........ .+......| ok p=0.986328
Q27:	|.....1.. ..^..... ........ .-....^.| ok p=0.977539
Q28:	|.....-.. ......^. ........ .-......| ok p=0.983398
Q29:	|.....0.. ........ ........ .1......| ok p=0.986328
Q30:	|.....+.. ........ ........ .0......| ok p=1
Q31:	|.....+.. ........ ........ ........| ok p=0.983398
Q32:	|........ ........ ........ ........| ok p=1
Q33:	|.....!.. ........ ........ ........| ok p=1
Q34:	|........ ........ ........ ........| ok p=1
Q35:	|........ ........ ........ ........| ok p=1
Q36:	|........ ........ ........ ........| ok p=1
Q37:	|........ ........ ........ ........| ok p=1
Q38:	|........ ........ ........ ........| ok p=1
Q39:	|........ ........ ........ ........| ok p=1
Q40:	|........ ........ ........ ........| ok p=1
Q41:	|........ ........ ........ ........| ok p=1
Q42:	|........ ........ ........ ........| ok p=1
Q43:	|........ ........ ........ ........| ok p=1
Q44:	|........ ........ ........ ........| ok p=1
Q45:	|........ ........ ........ ........| ok p=1
Q46:	|........ ........ ........ ........| ok p=1
Q47:	|........ ........ ........ ........| ok p=1
Q48:	|........ ........ ........ ........| ok p=1
Q49:	|........ ........ ........ ........| ok p=1
Q50:	|........ ........ ........ ........| ok p=1
Q51:	|........ ........ ........ ........| ok p=1
Q52:	|........ ........ ........ ........| ok p=1
Q53:	|........ ........ ........ ........| ok p=1
Q54:	|........ ........ ........ ........| ok p=1
Q55:	|........ ........ ........ ........| ok p=1
Q56:	|........ ........ ........ ........| ok p=1
Q57:	|........ ........ ........ ........| ok p=1
Q58:	|........ ........ ........ ........| ok p=1
Q59:	|........ ........ ........ ........| ok p=1
Q60:	|........ ........ ........ ...0....| ok p=1
Q61:	|........ ........ ........ ...0....| ok p=0.990234
Q62:	|........ ........ ........ ...-....| ok p=1
Q63:	|........ ........ ........ ...-....| ok p=0.993164
Q64:	|......+. ........ ........ ...-....|
Saving 100000 paths...done.
Autobalance parameters: maxcond=35
Verified: 0 bad out of 133076
Estimating maxcond for upper bound 400000 (=100000 * 4)...
t=24: 0%   10   20   30   40   50   60   70   80   90   100%
      |----|----|----|----|----|----|----|----|----|----|
e     ***************************************************
Found maxcond = 44
t=24: 0%   10   20   30   40   50   60   70   80   90   100%
      |----|----|----|----|----|----|----|----|----|----|
      ***************************************************
Q21:	|...+.... .....+.- ..+..... .+...+..|
Q22:	|......1- ........ ...-.... ....1...|
Q23:	|......-. ..0...-. ........ .-..-.0.|
Q24:	|.......^ ..1...-. ...^.... .-....1.| ok p=0.805664
Q25:	|......^. ..+...+. ........ .+..^.+.| ok p=0.990234
Q26:	|.....0.. ......+. ........ .+......| ok p=0.994141
Q27:	|.....1.. ..^...1. ........ .-....^.| ok p=0.981445
Q28:	|.....-.. ......0. ........ .-......| ok p=0.983398
Q29:	|.....0.. ........ ........ .1......| ok p=0.987305
Q30:	|.....+.. ........ ........ .0......| ok p=1
Q31:	|.....+.. ........ ........ ........| ok p=0.988281
Q32:	|........ ........ ........ ........| ok p=1
Q33:	|.....!.. ........ ........ ........| ok p=1
Q34:	|........ ........ ........ ........| ok p=1
Q35:	|........ ........ ........ ........| ok p=1
Q36:	|........ ........ ........ ........| ok p=1
Q37:	|........ ........ ........ ........| ok p=1
Q38:	|........ ........ ........ ........| ok p=1
Q39:	|........ ........ ........ ........| ok p=1
Q40:	|........ ........ ........ ........| ok p=1
Q41:	|........ ........ ........ ........| ok p=1
Q42:	|........ ........ ........ ........| ok p=1
Q43:	|........ ........ ........ ........| ok p=1
Q44:	|........ ........ ........ ........| ok p=1
Q45:	|........ ........ ........ ........| ok p=1
Q46:	|........ ........ ........ ........| ok p=1
Q47:	|........ ........ ........ ........| ok p=1
Q48:	|........ ........ ........ ........| ok p=1
Q49:	|........ ........ ........ ........| ok p=1
Q50:	|........ ........ ........ ........| ok p=1
Q51:	|........ ........ ........ ........| ok p=1
Q52:	|........ ........ ........ ........| ok p=1
Q53:	|........ ........ ........ ........| ok p=1
Q54:	|........ ........ ........ ........| ok p=1
Q55:	|........ ........ ........ ........| ok p=1
Q56:	|........ ........ ........ ........| ok p=1
Q57:	|........ ........ ........ ........| ok p=1
Q58:	|........ ........ ........ ........| ok p=1
Q59:	|........ ........ ........ ........| ok p=1
Q60:	|........ ........ ........ ...0....| ok p=1
Q61:	|........ ........ ........ ...0....| ok p=0.983398
Q62:	|........ ........ ........ ...-....| ok p=1
Q63:	|........ ........ ........ ...-....| ok p=0.994141
Q64:	|......+. ........ ........ ...-....|
Saving 100000 paths...done.
Autobalance parameters: maxcond=43
Verified: 0 bad out of 131747
Estimating maxcond for upper bound 400000 (=100000 * 4)...
t=23: 0%   10   20   30   40   50   60   70   80   90   100%
      |----|----|----|----|----|----|----|----|----|----|
e     ***************************************************
Found maxcond = 53
t=23: 0%   10   20   30   40   50   60   70   80   90   100%
      |----|----|----|----|----|----|----|----|----|----|
      ***************************************************
Q20:	|........ ..+..... +....... .....+..|
Q21:	|..1+...1 ........ ...1...1 ....0...|
Q22:	|..-....- ..-..... ...-...+ ....1...|
Q23:	|...^.... ..-..... ........ ....-.0.| ok p=0.996094
Q24:	|..^....^ ..+...0. ...^...^ .0....1.| ok p=0.813477
Q25:	|........ ..+...1. ........ ....^.+.| ok p=0.861328
Q26:	|.....0.. ..1...+. ........ 0-......| ok p=1
Q27:	|.....1.. ..0..... ........ 1-....^.| ok p=0.979492
Q28:	|.....-.. ......^. ........ -+......| ok p=0.985352
Q29:	|.....0.. ........ ........ .0......| ok p=0.993164
Q30:	|.....+.. ........ ........ ^1......| ok p=1
Q31:	|.....+.. ........ ........ ........| ok p=0.984375
Q32:	|........ ........ ........ ........| ok p=1
Q33:	|.....!.. ........ ........ ........| ok p=1
Q34:	|........ ........ ........ ........| ok p=1
Q35:	|........ ........ ........ ........| ok p=1
Q36:	|........ ........ ........ ........| ok p=1
Q37:	|........ ........ ........ ........| ok p=1
Q38:	|........ ........ ........ ........| ok p=1
Q39:	|........ ........ ........ ........| ok p=1
Q40:	|........ ........ ........ ........| ok p=1
Q41:	|........ ........ ........ ........| ok p=1
Q42:	|........ ........ ........ ........| ok p=1
Q43:	|........ ........ ........ ........| ok p=1
Q44:	|........ ........ ........ ........| ok p=1
Q45:	|........ ........ ........ ........| ok p=1
Q46:	|........ ........ ........ ........| ok p=1
Q47:	|........ ........ ........ ........| ok p=1
Q48:	|........ ........ ........ ........| ok p=1
Q49:	|........ ........ ........ ........| ok p=1
Q50:	|........ ........ ........ ........| ok p=1
Q51:	|........ ........ ........ ........| ok p=1
Q52:	|........ ........ ........ ........| ok p=1
Q53:	|........ ........ ........ ........| ok p=1
Q54:	|........ ........ ........ ........| ok p=1
Q55:	|........ ........ ........ ........| ok p=1
Q56:	|........ ........ ........ ........| ok p=1
Q57:	|........ ........ ........ ........| ok p=1
Q58:	|........ ........ ........ ........| ok p=1
Q59:	|........ ........ ........ ........| ok p=1
Q60:	|........ ........ ........ ...0....| ok p=1
Q61:	|........ ........ ........ ...0....| ok p=0.985352
Q62:	|........ ........ ........ ...-....| ok p=1
Q63:	|........ ........ ........ ...-....| ok p=0.994141
Q64:	|......+. ........ ........ ...-....|
Saving 100000 paths...done.
Autobalance parameters: maxcond=52
Verified: 0 bad out of 105236
Estimating maxcond for upper bound 400000 (=100000 * 4)...
t=22: 0%   10   20   30   40   50   60   70   80   90   100%
      |----|----|----|----|----|----|----|----|----|----|
e     ***************************************************
Found maxcond = 60
t=22: 0%   10   20   30   40   50   60   70   80   90   100%
      |----|----|----|----|----|----|----|----|----|----|
      ***************************************************
Q19:	|.+...-.. ..-..... +....+.. ........|
Q20:	|..01...+ .......1 +..+...0 ........|
Q21:	|..1+...0 .......+ ...0...1 ....0...|
Q22:	|..-....- ........ ^..-...+ ....1...| ok p=0.657227
Q23:	|...^.... ..0....^ ........ ....-.0.| ok p=1
Q24:	|..^....^ ..1...0. ...^...^ .0....1.| ok p=0.81543
Q25:	|........ ..+...1. ........ ....^.+.| ok p=0.854492
Q26:	|.....0.. ......+. ........ 0-......| ok p=1
Q27:	|.....1.. ..^..... ........ 1-....^.| ok p=0.989258
Q28:	|.....-.. ......^. ........ -+......| ok p=0.982422
Q29:	|.....0.. ........ ........ .0......| ok p=0.978516
Q30:	|.....+.. ........ ........ ^1......| ok p=1
Q31:	|.....+.. ........ ........ ........| ok p=0.984375
Q32:	|........ ........ ........ ........| ok p=1
Q33:	|.....!.. ........ ........ ........| ok p=1
Q34:	|........ ........ ........ ........| ok p=1
Q35:	|........ ........ ........ ........| ok p=1
Q36:	|........ ........ ........ ........| ok p=1
Q37:	|........ ........ ........ ........| ok p=1
Q38:	|........ ........ ........ ........| ok p=1
Q39:	|........ ........ ........ ........| ok p=1
Q40:	|........ ........ ........ ........| ok p=1
Q41:	|........ ........ ........ ........| ok p=1
Q42:	|........ ........ ........ ........| ok p=1
Q43:	|........ ........ ........ ........| ok p=1
Q44:	|........ ........ ........ ........| ok p=1
Q45:	|........ ........ ........ ........| ok p=1
Q46:	|........ ........ ........ ........| ok p=1
Q47:	|........ ........ ........ ........| ok p=1
Q48:	|........ ........ ........ ........| ok p=1
Q49:	|........ ........ ........ ........| ok p=1
Q50:	|........ ........ ........ ........| ok p=1
Q51:	|........ ........ ........ ........| ok p=1
Q52:	|........ ........ ........ ........| ok p=1
Q53:	|........ ........ ........ ........| ok p=1
Q54:	|........ ........ ........ ........| ok p=1
Q55:	|........ ........ ........ ........| ok p=1
Q56:	|........ ........ ........ ........| ok p=1
Q57:	|........ ........ ........ ........| ok p=1
Q58:	|........ ........ ........ ........| ok p=1
Q59:	|........ ........ ........ ........| ok p=1
Q60:	|........ ........ ........ ...0....| ok p=1
Q61:	|........ ........ ........ ...0....| ok p=0.987305
Q62:	|........ ........ ........ ...-....| ok p=1
Q63:	|........ ........ ........ ...-....| ok p=0.990234
Q64:	|......+. ........ ........ ...-....|
Saving 100000 paths...done.
Autobalance parameters: maxcond=59
Verified: 0 bad out of 118688
Estimating maxcond for upper bound 400000 (=100000 * 4)...
t=21: 0%   10   20   30   40   50   60   70   80   90   100%
      |----|----|----|----|----|----|----|----|----|----|
e     ***************************************************
Found maxcond = 71
t=21: 0%   10   20   30   40   50   60   70   80   90   100%
      |----|----|----|----|----|----|----|----|----|----|
      ***************************************************
Q18:	|+..-.... ..-.+... -....... -...-...|
Q19:	|..++.-.. ..-....0 1....+.. ........|
Q20:	|..+0...0 .......1 +..0...0 ........|
Q21:	|..0+.^.1 ..^....+ 0..1.^.1 ....0...| ok p=0.363281
Q22:	|..-....- ........ 1..-...+ ....1...| ok p=0.647461
Q23:	|...^.... ..0....^ ........ ....-.0.| ok p=1
Q24:	|..^....^ ..1...0. ...^...^ .0....1.| ok p=0.802734
Q25:	|........ ..+...1. ........ ....^.+.| ok p=0.884766
Q26:	|.....0.. ......+. ........ 0-......| ok p=1
Q27:	|.....1.. ..^..... ........ 1-....^.| ok p=0.986328
Q28:	|.....-.. ......^. ........ -+......| ok p=0.982422
Q29:	|.....0.. ........ ........ .0......| ok p=0.986328
Q30:	|.....+.. ........ ........ ^1......| ok p=1
Q31:	|.....+.. ........ ........ ........| ok p=0.988281
Q32:	|........ ........ ........ ........| ok p=1
Q33:	|.....!.. ........ ........ ........| ok p=1
Q34:	|........ ........ ........ ........| ok p=1
Q35:	|........ ........ ........ ........| ok p=1
Q36:	|........ ........ ........ ........| ok p=1
Q37:	|........ ........ ........ ........| ok p=1
Q38:	|........ ........ ........ ........| ok p=1
Q39:	|........ ........ ........ ........| ok p=1
Q40:	|........ ........ ........ ........| ok p=1
Q41:	|........ ........ ........ ........| ok p=1
Q42:	|........ ........ ........ ........| ok p=1
Q43:	|........ ........ ........ ........| ok p=1
Q44:	|........ ........ ........ ........| ok p=1
Q45:	|........ ........ ........ ........| ok p=1
Q46:	|........ ........ ........ ........| ok p=1
Q47:	|........ ........ ........ ........| ok p=1
Q48:	|........ ........ ........ ........| ok p=1
Q49:	|........ ........ ........ ........| ok p=1
Q50:	|........ ........ ........ ........| ok p=1
Q51:	|........ ........ ........ ........| ok p=1
Q52:	|........ ........ ........ ........| ok p=1
Q53:	|........ ........ ........ ........| ok p=1
Q54:	|........ ........ ........ ........| ok p=1
Q55:	|........ ........ ........ ........| ok p=1
Q56:	|........ ........ ........ ........| ok p=1
Q57:	|........ ........ ........ ........| ok p=1
Q58:	|........ ........ ........ ........| ok p=1
Q59:	|........ ........ ........ ........| ok p=1
Q60:	|........ ........ ........ ...0....| ok p=1
Q61:	|........ ........ ........ ...0....| ok p=0.983398
Q62:	|........ ........ ........ ...-....| ok p=1
Q63:	|........ ........ ........ ...-....| ok p=0.995117
Q64:	|......+. ........ ........ ...-....|
Saving 100000 paths...done.
Autobalance parameters: maxcond=70
Verified: 0 bad out of 153081
Runtime: 18.0154
Extend MD5 differential paths backward
Copyright (C) 2009 Marc Stevens
http://homepages.cwi.nl/~stevens/

delta_m[11] = [!-26!]
Loading workdir0/paths21_0of1...done: 100000 (work:100000).
Estimating maxcond for upper bound 65536 (=16384 * 4)...
t=20: 0%   10   20   30   40   50   60   70   80   90   100%
      |----|----|----|----|----|----|----|----|----|----|
e     ***************************************************
Found maxcond = 84
t=20: 0%   10   20   30   40   50   60   70   80   90   100%
      |----|----|----|----|----|----|----|----|----|----|
      ***************************************************
Q17:	|.-.+.... -....... -....+.+ ...+....|
Q18:	|...-.1.. ..-.+... -....1.. -...-...|
Q19:	|..++.-.. ..-....0 +....+.- ........|
Q20:	|..+0...0 ..0.^..1 +..0...- ^...^...| ok p=0.844727
Q21:	|..0+.^.1 ..^....+ 0..1.^.+ ....0...| ok p=0.795898
Q22:	|..-....- ........ ^..-...+ ....1...| ok p=0.675781
Q23:	|...^.... ..0....^ .......1 ....-.0.| ok p=1
Q24:	|..^....^ ..1...0. ...^...0 .0....1.| ok p=0.819336
Q25:	|........ ..+...1. ........ ....^.+.| ok p=0.881836
Q26:	|.....0.. ......+. ........ 0-......| ok p=1
Q27:	|.....1.. ..^..... ........ 1-....^.| ok p=0.983398
Q28:	|.....-.. ......^. ........ -+......| ok p=0.983398
Q29:	|.....0.. ........ ........ .0......| ok p=0.978516
Q30:	|.....+.. ........ ........ ^1......| ok p=1
Q31:	|.....+.. ........ ........ ........| ok p=0.982422
Q32:	|........ ........ ........ ........| ok p=1
Q33:	|.....!.. ........ ........ ........| ok p=1
Q34:	|........ ........ ........ ........| ok p=1
Q35:	|........ ........ ........ ........| ok p=1
Q36:	|........ ........ ........ ........| ok p=1
Q37:	|........ ........ ........ ........| ok p=1
Q38:	|........ ........ ........ ........| ok p=1
Q39:	|........ ........ ........ ........| ok p=1
Q40:	|........ ........ ........ ........| ok p=1
Q41:	|........ ........ ........ ........| ok p=1
Q42:	|........ ........ ........ ........| ok p=1
Q43:	|........ ........ ........ ........| ok p=1
Q44:	|........ ........ ........ ........| ok p=1
Q45:	|........ ........ ........ ........| ok p=1
Q46:	|........ ........ ........ ........| ok p=1
Q47:	|........ ........ ........ ........| ok p=1
Q48:	|........ ........ ........ ........| ok p=1
Q49:	|........ ........ ........ ........| ok p=1
Q50:	|........ ........ ........ ........| ok p=1
Q51:	|........ ........ ........ ........| ok p=1
Q52:	|........ ........ ........ ........| ok p=1
Q53:	|........ ........ ........ ........| ok p=1
Q54:	|........ ........ ........ ........| ok p=1
Q55:	|........ ........ ........ ........| ok p=1
Q56:	|........ ........ ........ ........| ok p=1
Q57:	|........ ........ ........ ........| ok p=1
Q58:	|........ ........ ........ ........| ok p=1
Q59:	|........ ........ ........ ........| ok p=1
Q60:	|........ ........ ........ ...0....| ok p=1
Q61:	|........ ........ ........ ...0....| ok p=0.986328
Q62:	|........ ........ ........ ...-....| ok p=1
Q63:	|........ ........ ........ ...-....| ok p=0.989258
Q64:	|......+. ........ ........ ...-....|
Saving 16384 paths...done.
Autobalance parameters: maxcond=83
Verified: 0 bad out of 27668
Runtime: 4.10187
Extend MD5 differential paths backward
Copyright (C) 2009 Marc Stevens
http://homepages.cwi.nl/~stevens/

delta_m[11] = [!-26!]
Loading workdir0/paths20_0of1...done: 16384 (work:16384).
Estimating maxcond for upper bound 2000000 (=500000 * 4)...
t=19: 0%   10   20   30   40   50   60   70   80   90   100%
      |----|----|----|----|----|----|----|----|----|----|
e     ***************************************************
Found maxcond = 95
t=19: 0%   10   20   30   40   50   60   70   80   90   100%
      |----|----|----|----|----|----|----|----|----|----|
      ***************************************************
Q16:	|.-.+.... ..-..... +....-.. .+....+.|
Q17:	|.....0.. +...1... .....+.. 1...1...|
Q18:	|.+...1.. ..-.+... -....1.. -...-...|
Q19:	|.+.0.-.. ^.-....0 -....+.. ........| ok p=0.535156
Q20:	|.001...0 ..0.^..0 +..0...0 ^...^...| ok p=1
Q21:	|.11+.^.1 ..^....+ 1..1.^.1 ....0...| ok p=0.410156
Q22:	|..-....- ........ ^..-...+ ....1...| ok p=0.644531
Q23:	|...^.... ..0....^ ........ ....-.0.| ok p=1
Q24:	|..^....^ ..1...0. ...^...^ .0....1.| ok p=0.831055
Q25:	|........ ..+...1. ........ ....^.+.| ok p=0.875
Q26:	|.....0.. ......+. ........ 0-......| ok p=1
Q27:	|.....1.. ..^..... ........ 1-....^.| ok p=0.980469
Q28:	|.....-.. ......^. ........ -+......| ok p=0.984375
Q29:	|.....0.. ........ ........ .0......| ok p=0.979492
Q30:	|.....+.. ........ ........ ^1......| ok p=1
Q31:	|.....+.. ........ ........ ........| ok p=0.986328
Q32:	|........ ........ ........ ........| ok p=1
Q33:	|.....!.. ........ ........ ........| ok p=1
Q34:	|........ ........ ........ ........| ok p=1
Q35:	|........ ........ ........ ........| ok p=1
Q36:	|........ ........ ........ ........| ok p=1
Q37:	|........ ........ ........ ........| ok p=1
Q38:	|........ ........ ........ ........| ok p=1
Q39:	|........ ........ ........ ........| ok p=1
Q40:	|........ ........ ........ ........| ok p=1
Q41:	|........ ........ ........ ........| ok p=1
Q42:	|........ ........ ........ ........| ok p=1
Q43:	|........ ........ ........ ........| ok p=1
Q44:	|........ ........ ........ ........| ok p=1
Q45:	|........ ........ ........ ........| ok p=1
Q46:	|........ ........ ........ ........| ok p=1
Q47:	|........ ........ ........ ........| ok p=1
Q48:	|........ ........ ........ ........| ok p=1
Q49:	|........ ........ ........ ........| ok p=1
Q50:	|........ ........ ........ ........| ok p=1
Q51:	|........ ........ ........ ........| ok p=1
Q52:	|........ ........ ........ ........| ok p=1
Q53:	|........ ........ ........ ........| ok p=1
Q54:	|........ ........ ........ ........| ok p=1
Q55:	|........ ........ ........ ........| ok p=1
Q56:	|........ ........ ........ ........| ok p=1
Q57:	|........ ........ ........ ........| ok p=1
Q58:	|........ ........ ........ ........| ok p=1
Q59:	|........ ........ ........ ........| ok p=1
Q60:	|........ ........ ........ ...0....| ok p=1
Q61:	|........ ........ ........ ...0....| ok p=0.987305
Q62:	|........ ........ ........ ...-....| ok p=1
Q63:	|........ ........ ........ ...-....| ok p=0.988281
Q64:	|......+. ........ ........ ...-....|
Saving 500000 paths...done.
Autobalance parameters: maxcond=93
Verified: 16 bad out of 854814
Estimating maxcond for upper bound 2000000 (=500000 * 4)...
t=18: 0%   10   20   30   40   50   60   70   80   90   100%
      |----|----|----|----|----|----|----|----|----|----|
e     ***************************************************
Found maxcond = 106
t=18: 0%   10   20   30   40   50   60   70   80   90   100%
      |----|----|----|----|----|----|----|----|----|----|
      ***************************************************
Q15:	|..+.-.-. ..+...-. +..-.... ..-..+..|
Q16:	|.+...... 1.-.0... .....-.. ++..0.+.|
Q17:	|.0...0.. +.+.1... -....+.. 0...1...|
Q18:	|.-...1.. ..-.+... -....1.. -^..-.^.| ok p=0.487305
Q19:	|.+.0.-.. ^.-....0 +....+.. ........| ok p=0.751953
Q20:	|.101...0 ..1.^..1 +..0...0 ^...^...| ok p=1
Q21:	|.01+.^.1 ..^....+ 0..1.^.1 ....0...| ok p=0.394531
Q22:	|..-....- ........ ^..-...+ ....1...| ok p=0.661133
Q23:	|...^.... ..0....^ ........ ....-.0.| ok p=1
Q24:	|..^....^ ..1...0. ...^...^ .0....1.| ok p=0.8125
Q25:	|........ ..+...1. ........ ....^.+.| ok p=0.867188
Q26:	|.....0.. ......+. ........ 0-......| ok p=1
Q27:	|.....1.. ..^..... ........ 1-....^.| ok p=0.979492
Q28:	|.....-.. ......^. ........ -+......| ok p=0.979492
Q29:	|.....0.. ........ ........ .0......| ok p=0.989258
Q30:	|.....+.. ........ ........ ^1......| ok p=1
Q31:	|.....+.. ........ ........ ........| ok p=0.982422
Q32:	|........ ........ ........ ........| ok p=1
Q33:	|.....!.. ........ ........ ........| ok p=1
Q34:	|........ ........ ........ ........| ok p=1
Q35:	|........ ........ ........ ........| ok p=1
Q36:	|........ ........ ........ ........| ok p=1
Q37:	|........ ........ ........ ........| ok p=1
Q38:	|........ ........ ........ ........| ok p=1
Q39:	|........ ........ ........ ........| ok p=1
Q40:	|........ ........ ........ ........| ok p=1
Q41:	|........ ........ ........ ........| ok p=1
Q42:	|........ ........ ........ ........| ok p=1
Q43:	|........ ........ ........ ........| ok p=1
Q44:	|........ ........ ........ ........| ok p=1
Q45:	|........ ........ ........ ........| ok p=1
Q46:	|........ ........ ........ ........| ok p=1
Q47:	|........ ........ ........ ........| ok p=1
Q48:	|........ ........ ........ ........| ok p=1
Q49:	|........ ........ ........ ........| ok p=1
Q50:	|........ ........ ........ ........| ok p=1
Q51:	|........ ........ ........ ........| ok p=1
Q52:	|........ ........ ........ ........| ok p=1
Q53:	|........ ........ ........ ........| ok p=1
Q54:	|........ ........ ........ ........| ok p=1
Q55:	|........ ........ ........ ........| ok p=1
Q56:	|........ ........ ........ ........| ok p=1
Q57:	|........ ........ ........ ........| ok p=1
Q58:	|........ ........ ........ ........| ok p=1
Q59:	|........ ........ ........ ........| ok p=1
Q60:	|........ ........ ........ ...0....| ok p=1
Q61:	|........ ........ ........ ...0....| ok p=0.989258
Q62:	|........ ........ ........ ...-....| ok p=1
Q63:	|........ ........ ........ ...-....| ok p=0.992188
Q64:	|......+. ........ ........ ...-....|
Saving 500000 paths...done.
Autobalance parameters: maxcond=105
Verified: 0 bad out of 565101
Estimating maxcond for upper bound 2000000 (=500000 * 4)...
t=17: 0%   10   20   30   40   50   60   70   80   90   100%
      |----|----|----|----|----|----|----|----|----|----|
e     ***************************************************
Found maxcond = 124
t=17: 0%   10   20   30   40   50   60   70   80   90   100%
      |----|----|----|----|----|----|----|----|----|----|
      ***************************************************
Q14:	|.-...-.. ..+.+... ..+..+.. .-......|
Q15:	|..+..++. .+...... -..-.... .1-...1.|
Q16:	|0.01.0.. .1-.0... +....... 0-..0.+.|
Q17:	|1.-..0^. .--.1... 1..^.0.. 0.^.1...| ok p=0.392578
Q18:	|-.-+.1.. ..-.+... -....0.. -^..-.^.| ok p=0.708008
Q19:	|..++.-.. .^-....0 -....+.. ........| ok p=0.629883
Q20:	|^.+0...0 ..1.^..0 +..0...0 ^...^...| ok p=0.838867
Q21:	|..0+.^.1 ..^....+ 1..1.^.1 ....0...| ok p=0.357422
Q22:	|..-....- ........ ^..-...+ ....1...| ok p=0.65332
Q23:	|...^.... ..0....^ ........ ....-.0.| ok p=1
Q24:	|..^....^ ..1...0. ...^...^ .0....1.| ok p=0.799805
Q25:	|........ ..+...1. ........ ....^.+.| ok p=0.890625
Q26:	|.....0.. ......+. ........ 0-......| ok p=1
Q27:	|.....1.. ..^..... ........ 1-....^.| ok p=0.988281
Q28:	|.....-.. ......^. ........ -+......| ok p=0.979492
Q29:	|.....0.. ........ ........ .0......| ok p=0.981445
Q30:	|.....+.. ........ ........ ^1......| ok p=1
Q31:	|.....+.. ........ ........ ........| ok p=0.984375
Q32:	|........ ........ ........ ........| ok p=1
Q33:	|.....!.. ........ ........ ........| ok p=1
Q34:	|........ ........ ........ ........| ok p=1
Q35:	|........ ........ ........ ........| ok p=1
Q36:	|........ ........ ........ ........| ok p=1
Q37:	|........ ........ ........ ........| ok p=1
Q38:	|........ ........ ........ ........| ok p=1
Q39:	|........ ........ ........ ........| ok p=1
Q40:	|........ ........ ........ ........| ok p=1
Q41:	|........ ........ ........ ........| ok p=1
Q42:	|........ ........ ........ ........| ok p=1
Q43:	|........ ........ ........ ........| ok p=1
Q44:	|........ ........ ........ ........| ok p=1
Q45:	|........ ........ ........ ........| ok p=1
Q46:	|........ ........ ........ ........| ok p=1
Q47:	|........ ........ ........ ........| ok p=1
Q48:	|........ ........ ........ ........| ok p=1
Q49:	|........ ........ ........ ........| ok p=1
Q50:	|........ ........ ........ ........| ok p=1
Q51:	|........ ........ ........ ........| ok p=1
Q52:	|........ ........ ........ ........| ok p=1
Q53:	|........ ........ ........ ........| ok p=1
Q54:	|........ ........ ........ ........| ok p=1
Q55:	|........ ........ ........ ........| ok p=1
Q56:	|........ ........ ........ ........| ok p=1
Q57:	|........ ........ ........ ........| ok p=1
Q58:	|........ ........ ........ ........| ok p=1
Q59:	|........ ........ ........ ........| ok p=1
Q60:	|........ ........ ........ ...0....| ok p=1
Q61:	|........ ........ ........ ...0....| ok p=0.981445
Q62:	|........ ........ ........ ...-....| ok p=1
Q63:	|........ ........ ........ ...-....| ok p=0.996094
Q64:	|......+. ........ ........ ...-....|
Saving 500000 paths...done.
Autobalance parameters: maxcond=122
Verified: 6416 bad out of 973579
Estimating maxcond for upper bound 2000000 (=500000 * 4)...
t=16: 0%   10   20   30   40   50   60   70   80   90   100%
      |----|----|----|----|----|----|----|----|----|----|
e     ***************************************************
Found maxcond = 136
t=16: 0%   10   20   30   40   50   60   70   80   90   100%
      |----|----|----|----|----|----|----|----|----|----|
      ***************************************************
Q13:	|.+.-..-. ....+.-. -....... ..+..-..|
Q14:	|...1.-1. ..+..... -..+.+.. .01.....|
Q15:	|.-.+.++. 0.+..... +..-.1.. .1-...+.|
Q16:	|.-...0.. 1.-.0... 0..1.-.. 0+..0.+.| ok p=0.719727
Q17:	|.1.^.0^. +.+.1... -..0.0.. 1.^.1.0.| ok p=0.503906
Q18:	|.+...1.. ..-.+... -....0.. -^..-.1.| ok p=0.900391
Q19:	|.+.0.-.. ^.-....0 +....+.. ........| ok p=0.739258
Q20:	|.001...0 ..1.^..1 +..0...0 ^...^...| ok p=1
Q21:	|.11+.^.1 ..^....+ 0..1.^.1 ....0...| ok p=0.371094
Q22:	|..-....- ........ ^..-...+ ....1...| ok p=0.665039
Q23:	|...^.... ..0....^ ........ ....-.0.| ok p=1
Q24:	|..^....^ ..1...0. ...^...^ .0....1.| ok p=0.803711
Q25:	|........ ..+...1. ........ ....^.+.| ok p=0.858398
Q26:	|.....0.. ......+. ........ 0-......| ok p=1
Q27:	|.....1.. ..^..... ........ 1-....^.| ok p=0.982422
Q28:	|.....-.. ......^. ........ -+......| ok p=0.976562
Q29:	|.....0.. ........ ........ .0......| ok p=0.979492
Q30:	|.....+.. ........ ........ ^1......| ok p=1
Q31:	|.....+.. ........ ........ ........| ok p=0.983398
Q32:	|........ ........ ........ ........| ok p=1
Q33:	|.....!.. ........ ........ ........| ok p=1
Q34:	|........ ........ ........ ........| ok p=1
Q35:	|........ ........ ........ ........| ok p=1
Q36:	|........ ........ ........ ........| ok p=1
Q37:	|........ ........ ........ ........| ok p=1
Q38:	|........ ........ ........ ........| ok p=1
Q39:	|........ ........ ........ ........| ok p=1
Q40:	|........ ........ ........ ........| ok p=1
Q41:	|........ ........ ........ ........| ok p=1
Q42:	|........ ........ ........ ........| ok p=1
Q43:	|........ ........ ........ ........| ok p=1
Q44:	|........ ........ ........ ........| ok p=1
Q45:	|........ ........ ........ ........| ok p=1
Q46:	|........ ........ ........ ........| ok p=1
Q47:	|........ ........ ........ ........| ok p=1
Q48:	|........ ........ ........ ........| ok p=1
Q49:	|........ ........ ........ ........| ok p=1
Q50:	|........ ........ ........ ........| ok p=1
Q51:	|........ ........ ........ ........| ok p=1
Q52:	|........ ........ ........ ........| ok p=1
Q53:	|........ ........ ........ ........| ok p=1
Q54:	|........ ........ ........ ........| ok p=1
Q55:	|........ ........ ........ ........| ok p=1
Q56:	|........ ........ ........ ........| ok p=1
Q57:	|........ ........ ........ ........| ok p=1
Q58:	|........ ........ ........ ........| ok p=1
Q59:	|........ ........ ........ ........| ok p=1
Q60:	|........ ........ ........ ...0....| ok p=1
Q61:	|........ ........ ........ ...0....| ok p=0.987305
Q62:	|........ ........ ........ ...-....| ok p=1
Q63:	|........ ........ ........ ...-....| ok p=0.992188
Q64:	|......+. ........ ........ ...-....|
Saving 500000 paths...done.
Autobalance parameters: maxcond=135
Verified: 0 bad out of 668184
Runtime: 65.8223
