Connect MD5 differential paths
Copyright (C) 2009 Marc Stevens
http://homepages.cwi.nl/~stevens/

delta_m[11] = [!-26!]
Loading workdir0/paths16_0of1.bin.gz...done: 500000.
Loading workdir0/paths11_0of1.bin.gz...done: 500000.
t=12: 0%   10   20   30   40   50   60   70   80   90   100%
      |----|----|----|----|----|----|----|----|----|----|
      *Q-3:	|10011110 01000001 10011100 01111111|
Q-2:	|-0000+11 0010--++ 001011+1 1-1+110+|
Q-1:	|-011+-10 110-+01- 00+----0 0-1+001+|
Q0:	|0+1-01+1 0+101++0 01-0++10 1+1+1100| ok p=0.4375
Q1:	|0+.+1++. .-.+110- 0.-1--1+ .1..+.-1| ok p=1
Q2:	|.0000++. .1.-.11+ +0..+0.0 .+.0+.+-| ok p=1
Q3:	|.-.+0.+. .+.-...+ 110.--.1 .-..-.0-| ok p=1
Q4:	|!0.1-0.. .-!+^..- 10..+-.+ .+1.+.+.| ok p=1
Q5:	|11.1-.0. .-.0-..1 .0..+0.0 .10.1.11| ok p=1
Q6:	|01..0... ...001.+ .+..-1.1 .0..0.-.| ok p=1
Q7:	|110.-.^. .1..10^- .-..++.. ......1.| ok p=1
Q8:	|0+0.+.+. ..!..-+- .-..01.. ......+.| ok p=1
Q9:	|1+-.+.0. .....10- .-..01.. ..!.0.-1| ok p=1
Q10:	|0.-.+.10 0011.00- 0-....00 .10.11-1| ok p=1
Q11:	|11.10..1 1101.0.- 1...1010 0110-1--| ok p=1
Q12:	|10000^.- ----^-^- -01.01-+ 1-+1--0+| ok p=1
Q13:	|--.--+01 ++---+-- +.00+++- --+-++10| ok p=1
Q14:	|10.11001 10+.0101 -.+01010 0-0101-0| ok p=1
Q15:	|1-^+1++. -0+00110 +.0-1100 10-010+.| ok p=0.820312
Q16:	|.-...1.. -.-.0... 0.0..-.. 0+..0.+.| ok p=0.701172
Q17:	|.1.^.0^. +.+.1... -..^.+.. 1.^.1.0.| ok p=0.507812
Q18:	|.+...1.. 0.-.+... -....1.. -^..-.1.| ok p=0.904297
Q19:	|.+.0.-.. 1.-....0 +....+.. ........| ok p=0.75
Q20:	|.001...0 ..1.^..1 +..0...0 ^...^...| ok p=1
Q21:	|.11+.^.1 ..1....+ 0..1.^.1 ....0...| ok p=0.375
Q22:	|..-....- ........ 0..-...+ ....1...| ok p=0.668945
Q23:	|...^.... ..0....^ ........ ....-.0.| ok p=1
Q24:	|..^....^ ..1...0. ...^...^ .0....1.| ok p=0.824219
Q25:	|........ ..+...1. ........ ....^.+.| ok p=0.869141
Q26:	|.....0.. ......+. ........ 0-......| ok p=1
Q27:	|.....1.. ..^..... ........ 1-....^.| ok p=0.983398
Q28:	|.....-.. ......^. ........ -+......| ok p=0.986328
Q29:	|.....0.. ........ ........ .0......| ok p=0.987305
Q30:	|.....+.. ........ ........ ^1......| ok p=1
Q31:	|.....+.. ........ ........ ........| ok p=0.975586
Q32:	|........ ........ ........ ........| ok p=1
Q33:	|.....!.. ........ ........ ........| ok p=1
Q34:	|........ ........ ........ ........| ok p=1
Q35:	|........ ........ ........ ........| ok p=1
Q36:	|........ ........ ........ ........| ok p=1
Q37:	|........ ........ ........ ........| ok p=1
Q38:	|........ ........ ........ ........| ok p=1
Q39:	|........ ........ ........ ........| ok p=1
Q40:	|........ ........ ........ ........| ok p=1
Q41:	|........ ........ ........ ........| ok p=1
Q42:	|........ ........ ........ ........| ok p=1
Q43:	|........ ........ ........ ........| ok p=1
Q44:	|........ ........ ........ ........| ok p=1
Q45:	|........ ........ ........ ........| ok p=1
Q46:	|........ ........ ........ ........| ok p=1
Q47:	|........ ........ ........ ........| ok p=1
Q48:	|........ ........ ........ ........| ok p=1
Q49:	|........ ........ ........ ........| ok p=1
Q50:	|........ ........ ........ ........| ok p=1
Q51:	|........ ........ ........ ........| ok p=1
Q52:	|........ ........ ........ ........| ok p=1
Q53:	|........ ........ ........ ........| ok p=1
Q54:	|........ ........ ........ ........| ok p=1
Q55:	|........ ........ ........ ........| ok p=1
Q56:	|........ ........ ........ ........| ok p=1
Q57:	|........ ........ ........ ........| ok p=1
Q58:	|........ ........ ........ ........| ok p=1
Q59:	|........ ........ ........ ........| ok p=1
Q60:	|........ ........ ........ ...0....| ok p=1
Q61:	|........ ........ ........ ...0....| ok p=0.982422
Q62:	|........ ........ ........ ...-....| ok p=1
Q63:	|........ ........ ........ ...-....| ok p=0.995117
Q64:	|......+. ........ ........ ...-....|
Best path: totcompl=-26 tottunnel=33, totcond=564, p=0.015741
Q-3:	|10011110 01000001 10011100 01111111|
Q-2:	|-0000+11 0010--++ 001011+1 1-1+110+|
Q-1:	|-011+-10 110-+01- 00+----0 0-1+001+|
Q0:	|0+1-01+1 0+101++0 01-0++10 1+1+1100| ok p=0.424805
Q1:	|0+.+1++. .-.+110- 0.-1--1+ .1..+.-1| ok p=0.869141
Q2:	|.0.00++. .1.-.11+ +0..+0.0 .+.0+.+-| ok p=1
Q3:	|.-^+0.+. .+.-...+ 110.--.1 .-..-.0-| ok p=1
Q4:	|!0.1-0.. .-!+^..- 10..+-.+ .+1.+.+.| ok p=1
Q5:	|.1.1-.0. .-.0-..1 .0..+0.0 .10.1.11| ok p=1
Q6:	|.1!.0... ...001.+ .+..-1.1 .0..0.-.| ok p=1
Q7:	|110!-.^. .1..10^- .-..++.. ......1.| ok p=1
Q8:	|0+0.+.+. ..!..-+- .-..01.. ......+.| ok p=1
Q9:	|1+-.+.0. .....10- .-..01.. ..!.0.-1| ok p=1
Q10:	|0.-.+.10 0011.00- 0-....00 .11.11-1| ok p=1
Q11:	|11.10..1 1101.0.- 1...1010 0001-1--| ok p=1
Q12:	|10000^.- ----^-^- -01.01-+ 1-+0--0+| ok p=1
Q13:	|--.--+01 ++---+-- +.00+++- --+-++10| ok p=1
Q14:	|10.11001 10+.0101 -.+01010 0-0101-0| ok p=1
Q15:	|1-^+1++. -0+00110 +.0-1100 10-010+.| ok p=0.816406
Q16:	|.-...1.. -.-.0... 0.0..-.. 0+..0.+.| ok p=0.702148
Q17:	|.1.^.0^. +.+.1... -..^.+.. 1.^.1.0.| ok p=0.507812
Q18:	|.+...1.. 0.-.+... -....1.. -^..-.1.| ok p=0.889648
Q19:	|.+.0.-.. 1.-....0 +....+.. ........| ok p=0.740234
Q20:	|.001...0 ..1.^..1 +..0...0 ^...^...| ok p=1
Q21:	|.11+.^.1 ..1....+ 0..1.^.1 ....0...| ok p=0.385742
Q22:	|..-....- ........ 0..-...+ ....1...| ok p=0.670898
Q23:	|...^.... ..0....^ ........ ....-.0.| ok p=1
Q24:	|..^....^ ..1...0. ...^...^ .0....1.| ok p=0.817383
Q25:	|........ ..+...1. ........ ....^.+.| ok p=0.876953
Q26:	|.....0.. ......+. ........ 0-......| ok p=1
Q27:	|.....1.. ..^..... ........ 1-....^.| ok p=0.988281
Q28:	|.....-.. ......^. ........ -+......| ok p=0.987305
Q29:	|.....0.. ........ ........ .0......| ok p=0.988281
Q30:	|.....+.. ........ ........ ^1......| ok p=1
Q31:	|.....+.. ........ ........ ........| ok p=0.980469
Q32:	|........ ........ ........ ........| ok p=1
Q33:	|.....!.. ........ ........ ........| ok p=1
Q34:	|........ ........ ........ ........| ok p=1
Q35:	|........ ........ ........ ........| ok p=1
Q36:	|........ ........ ........ ........| ok p=1
Q37:	|........ ........ ........ ........| ok p=1
Q38:	|........ ........ ........ ........| ok p=1
Q39:	|........ ........ ........ ........| ok p=1
Q40:	|........ ........ ........ ........| ok p=1
Q41:	|........ ........ ........ ........| ok p=1
Q42:	|........ ........ ........ ........| ok p=1
Q43:	|........ ........ ........ ........| ok p=1
Q44:	|........ ........ ........ ........| ok p=1
Q45:	|........ ........ ........ ........| ok p=1
Q46:	|........ ........ ........ ........| ok p=1
Q47:	|........ ........ ........ ........| ok p=1
Q48:	|........ ........ ........ ........| ok p=1
Q49:	|........ ........ ........ ........| ok p=1
Q50:	|........ ........ ........ ........| ok p=1
Q51:	|........ ........ ........ ........| ok p=1
Q52:	|........ ........ ........ ........| ok p=1
Q53:	|........ ........ ........ ........| ok p=1
Q54:	|........ ........ ........ ........| ok p=1
Q55:	|........ ........ ........ ........| ok p=1
Q56:	|........ ........ ........ ........| ok p=1
Q57:	|........ ........ ........ ........| ok p=1
Q58:	|........ ........ ........ ........| ok p=1
Q59:	|........ ........ ........ ........| ok p=1
Q60:	|........ ........ ........ ...0....| ok p=1
Q61:	|........ ........ ........ ...0....| ok p=0.991211
Q62:	|........ ........ ........ ...-....| ok p=1
Q63:	|........ ........ ........ ...-....| ok p=0.986328
Q64:	|......+. ........ ........ ...-....|
Best path: totcompl=-25 tottunnel=34, totcond=564, p=0.011855
Q-3:	|10011110 01000001 10011100 01111111|
Q-2:	|-0000+11 0010--++ 001011+1 1-1+110+|
Q-1:	|-011+-10 110-+01- 00+----0 0-1+001+|
Q0:	|0+1-01+1 0+101++0 01-0++10 1+1+1100| ok p=0.4375
Q1:	|0+.+1++. .-.+110- 0.-1--1+ .1..+.-1| ok p=1
Q2:	|.0000++. .1.-.11+ +0..+0.0 .+.0+.+-| ok p=1
Q3:	|.-.+0.+. .+.-...+ 110.--.1 .-..-.0-| ok p=1
Q4:	|!0.1-0.. .-!+^..- 10..+-.+ .+1.+.+.| ok p=1
Q5:	|.101-.0. .-.0-..1 .0..+0.0 .10.1.11| ok p=1
Q6:	|.11.0... ...001.+ .+..-1.1 .0..0.-.| ok p=1
Q7:	|110.-.^. .1..10^- .-..++.. ......1.| ok p=1
Q8:	|0+0.+.+. ...!.-+- .-..01.. ......+.| ok p=1
Q9:	|1+-.+.0. .....10- .-..01.. ..!.0.-1| ok p=1
Q10:	|0.-.+.10 0011.00- 0-....00 ..1.11-1| ok p=1
Q11:	|11.10..1 1101.0.- 1...1010 0100-1--| ok p=1
Q12:	|10000^.- ----^-^- -01.01-+ 11-1--0+| ok p=1
Q13:	|--.--+01 ++---+-- +.00+++- --+-++10| ok p=1
Q14:	|10.11001 10+.0101 -.+01010 0-0101-0| ok p=1
Q15:	|1-^+1++. -0+00110 +.0-1100 10-010+.| ok p=0.823242
Q16:	|.-...1.. -.-.0... 0.0..-.. 0+..0.+.| ok p=0.663086
Q17:	|.1.^.0^. +.+.1... -..^.+.. 1.^.1.0.| ok p=0.540039
Q18:	|.+...1.. 0.-.+... -....1.. -^..-.1.| ok p=0.889648
Q19:	|.+.0.-.. 1.-....0 +....+.. ........| ok p=0.729492
Q20:	|.001...0 ..1.^..1 +..0...0 ^...^...| ok p=1
Q21:	|.11+.^.1 ..1....+ 0..1.^.1 ....0...| ok p=0.361328
Q22:	|..-....- ........ 0..-...+ ....1...| ok p=0.662109
Q23:	|...^.... ..0....^ ........ ....-.0.| ok p=1
Q24:	|..^....^ ..1...0. ...^...^ .0....1.| ok p=0.806641
Q25:	|........ ..+...1. ........ ....^.+.| ok p=0.875977
Q26:	|.....0.. ......+. ........ 0-......| ok p=1
Q27:	|.....1.. ..^..... ........ 1-....^.| ok p=0.984375
Q28:	|.....-.. ......^. ........ -+......| ok p=0.986328
Q29:	|.....0.. ........ ........ .0......| ok p=0.987305
Q30:	|.....+.. ........ ........ ^1......| ok p=1
Q31:	|.....+.. ........ ........ ........| ok p=0.980469
Q32:	|........ ........ ........ ........| ok p=1
Q33:	|.....!.. ........ ........ ........| ok p=1
Q34:	|........ ........ ........ ........| ok p=1
Q35:	|........ ........ ........ ........| ok p=1
Q36:	|........ ........ ........ ........| ok p=1
Q37:	|........ ........ ........ ........| ok p=1
Q38:	|........ ........ ........ ........| ok p=1
Q39:	|........ ........ ........ ........| ok p=1
Q40:	|........ ........ ........ ........| ok p=1
Q41:	|........ ........ ........ ........| ok p=1
Q42:	|........ ........ ........ ........| ok p=1
Q43:	|........ ........ ........ ........| ok p=1
Q44:	|........ ........ ........ ........| ok p=1
Q45:	|........ ........ ........ ........| ok p=1
Q46:	|........ ........ ........ ........| ok p=1
Q47:	|........ ........ ........ ........| ok p=1
Q48:	|........ ........ ........ ........| ok p=1
Q49:	|........ ........ ........ ........| ok p=1
Q50:	|........ ........ ........ ........| ok p=1
Q51:	|........ ........ ........ ........| ok p=1
Q52:	|........ ........ ........ ........| ok p=1
Q53:	|........ ........ ........ ........| ok p=1
Q54:	|........ ........ ........ ........| ok p=1
Q55:	|........ ........ ........ ........| ok p=1
Q56:	|........ ........ ........ ........| ok p=1
Q57:	|........ ........ ........ ........| ok p=1
Q58:	|........ ........ ........ ........| ok p=1
Q59:	|........ ........ ........ ........| ok p=1
Q60:	|........ ........ ........ ...0....| ok p=1
Q61:	|........ ........ ........ ...0....| ok p=0.988281
Q62:	|........ ........ ........ ...-....| ok p=1
Q63:	|........ ........ ........ ...-....| ok p=0.994141
Q64:	|......+. ........ ........ ...-....|
Best path: totcompl=-25 tottunnel=34, totcond=563, p=0.0152101
Best paths: 2
Q-3:	|10011110 01000001 10011100 01111111|
Q-2:	|-0000+11 0010--++ 001011+1 1-1+110+|
Q-1:	|-011+-10 110-+01- 00+----0 0-1+001+|
Q0:	|0+1-01+1 0+101++0 01-0++10 1+1+1100| ok p=0.436523
Q1:	|0+.+1++. .-.+110- 0.-1--1+ .1..+.-1| ok p=1
Q2:	|.0000++. .1.-.11+ +0..+0.0 .+.0+.+-| ok p=1
Q3:	|.-.+0.+. .+.-...+ 110.--.1 .-..-.0-| ok p=1
Q4:	|!0.1-0.. .-!+^..- 10..+-.+ .+1.+.+.| ok p=1
Q5:	|.1.1-.0. .-.0-..1 .0..+0.0 .10.1.11| ok p=1
Q6:	|.1!.0... ...001.+ .+..-1.1 .0..0.-.| ok p=1
Q7:	|.10!-.^. .1..10^- .-..++.. ......1.| ok p=1
Q8:	|!+0.+.+. ..!..-+- .-..01.. ......+.| ok p=1
Q9:	|!+-.+.0. .....10- .-..01.. ..!.0.-1| ok p=1
Q10:	|!0-.+.10 0011.00- 0-....00 ..1.11-1| ok p=1
Q11:	|11.10..1 1101.0.- 1....110 0100-1--| ok p=1
Q12:	|10000^.- ----^-^- -01.^0-+ 11-1--0+| ok p=1
Q13:	|--.--+01 ++---+-- +.00+++- --+-++10| ok p=1
Q14:	|10.11001 10+.0101 -.+01010 0-0101-0| ok p=1
Q15:	|1-^+1++. -0+00110 +.0-1100 10-010+.| ok p=0.839844
Q16:	|.-...1.. -.-.0... 0.0..-.. 0+..0.+.| ok p=0.689453
Q17:	|.1.^.0^. +.+.1... -..^.+.. 1.^.1.0.| ok p=0.508789
Q18:	|.+...1.. 0.-.+... -....1.. -^..-.1.| ok p=0.90332
Q19:	|.+.0.-.. 1.-....0 +....+.. ........| ok p=0.750977
Q20:	|.001...0 ..1.^..1 +..0...0 ^...^...| ok p=1
Q21:	|.11+.^.1 ..1....+ 0..1.^.1 ....0...| ok p=0.349609
Q22:	|..-....- ........ 0..-...+ ....1...| ok p=0.665039
Q23:	|...^.... ..0....^ ........ ....-.0.| ok p=1
Q24:	|..^....^ ..1...0. ...^...^ .0....1.| ok p=0.805664
Q25:	|........ ..+...1. ........ ....^.+.| ok p=0.871094
Q26:	|.....0.. ......+. ........ 0-......| ok p=1
Q27:	|.....1.. ..^..... ........ 1-....^.| ok p=0.981445
Q28:	|.....-.. ......^. ........ -+......| ok p=0.991211
Q29:	|.....0.. ........ ........ .0......| ok p=0.989258
Q30:	|.....+.. ........ ........ ^1......| ok p=1
Q31:	|.....+.. ........ ........ ........| ok p=0.985352
Q32:	|........ ........ ........ ........| ok p=1
Q33:	|.....!.. ........ ........ ........| ok p=1
Q34:	|........ ........ ........ ........| ok p=1
Q35:	|........ ........ ........ ........| ok p=1
Q36:	|........ ........ ........ ........| ok p=1
Q37:	|........ ........ ........ ........| ok p=1
Q38:	|........ ........ ........ ........| ok p=1
Q39:	|........ ........ ........ ........| ok p=1
Q40:	|........ ........ ........ ........| ok p=1
Q41:	|........ ........ ........ ........| ok p=1
Q42:	|........ ........ ........ ........| ok p=1
Q43:	|........ ........ ........ ........| ok p=1
Q44:	|........ ........ ........ ........| ok p=1
Q45:	|........ ........ ........ ........| ok p=1
Q46:	|........ ........ ........ ........| ok p=1
Q47:	|........ ........ ........ ........| ok p=1
Q48:	|........ ........ ........ ........| ok p=1
Q49:	|........ ........ ........ ........| ok p=1
Q50:	|........ ........ ........ ........| ok p=1
Q51:	|........ ........ ........ ........| ok p=1
Q52:	|........ ........ ........ ........| ok p=1
Q53:	|........ ........ ........ ........| ok p=1
Q54:	|........ ........ ........ ........| ok p=1
Q55:	|........ ........ ........ ........| ok p=1
Q56:	|........ ........ ........ ........| ok p=1
Q57:	|........ ........ ........ ........| ok p=1
Q58:	|........ ........ ........ ........| ok p=1
Q59:	|........ ........ ........ ........| ok p=1
Q60:	|........ ........ ........ ...0....| ok p=1
Q61:	|........ ........ ........ ...0....| ok p=0.990234
Q62:	|........ ........ ........ ...-....| ok p=1
Q63:	|........ ........ ........ ...-....| ok p=0.985352
Q64:	|......+. ........ ........ ...-....|
Best path: totcompl=-25 tottunnel=34, totcond=562, p=0.0134713
Best paths: 2
Best paths: 4
Q-3:	|10011110 01000001 10011100 01111111|
Q-2:	|-0000+11 0010--++ 001011+1 1-1+110+|
Q-1:	|-011+-10 110-+01- 00+----0 0-1+001+|
Q0:	|0+1-01+1 0+101++0 01-0++10 1+1+1100| ok p=0.428711
Q1:	|0+.+1++. .-.+110- 0.-1--1+ .1..+.-1| ok p=0.875
Q2:	|.0.00++. .1.-.11+ +0..+0.0 .+.0+.+-| ok p=1
Q3:	|!-.+0.+. .+.-...+ 110.--.1 .-..-.0-| ok p=1
Q4:	|!0.1-0.. .-!+^..- 10..+-.+ .+1.+.+.| ok p=1
Q5:	|.111-.0. .-.0-..1 .0..+0.0 .10.1.11| ok p=1
Q6:	|..0.0... ...001.+ .+..-1.1 .0..0.-.| ok p=1
Q7:	|.^1.-.^. .1..10^- .-..++.. ......1.| ok p=1
Q8:	|!+1.+.+. ...!.-+- .-..01.. ......+.| ok p=1
Q9:	|.0+.+.0. .....10- .-..01.. ..!.0.-1| ok p=1
Q10:	|01-.+.10 0011.00- 0-....00 ..1.11-1| ok p=1
Q11:	|11110..1 1101.0.- 1....110 0100-1--| ok p=1
Q12:	|10000^.- ----^-^- -01.^0-+ 11-1--0+| ok p=1
Q13:	|--.--+01 ++---+-- +.00+++- --+-++10| ok p=1
Q14:	|10011001 10+.0101 -.+01010 0-0101-0| ok p=1
Q15:	|1-.+1++. -0+00110 +.0-1100 10-010+.| ok p=0.829102
Q16:	|.-...1.. -.-.0... 0.0..-.. 0+..0.+.| ok p=0.706055
Q17:	|.1.^.0^. +.+.1... -..^.+.. 1.^.1.0.| ok p=0.515625
Q18:	|.+...1.. 0.-.+... -....1.. -^..-.1.| ok p=0.904297
Q19:	|.+.0.-.. 1.-....0 +....+.. ........| ok p=0.745117
Q20:	|.001...0 ..1.^..1 +..0...0 ^...^...| ok p=1
Q21:	|.11+.^.1 ..1....+ 0..1.^.1 ....0...| ok p=0.384766
Q22:	|..-....- ........ 0..-...+ ....1...| ok p=0.654297
Q23:	|...^.... ..0....^ ........ ....-.0.| ok p=1
Q24:	|..^....^ ..1...0. ...^...^ .0....1.| ok p=0.810547
Q25:	|........ ..+...1. ........ ....^.+.| ok p=0.87207
Q26:	|.....0.. ......+. ........ 0-......| ok p=1
Q27:	|.....1.. ..^..... ........ 1-....^.| ok p=0.984375
Q28:	|.....-.. ......^. ........ -+......| ok p=0.990234
Q29:	|.....0.. ........ ........ .0......| ok p=0.987305
Q30:	|.....+.. ........ ........ ^1......| ok p=1
Q31:	|.....+.. ........ ........ ........| ok p=0.980469
Q32:	|........ ........ ........ ........| ok p=1
Q33:	|.....!.. ........ ........ ........| ok p=1
Q34:	|........ ........ ........ ........| ok p=1
Q35:	|........ ........ ........ ........| ok p=1
Q36:	|........ ........ ........ ........| ok p=1
Q37:	|........ ........ ........ ........| ok p=1
Q38:	|........ ........ ........ ........| ok p=1
Q39:	|........ ........ ........ ........| ok p=1
Q40:	|........ ........ ........ ........| ok p=1
Q41:	|........ ........ ........ ........| ok p=1
Q42:	|........ ........ ........ ........| ok p=1
Q43:	|........ ........ ........ ........| ok p=1
Q44:	|........ ........ ........ ........| ok p=1
Q45:	|........ ........ ........ ........| ok p=1
Q46:	|........ ........ ........ ........| ok p=1
Q47:	|........ ........ ........ ........| ok p=1
Q48:	|........ ........ ........ ........| ok p=1
Q49:	|........ ........ ........ ........| ok p=1
Q50:	|........ ........ ........ ........| ok p=1
Q51:	|........ ........ ........ ........| ok p=1
Q52:	|........ ........ ........ ........| ok p=1
Q53:	|........ ........ ........ ........| ok p=1
Q54:	|........ ........ ........ ........| ok p=1
Q55:	|........ ........ ........ ........| ok p=1
Q56:	|........ ........ ........ ........| ok p=1
Q57:	|........ ........ ........ ........| ok p=1
Q58:	|........ ........ ........ ........| ok p=1
Q59:	|........ ........ ........ ........| ok p=1
Q60:	|........ ........ ........ ...0....| ok p=1
Q61:	|........ ........ ........ ...0....| ok p=0.989258
Q62:	|........ ........ ........ ...-....| ok p=1
Q63:	|........ ........ ........ ...-....| ok p=0.990234
Q64:	|......+. ........ ........ ...-....|
Best path: totcompl=-24 tottunnel=35, totcond=561, p=0.0118748
Best paths: 2
Best paths: 4
Q-3:	|10011110 01000001 10011100 01111111|
Q-2:	|-0000+11 0010--++ 001011+1 1-1+110+|
Q-1:	|-011+-10 110-+01- 00+----0 0-1+001+|
Q0:	|0+1-01+1 0+101++0 01-0++10 1+1+1100| ok p=0.415039
Q1:	|0+.+1++. .-.+110- 0.-1--1+ .1..+.-1| ok p=0.874023
Q2:	|.0.00++. .1.-.11+ +0..+0.0 .+.0+.+-| ok p=1
Q3:	|.-^+0.+. .+.-...+ 110.--.1 .-..-.0-| ok p=1
Q4:	|!0.1-0.. .-!+^..- 10..+-.+ .+1.+.+.| ok p=1
Q5:	|.1.1-.0. .-.0-..1 .0..+0.0 .10.1.11| ok p=1
Q6:	|.0..0.0. ...00.1+ .+..-1.1 .0..0.-.| ok p=1
Q7:	|!00.-.0. .1..1.1- .-..++.. ......1.| ok p=1
Q8:	|!+0.+.+. ..!...-- .-..01.. ......+.| ok p=1
Q9:	|!0+.+^-. ......-+ .-..01.. .!..1.-1| ok p=1
Q10:	|11+10++. ..0.10-+ .-0000.. ..1.1.-0| ok p=1
Q11:	|0+0101-. .^1^111- 001101^^ .011-1.-| ok p=1
Q12:	|---++++^ ^+-+-+-+ 0+++++++ ^1-0-00-| ok p=1
Q13:	|+-0-00-+ -1100++- +00-++10 +-+-++1.| ok p=1
Q14:	|11111-10 01+01.00 -11+.010 0-0101-0| ok p=1
Q15:	|10.+.++1 -.+..001 +..-11.. 10-010+.| ok p=0.6875
Q16:	|.-...0.. 0.-.0... 0..1.-.. 0+..0.+.| ok p=0.720703
Q17:	|.0.^.0^. +.+.1... -..0.+.. 1.^.1.0.| ok p=0.564453
Q18:	|.+...1.. ..-.+... -....1.. -^..-.1.| ok p=0.904297
Q19:	|.+.0.-.. ^.-....0 +....+.. ........| ok p=0.754883
Q20:	|.001...0 ..1.^..1 +..0...0 ^...^...| ok p=1
Q21:	|.11+.^.1 ..1....+ 0..1.^.1 ....0...| ok p=0.40332
Q22:	|..-....- ........ 0..-...+ ....1...| ok p=0.663086
Q23:	|...^.... ..0....^ ........ ....-.0.| ok p=1
Q24:	|..^....^ ..1...0. ...^...^ .0....1.| ok p=0.799805
Q25:	|........ ..+...1. ........ ....^.+.| ok p=0.867188
Q26:	|.....0.. ......+. ........ 0-......| ok p=1
Q27:	|.....1.. ..^..... ........ 1-....^.| ok p=0.989258
Q28:	|.....-.. ......^. ........ -+......| ok p=0.987305
Q29:	|.....0.. ........ ........ .0......| ok p=0.983398
Q30:	|.....+.. ........ ........ ^1......| ok p=1
Q31:	|.....+.. ........ ........ ........| ok p=0.986328
Q32:	|........ ........ ........ ........| ok p=1
Q33:	|.....!.. ........ ........ ........| ok p=1
Q34:	|........ ........ ........ ........| ok p=1
Q35:	|........ ........ ........ ........| ok p=1
Q36:	|........ ........ ........ ........| ok p=1
Q37:	|........ ........ ........ ........| ok p=1
Q38:	|........ ........ ........ ........| ok p=1
Q39:	|........ ........ ........ ........| ok p=1
Q40:	|........ ........ ........ ........| ok p=1
Q41:	|........ ........ ........ ........| ok p=1
Q42:	|........ ........ ........ ........| ok p=1
Q43:	|........ ........ ........ ........| ok p=1
Q44:	|........ ........ ........ ........| ok p=1
Q45:	|........ ........ ........ ........| ok p=1
Q46:	|........ ........ ........ ........| ok p=1
Q47:	|........ ........ ........ ........| ok p=1
Q48:	|........ ........ ........ ........| ok p=1
Q49:	|........ ........ ........ ........| ok p=1
Q50:	|........ ........ ........ ........| ok p=1
Q51:	|........ ........ ........ ........| ok p=1
Q52:	|........ ........ ........ ........| ok p=1
Q53:	|........ ........ ........ ........| ok p=1
Q54:	|........ ........ ........ ........| ok p=1
Q55:	|........ ........ ........ ........| ok p=1
Q56:	|........ ........ ........ ........| ok p=1
Q57:	|........ ........ ........ ........| ok p=1
Q58:	|........ ........ ........ ........| ok p=1
Q59:	|........ ........ ........ ........| ok p=1
Q60:	|........ ........ ........ ...0....| ok p=1
Q61:	|........ ........ ........ ...0....| ok p=0.987305
Q62:	|........ ........ ........ ...-....| ok p=1
Q63:	|........ ........ ........ ...-....| ok p=0.989258
Q64:	|......+. ........ ........ ...-....|
Best path: totcompl=-24 tottunnel=35, totcond=560, p=0.012422
Q-3:	|10011110 01000001 10011100 01111111|
Q-2:	|-0000+11 0010--++ 001011+1 1-1+110+|
Q-1:	|-011+-10 110-+01- 00+----0 0-1+001+|
Q0:	|0+1-01+1 0+101++0 01-0++10 1+1+1100| ok p=0.443359
Q1:	|0+.+1++. .-.+110- 0.-1--1+ .1..+.-1| ok p=0.87207
Q2:	|.0.00++. .1.-.11+ +0..+0.0 .+.0+.+-| ok p=1
Q3:	|.-^+0.+. .+.-...+ 110.--.1 .-..-.0-| ok p=1
Q4:	|!0.1-0.. .-!+^..- 10..+-.+ .+1.+.+.| ok p=1
Q5:	|.1.1-.0. .-.0-..1 .0..+0.0 .10.1.11| ok p=1
Q6:	|.0..0.0. ...00.1+ .+..-1.1 .0..0.-.| ok p=1
Q7:	|.00!-.0. .1..1.1- .-..++.. ......1.| ok p=1
Q8:	|!+0.+.+. ..!...-- .-..01.. ......+.| ok p=1
Q9:	|!0+.+^-. ......-+ .-..01.. .!..1.-1| ok p=1
Q10:	|11+.0++. ..0.10-+ .-0000.. ..1.1.-0| ok p=1
Q11:	|0+.101-. .^1^111- 001101^^ .011-1.-| ok p=1
Q12:	|--00-++^ ^+-+-+-+ 0+++++++ ^1-0-00-| ok p=1
Q13:	|+-.-00-+ -1100++- +00-++10 +-+-++1.| ok p=1
Q14:	|11.11-10 01+01.00 -11+.010 0-0101-0| ok p=1
Q15:	|10.+.++1 -.+..001 +..-11.. 10-010+.| ok p=0.654297
Q16:	|.-...0.. 0.-.0... 0..1.-.. 0+..0.+.| ok p=0.69043
Q17:	|.0.^.0^. +.+.1... -..0.+.. 1.^.1.0.| ok p=0.578125
Q18:	|.+...1.. ..-.+... -....1.. -^..-.1.| ok p=0.883789
Q19:	|.+.0.-.. ^.-....0 +....+.. ........| ok p=0.758789
Q20:	|.001...0 ..1.^..1 +..0...0 ^...^...| ok p=1
Q21:	|.11+.^.1 ..1....+ 0..1.^.1 ....0...| ok p=0.40625
Q22:	|..-....- ........ 0..-...+ ....1...| ok p=0.650391
Q23:	|...^.... ..0....^ ........ ....-.0.| ok p=1
Q24:	|..^....^ ..1...0. ...^...^ .0....1.| ok p=0.808594
Q25:	|........ ..+...1. ........ ....^.+.| ok p=0.881836
Q26:	|.....0.. ......+. ........ 0-......| ok p=1
Q27:	|.....1.. ..^..... ........ 1-....^.| ok p=0.979492
Q28:	|.....-.. ......^. ........ -+......| ok p=0.982422
Q29:	|.....0.. ........ ........ .0......| ok p=0.978516
Q30:	|.....+.. ........ ........ ^1......| ok p=1
Q31:	|.....+.. ........ ........ ........| ok p=0.979492
Q32:	|........ ........ ........ ........| ok p=1
Q33:	|.....!.. ........ ........ ........| ok p=1
Q34:	|........ ........ ........ ........| ok p=1
Q35:	|........ ........ ........ ........| ok p=1
Q36:	|........ ........ ........ ........| ok p=1
Q37:	|........ ........ ........ ........| ok p=1
Q38:	|........ ........ ........ ........| ok p=1
Q39:	|........ ........ ........ ........| ok p=1
Q40:	|........ ........ ........ ........| ok p=1
Q41:	|........ ........ ........ ........| ok p=1
Q42:	|........ ........ ........ ........| ok p=1
Q43:	|........ ........ ........ ........| ok p=1
Q44:	|........ ........ ........ ........| ok p=1
Q45:	|........ ........ ........ ........| ok p=1
Q46:	|........ ........ ........ ........| ok p=1
Q47:	|........ ........ ........ ........| ok p=1
Q48:	|........ ........ ........ ........| ok p=1
Q49:	|........ ........ ........ ........| ok p=1
Q50:	|........ ........ ........ ........| ok p=1
Q51:	|........ ........ ........ ........| ok p=1
Q52:	|........ ........ ........ ........| ok p=1
Q53:	|........ ........ ........ ........| ok p=1
Q54:	|........ ........ ........ ........| ok p=1
Q55:	|........ ........ ........ ........| ok p=1
Q56:	|........ ........ ........ ........| ok p=1
Q57:	|........ ........ ........ ........| ok p=1
Q58:	|........ ........ ........ ........| ok p=1
Q59:	|........ ........ ........ ........| ok p=1
Q60:	|........ ........ ........ ...0....| ok p=1
Q61:	|........ ........ ........ ...0....| ok p=0.989258
Q62:	|........ ........ ........ ...-....| ok p=1
Q63:	|........ ........ ........ ...-....| ok p=0.989258
Q64:	|......+. ........ ........ ...-....|
Best path: totcompl=-24 tottunnel=35, totcond=556, p=0.0120493
Q-3:	|10011110 01000001 10011100 01111111|
Q-2:	|-0000+11 0010--++ 001011+1 1-1+110+|
Q-1:	|-011+-10 110-+01- 00+----0 0-1+001+|
Q0:	|0+1-01+1 0+101++0 01-0++10 1+1+1100| ok p=0.462891
Q1:	|0+.+1++. .-.+110- 0.-1--1+ .1..+.-1| ok p=0.876953
Q2:	|.0.00++. .1.-.11+ +0..+0.0 .+.0+.+-| ok p=1
Q3:	|!-.+0.+. .+.-...+ 110.--.1 .-..-.0-| ok p=1
Q4:	|!0.1-0.. .-!+^..- 10..+-.+ .+1.+.+.| ok p=1
Q5:	|.101-.0. .-.0-..1 .0..+0.0 .10.1.11| ok p=1
Q6:	|..1.0.0. ...00.1+ .+..-1.1 .0..0.-.| ok p=1
Q7:	|.^0.-.0. .1..1.1- .-..++.. ......1.| ok p=1
Q8:	|!+0.+.+. ..!...-- .-..01.. ......+.| ok p=1
Q9:	|!0+.+^-. ......-+ .-..01.. ..!.1.-1| ok p=1
Q10:	|11+.0++. ..01.1-+ .-0000.. ..1.1.-0| ok p=1
Q11:	|0+.101-. .^11.01- 001101^^ .011-1.-| ok p=1
Q12:	|--00-++^ ^+-+.--+ 0+++++++ ^1-0-00-| ok p=1
Q13:	|+-.-00-+ -110.++- +00-++10 +-+-++1.| ok p=1
Q14:	|11.11-10 01+0.100 -11+.010 0-0101-0| ok p=1
Q15:	|10.+.++1 -.+..001 +..-11.. 10-010+.| ok p=0.689453
Q16:	|.-...0.. 0.-.0... 0..1.-.. 0+..0.+.| ok p=0.711914
Q17:	|.0.^.0^. +.+.1... -..0.+.. 1.^.1.0.| ok p=0.582031
Q18:	|.+...1.. ..-.+... -....1.. -^..-.1.| ok p=0.901367
Q19:	|.+.0.-.. ^.-....0 +....+.. ........| ok p=0.754883
Q20:	|.001...0 ..1.^..1 +..0...0 ^...^...| ok p=1
Q21:	|.11+.^.1 ..1....+ 0..1.^.1 ....0...| ok p=0.40332
Q22:	|..-....- ........ 0..-...+ ....1...| ok p=0.666016
Q23:	|...^.... ..0....^ ........ ....-.0.| ok p=1
Q24:	|..^....^ ..1...0. ...^...^ .0....1.| ok p=0.814453
Q25:	|........ ..+...1. ........ ....^.+.| ok p=0.875977
Q26:	|.....0.. ......+. ........ 0-......| ok p=1
Q27:	|.....1.. ..^..... ........ 1-....^.| ok p=0.984375
Q28:	|.....-.. ......^. ........ -+......| ok p=0.982422
Q29:	|.....0.. ........ ........ .0......| ok p=0.987305
Q30:	|.....+.. ........ ........ ^1......| ok p=1
Q31:	|.....+.. ........ ........ ........| ok p=0.982422
Q32:	|........ ........ ........ ........| ok p=1
Q33:	|.....!.. ........ ........ ........| ok p=1
Q34:	|........ ........ ........ ........| ok p=1
Q35:	|........ ........ ........ ........| ok p=1
Q36:	|........ ........ ........ ........| ok p=1
Q37:	|........ ........ ........ ........| ok p=1
Q38:	|........ ........ ........ ........| ok p=1
Q39:	|........ ........ ........ ........| ok p=1
Q40:	|........ ........ ........ ........| ok p=1
Q41:	|........ ........ ........ ........| ok p=1
Q42:	|........ ........ ........ ........| ok p=1
Q43:	|........ ........ ........ ........| ok p=1
Q44:	|........ ........ ........ ........| ok p=1
Q45:	|........ ........ ........ ........| ok p=1
Q46:	|........ ........ ........ ........| ok p=1
Q47:	|........ ........ ........ ........| ok p=1
Q48:	|........ ........ ........ ........| ok p=1
Q49:	|........ ........ ........ ........| ok p=1
Q50:	|........ ........ ........ ........| ok p=1
Q51:	|........ ........ ........ ........| ok p=1
Q52:	|........ ........ ........ ........| ok p=1
Q53:	|........ ........ ........ ........| ok p=1
Q54:	|........ ........ ........ ........| ok p=1
Q55:	|........ ........ ........ ........| ok p=1
Q56:	|........ ........ ........ ........| ok p=1
Q57:	|........ ........ ........ ........| ok p=1
Q58:	|........ ........ ........ ........| ok p=1
Q59:	|........ ........ ........ ........| ok p=1
Q60:	|........ ........ ........ ...0....| ok p=1
Q61:	|........ ........ ........ ...0....| ok p=0.987305
Q62:	|........ ........ ........ ...-....| ok p=1
Q63:	|........ ........ ........ ...-....| ok p=0.991211
Q64:	|......+. ........ ........ ...-....|
Best path: totcompl=-24 tottunnel=35, totcond=553, p=0.0100352
Best paths: 2
Q-3:	|10011110 01000001 10011100 01111111|
Q-2:	|-0000+11 0010--++ 001011+1 1-1+110+|
Q-1:	|-011+-10 110-+01- 00+----0 0-1+001+|
Q0:	|0+1-01+1 0+101++0 01-0++10 1+1+1100| ok p=0.424805
Q1:	|0+.+1++. .-.+110- 0.-1--1+ .1..+.-1| ok p=0.880859
Q2:	|.0.00++. .1.-.11+ +0..+0.0 .+.0+.+-| ok p=1
Q3:	|.-^+0.+. .+.-...+ 110.--.1 .-..-.0-| ok p=1
Q4:	|!0.1-0.. .-!+^..- 10..+-.+ .+1.+.+.| ok p=1
Q5:	|.1.1-.0. .-.0-..1 .0..+0.0 .10.1.11| ok p=1
Q6:	|.0..0.0. ...00..+ .+..-1.1 .0..0.-.| ok p=1
Q7:	|!00.-.0. .1..1.^- .-..++.. ......1.| ok p=1
Q8:	|!+0.+.+. ...!..-- .-..01.. ......+.| ok p=1
Q9:	|.1+.+^-. ......0- .-..01.. ..!...-0| ok p=1
Q10:	|11+.1++. ..1.001- 1-001+01 ..0.0^-0| ok p=1
Q11:	|0+1^10-. ..0.100- 11110+11 11111---| ok p=1
Q12:	|--0-+++. ..+^-+-- -1+----+ 00-0-0+-| ok p=1
Q13:	|00+1+0+. ..+---0+ +.0-01-- --+-++1.| ok p=1
Q14:	|111101-. ..+0.101 -.+010.1 1-0100-0| ok p=1
Q15:	|.-1++.-. 0.+101.0 +.0-.100 10-011+.| ok p=0.838867
Q16:	|.-....0. 1.-.0... 0.1..-.. 0+..0.+.| ok p=0.762695
Q17:	|.1.^^01. +.+.1... -..^.+.. 1.^.1.0.| ok p=0.511719
Q18:	|.+...1.. ..-.+... -....1.. -^..-.1.| ok p=0.885742
Q19:	|.+.0.-.. ^.-....0 +....+.. ........| ok p=0.761719
Q20:	|.001...0 ..1.^..1 +..0...0 ^...^...| ok p=1
Q21:	|.11+.^.1 ..1....+ 0..1.^.1 ....0...| ok p=0.380859
Q22:	|..-....- ........ 0..-...+ ....1...| ok p=0.646484
Q23:	|...^.... ..0....^ ........ ....-.0.| ok p=1
Q24:	|..^....^ ..1...0. ...^...^ .0....1.| ok p=0.80957
Q25:	|........ ..+...1. ........ ....^.+.| ok p=0.881836
Q26:	|.....0.. ......+. ........ 0-......| ok p=1
Q27:	|.....1.. ..^..... ........ 1-....^.| ok p=0.975586
Q28:	|.....-.. ......^. ........ -+......| ok p=0.983398
Q29:	|.....0.. ........ ........ .0......| ok p=0.989258
Q30:	|.....+.. ........ ........ ^1......| ok p=1
Q31:	|.....+.. ........ ........ ........| ok p=0.978516
Q32:	|........ ........ ........ ........| ok p=1
Q33:	|.....!.. ........ ........ ........| ok p=1
Q34:	|........ ........ ........ ........| ok p=1
Q35:	|........ ........ ........ ........| ok p=1
Q36:	|........ ........ ........ ........| ok p=1
Q37:	|........ ........ ........ ........| ok p=1
Q38:	|........ ........ ........ ........| ok p=1
Q39:	|........ ........ ........ ........| ok p=1
Q40:	|........ ........ ........ ........| ok p=1
Q41:	|........ ........ ........ ........| ok p=1
Q42:	|........ ........ ........ ........| ok p=1
Q43:	|........ ........ ........ ........| ok p=1
Q44:	|........ ........ ........ ........| ok p=1
Q45:	|........ ........ ........ ........| ok p=1
Q46:	|........ ........ ........ ........| ok p=1
Q47:	|........ ........ ........ ........| ok p=1
Q48:	|........ ........ ........ ........| ok p=1
Q49:	|........ ........ ........ ........| ok p=1
Q50:	|........ ........ ........ ........| ok p=1
Q51:	|........ ........ ........ ........| ok p=1
Q52:	|........ ........ ........ ........| ok p=1
Q53:	|........ ........ ........ ........| ok p=1
Q54:	|........ ........ ........ ........| ok p=1
Q55:	|........ ........ ........ ........| ok p=1
Q56:	|........ ........ ........ ........| ok p=1
Q57:	|........ ........ ........ ........| ok p=1
Q58:	|........ ........ ........ ........| ok p=1
Q59:	|........ ........ ........ ........| ok p=1
Q60:	|........ ........ ........ ...0....| ok p=1
Q61:	|........ ........ ........ ...0....| ok p=0.981445
Q62:	|........ ........ ........ ...-....| ok p=1
Q63:	|........ ........ ........ ...-....| ok p=0.99707
Q64:	|......+. ........ ........ ...-....|
Best path: totcompl=-24 tottunnel=35, totcond=552, p=0.0145732
Best paths: 2
Best paths: 4
Q-3:	|10011110 01000001 10011100 01111111|
Q-2:	|-0000+11 0010--++ 001011+1 1-1+110+|
Q-1:	|-011+-10 110-+01- 00+----0 0-1+001+|
Q0:	|0+1-01+1 0+101++0 01-0++10 1+1+1100| ok p=0.425781
Q1:	|0+.+1++. .-.+110- 0.-1--1+ .1..+.-1| ok p=1
Q2:	|.0000++. .1.-.11+ +0..+0.0 .+.0+.+-| ok p=1
Q3:	|.-.+0.+. .+.-...+ 110.--.1 .-..-.0-| ok p=1
Q4:	|!0.1-0.. .-!+^..- 10..+-.+ .+1.+.+.| ok p=1
Q5:	|.101-.0. .-.0-..1 .0..+0.0 .10.1.11| ok p=1
Q6:	|..1.0.0. ...00..+ .+..-1.1 .0..0.-.| ok p=1
Q7:	|.^0.-.0. .1..1.^- .-..++.. ......1.| ok p=1
Q8:	|!+0.+.+. ...!..-- .-..01.. ......+.| ok p=1
Q9:	|.1+.+^-. ......0- .-..01.. ..!.0.-0| ok p=1
Q10:	|11+.0++. ..1..00- 1-001+01 ..0.01-0| ok p=0.464844
Q11:	|0+1^10-. ..0..11- 1.110+11 1111-1--| ok p=0.498047
Q12:	|--0-+++. ..+^^--- -1+----+ 00-0--+-| ok p=1
Q13:	|00+1+0+. ..+---0+ +.0-10-- --+-++1.| ok p=1
Q14:	|111101-. ..+01.01 -.+01011 1-0101-0| ok p=1
Q15:	|.-1++.-. 0.+101.0 +.0-.100 10-010+.| ok p=0.851562
Q16:	|.-....0. 1.-.0... 0.1..-.. 0+..0.+.| ok p=0.759766
Q17:	|.1.^^01. +.+.1... -..^.+.. 1.^.1.0.| ok p=0.482422
Q18:	|.+...1.. ..-.+... -....1.. -^..-.1.| ok p=0.899414
Q19:	|.+.0.-.. ^.-....0 +....+.. ........| ok p=0.754883
Q20:	|.001...0 ..1.^..1 +..0...0 ^...^...| ok p=1
Q21:	|.11+.^.1 ..1....+ 0..1.^.1 ....0...| ok p=0.383789
Q22:	|..-....- ........ 0..-...+ ....1...| ok p=0.672852
Q23:	|...^.... ..0....^ ........ ....-.0.| ok p=1
Q24:	|..^....^ ..1...0. ...^...^ .0....1.| ok p=0.801758
Q25:	|........ ..+...1. ........ ....^.+.| ok p=0.87793
Q26:	|.....0.. ......+. ........ 0-......| ok p=1
Q27:	|.....1.. ..^..... ........ 1-....^.| ok p=0.986328
Q28:	|.....-.. ......^. ........ -+......| ok p=0.989258
Q29:	|.....0.. ........ ........ .0......| ok p=0.976562
Q30:	|.....+.. ........ ........ ^1......| ok p=1
Q31:	|.....+.. ........ ........ ........| ok p=0.990234
Q32:	|........ ........ ........ ........| ok p=1
Q33:	|.....!.. ........ ........ ........| ok p=1
Q34:	|........ ........ ........ ........| ok p=1
Q35:	|........ ........ ........ ........| ok p=1
Q36:	|........ ........ ........ ........| ok p=1
Q37:	|........ ........ ........ ........| ok p=1
Q38:	|........ ........ ........ ........| ok p=1
Q39:	|........ ........ ........ ........| ok p=1
Q40:	|........ ........ ........ ........| ok p=1
Q41:	|........ ........ ........ ........| ok p=1
Q42:	|........ ........ ........ ........| ok p=1
Q43:	|........ ........ ........ ........| ok p=1
Q44:	|........ ........ ........ ........| ok p=1
Q45:	|........ ........ ........ ........| ok p=1
Q46:	|........ ........ ........ ........| ok p=1
Q47:	|........ ........ ........ ........| ok p=1
Q48:	|........ ........ ........ ........| ok p=1
Q49:	|........ ........ ........ ........| ok p=1
Q50:	|........ ........ ........ ........| ok p=1
Q51:	|........ ........ ........ ........| ok p=1
Q52:	|........ ........ ........ ........| ok p=1
Q53:	|........ ........ ........ ........| ok p=1
Q54:	|........ ........ ........ ........| ok p=1
Q55:	|........ ........ ........ ........| ok p=1
Q56:	|........ ........ ........ ........| ok p=1
Q57:	|........ ........ ........ ........| ok p=1
Q58:	|........ ........ ........ ........| ok p=1
Q59:	|........ ........ ........ ........| ok p=1
Q60:	|........ ........ ........ ...0....| ok p=1
Q61:	|........ ........ ........ ...0....| ok p=0.985352
Q62:	|........ ........ ........ ...-....| ok p=1
Q63:	|........ ........ ........ ...-....| ok p=0.991211
Q64:	|......+. ........ ........ ...-....|
Best path: totcompl=-23 tottunnel=36, totcond=551, p=0.00489918
Best paths: 2
Q-3:	|10011110 01000001 10011100 01111111|
Q-2:	|-0000+11 0010--++ 001011+1 1-1+110+|
Q-1:	|-011+-10 110-+01- 00+----0 0-1+001+|
Q0:	|0+1-01+1 0+101++0 01-0++10 1+1+1100| ok p=0.470703
Q1:	|0+.+1++. .-.+110- 0.-1--1+ .1..+.-1| ok p=1
Q2:	|.0000++. .1.-.11+ +0..+0.0 .+.0+.+-| ok p=1
Q3:	|.-.+0.+. .+.-...+ 110.--.1 .-..-.0-| ok p=1
Q4:	|!0.1-0.. .-!+^..- 10..+-.+ .+1.+.+.| ok p=1
Q5:	|.1.1-.0. .-.0-..1 .0..+0.0 .10.1.11| ok p=1
Q6:	|.0..0.0. ...00..+ .+..-1.1 .0..0.-.| ok p=1
Q7:	|!00.-.0. .1..1.^- .-..++.. ......1.| ok p=1
Q8:	|!+0.+.+. ...!..-- .-..01.. ......+.| ok p=1
Q9:	|.1+.+^-. ......0- .-..01.. ..!.0.-1| ok p=1
Q10:	|01+.0++. ..1..00- 1-001+01 ..0.01-1| ok p=0.49707
Q11:	|1+1^10-. ..0..11- 1.110+11 1111-1--| ok p=0.509766
Q12:	|--0-+++. ..+^^--- -1+----+ 00-0--0+| ok p=1
Q13:	|00+1+0+. ..+---0+ +.0-01-- --+-++11| ok p=1
Q14:	|111101-. ..+01.01 -.+010.1 1-0101-0| ok p=1
Q15:	|.-1++.-. 0.+101.0 +.0-.100 10-010+.| ok p=0.854492
Q16:	|.-....0. 1.-.0... 0.1..-.. 0+..0.+.| ok p=0.793945
Q17:	|.1.^^01. +.+.1... -..^.+.. 1.^.1.0.| ok p=0.523438
Q18:	|.+...1.. ..-.+... -....1.. -^..-.1.| ok p=0.902344
Q19:	|.+.0.-.. ^.-....0 +....+.. ........| ok p=0.729492
Q20:	|.001...0 ..1.^..1 +..0...0 ^...^...| ok p=1
Q21:	|.11+.^.1 ..1....+ 0..1.^.1 ....0...| ok p=0.390625
Q22:	|..-....- ........ 0..-...+ ....1...| ok p=0.65332
Q23:	|...^.... ..0....^ ........ ....-.0.| ok p=1
Q24:	|..^....^ ..1...0. ...^...^ .0....1.| ok p=0.813477
Q25:	|........ ..+...1. ........ ....^.+.| ok p=0.891602
Q26:	|.....0.. ......+. ........ 0-......| ok p=1
Q27:	|.....1.. ..^..... ........ 1-....^.| ok p=0.989258
Q28:	|.....-.. ......^. ........ -+......| ok p=0.984375
Q29:	|.....0.. ........ ........ .0......| ok p=0.984375
Q30:	|.....+.. ........ ........ ^1......| ok p=1
Q31:	|.....+.. ........ ........ ........| ok p=0.978516
Q32:	|........ ........ ........ ........| ok p=1
Q33:	|.....!.. ........ ........ ........| ok p=1
Q34:	|........ ........ ........ ........| ok p=1
Q35:	|........ ........ ........ ........| ok p=1
Q36:	|........ ........ ........ ........| ok p=1
Q37:	|........ ........ ........ ........| ok p=1
Q38:	|........ ........ ........ ........| ok p=1
Q39:	|........ ........ ........ ........| ok p=1
Q40:	|........ ........ ........ ........| ok p=1
Q41:	|........ ........ ........ ........| ok p=1
Q42:	|........ ........ ........ ........| ok p=1
Q43:	|........ ........ ........ ........| ok p=1
Q44:	|........ ........ ........ ........| ok p=1
Q45:	|........ ........ ........ ........| ok p=1
Q46:	|........ ........ ........ ........| ok p=1
Q47:	|........ ........ ........ ........| ok p=1
Q48:	|........ ........ ........ ........| ok p=1
Q49:	|........ ........ ........ ........| ok p=1
Q50:	|........ ........ ........ ........| ok p=1
Q51:	|........ ........ ........ ........| ok p=1
Q52:	|........ ........ ........ ........| ok p=1
Q53:	|........ ........ ........ ........| ok p=1
Q54:	|........ ........ ........ ........| ok p=1
Q55:	|........ ........ ........ ........| ok p=1
Q56:	|........ ........ ........ ........| ok p=1
Q57:	|........ ........ ........ ........| ok p=1
Q58:	|........ ........ ........ ........| ok p=1
Q59:	|........ ........ ........ ........| ok p=1
Q60:	|........ ........ ........ ...0....| ok p=1
Q61:	|........ ........ ........ ...0....| ok p=0.978516
Q62:	|........ ........ ........ ...-....| ok p=1
Q63:	|........ ........ ........ ...-....| ok p=0.989258
Q64:	|......+. ........ ........ ...-....|
Best path: totcompl=-22 tottunnel=37, totcond=551, p=0.00351435
Q-3:	|10011110 01000001 10011100 01111111|
Q-2:	|-0000+11 0010--++ 001011+1 1-1+110+|
Q-1:	|-011+-10 110-+01- 00+----0 0-1+001+|
Q0:	|0+1-01+1 0+101++0 01-0++10 1+1+1100| ok p=0.417969
Q1:	|0+.+1++. .-.+110- 0.-1--1+ .1..+.-1| ok p=1
Q2:	|.0000++. .1.-.11+ +0..+0.0 .+.0+.+-| ok p=1
Q3:	|.-.+0.+. .+.-...+ 110.--.1 .-..-.0-| ok p=1
Q4:	|!0.1-0.. .-!+^..- 10..+-.+ .+1.+.+.| ok p=1
Q5:	|.1.1-.0. .-.0-..1 .0..+0.0 .10.1.11| ok p=1
Q6:	|.01.0.0. ...00..+ .+..-1.1 .0..0.-.| ok p=1
Q7:	|.00.-.0. .1..1.^- .-..++.. ......1.| ok p=1
Q8:	|!+0.+.+. ..!...-- .-..01.. ......+.| ok p=1
Q9:	|.1+.+^-. ......0- .-..01.. .!..0.-0| ok p=1
Q10:	|01+.0++. ..1..00- 1-001+01 ..0.01-0| ok p=0.46875
Q11:	|1+1^10-. ..0..11- 1.110+11 1111-1--| ok p=0.490234
Q12:	|--0-+++. ..+^^--- -1+----+ 00-0--+-| ok p=1
Q13:	|00+1+0+. ..+---0+ +.0-01-- --+-++1.| ok p=1
Q14:	|111101-. ..+01.01 -.+010.1 1-0101-0| ok p=1
Q15:	|.-1++.-. 0.+101.0 +.0-.100 10-010+.| ok p=0.825195
Q16:	|.-....0. 1.-.0... 0.1..-.. 0+..0.+.| ok p=0.757812
Q17:	|.1.^^01. +.+.1... -..^.+.. 1.^.1.0.| ok p=0.507812
Q18:	|.+...1.. ..-.+... -....1.. -^..-.1.| ok p=0.883789
Q19:	|.+.0.-.. ^.-....0 +....+.. ........| ok p=0.732422
Q20:	|.001...0 ..1.^..1 +..0...0 ^...^...| ok p=1
Q21:	|.11+.^.1 ..1....+ 0..1.^.1 ....0...| ok p=0.386719
Q22:	|..-....- ........ 0..-...+ ....1...| ok p=0.660156
Q23:	|...^.... ..0....^ ........ ....-.0.| ok p=1
Q24:	|..^....^ ..1...0. ...^...^ .0....1.| ok p=0.816406
Q25:	|........ ..+...1. ........ ....^.+.| ok p=0.876953
Q26:	|.....0.. ......+. ........ 0-......| ok p=1
Q27:	|.....1.. ..^..... ........ 1-....^.| ok p=0.982422
Q28:	|.....-.. ......^. ........ -+......| ok p=0.986328
Q29:	|.....0.. ........ ........ .0......| ok p=0.980469
Q30:	|.....+.. ........ ........ ^1......| ok p=1
Q31:	|.....+.. ........ ........ ........| ok p=0.982422
Q32:	|........ ........ ........ ........| ok p=1
Q33:	|.....!.. ........ ........ ........| ok p=1
Q34:	|........ ........ ........ ........| ok p=1
Q35:	|........ ........ ........ ........| ok p=1
Q36:	|........ ........ ........ ........| ok p=1
Q37:	|........ ........ ........ ........| ok p=1
Q38:	|........ ........ ........ ........| ok p=1
Q39:	|........ ........ ........ ........| ok p=1
Q40:	|........ ........ ........ ........| ok p=1
Q41:	|........ ........ ........ ........| ok p=1
Q42:	|........ ........ ........ ........| ok p=1
Q43:	|........ ........ ........ ........| ok p=1
Q44:	|........ ........ ........ ........| ok p=1
Q45:	|........ ........ ........ ........| ok p=1
Q46:	|........ ........ ........ ........| ok p=1
Q47:	|........ ........ ........ ........| ok p=1
Q48:	|........ ........ ........ ........| ok p=1
Q49:	|........ ........ ........ ........| ok p=1
Q50:	|........ ........ ........ ........| ok p=1
Q51:	|........ ........ ........ ........| ok p=1
Q52:	|........ ........ ........ ........| ok p=1
Q53:	|........ ........ ........ ........| ok p=1
Q54:	|........ ........ ........ ........| ok p=1
Q55:	|........ ........ ........ ........| ok p=1
Q56:	|........ ........ ........ ........| ok p=1
Q57:	|........ ........ ........ ........| ok p=1
Q58:	|........ ........ ........ ........| ok p=1
Q59:	|........ ........ ........ ........| ok p=1
Q60:	|........ ........ ........ ...0....| ok p=1
Q61:	|........ ........ ........ ...0....| ok p=0.981445
Q62:	|........ ........ ........ ...-....| ok p=1
Q63:	|........ ........ ........ ...-....| ok p=0.992188
Q64:	|......+. ........ ........ ...-....|
Best path: totcompl=-22 tottunnel=37, totcond=550, p=0.00365673
Q-3:	|10011110 01000001 10011100 01111111|
Q-2:	|-0000+11 0010--++ 001011+1 1-1+110+|
Q-1:	|-011+-10 110-+01- 00+----0 0-1+001+|
Q0:	|0+1-01+1 0+101++0 01-0++10 1+1+1100| ok p=0.446289
Q1:	|0+.+1++. .-.+110- 0.-1--1+ .1..+.-1| ok p=0.878906
Q2:	|.0.00++. .1.-.11+ +0..+0.0 .+.0+.+-| ok p=1
Q3:	|.-^+0.+. .+.-...+ 110.--.1 .-..-.0-| ok p=1
Q4:	|!0.1-0.. .-!+^..- 10..+-.+ .+1.+.+.| ok p=1
Q5:	|.1.1-.0. .-.0-..1 .0..+0.0 .10.1.11| ok p=1
Q6:	|.00.0.0. ...00.1+ .+..-1.1 .0..0.-.| ok p=1
Q7:	|.01.-.0. .1..1.1- .-..++.. ......1.| ok p=1
Q8:	|!+1.+.+. ...!..-- .-..01.. ......+.| ok p=1
Q9:	|.0+.+1-. ......-+ .-..01.. .!..1.-1| ok p=1
Q10:	|.0+.+1-. ..1..01- 1-.1000. 1.0.1.-1| ok p=1
Q11:	|.+0^1-+. ..0..10- 0+.0011^ 0011-11-| ok p=1
Q12:	|^+1.0-+. ..+^^--0 0+1-++++ -1+0-0-+| ok p=1
Q13:	|+--1++0. ..0+-0-- +.0+-+10 1+0+-++1| ok p=1
Q14:	|11111-0. ..+010.1 -1+01010 101+.0-0| ok p=1
Q15:	|101+1++. 0.+10.10 +.0-11.. .1.-11-.| ok p=0.515625
Q16:	|.-...0.. 1.-.0... 0.0..-.. 0+.01.+.| ok p=0.728516
Q17:	|.0.^.0^. +.+.1... -..^.+.. 1..11.1.| ok p=0.670898
Q18:	|.+...1.. ..-.+... -....1.. -^..-.0.| ok p=0.891602
Q19:	|.+.0.-.. ^.-....0 +....+.. ........| ok p=0.75293
Q20:	|.001...0 ..1.^..1 +..0...0 ^...^...| ok p=1
Q21:	|.11+.^.1 ..1....+ 0..1.^.1 ....0...| ok p=0.410156
Q22:	|..-....- ........ 0..-...+ ....1...| ok p=0.650391
Q23:	|...^.... ..0....^ ........ ....-.0.| ok p=1
Q24:	|..^....^ ..1...0. ...^...^ .0....1.| ok p=0.811523
Q25:	|........ ..+...1. ........ ....^.+.| ok p=0.856445
Q26:	|.....0.. ......+. ........ 0-......| ok p=1
Q27:	|.....1.. ..^..... ........ 1-....^.| ok p=0.986328
Q28:	|.....-.. ......^. ........ -+......| ok p=0.982422
Q29:	|.....0.. ........ ........ .0......| ok p=0.987305
Q30:	|.....+.. ........ ........ ^1......| ok p=1
Q31:	|.....+.. ........ ........ ........| ok p=0.988281
Q32:	|........ ........ ........ ........| ok p=1
Q33:	|.....!.. ........ ........ ........| ok p=1
Q34:	|........ ........ ........ ........| ok p=1
Q35:	|........ ........ ........ ........| ok p=1
Q36:	|........ ........ ........ ........| ok p=1
Q37:	|........ ........ ........ ........| ok p=1
Q38:	|........ ........ ........ ........| ok p=1
Q39:	|........ ........ ........ ........| ok p=1
Q40:	|........ ........ ........ ........| ok p=1
Q41:	|........ ........ ........ ........| ok p=1
Q42:	|........ ........ ........ ........| ok p=1
Q43:	|........ ........ ........ ........| ok p=1
Q44:	|........ ........ ........ ........| ok p=1
Q45:	|........ ........ ........ ........| ok p=1
Q46:	|........ ........ ........ ........| ok p=1
Q47:	|........ ........ ........ ........| ok p=1
Q48:	|........ ........ ........ ........| ok p=1
Q49:	|........ ........ ........ ........| ok p=1
Q50:	|........ ........ ........ ........| ok p=1
Q51:	|........ ........ ........ ........| ok p=1
Q52:	|........ ........ ........ ........| ok p=1
Q53:	|........ ........ ........ ........| ok p=1
Q54:	|........ ........ ........ ........| ok p=1
Q55:	|........ ........ ........ ........| ok p=1
Q56:	|........ ........ ........ ........| ok p=1
Q57:	|........ ........ ........ ........| ok p=1
Q58:	|........ ........ ........ ........| ok p=1
Q59:	|........ ........ ........ ........| ok p=1
Q60:	|........ ........ ........ ...0....| ok p=1
Q61:	|........ ........ ........ ...0....| ok p=0.990234
Q62:	|........ ........ ........ ...-....| ok p=1
Q63:	|........ ........ ........ ...-....| ok p=0.990234
Q64:	|......+. ........ ........ ...-....|
Best path: totcompl=-22 tottunnel=37, totcond=547, p=0.0113553
**Q-3:	|10011110 01000001 10011100 01111111|
Q-2:	|-0000+11 0010--++ 001011+1 1-1+110+|
Q-1:	|-011+-10 110-+01- 00+----0 0-1+001+|
Q0:	|0+1-01+1 0+101++0 01-0++10 1+1+1100| ok p=0.438477
Q1:	|0+.+1++. .-.+110- 0.-1--1+ .1..+.-1| ok p=0.754883
Q2:	|.0.01++. .1.-.11+ +0..+0.0 .+.0+.+-| ok p=1
Q3:	|.-^+1.+. .+.-...+ 110.--.1 .-..-.0-| ok p=1
Q4:	|!0.1-1.. .-!+^..- 1...+-.+ .+1.+.+.| ok p=1
Q5:	|.0.-+.0. .-.1-..1 1...+1.0 .10.1.-0| ok p=1
Q6:	|...00.0. ...00..+ 1.^.0+.1 .0..00-.| ok p=1
Q7:	|.^01-.0. .0..1..- -.+.-1.. .....1..| ok p=1
Q8:	|!+0.+.+. ...!...- -.0.-+.. .....+0.| ok p=1
Q9:	|!0+.+.-. ........ +.0..-.. ..!..0.0| ok p=1
Q10:	|^1+...0. ..101..1 +.-.0-.. ..110110| ok p=1
Q11:	|+-1.110. ..0100.0 +^+.00^^ ^.001-1+| ok p=1
Q12:	|0+0110.. ..+--1^+ ++-.-+++ +^+++0++| ok p=1
Q13:	|00+1++1. ..00+-+0 -111++01 1+100-+.| ok p=1
Q14:	|.1111-0. ..+10110 -0+01010 101110-0| ok p=1
Q15:	|.-1+1++. 0.+.0111 +.1-11.. .1.-.0-.| ok p=0.817383
Q16:	|.-...0.. 1.-.0... 0.1..-.. 0+..1.+.| ok p=0.662109
Q17:	|.1.^.0^. +.+.1... -..^.+.. 1..^1.1.| ok p=0.578125
Q18:	|.+...1.. ..-.+... -....1.. -^..-.0.| ok p=0.90625
Q19:	|.+.0.-.. ^.-....0 +....+.. ........| ok p=0.742188
Q20:	|.001...0 ..1.^..1 +..0...0 ^...^...| ok p=1
Q21:	|.11+.^.1 ..1....+ 0..1.^.1 ....0...| ok p=0.347656
Q22:	|..-....- ........ 0..-...+ ....1...| ok p=0.694336
Q23:	|...^.... ..0....^ ........ ....-.0.| ok p=1
Q24:	|..^....^ ..1...0. ...^...^ .0....1.| ok p=0.814453
Q25:	|........ ..+...1. ........ ....^.+.| ok p=0.866211
Q26:	|.....0.. ......+. ........ 0-......| ok p=1
Q27:	|.....1.. ..^..... ........ 1-....^.| ok p=0.982422
Q28:	|.....-.. ......^. ........ -+......| ok p=0.983398
Q29:	|.....0.. ........ ........ .0......| ok p=0.988281
Q30:	|.....+.. ........ ........ ^1......| ok p=1
Q31:	|.....+.. ........ ........ ........| ok p=0.984375
Q32:	|........ ........ ........ ........| ok p=1
Q33:	|.....!.. ........ ........ ........| ok p=1
Q34:	|........ ........ ........ ........| ok p=1
Q35:	|........ ........ ........ ........| ok p=1
Q36:	|........ ........ ........ ........| ok p=1
Q37:	|........ ........ ........ ........| ok p=1
Q38:	|........ ........ ........ ........| ok p=1
Q39:	|........ ........ ........ ........| ok p=1
Q40:	|........ ........ ........ ........| ok p=1
Q41:	|........ ........ ........ ........| ok p=1
Q42:	|........ ........ ........ ........| ok p=1
Q43:	|........ ........ ........ ........| ok p=1
Q44:	|........ ........ ........ ........| ok p=1
Q45:	|........ ........ ........ ........| ok p=1
Q46:	|........ ........ ........ ........| ok p=1
Q47:	|........ ........ ........ ........| ok p=1
Q48:	|........ ........ ........ ........| ok p=1
Q49:	|........ ........ ........ ........| ok p=1
Q50:	|........ ........ ........ ........| ok p=1
Q51:	|........ ........ ........ ........| ok p=1
Q52:	|........ ........ ........ ........| ok p=1
Q53:	|........ ........ ........ ........| ok p=1
Q54:	|........ ........ ........ ........| ok p=1
Q55:	|........ ........ ........ ........| ok p=1
Q56:	|........ ........ ........ ........| ok p=1
Q57:	|........ ........ ........ ........| ok p=1
Q58:	|........ ........ ........ ........| ok p=1
Q59:	|........ ........ ........ ........| ok p=1
Q60:	|........ ........ ........ ...0....| ok p=1
Q61:	|........ ........ ........ ...0....| ok p=0.986328
Q62:	|........ ........ ........ ...-....| ok p=1
Q63:	|........ ........ ........ ...-....| ok p=0.990234
Q64:	|......+. ........ ........ ...-....|
Best path: totcompl=-22 tottunnel=37, totcond=540, p=0.0101718
Best paths: 2
Best paths: 4
********Q-3:	|10011110 01000001 10011100 01111111|
Q-2:	|-0000+11 0010--++ 001011+1 1-1+110+|
Q-1:	|-011+-10 110-+01- 00+----0 0-1+001+|
Q0:	|0+1-01+1 0+101++0 01-0++10 1+1+1100| ok p=0.450195
Q1:	|0+.+1++. .-.+110- 0.-1--1+ .1..+.-1| ok p=0.870117
Q2:	|.0001++. .1.-.11+ +0..+0.0 .+.0+.+-| ok p=1
Q3:	|.-.+1.+. .+.-...+ 110.--.1 .-..-.0-| ok p=1
Q4:	|!0.1-1.. .-!+^..- 1...+-.+ .+1.+.+.| ok p=1
Q5:	|.0.-+.0. .-.1-..1 1...+1.0 .10.1.-0| ok p=1
Q6:	|...00.0. ...00..+ 1.^.0+.1 .0..00-.| ok p=1
Q7:	|.^01-.0. .0..1..- -.+.-1.. .....1..| ok p=1
Q8:	|!+0.+.+. ..!....- -.0.-+.. .....+0.| ok p=1
Q9:	|!0+.+.-. ........ +.0..-.. .!...0.0| ok p=1
Q10:	|^1+...0. ..101..1 +.-.0-.. ..1.1110| ok p=1
Q11:	|+-1.100. ..0100.0 +^+.00^^ ^.0^0-1+| ok p=1
Q12:	|1+0.10.. ..+--1^+ ++-.-+++ +.+++0++| ok p=1
Q13:	|00+1++1. ..00+-+0 -111++01 1!100-+.| ok p=1
Q14:	|.1111-0. ..+01110 -0+01010 111110-0| ok p=1
Q15:	|.-1+1++. 0.+.0111 +.1-11.. .1.-.0-.| ok p=0.822266
Q16:	|.-...0.. 1.-.0... 0.1..-.. 0+..1.+.| ok p=0.633789
Q17:	|.1.^.0^. +.+.1... -..^.+.. 1..^1.1.| ok p=0.56543
Q18:	|.+...1.. ..-.+... -....1.. -^..-.0.| ok p=0.891602
Q19:	|.+.0.-.. ^.-....0 +....+.. ........| ok p=0.749023
Q20:	|.001...0 ..1.^..1 +..0...0 ^...^...| ok p=1
Q21:	|.11+.^.1 ..1....+ 0..1.^.1 ....0...| ok p=0.384766
Q22:	|..-....- ........ 0..-...+ ....1...| ok p=0.678711
Q23:	|...^.... ..0....^ ........ ....-.0.| ok p=1
Q24:	|..^....^ ..1...0. ...^...^ .0....1.| ok p=0.795898
Q25:	|........ ..+...1. ........ ....^.+.| ok p=0.858398
Q26:	|.....0.. ......+. ........ 0-......| ok p=1
Q27:	|.....1.. ..^..... ........ 1-....^.| ok p=0.985352
Q28:	|.....-.. ......^. ........ -+......| ok p=0.985352
Q29:	|.....0.. ........ ........ .0......| ok p=0.981445
Q30:	|.....+.. ........ ........ ^1......| ok p=1
Q31:	|.....+.. ........ ........ ........| ok p=0.979492
Q32:	|........ ........ ........ ........| ok p=1
Q33:	|.....!.. ........ ........ ........| ok p=1
Q34:	|........ ........ ........ ........| ok p=1
Q35:	|........ ........ ........ ........| ok p=1
Q36:	|........ ........ ........ ........| ok p=1
Q37:	|........ ........ ........ ........| ok p=1
Q38:	|........ ........ ........ ........| ok p=1
Q39:	|........ ........ ........ ........| ok p=1
Q40:	|........ ........ ........ ........| ok p=1
Q41:	|........ ........ ........ ........| ok p=1
Q42:	|........ ........ ........ ........| ok p=1
Q43:	|........ ........ ........ ........| ok p=1
Q44:	|........ ........ ........ ........| ok p=1
Q45:	|........ ........ ........ ........| ok p=1
Q46:	|........ ........ ........ ........| ok p=1
Q47:	|........ ........ ........ ........| ok p=1
Q48:	|........ ........ ........ ........| ok p=1
Q49:	|........ ........ ........ ........| ok p=1
Q50:	|........ ........ ........ ........| ok p=1
Q51:	|........ ........ ........ ........| ok p=1
Q52:	|........ ........ ........ ........| ok p=1
Q53:	|........ ........ ........ ........| ok p=1
Q54:	|........ ........ ........ ........| ok p=1
Q55:	|........ ........ ........ ........| ok p=1
Q56:	|........ ........ ........ ........| ok p=1
Q57:	|........ ........ ........ ........| ok p=1
Q58:	|........ ........ ........ ........| ok p=1
Q59:	|........ ........ ........ ........| ok p=1
Q60:	|........ ........ ........ ...0....| ok p=1
Q61:	|........ ........ ........ ...0....| ok p=0.983398
Q62:	|........ ........ ........ ...-....| ok p=1
Q63:	|........ ........ ........ ...-....| ok p=0.99707
Q64:	|......+. ........ ........ ...-....|
Best path: totcompl=-22 tottunnel=37, totcond=537, p=0.0109353
Best paths: 2
Q-3:	|10011110 01000001 10011100 01111111|
Q-2:	|-0000+11 0010--++ 001011+1 1-1+110+|
Q-1:	|-011+-10 110-+01- 00+----0 0-1+001+|
Q0:	|0+1-01+1 0+101++0 01-0++10 1+1+1100| ok p=0.442383
Q1:	|0+.+1++. .-.+110- 0.-1--1+ .1..+.-1| ok p=0.716797
Q2:	|.0.01++. .1.-.11+ +0..+0.0 .+.0+.+-| ok p=1
Q3:	|.-^+1.+. .+.-...+ 110.--.1 .-..-.0-| ok p=1
Q4:	|.0^1-1.. .-!+^..- 1...+-.+ .+1.+.+.| ok p=1
Q5:	|.0.-+.0. .-.1-..1 1...+1.0 .10.1.-0| ok p=1
Q6:	|...00.0. ...00..+ 1.^.0+.1 .0..00-.| ok p=1
Q7:	|.^01-.0. .0..1..- -.+.-1.. .....1..| ok p=1
Q8:	|!+0.+.+. ...!...- -.0.-+.. .....+0.| ok p=1
Q9:	|!0+.+.-. ........ +.0..-.. .!...0.0| ok p=1
Q10:	|^1+...0. ..100..1 +.-.0-.. ..1.1110| ok p=1
Q11:	|+-1.100. ..0011.0 +^+.00^^ ^.0^0-1+| ok p=1
Q12:	|1+0.10.. ..+--0^+ ++-.-+++ +.+++0++| ok p=1
Q13:	|00+1++1. ..00+-+0 -111++01 1!100-+.| ok p=1
Q14:	|.1111-0. ..+10110 -0+01010 111110-0| ok p=1
Q15:	|.-1+1++. 0.+.0111 +.1-11.. .1.-.0-.| ok p=0.816406
Q16:	|.-...0.. 1.-.0... 0.1..-.. 0+..1.+.| ok p=0.661133
Q17:	|.1.^.0^. +.+.1... -..^.+.. 1..^1.1.| ok p=0.574219
Q18:	|.+...1.. ..-.+... -....1.. -^..-.0.| ok p=0.90332
Q19:	|.+.0.-.. ^.-....0 +....+.. ........| ok p=0.740234
Q20:	|.001...0 ..1.^..1 +..0...0 ^...^...| ok p=1
Q21:	|.11+.^.1 ..1....+ 0..1.^.1 ....0...| ok p=0.420898
Q22:	|..-....- ........ 0..-...+ ....1...| ok p=0.644531
Q23:	|...^.... ..0....^ ........ ....-.0.| ok p=1
Q24:	|..^....^ ..1...0. ...^...^ .0....1.| ok p=0.799805
Q25:	|........ ..+...1. ........ ....^.+.| ok p=0.868164
Q26:	|.....0.. ......+. ........ 0-......| ok p=1
Q27:	|.....1.. ..^..... ........ 1-....^.| ok p=0.985352
Q28:	|.....-.. ......^. ........ -+......| ok p=0.980469
Q29:	|.....0.. ........ ........ .0......| ok p=0.979492
Q30:	|.....+.. ........ ........ ^1......| ok p=1
Q31:	|.....+.. ........ ........ ........| ok p=0.986328
Q32:	|........ ........ ........ ........| ok p=1
Q33:	|.....!.. ........ ........ ........| ok p=1
Q34:	|........ ........ ........ ........| ok p=1
Q35:	|........ ........ ........ ........| ok p=1
Q36:	|........ ........ ........ ........| ok p=1
Q37:	|........ ........ ........ ........| ok p=1
Q38:	|........ ........ ........ ........| ok p=1
Q39:	|........ ........ ........ ........| ok p=1
Q40:	|........ ........ ........ ........| ok p=1
Q41:	|........ ........ ........ ........| ok p=1
Q42:	|........ ........ ........ ........| ok p=1
Q43:	|........ ........ ........ ........| ok p=1
Q44:	|........ ........ ........ ........| ok p=1
Q45:	|........ ........ ........ ........| ok p=1
Q46:	|........ ........ ........ ........| ok p=1
Q47:	|........ ........ ........ ........| ok p=1
Q48:	|........ ........ ........ ........| ok p=1
Q49:	|........ ........ ........ ........| ok p=1
Q50:	|........ ........ ........ ........| ok p=1
Q51:	|........ ........ ........ ........| ok p=1
Q52:	|........ ........ ........ ........| ok p=1
Q53:	|........ ........ ........ ........| ok p=1
Q54:	|........ ........ ........ ........| ok p=1
Q55:	|........ ........ ........ ........| ok p=1
Q56:	|........ ........ ........ ........| ok p=1
Q57:	|........ ........ ........ ........| ok p=1
Q58:	|........ ........ ........ ........| ok p=1
Q59:	|........ ........ ........ ........| ok p=1
Q60:	|........ ........ ........ ...0....| ok p=1
Q61:	|........ ........ ........ ...0....| ok p=0.987305
Q62:	|........ ........ ........ ...-....| ok p=1
Q63:	|........ ........ ........ ...-....| ok p=0.995117
Q64:	|......+. ........ ........ ...-....|
Best path: totcompl=-21 tottunnel=38, totcond=537, p=0.0101711
******************Best paths: 2
******