Extend MD5 differential paths forward
Copyright (C) 2009 Marc Stevens
http://homepages.cwi.nl/~stevens/

delta_m[11] = [!-26!]
Loading workdir0/lowerpath.bin.gz...done: 1.
Estimating maxcond for upper bound 8000000 (=2000000 * 4)...
t=1:  0%   10   20   30   40   50   60   70   80   90   100%
      |----|----|----|----|----|----|----|----|----|----|
e     ***************************************************
Found maxcond = 2176
t=1:  0%   10   20   30   40   50   60   70   80   90   100%
      |----|----|----|----|----|----|----|----|----|----|
      ***************************************************
Q-3:	|10011110 01000001 10011100 01111111|
Q-2:	|-0000+11 0010--++ 001011+1 1-1+110+|
Q-1:	|-011+-10 110-+01- 00+----0 0-1+001+|
Q0:	|0+1-01+1 0+101++0 01-0++10 1+1+1100| ok p=0.864258
Q1:	|1+.+1++. .-.+100- ..--1+1+ .1...++1| ok p=0.362305
Q2:	|.-..+.-. +..-...+ ........ .+..+...|
Saving 789248 paths...done.
Autobalance parameters: maxcond=2176
Verified: 112384 bad out of 901632
Estimating maxcond for upper bound 8000000 (=2000000 * 4)...
t=2:  0%   10   20   30   40   50   60   70   80   90   100%
      |----|----|----|----|----|----|----|----|----|----|
e     **************************************************Found maxcond = 168
t=2:  0%   10   20   30   40   50   60   70   80   90   100%
      |----|----|----|----|----|----|----|----|----|----|
      **************************************************Q-3:	|10011110 01000001 10011100 01111111|
Q-2:	|-0000+11 0010--++ 001011+1 1-1+110+|
Q-1:	|-011+-10 110-+01- 00+----0 0-1+001+|
Q0:	|0+1-01+1 0+101++0 01-0++10 1+1+1100| ok p=0.879883
Q1:	|1+.+1++. .0--11-+ ..--1+0+ .1...++1| ok p=0.328125
Q2:	|...+.++. .+0+.10+ ...01..0 .+.1.+0.| ok p=0.626953
Q3:	|..-...+. +..-..+. +..+.-.. .+..-...|
Saving 779640 paths...done.
Autobalance parameters: maxcond=168
Verified: 32744 bad out of 812384
Estimating maxcond for upper bound 8000000 (=2000000 * 4)...
t=3:  0%   10   20   30   40   50   60   70   80   90   100%
      |----|----|----|----|----|----|----|----|----|----|
e     **************************************************Found maxcond = 185
t=3:  0%   10   20   30   40   50   60   70   80   90   100%
      |----|----|----|----|----|----|----|----|----|----|
      **************************************************Q-3:	|10011110 01000001 10011100 01111111|
Q-2:	|-0000+11 0010--++ 001011+1 1-1+110+|
Q-1:	|-011+-10 110-+01- 00+----0 0-1+001+|
Q0:	|0+1-01+1 0+101++0 01-0++10 1+1+1100| ok p=0.864258
Q1:	|1+.+1++. .0--00-+ V.-1--1+ .1...++1| ok p=0.869141
Q2:	|.+.+.++. .1-+.00+ ....11.0 .+.1.+0.| ok p=0.499023
Q3:	|......+. ...+..+. +.1.++.1 .+....1.| ok p=0.444336
Q4:	|..+.-..- ...-.+.. +.+.-.-. -....-.-|
Saving 2000000 paths...done.
Autobalance parameters: maxcond=184
Verified: 139261 bad out of 3657176
Estimating maxcond for upper bound 8000000 (=2000000 * 4)...
t=4:  0%   10   20   30   40   50   60   70   80   90   100%
      |----|----|----|----|----|----|----|----|----|----|
e     ***************************************************
Found maxcond = 201
t=4:  0%   10   20   30   40   50   60   70   80   90   100%
      |----|----|----|----|----|----|----|----|----|----|
      ***************************************************
Q-3:	|10011110 01000001 10011100 01111111|
Q-2:	|-0000+11 0010--++ 001011+1 1-1+110+|
Q-1:	|-011+-10 110-+01- 00+----0 0-1+001+|
Q0:	|0+1-01+1 0+101++0 01-0++10 1+1+1100| ok p=0.43457
Q1:	|0+.+1++. .-.+110- 0.-1--1+ .1..+.-1| ok p=0.619141
Q2:	|.1.0.++. .1.-.00+ +...+0.1 .+.0+.1+| ok p=0.214844
Q3:	|.-.+.+1. .+.-...+ 0.1.--.0 .-....++| ok p=0.391602
Q4:	|.+.0.--. .+.....- 1...0+.+ .+..1.-.| ok p=0.881836
Q5:	|..+.-.+. .+.-.-.+ ....+.+. .-.+.-.-|
Saving 2000000 paths...done.
Autobalance parameters: maxcond=200
Verified: 37816 bad out of 2369682
Estimating maxcond for upper bound 8000000 (=2000000 * 4)...
t=5:  0%   10   20   30   40   50   60   70   80   90   100%
      |----|----|----|----|----|----|----|----|----|----|
e     ***************************************************
Found maxcond = 216
t=5:  0%   10   20   30   40   50   60   70   80   90   100%
      |----|----|----|----|----|----|----|----|----|----|
      ***************************************************
Q-3:	|10011110 01000001 10011100 01111111|
Q-2:	|-0000+11 0010--++ 001011+1 1-1+110+|
Q-1:	|-011+-10 110-+01- 00+----0 0-1+001+|
Q0:	|0+1-01+1 0+101++0 01-0++10 1+1+1100| ok p=0.876953
Q1:	|1+.+1++. .-.+110- 1.--+-1+ .1..+.-1| ok p=0.391602
Q2:	|.0.0V++. .1.-.01+ +..1.0.0 .+.1+.1+| ok p=0.337891
Q3:	|.-.1..+. .1.+...+ 0.1-0-.1 .-..1.01| ok p=0.401367
Q4:	|.1.--0.. ...-...- 0..1.-.+ .+..-..+| ok p=0.867188
Q5:	|.-.+0.1. ...+...0 ...1...+ .-..0..-| ok p=0.59668
Q6:	|....-... .-.+.+.. +.+..-.. ..+...-.|
Saving 2000000 paths...done.
Autobalance parameters: maxcond=214
Verified: 88275 bad out of 3745746
Estimating maxcond for upper bound 8000000 (=2000000 * 4)...
t=6:  0%   10   20   30   40   50   60   70   80   90   100%
      |----|----|----|----|----|----|----|----|----|----|
e     ***************************************************
Found maxcond = 228
t=6:  0%   10   20   30   40   50   60   70   80   90   100%
      |----|----|----|----|----|----|----|----|----|----|
      ***************************************************
Q-3:	|10011110 01000001 10011100 01111111|
Q-2:	|-0000+11 0010--++ 001011+1 1-1+110+|
Q-1:	|-011+-10 110-+01- 00+----0 0-1+001+|
Q0:	|0+1-01+1 0+101++0 01-0++10 1+1+1100| ok p=0.443359
Q1:	|0+.+1++. .-.+110- 0.-1--1+ .1..+.-1| ok p=0.62793
Q2:	|.1.0V++. .1.-.11+ +...+0.0 .+.0+.1+| ok p=0.21582
Q3:	|.-.+0.+. .+.-V..+ 1.0.--.1 .-..-.-+| ok p=0.677734
Q4:	|.0.1-0.. .-.1...- 1...+-.+ .+..+.+.| ok p=0.572266
Q5:	|.1.0-.0. .-.--..1 ....+..0 .1..1.00| ok p=0.854492
Q6:	|........ ...-0..+ ....+1.+ .1..1.-.| ok p=0.78418
Q7:	|....-... -.-...+. +.+..-.+ ..-.....|
Saving 2000000 paths...done.
Autobalance parameters: maxcond=227
Verified: 35656 bad out of 2729563
Estimating maxcond for upper bound 8000000 (=2000000 * 4)...
t=7:  0%   10   20   30   40   50   60   70   80   90   100%
      |----|----|----|----|----|----|----|----|----|----|
e     ***************************************************
Found maxcond = 240
t=7:  0%   10   20   30   40   50   60   70   80   90   100%
      |----|----|----|----|----|----|----|----|----|----|
      ***************************************************
Q-3:	|10011110 01000001 10011100 01111111|
Q-2:	|-0000+11 0010--++ 001011+1 1-1+110+|
Q-1:	|-011+-10 110-+01- 00+----0 0-1+001+|
Q0:	|0+1-01+1 0+101++0 01-0++10 1+1+1100| ok p=0.475586
Q1:	|0+.+1++. .-.+110- 0.-1--1+ .1..+.-1| ok p=0.799805
Q2:	|.0.0V++. .1.-.11+ +...+0.0 .+.0+.+-| ok p=0.280273
Q3:	|.-.+1.+. .+.-V..+ 1.0.--.1 .-..-.0-| ok p=0.430664
Q4:	|.0.1-0.. .-.+...- 1...+-.+ .+..+.+.| ok p=0.581055
Q5:	|.1.-+.0. .-.1-..1 V...+0.0 .1..0.00| ok p=0.952148
Q6:	|...10... ...00..0 ....+0.1 .0..0.0.| ok p=0.630859
Q7:	|...-1... .1..1..+ +....-.. ........| ok p=0.608398
Q8:	|.+....+. +....-.. -..-.... -....+.-|
Saving 2000000 paths...done.
Autobalance parameters: maxcond=239
Verified: 2124 bad out of 2305924
Estimating maxcond for upper bound 8000000 (=2000000 * 4)...
t=8:  0%   10   20   30   40   50   60   70   80   90   100%
      |----|----|----|----|----|----|----|----|----|----|
e     ***************************************************
Found maxcond = 254
t=8:  0%   10   20   30   40   50   60   70   80   90   100%
      |----|----|----|----|----|----|----|----|----|----|
      ***************************************************
Q-3:	|10011110 01000001 10011100 01111111|
Q-2:	|-0000+11 0010--++ 001011+1 1-1+110+|
Q-1:	|-011+-10 110-+01- 00+----0 0-1+001+|
Q0:	|0+1-01+1 0+101++0 01-0++10 1+1+1100| ok p=0.447266
Q1:	|0+.+1++. .-.+110- 0.-1--1+ .1..+.-1| ok p=0.801758
Q2:	|.0.0V++. .1.-.11+ +...+0.0 .+.0+.+-| ok p=0.25293
Q3:	|.-.+0.+. .+.-V..+ 1.0.--.1 .-..-.0-| ok p=0.420898
Q4:	|.0.1-0.. .-.+...- 1V..+-.+ .+..+.+.| ok p=0.420898
Q5:	|.0.1-.0. .-.0-..1 .0..+1.0 .1..1.11| ok p=1
Q6:	|.V.0..V. ...00..+ .+..--.1 .0..0.-.| ok p=0.943359
Q7:	|...-1... .1..1..- .-..+1.. ......1.| ok p=0.69043
Q8:	|.+.0..+. .......+ .-..-+.. ......1.| ok p=0.832031
Q9:	|..+...-. .....+.+ .-...-.. .....-..|
Saving 2000000 paths...done.
Autobalance parameters: maxcond=252
Verified: 12960 bad out of 3577025
Estimating maxcond for upper bound 8000000 (=2000000 * 4)...
t=9:  0%   10   20   30   40   50   60   70   80   90   100%
      |----|----|----|----|----|----|----|----|----|----|
e     ***************************************************
Found maxcond = 266
t=9:  0%   10   20   30   40   50   60   70   80   90   100%
      |----|----|----|----|----|----|----|----|----|----|
      ***************************************************
Q-3:	|10011110 01000001 10011100 01111111|
Q-2:	|-0000+11 0010--++ 001011+1 1-1+110+|
Q-1:	|-011+-10 110-+01- 00+----0 0-1+001+|
Q0:	|0+1-01+1 0+101++0 01-0++10 1+1+1100| ok p=0.860352
Q1:	|1+.+1++. .-.+110- 0.--+-1+ .1..+.-1| ok p=0.441406
Q2:	|.0.00++. .1.-.01+ +..1.0.0 .+.1+.1+| ok p=0.208984
Q3:	|.-.11.+. .1.+...+ 1.0-0-.1 .-.1..0-| ok p=0.408203
Q4:	|.0.--1.. ..0-...- 0..1.-.+ .+.+1..1| ok p=0.636719
Q5:	|.-.+1.0. ..1+...1 0..1.0.1 .0.-...0| ok p=0.714844
Q6:	|.-.++... ..-1...+ +....0.- .01-...-| ok p=0.368164
Q7:	|.-.--... ..-1...0 +....+.- ..0-...+| ok p=0.321289
Q8:	|...0-... ..--...1 +....0.- ..--...1| ok p=0.494141
Q9:	|.1.-.... ...+.... .....1.- ..+....1| ok p=0.698242
Q10:	|...+.... ...-..-. ...-.-.. ..+..-.-|
Saving 2000000 paths...done.
Autobalance parameters: maxcond=264
Verified: 41315 bad out of 3653725
Estimating maxcond for upper bound 8000000 (=2000000 * 4)...
t=10: 0%   10   20   30   40   50   60   70   80   90   100%
      |----|----|----|----|----|----|----|----|----|----|
e     ***************************************************
Found maxcond = 276
t=10: 0%   10   20   30   40   50   60   70   80   90   100%
      |----|----|----|----|----|----|----|----|----|----|
      ***************************************************
Q-3:	|10011110 01000001 10011100 01111111|
Q-2:	|-0000+11 0010--++ 001011+1 1-1+110+|
Q-1:	|-011+-10 110-+01- 00+----0 0-1+001+|
Q0:	|0+1-01+1 0+101++0 01-0++10 1+1+1100| ok p=0.416992
Q1:	|0+.+1++. .-.+110- 0.-1--1+ .1..+.-1| ok p=0.821289
Q2:	|.0.0V++. .1.-.11+ +...+0.0 .+.0+.+-| ok p=0.260742
Q3:	|.-.+0.+. .+.-V..+ 1.0.--.1 .-..-.0-| ok p=0.410156
Q4:	|.0.1-0.. .-.+...- 1V..+-.+ .+..+.+.| ok p=0.420898
Q5:	|.1.1-.0. .-.0-..1 .0..+0.0 .1..1.11| ok p=1
Q6:	|.V.00.V. ...00..+ .+..-1.1 .0..0.-.| ok p=1
Q7:	|.1.-+.0. .1..1..- .-..++.. ......1.| ok p=0.614258
Q8:	|.+.+-.+. .......- .-..01.. ......+.| ok p=0.706055
Q9:	|.+.--.-. .......+ .-..01.. ......-.| ok p=1
Q10:	|.+.--.-. .......+ .-...... ......-.| ok p=0.5
Q11:	|.+....-. .......+ ..+..... .....-.-|
Saving 2000000 paths...done.
Autobalance parameters: maxcond=275
Verified: 102964 bad out of 2882414
Runtime: 267.971
Extend MD5 differential paths forward
Copyright (C) 2009 Marc Stevens
http://homepages.cwi.nl/~stevens/

delta_m[11] = [!-26!]
Loading workdir0/paths10_0of1...done: 2000000 (work:2000000).
Estimating maxcond for upper bound 2000000 (=500000 * 4)...
t=11: 0%   10   20   30   40   50   60   70   80   90   100%
      |----|----|----|----|----|----|----|----|----|----|
e     ***************************************************
Found maxcond = 284
t=11: 0%   10   20   30   40   50   60   70   80   90   100%
      |----|----|----|----|----|----|----|----|----|----|
      ***************************************************
Q-3:	|10011110 01000001 10011100 01111111|
Q-2:	|-0000+11 0010--++ 001011+1 1-1+110+|
Q-1:	|-011+-10 110-+01- 00+----0 0-1+001+|
Q0:	|0+1-01+1 0+101++0 01-0++10 1+1+1100| ok p=0.472656
Q1:	|0+.+1++. .-.+110- 0.-1--1+ .1..+.-1| ok p=0.802734
Q2:	|.0.0V++. .1.-.11+ +...+0.0 .+.0+.+-| ok p=0.279297
Q3:	|.-.+0.+. .+.-V..+ 1.0.--.1 .-..-.0-| ok p=0.446289
Q4:	|.0.1-0.. .-.+...- 1V..+-.+ .+..+.+.| ok p=0.413086
Q5:	|.1.1-.0. .-.0-..1 .0..+0.0 .1..1.11| ok p=1
Q6:	|.V.01.1. ...00..+ .+..-1.1 .0..0.-.| ok p=0.920898
Q7:	|.1.-+.0. .1..1..- .-..++.. ......1V| ok p=0.586914
Q8:	|.+.+-.+. .......+ .-..00.. ......+1| ok p=0.75
Q9:	|.+.--.-. .......+ .-..01.. ......1+| ok p=0.856445
Q10:	|.+.1-.-. .......+ .-...... ......1+| ok p=0.592773
Q11:	|.+.+..-. .......+ ........ ........| ok p=0.5
Q12:	|.+.+...- ..-..... ........ +.-.....|
Saving 500000 paths...done.
Autobalance parameters: maxcond=283
Verified: 13765 bad out of 792753
Runtime: 24.2656
