MD5 differential path toolbox
Copyright (C) 2009 Marc Stevens
http://homepages.cwi.nl/~stevens/

IHV1   = {2655100031,891839148,3067289186,2200710636}
IHV1   = 7f9c419eac622835621ed3b6ec2d2c83

IHV2   = {2655100031,1735282428,986325043,119746493}
IHV2   = 7f9c419efc4e6e673320ca3abd2f2307

dIHV   = {0,843443280,2214003153,2214003153}
NC0: delta c = delta d = [!-0,31!]
NC0: delta b           = [!-0,-20,-22,31!]
NC1: delta c = delta d = [!-4!]
NC1: delta b           = [!-4,25!]
NC2: delta c = delta d = [!6!]
NC2: delta b           = [!6,28!]
NC3: delta c = delta d = [!-9!]
NC3: delta b           = [!0,-9,30!]
NC4: delta c = delta d = [!16!]
NC4: delta b           = [!-7,16!]
NC5: delta c = delta d = [!19!]
NC5: delta b           = [!-9,19!]
NC6: delta c = delta d = [!-22!]
NC6: delta b           = [!-22!]
NC7: delta c = delta d = [!22!]
NC7: delta b           = [!-11,13,22!]
NC8: delta c = delta d = [!-26!]
NC8: delta b           = [!16,-26!]
NC0: prob=-9.31459
NC1: prob=-3.29186
NC2: prob=-5.99589
NC3: prob=-6.08099
NC4: prob=-7.63173
NC5: prob=-4.93063
NC6: prob=-3.49462
NC7: prob=-6.9385
NC8: prob=-4.99967
delta m_11 = [!-26!]
Q-3:	|10011110 01000001 10011100 01111111|
Q-2:	|-0000+11 0010--++ 001011+1 1-1+110+|
Q-1:	|-011+-10 110-+01- 00+----0 0-1+001+|
Q0:	|0+1-01+1 0+101++0 01-0++10 1+1+1100| ok p=0.404297
Q1:	|+.-.-.-. .-.+...- .-.+.+.+ ....+.-.|
Saved lower diff. path to 'workdir0/lowerpath.bin.gz'.

Q32:	|........ ........ ........ ........|
Q33:	|........ ........ ........ ........|
Q34:	|........ ........ ........ ........|
Q35:	|........ ........ ........ ........| ok p=1
Q36:	|........ ........ ........ ........| ok p=1
Q37:	|........ ........ ........ ........| ok p=1
Q38:	|........ ........ ........ ........| ok p=1
Q39:	|........ ........ ........ ........| ok p=1
Q40:	|........ ........ ........ ........| ok p=1
Q41:	|........ ........ ........ ........| ok p=1
Q42:	|........ ........ ........ ........| ok p=1
Q43:	|........ ........ ........ ........| ok p=1
Q44:	|........ ........ ........ ........| ok p=1
Q45:	|........ ........ ........ ........| ok p=1
Q46:	|........ ........ ........ ........| ok p=1
Q47:	|........ ........ ........ ........| ok p=1
Q48:	|........ ........ ........ ........| ok p=1
Q49:	|........ ........ ........ ........| ok p=1
Q50:	|........ ........ ........ ........| ok p=1
Q51:	|........ ........ ........ ........| ok p=1
Q52:	|........ ........ ........ ........| ok p=1
Q53:	|........ ........ ........ ........| ok p=1
Q54:	|........ ........ ........ ........| ok p=1
Q55:	|........ ........ ........ ........| ok p=1
Q56:	|........ ........ ........ ........| ok p=1
Q57:	|........ ........ ........ ........| ok p=1
Q58:	|........ ........ ........ ........| ok p=1
Q59:	|........ ........ ........ ........| ok p=1
Q60:	|........ ........ ........ ...0....| ok p=1
Q61:	|........ ........ ........ ...0....| ok p=0.992188
Q62:	|........ ........ ........ ...-....| ok p=1
Q63:	|........ ........ ........ ...-....| ok p=0.994141
Q64:	|......+. ........ ........ ...-....|
Saved upper diff. path to 'workdir0/upperpath.bin.gz'.
Saved 'md5diffpathforward.cfg'.
Saved 'md5diffpathbackward.cfg'.
Saved 'md5diffpathconnect.cfg'.
Saved 'md5diffpathhelper.cfg'.
