Extend MD5 differential paths backward
Copyright (C) 2009 Marc Stevens
http://homepages.cwi.nl/~stevens/

delta_m[11] = [!31!]
Loading workdir5/upperpath.bin.gz...done: 1.
Estimating maxcond for upper bound 262144 (=65536 * 4)...
t=34: 0%   10   20   30   40   50   60   70   80   90   100%
      |----|----|----|----|----|----|----|----|----|----|
e     ***************************************************
Found maxcond = 2176
t=34: 0%   10   20   30   40   50   60   70   80   90   100%
      |----|----|----|----|----|----|----|----|----|----|
      ***************************************************
Q31:	|+....... ........ ........ ........|
Q32:	|........ ........ ........ ........|
Q33:	|........ ........ ........ ........|
Q34:	|........ ........ ........ ........| ok p=1
Q35:	|........ ........ ........ ........| ok p=1
Q36:	|........ ........ ........ ........| ok p=1
Q37:	|........ ........ ........ ........| ok p=1
Q38:	|........ ........ ........ ........| ok p=1
Q39:	|........ ........ ........ ........| ok p=1
Q40:	|........ ........ ........ ........| ok p=1
Q41:	|........ ........ ........ ........| ok p=1
Q42:	|........ ........ ........ ........| ok p=1
Q43:	|........ ........ ........ ........| ok p=1
Q44:	|........ ........ ........ ........| ok p=1
Q45:	|........ ........ ........ ........| ok p=1
Q46:	|........ ........ ........ ........| ok p=1
Q47:	|........ ........ ........ ........| ok p=1
Q48:	|........ ........ ........ ........| ok p=1
Q49:	|........ ........ ........ ........| ok p=1
Q50:	|........ ........ ........ ........| ok p=1
Q51:	|........ ........ ........ ........| ok p=1
Q52:	|........ ........ ........ ........| ok p=1
Q53:	|........ ........ ........ ........| ok p=1
Q54:	|........ ........ ........ ........| ok p=1
Q55:	|........ ........ ........ ........| ok p=1
Q56:	|........ ........ ........ ........| ok p=1
Q57:	|........ ........ ........ ........| ok p=1
Q58:	|........ ........ ........ ........| ok p=1
Q59:	|........ ........ ........ ........| ok p=1
Q60:	|........ ........ ......0. ........| ok p=1
Q61:	|........ ........ ......0. ........| ok p=0.493164
Q62:	|........ ........ ......-. ........| ok p=1
Q63:	|........ ........ ......-. ........| ok p=0.259766
Q64:	|.+...... ........ ......-. .......+|
Saving 1 paths...done.
Autobalance parameters: maxcond=2176
Verified: 0 bad out of 1
Estimating maxcond for upper bound 262144 (=65536 * 4)...
t=33: 0%   10   20   30   40   50   60   70   80   90   100%
      |----|----|----|----|----|----|----|----|----|----|
e     ***************************************************
Found maxcond = 2176
t=33: 0%   10   20   30   40   50   60   70   80   90   100%
      |----|----|----|----|----|----|----|----|----|----|
      ***************************************************
Q30:	|+....... ........ ........ ........|
Q31:	|+....... ........ ........ ........|
Q32:	|........ ........ ........ ........|
Q33:	|^....... ........ ........ ........| ok p=1
Q34:	|........ ........ ........ ........| ok p=1
Q35:	|........ ........ ........ ........| ok p=1
Q36:	|........ ........ ........ ........| ok p=1
Q37:	|........ ........ ........ ........| ok p=1
Q38:	|........ ........ ........ ........| ok p=1
Q39:	|........ ........ ........ ........| ok p=1
Q40:	|........ ........ ........ ........| ok p=1
Q41:	|........ ........ ........ ........| ok p=1
Q42:	|........ ........ ........ ........| ok p=1
Q43:	|........ ........ ........ ........| ok p=1
Q44:	|........ ........ ........ ........| ok p=1
Q45:	|........ ........ ........ ........| ok p=1
Q46:	|........ ........ ........ ........| ok p=1
Q47:	|........ ........ ........ ........| ok p=1
Q48:	|........ ........ ........ ........| ok p=1
Q49:	|........ ........ ........ ........| ok p=1
Q50:	|........ ........ ........ ........| ok p=1
Q51:	|........ ........ ........ ........| ok p=1
Q52:	|........ ........ ........ ........| ok p=1
Q53:	|........ ........ ........ ........| ok p=1
Q54:	|........ ........ ........ ........| ok p=1
Q55:	|........ ........ ........ ........| ok p=1
Q56:	|........ ........ ........ ........| ok p=1
Q57:	|........ ........ ........ ........| ok p=1
Q58:	|........ ........ ........ ........| ok p=1
Q59:	|........ ........ ........ ........| ok p=1
Q60:	|........ ........ ......0. ........| ok p=1
Q61:	|........ ........ ......0. ........| ok p=0.535156
Q62:	|........ ........ ......-. ........| ok p=1
Q63:	|........ ........ ......-. ........| ok p=0.245117
Q64:	|.+...... ........ ......-. .......+|
Saving 4 paths...done.
Autobalance parameters: maxcond=2176
Verified: 0 bad out of 4
Estimating maxcond for upper bound 262144 (=65536 * 4)...
t=32: 0%   10   20   30   40   50   60   70   80   90   100%
      |----|----|----|----|----|----|----|----|----|----|
e     ***************************************************
Found maxcond = 2176
t=32: 0%   10   20   30   40   50   60   70   80   90   100%
      |----|----|----|----|----|----|----|----|----|----|
      ***************************************************
Q29:	|........ ........ ........ ........|
Q30:	|+....... ........ ........ ........|
Q31:	|+....... ........ ........ ........|
Q32:	|........ ........ ........ ........| ok p=1
Q33:	|!....... ........ ........ ........| ok p=1
Q34:	|........ ........ ........ ........| ok p=1
Q35:	|........ ........ ........ ........| ok p=1
Q36:	|........ ........ ........ ........| ok p=1
Q37:	|........ ........ ........ ........| ok p=1
Q38:	|........ ........ ........ ........| ok p=1
Q39:	|........ ........ ........ ........| ok p=1
Q40:	|........ ........ ........ ........| ok p=1
Q41:	|........ ........ ........ ........| ok p=1
Q42:	|........ ........ ........ ........| ok p=1
Q43:	|........ ........ ........ ........| ok p=1
Q44:	|........ ........ ........ ........| ok p=1
Q45:	|........ ........ ........ ........| ok p=1
Q46:	|........ ........ ........ ........| ok p=1
Q47:	|........ ........ ........ ........| ok p=1
Q48:	|........ ........ ........ ........| ok p=1
Q49:	|........ ........ ........ ........| ok p=1
Q50:	|........ ........ ........ ........| ok p=1
Q51:	|........ ........ ........ ........| ok p=1
Q52:	|........ ........ ........ ........| ok p=1
Q53:	|........ ........ ........ ........| ok p=1
Q54:	|........ ........ ........ ........| ok p=1
Q55:	|........ ........ ........ ........| ok p=1
Q56:	|........ ........ ........ ........| ok p=1
Q57:	|........ ........ ........ ........| ok p=1
Q58:	|........ ........ ........ ........| ok p=1
Q59:	|........ ........ ........ ........| ok p=1
Q60:	|........ ........ ......0. ........| ok p=1
Q61:	|........ ........ ......0. ........| ok p=0.487305
Q62:	|........ ........ ......-. ........| ok p=1
Q63:	|........ ........ ......-. ........| ok p=0.234375
Q64:	|.+...... ........ ......-. .......+|
Saving 8 paths...done.
Autobalance parameters: maxcond=2176
Verified: 0 bad out of 8
Estimating maxcond for upper bound 262144 (=65536 * 4)...
t=31: 0%   10   20   30   40   50   60   70   80   90   100%
      |----|----|----|----|----|----|----|----|----|----|
e     ***************************************************
Found maxcond = 2176
t=31: 0%   10   20   30   40   50   60   70   80   90   100%
      |----|----|----|----|----|----|----|----|----|----|
      ***************************************************
Q28:	|+....... ........ ....-... ........|
Q29:	|........ ........ ........ ........|
Q30:	|+....... ........ ........ ........|
Q31:	|+....... ........ ........ ........| ok p=0.495117
Q32:	|........ ........ ........ ........| ok p=1
Q33:	|!....... ........ ........ ........| ok p=1
Q34:	|........ ........ ........ ........| ok p=1
Q35:	|........ ........ ........ ........| ok p=1
Q36:	|........ ........ ........ ........| ok p=1
Q37:	|........ ........ ........ ........| ok p=1
Q38:	|........ ........ ........ ........| ok p=1
Q39:	|........ ........ ........ ........| ok p=1
Q40:	|........ ........ ........ ........| ok p=1
Q41:	|........ ........ ........ ........| ok p=1
Q42:	|........ ........ ........ ........| ok p=1
Q43:	|........ ........ ........ ........| ok p=1
Q44:	|........ ........ ........ ........| ok p=1
Q45:	|........ ........ ........ ........| ok p=1
Q46:	|........ ........ ........ ........| ok p=1
Q47:	|........ ........ ........ ........| ok p=1
Q48:	|........ ........ ........ ........| ok p=1
Q49:	|........ ........ ........ ........| ok p=1
Q50:	|........ ........ ........ ........| ok p=1
Q51:	|........ ........ ........ ........| ok p=1
Q52:	|........ ........ ........ ........| ok p=1
Q53:	|........ ........ ........ ........| ok p=1
Q54:	|........ ........ ........ ........| ok p=1
Q55:	|........ ........ ........ ........| ok p=1
Q56:	|........ ........ ........ ........| ok p=1
Q57:	|........ ........ ........ ........| ok p=1
Q58:	|........ ........ ........ ........| ok p=1
Q59:	|........ ........ ........ ........| ok p=1
Q60:	|........ ........ ......0. ........| ok p=1
Q61:	|........ ........ ......0. ........| ok p=0.492188
Q62:	|........ ........ ......-. ........| ok p=1
Q63:	|........ ........ ......-. ........| ok p=0.279297
Q64:	|.+...... ........ ......-. .......+|
Saving 24 paths...done.
Autobalance parameters: maxcond=2176
Verified: 0 bad out of 24
Estimating maxcond for upper bound 262144 (=65536 * 4)...
t=30: 0%   10   20   30   40   50   60   70   80   90   100%
      |----|----|----|----|----|----|----|----|----|----|
e     ***************************************************
Found maxcond = 24
t=30: 0%   10   20   30   40   50   60   70   80   90   100%
      |----|----|----|----|----|----|----|----|----|----|
      ***************************************************
Q27:	|........ ........ ........ ........|
Q28:	|+....... ........ ....-... ........|
Q29:	|1....... ........ ........ ........|
Q30:	|+....... ........ ....^... ........| ok p=1
Q31:	|-....... ........ ........ ........| ok p=0.541016
Q32:	|........ ........ ........ ........| ok p=1
Q33:	|^....... ........ ........ ........| ok p=1
Q34:	|........ ........ ........ ........| ok p=1
Q35:	|........ ........ ........ ........| ok p=1
Q36:	|........ ........ ........ ........| ok p=1
Q37:	|........ ........ ........ ........| ok p=1
Q38:	|........ ........ ........ ........| ok p=1
Q39:	|........ ........ ........ ........| ok p=1
Q40:	|........ ........ ........ ........| ok p=1
Q41:	|........ ........ ........ ........| ok p=1
Q42:	|........ ........ ........ ........| ok p=1
Q43:	|........ ........ ........ ........| ok p=1
Q44:	|........ ........ ........ ........| ok p=1
Q45:	|........ ........ ........ ........| ok p=1
Q46:	|........ ........ ........ ........| ok p=1
Q47:	|........ ........ ........ ........| ok p=1
Q48:	|........ ........ ........ ........| ok p=1
Q49:	|........ ........ ........ ........| ok p=1
Q50:	|........ ........ ........ ........| ok p=1
Q51:	|........ ........ ........ ........| ok p=1
Q52:	|........ ........ ........ ........| ok p=1
Q53:	|........ ........ ........ ........| ok p=1
Q54:	|........ ........ ........ ........| ok p=1
Q55:	|........ ........ ........ ........| ok p=1
Q56:	|........ ........ ........ ........| ok p=1
Q57:	|........ ........ ........ ........| ok p=1
Q58:	|........ ........ ........ ........| ok p=1
Q59:	|........ ........ ........ ........| ok p=1
Q60:	|........ ........ ......0. ........| ok p=1
Q61:	|........ ........ ......0. ........| ok p=0.513672
Q62:	|........ ........ ......-. ........| ok p=1
Q63:	|........ ........ ......-. ........| ok p=0.24707
Q64:	|.+...... ........ ......-. .......+|
Saving 65536 paths...done.
Autobalance parameters: maxcond=21
Verified: 0 bad out of 122754
Runtime: 3.44141
Extend MD5 differential paths backward
Copyright (C) 2009 Marc Stevens
http://homepages.cwi.nl/~stevens/

delta_m[11] = [!31!]
Loading workdir5/paths30_0of1...done: 65536 (work:65536).
Estimating maxcond for upper bound 400000 (=100000 * 4)...
t=29: 0%   10   20   30   40   50   60   70   80   90   100%
      |----|----|----|----|----|----|----|----|----|----|
e     ***************************************************
Found maxcond = 21
t=29: 0%   10   20   30   40   50   60   70   80   90   100%
      |----|----|----|----|----|----|----|----|----|----|
      ***************************************************
Q26:	|........ .-...... ........ ........|
Q27:	|+....... ........ ....1... ........|
Q28:	|+....... ........ ....+... ........|
Q29:	|0....... ........ ........ ........| ok p=0.509766
Q30:	|+....... ........ ....^... ........| ok p=1
Q31:	|+....... ........ ........ ........| ok p=0.499023
Q32:	|........ ........ ........ ........| ok p=1
Q33:	|^....... ........ ........ ........| ok p=1
Q34:	|........ ........ ........ ........| ok p=1
Q35:	|........ ........ ........ ........| ok p=1
Q36:	|........ ........ ........ ........| ok p=1
Q37:	|........ ........ ........ ........| ok p=1
Q38:	|........ ........ ........ ........| ok p=1
Q39:	|........ ........ ........ ........| ok p=1
Q40:	|........ ........ ........ ........| ok p=1
Q41:	|........ ........ ........ ........| ok p=1
Q42:	|........ ........ ........ ........| ok p=1
Q43:	|........ ........ ........ ........| ok p=1
Q44:	|........ ........ ........ ........| ok p=1
Q45:	|........ ........ ........ ........| ok p=1
Q46:	|........ ........ ........ ........| ok p=1
Q47:	|........ ........ ........ ........| ok p=1
Q48:	|........ ........ ........ ........| ok p=1
Q49:	|........ ........ ........ ........| ok p=1
Q50:	|........ ........ ........ ........| ok p=1
Q51:	|........ ........ ........ ........| ok p=1
Q52:	|........ ........ ........ ........| ok p=1
Q53:	|........ ........ ........ ........| ok p=1
Q54:	|........ ........ ........ ........| ok p=1
Q55:	|........ ........ ........ ........| ok p=1
Q56:	|........ ........ ........ ........| ok p=1
Q57:	|........ ........ ........ ........| ok p=1
Q58:	|........ ........ ........ ........| ok p=1
Q59:	|........ ........ ........ ........| ok p=1
Q60:	|........ ........ ......0. ........| ok p=1
Q61:	|........ ........ ......0. ........| ok p=0.484375
Q62:	|........ ........ ......-. ........| ok p=1
Q63:	|........ ........ ......-. ........| ok p=0.259766
Q64:	|.+...... ........ ......-. .......+|
Saving 100000 paths...done.
Autobalance parameters: maxcond=19
Verified: 0 bad out of 178278
Estimating maxcond for upper bound 400000 (=100000 * 4)...
t=28: 0%   10   20   30   40   50   60   70   80   90   100%
      |----|----|----|----|----|----|----|----|----|----|
e     ***************************************************
Found maxcond = 19
t=28: 0%   10   20   30   40   50   60   70   80   90   100%
      |----|----|----|----|----|----|----|----|----|----|
      ***************************************************
Q25:	|+....-.. ........ ........ .-......|
Q26:	|........ .-...... ....-... ........|
Q27:	|-....... ........ ....0... ........|
Q28:	|-....... .^...... ....+... ........| ok p=0.522461
Q29:	|0....... ........ ........ ........| ok p=0.514648
Q30:	|-....... ........ ....^... ........| ok p=1
Q31:	|-....... ........ ........ ........| ok p=0.49707
Q32:	|........ ........ ........ ........| ok p=1
Q33:	|!....... ........ ........ ........| ok p=1
Q34:	|........ ........ ........ ........| ok p=1
Q35:	|........ ........ ........ ........| ok p=1
Q36:	|........ ........ ........ ........| ok p=1
Q37:	|........ ........ ........ ........| ok p=1
Q38:	|........ ........ ........ ........| ok p=1
Q39:	|........ ........ ........ ........| ok p=1
Q40:	|........ ........ ........ ........| ok p=1
Q41:	|........ ........ ........ ........| ok p=1
Q42:	|........ ........ ........ ........| ok p=1
Q43:	|........ ........ ........ ........| ok p=1
Q44:	|........ ........ ........ ........| ok p=1
Q45:	|........ ........ ........ ........| ok p=1
Q46:	|........ ........ ........ ........| ok p=1
Q47:	|........ ........ ........ ........| ok p=1
Q48:	|........ ........ ........ ........| ok p=1
Q49:	|........ ........ ........ ........| ok p=1
Q50:	|........ ........ ........ ........| ok p=1
Q51:	|........ ........ ........ ........| ok p=1
Q52:	|........ ........ ........ ........| ok p=1
Q53:	|........ ........ ........ ........| ok p=1
Q54:	|........ ........ ........ ........| ok p=1
Q55:	|........ ........ ........ ........| ok p=1
Q56:	|........ ........ ........ ........| ok p=1
Q57:	|........ ........ ........ ........| ok p=1
Q58:	|........ ........ ........ ........| ok p=1
Q59:	|........ ........ ........ ........| ok p=1
Q60:	|........ ........ ......0. ........| ok p=1
Q61:	|........ ........ ......0. ........| ok p=0.493164
Q62:	|........ ........ ......-. ........| ok p=1
Q63:	|........ ........ ......-. ........| ok p=0.270508
Q64:	|.+...... ........ ......-. .......+|
Saving 100000 paths...done.
Autobalance parameters: maxcond=17
Verified: 0 bad out of 183186
Estimating maxcond for upper bound 400000 (=100000 * 4)...
t=27: 0%   10   20   30   40   50   60   70   80   90   100%
      |----|----|----|----|----|----|----|----|----|----|
e     ***************************************************
Found maxcond = 21
t=27: 0%   10   20   30   40   50   60   70   80   90   100%
      |----|----|----|----|----|----|----|----|----|----|
      ***************************************************
Q24:	|+....... -....... ........ ........|
Q25:	|.....-.. .1...... ........ .+......|
Q26:	|+....... .-...... ....0... ........|
Q27:	|+....^.. ........ ....1... .^......| ok p=0.994141
Q28:	|-....... .^...... ....-... ........| ok p=0.503906
Q29:	|0....... ........ ........ ........| ok p=0.519531
Q30:	|-....... ........ ....^... ........| ok p=1
Q31:	|+....... ........ ........ ........| ok p=0.524414
Q32:	|........ ........ ........ ........| ok p=1
Q33:	|!....... ........ ........ ........| ok p=1
Q34:	|........ ........ ........ ........| ok p=1
Q35:	|........ ........ ........ ........| ok p=1
Q36:	|........ ........ ........ ........| ok p=1
Q37:	|........ ........ ........ ........| ok p=1
Q38:	|........ ........ ........ ........| ok p=1
Q39:	|........ ........ ........ ........| ok p=1
Q40:	|........ ........ ........ ........| ok p=1
Q41:	|........ ........ ........ ........| ok p=1
Q42:	|........ ........ ........ ........| ok p=1
Q43:	|........ ........ ........ ........| ok p=1
Q44:	|........ ........ ........ ........| ok p=1
Q45:	|........ ........ ........ ........| ok p=1
Q46:	|........ ........ ........ ........| ok p=1
Q47:	|........ ........ ........ ........| ok p=1
Q48:	|........ ........ ........ ........| ok p=1
Q49:	|........ ........ ........ ........| ok p=1
Q50:	|........ ........ ........ ........| ok p=1
Q51:	|........ ........ ........ ........| ok p=1
Q52:	|........ ........ ........ ........| ok p=1
Q53:	|........ ........ ........ ........| ok p=1
Q54:	|........ ........ ........ ........| ok p=1
Q55:	|........ ........ ........ ........| ok p=1
Q56:	|........ ........ ........ ........| ok p=1
Q57:	|........ ........ ........ ........| ok p=1
Q58:	|........ ........ ........ ........| ok p=1
Q59:	|........ ........ ........ ........| ok p=1
Q60:	|........ ........ ......0. ........| ok p=1
Q61:	|........ ........ ......0. ........| ok p=0.489258
Q62:	|........ ........ ......-. ........| ok p=1
Q63:	|........ ........ ......-. ........| ok p=0.250977
Q64:	|.+...... ........ ......-. .......+|
Saving 100000 paths...done.
Autobalance parameters: maxcond=20
Verified: 0 bad out of 147003
Estimating maxcond for upper bound 400000 (=100000 * 4)...
t=26: 0%   10   20   30   40   50   60   70   80   90   100%
      |----|----|----|----|----|----|----|----|----|----|
e     ***************************************************
Found maxcond = 25
t=26: 0%   10   20   30   40   50   60   70   80   90   100%
      |----|----|----|----|----|----|----|----|----|----|
      ***************************************************
Q23:	|+....... .+...... .......+ ........|
Q24:	|.....1.. .-...... ........ .1......|
Q25:	|+....+.. .0...... ........ .+......|
Q26:	|+....... .-...... ....0... ........| ok p=1
Q27:	|-....^.. ........ ....1... .^......| ok p=0.998047
Q28:	|-....... .^...... ....-... ........| ok p=0.516602
Q29:	|1....... ........ ........ ........| ok p=0.484375
Q30:	|+....... ........ ....^... ........| ok p=1
Q31:	|-....... ........ ........ ........| ok p=0.505859
Q32:	|........ ........ ........ ........| ok p=1
Q33:	|^....... ........ ........ ........| ok p=1
Q34:	|........ ........ ........ ........| ok p=1
Q35:	|........ ........ ........ ........| ok p=1
Q36:	|........ ........ ........ ........| ok p=1
Q37:	|........ ........ ........ ........| ok p=1
Q38:	|........ ........ ........ ........| ok p=1
Q39:	|........ ........ ........ ........| ok p=1
Q40:	|........ ........ ........ ........| ok p=1
Q41:	|........ ........ ........ ........| ok p=1
Q42:	|........ ........ ........ ........| ok p=1
Q43:	|........ ........ ........ ........| ok p=1
Q44:	|........ ........ ........ ........| ok p=1
Q45:	|........ ........ ........ ........| ok p=1
Q46:	|........ ........ ........ ........| ok p=1
Q47:	|........ ........ ........ ........| ok p=1
Q48:	|........ ........ ........ ........| ok p=1
Q49:	|........ ........ ........ ........| ok p=1
Q50:	|........ ........ ........ ........| ok p=1
Q51:	|........ ........ ........ ........| ok p=1
Q52:	|........ ........ ........ ........| ok p=1
Q53:	|........ ........ ........ ........| ok p=1
Q54:	|........ ........ ........ ........| ok p=1
Q55:	|........ ........ ........ ........| ok p=1
Q56:	|........ ........ ........ ........| ok p=1
Q57:	|........ ........ ........ ........| ok p=1
Q58:	|........ ........ ........ ........| ok p=1
Q59:	|........ ........ ........ ........| ok p=1
Q60:	|........ ........ ......0. ........| ok p=1
Q61:	|........ ........ ......0. ........| ok p=0.522461
Q62:	|........ ........ ......-. ........| ok p=1
Q63:	|........ ........ ......-. ........| ok p=0.246094
Q64:	|.+...... ........ ......-. .......+|
Saving 100000 paths...done.
Autobalance parameters: maxcond=24
Verified: 0 bad out of 129033
Estimating maxcond for upper bound 400000 (=100000 * 4)...
t=25: 0%   10   20   30   40   50   60   70   80   90   100%
      |----|----|----|----|----|----|----|----|----|----|
e     ***************************************************
Found maxcond = 30
t=25: 0%   10   20   30   40   50   60   70   80   90   100%
      |----|----|----|----|----|----|----|----|----|----|
      ***************************************************
Q22:	|+.+..... .-....+. ..+..... ........|
Q23:	|.....+.. .-...... .......- .0......|
Q24:	|+....0.. .+...... ........ .1......|
Q25:	|+....-.. .0...... .......^ .-......| ok p=0.878906
Q26:	|-....... .+...... ....0... ........| ok p=0.994141
Q27:	|-....^.. ........ ....1... .^......| ok p=0.99707
Q28:	|-....... .^...... ....+... ........| ok p=0.486328
Q29:	|1....... ........ ........ ........| ok p=0.496094
Q30:	|+....... ........ ....^... ........| ok p=1
Q31:	|-....... ........ ........ ........| ok p=0.498047
Q32:	|........ ........ ........ ........| ok p=1
Q33:	|!....... ........ ........ ........| ok p=1
Q34:	|........ ........ ........ ........| ok p=1
Q35:	|........ ........ ........ ........| ok p=1
Q36:	|........ ........ ........ ........| ok p=1
Q37:	|........ ........ ........ ........| ok p=1
Q38:	|........ ........ ........ ........| ok p=1
Q39:	|........ ........ ........ ........| ok p=1
Q40:	|........ ........ ........ ........| ok p=1
Q41:	|........ ........ ........ ........| ok p=1
Q42:	|........ ........ ........ ........| ok p=1
Q43:	|........ ........ ........ ........| ok p=1
Q44:	|........ ........ ........ ........| ok p=1
Q45:	|........ ........ ........ ........| ok p=1
Q46:	|........ ........ ........ ........| ok p=1
Q47:	|........ ........ ........ ........| ok p=1
Q48:	|........ ........ ........ ........| ok p=1
Q49:	|........ ........ ........ ........| ok p=1
Q50:	|........ ........ ........ ........| ok p=1
Q51:	|........ ........ ........ ........| ok p=1
Q52:	|........ ........ ........ ........| ok p=1
Q53:	|........ ........ ........ ........| ok p=1
Q54:	|........ ........ ........ ........| ok p=1
Q55:	|........ ........ ........ ........| ok p=1
Q56:	|........ ........ ........ ........| ok p=1
Q57:	|........ ........ ........ ........| ok p=1
Q58:	|........ ........ ........ ........| ok p=1
Q59:	|........ ........ ........ ........| ok p=1
Q60:	|........ ........ ......0. ........| ok p=1
Q61:	|........ ........ ......0. ........| ok p=0.498047
Q62:	|........ ........ ......-. ........| ok p=1
Q63:	|........ ........ ......-. ........| ok p=0.251953
Q64:	|.+...... ........ ......-. .......+|
Saving 100000 paths...done.
Autobalance parameters: maxcond=29
Verified: 0 bad out of 113738
Estimating maxcond for upper bound 400000 (=100000 * 4)...
t=24: 0%   10   20   30   40   50   60   70   80   90   100%
      |----|----|----|----|----|----|----|----|----|----|
e     ***************************************************
Found maxcond = 38
t=24: 0%   10   20   30   40   50   60   70   80   90   100%
      |----|----|----|----|----|----|----|----|----|----|
      ***************************************************
Q21:	|+....-.. ..-..... ........ ......+.|
Q22:	|..-..... .0....-. .......1 ........|
Q23:	|+....0.. .+...... .......+ .0......|
Q24:	|+.^..1.. .-....^. ........ .1......| ok p=0.526367
Q25:	|0....+.. .-...... .......^ .+......| ok p=0.424805
Q26:	|+....... .-...... ....0... ........| ok p=0.998047
Q27:	|+....^.. .1...... ....1... .^......| ok p=0.999023
Q28:	|-....... .0...... ....-... ........| ok p=0.529297
Q29:	|0....... ........ ........ ........| ok p=0.530273
Q30:	|-....... ........ ....^... ........| ok p=1
Q31:	|-....... ........ ........ ........| ok p=0.481445
Q32:	|........ ........ ........ ........| ok p=1
Q33:	|^....... ........ ........ ........| ok p=1
Q34:	|........ ........ ........ ........| ok p=1
Q35:	|........ ........ ........ ........| ok p=1
Q36:	|........ ........ ........ ........| ok p=1
Q37:	|........ ........ ........ ........| ok p=1
Q38:	|........ ........ ........ ........| ok p=1
Q39:	|........ ........ ........ ........| ok p=1
Q40:	|........ ........ ........ ........| ok p=1
Q41:	|........ ........ ........ ........| ok p=1
Q42:	|........ ........ ........ ........| ok p=1
Q43:	|........ ........ ........ ........| ok p=1
Q44:	|........ ........ ........ ........| ok p=1
Q45:	|........ ........ ........ ........| ok p=1
Q46:	|........ ........ ........ ........| ok p=1
Q47:	|........ ........ ........ ........| ok p=1
Q48:	|........ ........ ........ ........| ok p=1
Q49:	|........ ........ ........ ........| ok p=1
Q50:	|........ ........ ........ ........| ok p=1
Q51:	|........ ........ ........ ........| ok p=1
Q52:	|........ ........ ........ ........| ok p=1
Q53:	|........ ........ ........ ........| ok p=1
Q54:	|........ ........ ........ ........| ok p=1
Q55:	|........ ........ ........ ........| ok p=1
Q56:	|........ ........ ........ ........| ok p=1
Q57:	|........ ........ ........ ........| ok p=1
Q58:	|........ ........ ........ ........| ok p=1
Q59:	|........ ........ ........ ........| ok p=1
Q60:	|........ ........ ......0. ........| ok p=1
Q61:	|........ ........ ......0. ........| ok p=0.520508
Q62:	|........ ........ ......-. ........| ok p=1
Q63:	|........ ........ ......-. ........| ok p=0.271484
Q64:	|.+...... ........ ......-. .......+|
Saving 92790 paths...done.
Autobalance parameters: maxcond=38
Verified: 0 bad out of 92790
Estimating maxcond for upper bound 400000 (=100000 * 4)...
t=23: 0%   10   20   30   40   50   60   70   80   90   100%
      |----|----|----|----|----|----|----|----|----|----|
e     ***************************************************
Found maxcond = 46
t=23: 0%   10   20   30   40   50   60   70   80   90   100%
      |----|----|----|----|----|----|----|----|----|----|
      ***************************************************
Q20:	|+....... .+.+.... ........ ....+...|
Q21:	|..1..... ..+...1. .......+ ......-.|
Q22:	|-.+..... .-....-. .......0 ........|
Q23:	|-....0.. .-^..... .......- .0....^.| ok p=0.999023
Q24:	|+.^..1.. .+....^. ........ .1......| ok p=0.973633
Q25:	|+....+.. .+...... .......^ .-......| ok p=0.837891
Q26:	|+....... .+...... ....0... ........| ok p=0.998047
Q27:	|+....^.. .1...... ....1... .^......| ok p=0.998047
Q28:	|+....... .0...... ....+... ........| ok p=0.485352
Q29:	|1....... ........ ........ ........| ok p=0.487305
Q30:	|-....... ........ ....^... ........| ok p=1
Q31:	|-....... ........ ........ ........| ok p=0.514648
Q32:	|........ ........ ........ ........| ok p=1
Q33:	|^....... ........ ........ ........| ok p=1
Q34:	|........ ........ ........ ........| ok p=1
Q35:	|........ ........ ........ ........| ok p=1
Q36:	|........ ........ ........ ........| ok p=1
Q37:	|........ ........ ........ ........| ok p=1
Q38:	|........ ........ ........ ........| ok p=1
Q39:	|........ ........ ........ ........| ok p=1
Q40:	|........ ........ ........ ........| ok p=1
Q41:	|........ ........ ........ ........| ok p=1
Q42:	|........ ........ ........ ........| ok p=1
Q43:	|........ ........ ........ ........| ok p=1
Q44:	|........ ........ ........ ........| ok p=1
Q45:	|........ ........ ........ ........| ok p=1
Q46:	|........ ........ ........ ........| ok p=1
Q47:	|........ ........ ........ ........| ok p=1
Q48:	|........ ........ ........ ........| ok p=1
Q49:	|........ ........ ........ ........| ok p=1
Q50:	|........ ........ ........ ........| ok p=1
Q51:	|........ ........ ........ ........| ok p=1
Q52:	|........ ........ ........ ........| ok p=1
Q53:	|........ ........ ........ ........| ok p=1
Q54:	|........ ........ ........ ........| ok p=1
Q55:	|........ ........ ........ ........| ok p=1
Q56:	|........ ........ ........ ........| ok p=1
Q57:	|........ ........ ........ ........| ok p=1
Q58:	|........ ........ ........ ........| ok p=1
Q59:	|........ ........ ........ ........| ok p=1
Q60:	|........ ........ ......0. ........| ok p=1
Q61:	|........ ........ ......0. ........| ok p=0.506836
Q62:	|........ ........ ......-. ........| ok p=1
Q63:	|........ ........ ......-. ........| ok p=0.231445
Q64:	|.+...... ........ ......-. .......+|
Saving 100000 paths...done.
Autobalance parameters: maxcond=45
Verified: 0 bad out of 101580
Estimating maxcond for upper bound 400000 (=100000 * 4)...
t=22: 0%   10   20   30   40   50   60   70   80   90   100%
      |----|----|----|----|----|----|----|----|----|----|
e     ***************************************************
Found maxcond = 56
t=22: 0%   10   20   30   40   50   60   70   80   90   100%
      |----|----|----|----|----|----|----|----|----|----|
      ***************************************************
Q19:	|+....-.. ........ -....... ....+...|
Q20:	|..-..... .+1+..+. ........ ....+.1.|
Q21:	|-.0..... .+-...0. .......0 ......-.|
Q22:	|-.+..... .-.^..-. .......1 ....^...| ok p=0.991211
Q23:	|+....0.. .-^..... .......- .0....^.| ok p=1
Q24:	|+.^..1.. .+....^. ........ .1......| ok p=0.96875
Q25:	|+....+.. .+...... .......^ .-......| ok p=0.84082
Q26:	|+....... .+...... ....0... ........| ok p=0.999023
Q27:	|+....^.. .1...... ....1... .^......| ok p=0.998047
Q28:	|+....... .0...... ....+... ........| ok p=0.494141
Q29:	|1....... ........ ........ ........| ok p=0.505859
Q30:	|-....... ........ ....^... ........| ok p=1
Q31:	|-....... ........ ........ ........| ok p=0.512695
Q32:	|........ ........ ........ ........| ok p=1
Q33:	|!....... ........ ........ ........| ok p=1
Q34:	|........ ........ ........ ........| ok p=1
Q35:	|........ ........ ........ ........| ok p=1
Q36:	|........ ........ ........ ........| ok p=1
Q37:	|........ ........ ........ ........| ok p=1
Q38:	|........ ........ ........ ........| ok p=1
Q39:	|........ ........ ........ ........| ok p=1
Q40:	|........ ........ ........ ........| ok p=1
Q41:	|........ ........ ........ ........| ok p=1
Q42:	|........ ........ ........ ........| ok p=1
Q43:	|........ ........ ........ ........| ok p=1
Q44:	|........ ........ ........ ........| ok p=1
Q45:	|........ ........ ........ ........| ok p=1
Q46:	|........ ........ ........ ........| ok p=1
Q47:	|........ ........ ........ ........| ok p=1
Q48:	|........ ........ ........ ........| ok p=1
Q49:	|........ ........ ........ ........| ok p=1
Q50:	|........ ........ ........ ........| ok p=1
Q51:	|........ ........ ........ ........| ok p=1
Q52:	|........ ........ ........ ........| ok p=1
Q53:	|........ ........ ........ ........| ok p=1
Q54:	|........ ........ ........ ........| ok p=1
Q55:	|........ ........ ........ ........| ok p=1
Q56:	|........ ........ ........ ........| ok p=1
Q57:	|........ ........ ........ ........| ok p=1
Q58:	|........ ........ ........ ........| ok p=1
Q59:	|........ ........ ........ ........| ok p=1
Q60:	|........ ........ ......0. ........| ok p=1
Q61:	|........ ........ ......0. ........| ok p=0.496094
Q62:	|........ ........ ......-. ........| ok p=1
Q63:	|........ ........ ......-. ........| ok p=0.245117
Q64:	|.+...... ........ ......-. .......+|
Saving 85920 paths...done.
Autobalance parameters: maxcond=56
Verified: 0 bad out of 85920
Estimating maxcond for upper bound 400000 (=100000 * 4)...
t=21: 0%   10   20   30   40   50   60   70   80   90   100%
      |----|----|----|----|----|----|----|----|----|----|
e     ***************************************************
Found maxcond = 66
t=21: 0%   10   20   30   40   50   60   70   80   90   100%
      |----|----|----|----|----|----|----|----|----|----|
      ***************************************************
Q18:	|+......- ...+.... .+.-...+ ........|
Q19:	|.....+.. ...1.... +....... ....-.-.|
Q20:	|-.0..... .0--..0. ........ ....-.0.|
Q21:	|-.1..^.. ..-...1. ^......0 ....0.+.| ok p=1
Q22:	|+.-..... .+0^..+. .......1 ....^...| ok p=0.717773
Q23:	|+....0.. .+1..... .......+ .0....^.| ok p=1
Q24:	|+.^..1.. .-....^. ........ .1......| ok p=0.967773
Q25:	|+....-.. .-...... .......^ .+......| ok p=0.824219
Q26:	|+....... .-...... ....0... ........| ok p=0.992188
Q27:	|+....^.. .1...... ....1... .^......| ok p=0.993164
Q28:	|+....... .0...... ....-... ........| ok p=0.501953
Q29:	|1....... ........ ........ ........| ok p=0.492188
Q30:	|-....... ........ ....^... ........| ok p=1
Q31:	|+....... ........ ........ ........| ok p=0.504883
Q32:	|........ ........ ........ ........| ok p=1
Q33:	|!....... ........ ........ ........| ok p=1
Q34:	|........ ........ ........ ........| ok p=1
Q35:	|........ ........ ........ ........| ok p=1
Q36:	|........ ........ ........ ........| ok p=1
Q37:	|........ ........ ........ ........| ok p=1
Q38:	|........ ........ ........ ........| ok p=1
Q39:	|........ ........ ........ ........| ok p=1
Q40:	|........ ........ ........ ........| ok p=1
Q41:	|........ ........ ........ ........| ok p=1
Q42:	|........ ........ ........ ........| ok p=1
Q43:	|........ ........ ........ ........| ok p=1
Q44:	|........ ........ ........ ........| ok p=1
Q45:	|........ ........ ........ ........| ok p=1
Q46:	|........ ........ ........ ........| ok p=1
Q47:	|........ ........ ........ ........| ok p=1
Q48:	|........ ........ ........ ........| ok p=1
Q49:	|........ ........ ........ ........| ok p=1
Q50:	|........ ........ ........ ........| ok p=1
Q51:	|........ ........ ........ ........| ok p=1
Q52:	|........ ........ ........ ........| ok p=1
Q53:	|........ ........ ........ ........| ok p=1
Q54:	|........ ........ ........ ........| ok p=1
Q55:	|........ ........ ........ ........| ok p=1
Q56:	|........ ........ ........ ........| ok p=1
Q57:	|........ ........ ........ ........| ok p=1
Q58:	|........ ........ ........ ........| ok p=1
Q59:	|........ ........ ........ ........| ok p=1
Q60:	|........ ........ ......0. ........| ok p=1
Q61:	|........ ........ ......0. ........| ok p=0.498047
Q62:	|........ ........ ......-. ........| ok p=1
Q63:	|........ ........ ......-. ........| ok p=0.24707
Q64:	|.+...... ........ ......-. .......+|
Saving 86236 paths...done.
Autobalance parameters: maxcond=66
Verified: 0 bad out of 86236
Runtime: 16.2646
Extend MD5 differential paths backward
Copyright (C) 2009 Marc Stevens
http://homepages.cwi.nl/~stevens/

delta_m[11] = [!31!]
Loading workdir5/paths21_0of1...done: 86236 (work:86236).
Estimating maxcond for upper bound 65536 (=16384 * 4)...
t=20: 0%   10   20   30   40   50   60   70   80   90   100%
      |----|----|----|----|----|----|----|----|----|----|
e     ***************************************************
Found maxcond = 79
t=20: 0%   10   20   30   40   50   60   70   80   90   100%
      |----|----|----|----|----|----|----|----|----|----|
      ***************************************************
Q17:	|.-.+.... ......+. +....... ........|
Q18:	|.....1.- ..+0.... 1..+...- ....+...|
Q19:	|-....+.. ..00.... +....... ....+.0.|
Q20:	|-.0....^ .0--..0. ...^...^ ....-.1.| ok p=0.69043
Q21:	|+.1..^.. ..+...1. ^......0 ....0.+.| ok p=0.74707
Q22:	|+.-..... .+1^..-. .......1 ....^...| ok p=0.731445
Q23:	|+....0.. .+0..... .......+ .0....^.| ok p=1
Q24:	|+.^..1.. .-....^. ........ .1......| ok p=0.963867
Q25:	|+....+.. .-...... .......^ .+......| ok p=0.831055
Q26:	|+....... .-...... ....0... ........| ok p=0.995117
Q27:	|+....^.. .1...... ....1... .^......| ok p=0.996094
Q28:	|+....... .0...... ....-... ........| ok p=0.504883
Q29:	|1....... ........ ........ ........| ok p=0.504883
Q30:	|-....... ........ ....^... ........| ok p=1
Q31:	|+....... ........ ........ ........| ok p=0.511719
Q32:	|........ ........ ........ ........| ok p=1
Q33:	|!....... ........ ........ ........| ok p=1
Q34:	|........ ........ ........ ........| ok p=1
Q35:	|........ ........ ........ ........| ok p=1
Q36:	|........ ........ ........ ........| ok p=1
Q37:	|........ ........ ........ ........| ok p=1
Q38:	|........ ........ ........ ........| ok p=1
Q39:	|........ ........ ........ ........| ok p=1
Q40:	|........ ........ ........ ........| ok p=1
Q41:	|........ ........ ........ ........| ok p=1
Q42:	|........ ........ ........ ........| ok p=1
Q43:	|........ ........ ........ ........| ok p=1
Q44:	|........ ........ ........ ........| ok p=1
Q45:	|........ ........ ........ ........| ok p=1
Q46:	|........ ........ ........ ........| ok p=1
Q47:	|........ ........ ........ ........| ok p=1
Q48:	|........ ........ ........ ........| ok p=1
Q49:	|........ ........ ........ ........| ok p=1
Q50:	|........ ........ ........ ........| ok p=1
Q51:	|........ ........ ........ ........| ok p=1
Q52:	|........ ........ ........ ........| ok p=1
Q53:	|........ ........ ........ ........| ok p=1
Q54:	|........ ........ ........ ........| ok p=1
Q55:	|........ ........ ........ ........| ok p=1
Q56:	|........ ........ ........ ........| ok p=1
Q57:	|........ ........ ........ ........| ok p=1
Q58:	|........ ........ ........ ........| ok p=1
Q59:	|........ ........ ........ ........| ok p=1
Q60:	|........ ........ ......0. ........| ok p=1
Q61:	|........ ........ ......0. ........| ok p=0.482422
Q62:	|........ ........ ......-. ........| ok p=1
Q63:	|........ ........ ......-. ........| ok p=0.248047
Q64:	|.+...... ........ ......-. .......+|
Saving 16384 paths...done.
Autobalance parameters: maxcond=77
Verified: 0 bad out of 39090
Runtime: 4.09564
Extend MD5 differential paths backward
Copyright (C) 2009 Marc Stevens
http://homepages.cwi.nl/~stevens/

delta_m[11] = [!31!]
Loading workdir5/paths20_0of1...done: 16384 (work:16384).
Estimating maxcond for upper bound 2000000 (=500000 * 4)...
t=19: 0%   10   20   30   40   50   60   70   80   90   100%
      |----|----|----|----|----|----|----|----|----|----|
e     ***************************************************
Found maxcond = 91
t=19: 0%   10   20   30   40   50   60   70   80   90   100%
      |----|----|----|----|----|----|----|----|----|----|
      ***************************************************
Q16:	|....-... ..+....- ........ .-.-.+.+|
Q17:	|.+.+.+.. 1.+...+. +..1...1 ........|
Q18:	|.....1.. -.-0.... 1..+...- ....+...|
Q19:	|0^.^.+.. ..00..^. +....... ....+.0.| ok p=0.963867
Q20:	|1.0..... ^0--..1. ...^...^ ....-.1.| ok p=0.164062
Q21:	|+.1..^.. ..+...1. ^......0 ....0.+.| ok p=0.517578
Q22:	|0.-..... .+1^..-. .......1 ....^...| ok p=0.621094
Q23:	|-....0.. .+0..... .......+ .0....^.| ok p=1
Q24:	|+.^..1.. .-....^. ........ .1......| ok p=1
Q25:	|-....+.. .-...... .......^ .+......| ok p=0.864258
Q26:	|-....... .-...... ....0... ........| ok p=0.995117
Q27:	|-....^.. .1...... ....1... .^......| ok p=1
Q28:	|-....... .0...... ....-... ........| ok p=0.513672
Q29:	|1....... ........ ........ ........| ok p=0.498047
Q30:	|+....... ........ ....^... ........| ok p=1
Q31:	|+....... ........ ........ ........| ok p=0.486328
Q32:	|........ ........ ........ ........| ok p=1
Q33:	|!....... ........ ........ ........| ok p=1
Q34:	|........ ........ ........ ........| ok p=1
Q35:	|........ ........ ........ ........| ok p=1
Q36:	|........ ........ ........ ........| ok p=1
Q37:	|........ ........ ........ ........| ok p=1
Q38:	|........ ........ ........ ........| ok p=1
Q39:	|........ ........ ........ ........| ok p=1
Q40:	|........ ........ ........ ........| ok p=1
Q41:	|........ ........ ........ ........| ok p=1
Q42:	|........ ........ ........ ........| ok p=1
Q43:	|........ ........ ........ ........| ok p=1
Q44:	|........ ........ ........ ........| ok p=1
Q45:	|........ ........ ........ ........| ok p=1
Q46:	|........ ........ ........ ........| ok p=1
Q47:	|........ ........ ........ ........| ok p=1
Q48:	|........ ........ ........ ........| ok p=1
Q49:	|........ ........ ........ ........| ok p=1
Q50:	|........ ........ ........ ........| ok p=1
Q51:	|........ ........ ........ ........| ok p=1
Q52:	|........ ........ ........ ........| ok p=1
Q53:	|........ ........ ........ ........| ok p=1
Q54:	|........ ........ ........ ........| ok p=1
Q55:	|........ ........ ........ ........| ok p=1
Q56:	|........ ........ ........ ........| ok p=1
Q57:	|........ ........ ........ ........| ok p=1
Q58:	|........ ........ ........ ........| ok p=1
Q59:	|........ ........ ........ ........| ok p=1
Q60:	|........ ........ ......0. ........| ok p=1
Q61:	|........ ........ ......0. ........| ok p=0.527344
Q62:	|........ ........ ......-. ........| ok p=1
Q63:	|........ ........ ......-. ........| ok p=0.273438
Q64:	|.+...... ........ ......-. .......+|
Saving 500000 paths...done.
Autobalance parameters: maxcond=90
Verified: 0 bad out of 654328
Estimating maxcond for upper bound 2000000 (=500000 * 4)...
t=18: 0%   10   20   30   40   50   60   70   80   90   100%
      |----|----|----|----|----|----|----|----|----|----|
e     ***************************************************
Found maxcond = 108
t=18: 0%   10   20   30   40   50   60   70   80   90   100%
      |----|----|----|----|----|----|----|----|----|----|
      ***************************************************
Q15:	|.-...-.. ...-.... -..-.-.. .+....-.|
Q16:	|.1..+..0 ...+..+. -..0...0 .+..1.++|
Q17:	|.-..-0.1 ...-..-. 1..1...1 ....+...|
Q18:	|....10.+ ..0-..1. 0..-...+ .^..0.^^| ok p=0.713867
Q19:	|0^..^-.. ..11..^. -....... ....-.0.| ok p=0.96875
Q20:	|1.0....^ .0++..1. ...^...^ ....+.1.| ok p=0.180664
Q21:	|+.1..^.. ..-...1. ^......0 ....1.-.| ok p=0.739258
Q22:	|0.+..... .-1^..+. .......1 ....^...| ok p=0.642578
Q23:	|-....0.. .-0..... .......- .0....^.| ok p=1
Q24:	|+.^..1.. .+....^. ........ .1......| ok p=1
Q25:	|-....-.. .+...... .......^ .-......| ok p=0.855469
Q26:	|-....... .+...... ....0... ........| ok p=0.99707
Q27:	|-....^.. .1...... ....1... .^......| ok p=0.999023
Q28:	|-....... .0...... ....+... ........| ok p=0.509766
Q29:	|1....... ........ ........ ........| ok p=0.522461
Q30:	|+....... ........ ....^... ........| ok p=1
Q31:	|+....... ........ ........ ........| ok p=0.50293
Q32:	|........ ........ ........ ........| ok p=1
Q33:	|!....... ........ ........ ........| ok p=1
Q34:	|........ ........ ........ ........| ok p=1
Q35:	|........ ........ ........ ........| ok p=1
Q36:	|........ ........ ........ ........| ok p=1
Q37:	|........ ........ ........ ........| ok p=1
Q38:	|........ ........ ........ ........| ok p=1
Q39:	|........ ........ ........ ........| ok p=1
Q40:	|........ ........ ........ ........| ok p=1
Q41:	|........ ........ ........ ........| ok p=1
Q42:	|........ ........ ........ ........| ok p=1
Q43:	|........ ........ ........ ........| ok p=1
Q44:	|........ ........ ........ ........| ok p=1
Q45:	|........ ........ ........ ........| ok p=1
Q46:	|........ ........ ........ ........| ok p=1
Q47:	|........ ........ ........ ........| ok p=1
Q48:	|........ ........ ........ ........| ok p=1
Q49:	|........ ........ ........ ........| ok p=1
Q50:	|........ ........ ........ ........| ok p=1
Q51:	|........ ........ ........ ........| ok p=1
Q52:	|........ ........ ........ ........| ok p=1
Q53:	|........ ........ ........ ........| ok p=1
Q54:	|........ ........ ........ ........| ok p=1
Q55:	|........ ........ ........ ........| ok p=1
Q56:	|........ ........ ........ ........| ok p=1
Q57:	|........ ........ ........ ........| ok p=1
Q58:	|........ ........ ........ ........| ok p=1
Q59:	|........ ........ ........ ........| ok p=1
Q60:	|........ ........ ......0. ........| ok p=1
Q61:	|........ ........ ......0. ........| ok p=0.491211
Q62:	|........ ........ ......-. ........| ok p=1
Q63:	|........ ........ ......-. ........| ok p=0.258789
Q64:	|.+...... ........ ......-. .......+|
Saving 500000 paths...done.
Autobalance parameters: maxcond=107
Verified: 0 bad out of 1516699
Estimating maxcond for upper bound 2000000 (=500000 * 4)...
t=17: 0%   10   20   30   40   50   60   70   80   90   100%
      |----|----|----|----|----|----|----|----|----|----|
e     ***************************************************
Found maxcond = 123
t=17: 0%   10   20   30   40   50   60   70   80   90   100%
      |----|----|----|----|----|----|----|----|----|----|
      ***************************************************
Q14:	|+..-.+.. .+...+.- ..-....+ ....-...|
Q15:	|.0..0-.. ......0. -.....-. -1..1.-1|
Q16:	|.0..+0.. 0.-...+. -..1...0 .+..+.++|
Q17:	|.-..-0.. 1.-...-. 1..1..^1 ^...0.1.| ok p=0.328125
Q18:	|....10.. +.+0..1. 0..-...+ .^..-.^^| ok p=0.710938
Q19:	|0^..^-.. ..00..^. -....... ....-.0.| ok p=0.976562
Q20:	|1.0..... ^0++..1. ...^...^ ....+.1.| ok p=0.148438
Q21:	|+.1..^.. ..-...1. ^......0 ....0.-.| ok p=0.714844
Q22:	|0.+..... .-1^..+. .......1 ....^...| ok p=0.621094
Q23:	|-....0.. .-0..... .......- .0....^.| ok p=1
Q24:	|+.^..1.. .+....^. ........ .1......| ok p=1
Q25:	|-....-.. .+...... .......^ .-......| ok p=0.825195
Q26:	|-....... .+...... ....0... ........| ok p=0.992188
Q27:	|-....^.. .1...... ....1... .^......| ok p=0.99707
Q28:	|-....... .0...... ....+... ........| ok p=0.532227
Q29:	|1....... ........ ........ ........| ok p=0.485352
Q30:	|+....... ........ ....^... ........| ok p=1
Q31:	|-....... ........ ........ ........| ok p=0.489258
Q32:	|........ ........ ........ ........| ok p=1
Q33:	|^....... ........ ........ ........| ok p=1
Q34:	|........ ........ ........ ........| ok p=1
Q35:	|........ ........ ........ ........| ok p=1
Q36:	|........ ........ ........ ........| ok p=1
Q37:	|........ ........ ........ ........| ok p=1
Q38:	|........ ........ ........ ........| ok p=1
Q39:	|........ ........ ........ ........| ok p=1
Q40:	|........ ........ ........ ........| ok p=1
Q41:	|........ ........ ........ ........| ok p=1
Q42:	|........ ........ ........ ........| ok p=1
Q43:	|........ ........ ........ ........| ok p=1
Q44:	|........ ........ ........ ........| ok p=1
Q45:	|........ ........ ........ ........| ok p=1
Q46:	|........ ........ ........ ........| ok p=1
Q47:	|........ ........ ........ ........| ok p=1
Q48:	|........ ........ ........ ........| ok p=1
Q49:	|........ ........ ........ ........| ok p=1
Q50:	|........ ........ ........ ........| ok p=1
Q51:	|........ ........ ........ ........| ok p=1
Q52:	|........ ........ ........ ........| ok p=1
Q53:	|........ ........ ........ ........| ok p=1
Q54:	|........ ........ ........ ........| ok p=1
Q55:	|........ ........ ........ ........| ok p=1
Q56:	|........ ........ ........ ........| ok p=1
Q57:	|........ ........ ........ ........| ok p=1
Q58:	|........ ........ ........ ........| ok p=1
Q59:	|........ ........ ........ ........| ok p=1
Q60:	|........ ........ ......0. ........| ok p=1
Q61:	|........ ........ ......0. ........| ok p=0.523438
Q62:	|........ ........ ......-. ........| ok p=1
Q63:	|........ ........ ......-. ........| ok p=0.246094
Q64:	|.+...... ........ ......-. .......+|
Saving 500000 paths...done.
Autobalance parameters: maxcond=122
Verified: 0 bad out of 2719436
Estimating maxcond for upper bound 2000000 (=500000 * 4)...
t=16: 0%   10   20   30   40   50   60   70   80   90   100%
      |----|----|----|----|----|----|----|----|----|----|
e     ***************************************************
Found maxcond = 137
t=16: 0%   10   20   30   40   50   60   70   80   90   100%
      |----|----|----|----|----|----|----|----|----|----|
      ***************************************************
Q13:	|+.+.-.+. .+.+..+. +.+..-.. .+..+...|
Q14:	|.+...1.. ..-...-- .....1.- ....+.00|
Q15:	|.1..1+.. ...-..0. +....+.0 .-..1.+1|
Q16:	|.0..11.0 ..^-..-^ +..1...0 .-..-.--| ok p=0.395508
Q17:	|.+..+0.1 ...+..+. 1..1.^.1 .0..0.1.| ok p=0.317383
Q18:	|....10.- ..0+..1. 0..+...- .^..+.^^| ok p=0.764648
Q19:	|0^..0+.. ..11..^. +....... ....+.0.| ok p=0.973633
Q20:	|1.0....^ .0--..1. ...^...^ ....-.1.| ok p=0.489258
Q21:	|+.1..^.. ..+...1. ^......0 ....0.+.| ok p=0.754883
Q22:	|1.-..... .+1^..-. .......1 ....^...| ok p=0.595703
Q23:	|+....0.. .+0..... .......+ .0....^.| ok p=1
Q24:	|+.^..1.. .-....^. ........ .1......| ok p=1
Q25:	|-....+.. .-...... .......^ .+......| ok p=0.854492
Q26:	|-....... .-...... ....0... ........| ok p=0.99707
Q27:	|-....^.. .1...... ....1... .^......| ok p=1
Q28:	|-....... .0...... ....-... ........| ok p=0.504883
Q29:	|1....... ........ ........ ........| ok p=0.521484
Q30:	|+....... ........ ....^... ........| ok p=1
Q31:	|+....... ........ ........ ........| ok p=0.49707
Q32:	|........ ........ ........ ........| ok p=1
Q33:	|!....... ........ ........ ........| ok p=1
Q34:	|........ ........ ........ ........| ok p=1
Q35:	|........ ........ ........ ........| ok p=1
Q36:	|........ ........ ........ ........| ok p=1
Q37:	|........ ........ ........ ........| ok p=1
Q38:	|........ ........ ........ ........| ok p=1
Q39:	|........ ........ ........ ........| ok p=1
Q40:	|........ ........ ........ ........| ok p=1
Q41:	|........ ........ ........ ........| ok p=1
Q42:	|........ ........ ........ ........| ok p=1
Q43:	|........ ........ ........ ........| ok p=1
Q44:	|........ ........ ........ ........| ok p=1
Q45:	|........ ........ ........ ........| ok p=1
Q46:	|........ ........ ........ ........| ok p=1
Q47:	|........ ........ ........ ........| ok p=1
Q48:	|........ ........ ........ ........| ok p=1
Q49:	|........ ........ ........ ........| ok p=1
Q50:	|........ ........ ........ ........| ok p=1
Q51:	|........ ........ ........ ........| ok p=1
Q52:	|........ ........ ........ ........| ok p=1
Q53:	|........ ........ ........ ........| ok p=1
Q54:	|........ ........ ........ ........| ok p=1
Q55:	|........ ........ ........ ........| ok p=1
Q56:	|........ ........ ........ ........| ok p=1
Q57:	|........ ........ ........ ........| ok p=1
Q58:	|........ ........ ........ ........| ok p=1
Q59:	|........ ........ ........ ........| ok p=1
Q60:	|........ ........ ......0. ........| ok p=1
Q61:	|........ ........ ......0. ........| ok p=0.504883
Q62:	|........ ........ ......-. ........| ok p=1
Q63:	|........ ........ ......-. ........| ok p=0.229492
Q64:	|.+...... ........ ......-. .......+|
Saving 500000 paths...done.
Autobalance parameters: maxcond=136
Verified: 0 bad out of 541280
Runtime: 97.8071
