Connect MD5 differential paths
Copyright (C) 2009 Marc Stevens
http://homepages.cwi.nl/~stevens/

delta_m[11] = [!31!]
Loading workdir5/paths16_0of1.bin.gz...done: 500000.
Loading workdir5/paths11_0of1.bin.gz...done: 500000.
t=12: 0%   10   20   30   40   50   60   70   80   90   100%
      |----|----|----|----|----|----|----|----|----|----|
      *Q-3:	|00001111 01000011 00110111 10111111|
Q-2:	|-000110- +1++++++ 110000+0 0000100+|
Q-1:	|-0110111 -+00010- 000+---0 1110010+|
Q0:	|--000010 0+---+++ 01-+1--1 +0100111| ok p=0.498047
Q1:	|.1+0..-. 1.0+001+ .+-+0-0. --0....0| ok p=0.485352
Q2:	|00++^.1. +0-011-- .+...++. --1.....| ok p=1
Q3:	|.1.0+.1. 0.-1110- !010.1+. ..+^....| ok p=1
Q4:	|..110... 1.0.-01- .1...1-. 000-...^| ok p=1
Q5:	|.!..-... 0.1.++.+ .+....-. 1.11.^.-| ok p=1
Q6:	|.!..1... +.-.00.0 .+..!.+. -..0.+.0| ok p=1
Q7:	|!...1... -00.00.0 .+!...1^ 0..-.1.1| ok p=1
Q8:	|.!..1... +101.... 0+....0+ 1..0.1..| ok p=1
Q9:	|.!0.-..0 --.1.... 1+.....1 +..1.-^.| ok p=1
Q10:	|0.100000 -11-1101 +...1.10 +10..-+0| ok p=1
Q11:	|1100000+ 1+0+0111 +01.0.1- 10010010| ok p=1
Q12:	|-0++---- 10-+-+++ -00^-^++ 1+-0101+| ok p=1
Q13:	|+.--+-++ --0+0+-0 ++--1+++ +-+--++-| ok p=1
Q14:	|-.110000 00-10-1- 110010.- 1101+01+| ok p=1
Q15:	|10011+00 110-.0-1 +100.+01 1-1110+1| ok p=0.905273
Q16:	|10..11.0 ..0-.0-1 +..1...0 .-..-.--| ok p=0.421875
Q17:	|.+..+0.1 ...+..+. 1..1.^.1 .0..0.0.| ok p=0.388672
Q18:	|....10.- ..0+..0. 0..+...- .0..+.0^| ok p=0.755859
Q19:	|0^..0+.. ..11..0. +....... ....+.0.| ok p=1
Q20:	|1.0....^ .0--..1. ...^...^ ....-.1.| ok p=0.177734
Q21:	|-.1..^.. ..+...1. ^......0 ....0.+.| ok p=0.75293
Q22:	|0.-..... .+1^..-. .......1 ....0...| ok p=0.634766
Q23:	|+....0.. .+0..... .......+ .0....^.| ok p=0.999023
Q24:	|-.^..1.. .-....^. ........ .1......| ok p=1
Q25:	|+....+.. .-...... .......^ .+......| ok p=0.832031
Q26:	|+....... .-...... ....0... ........| ok p=0.995117
Q27:	|+....^.. .1...... ....1... .^......| ok p=0.99707
Q28:	|+....... .0...... ....-... ........| ok p=0.508789
Q29:	|1....... ........ ........ ........| ok p=0.485352
Q30:	|-....... ........ ....^... ........| ok p=1
Q31:	|+....... ........ ........ ........| ok p=0.511719
Q32:	|........ ........ ........ ........| ok p=1
Q33:	|^....... ........ ........ ........| ok p=1
Q34:	|........ ........ ........ ........| ok p=1
Q35:	|........ ........ ........ ........| ok p=1
Q36:	|........ ........ ........ ........| ok p=1
Q37:	|........ ........ ........ ........| ok p=1
Q38:	|........ ........ ........ ........| ok p=1
Q39:	|........ ........ ........ ........| ok p=1
Q40:	|........ ........ ........ ........| ok p=1
Q41:	|........ ........ ........ ........| ok p=1
Q42:	|........ ........ ........ ........| ok p=1
Q43:	|........ ........ ........ ........| ok p=1
Q44:	|........ ........ ........ ........| ok p=1
Q45:	|........ ........ ........ ........| ok p=1
Q46:	|........ ........ ........ ........| ok p=1
Q47:	|........ ........ ........ ........| ok p=1
Q48:	|........ ........ ........ ........| ok p=1
Q49:	|........ ........ ........ ........| ok p=1
Q50:	|........ ........ ........ ........| ok p=1
Q51:	|........ ........ ........ ........| ok p=1
Q52:	|........ ........ ........ ........| ok p=1
Q53:	|........ ........ ........ ........| ok p=1
Q54:	|........ ........ ........ ........| ok p=1
Q55:	|........ ........ ........ ........| ok p=1
Q56:	|........ ........ ........ ........| ok p=1
Q57:	|........ ........ ........ ........| ok p=1
Q58:	|........ ........ ........ ........| ok p=1
Q59:	|........ ........ ........ ........| ok p=1
Q60:	|........ ........ ......0. ........| ok p=1
Q61:	|........ ........ ......0. ........| ok p=0.490234
Q62:	|........ ........ ......-. ........| ok p=1
Q63:	|........ ........ ......-. ........| ok p=0.239258
Q64:	|.+...... ........ ......-. .......+|
Best path: totcompl=-24 tottunnel=31, totcond=576, p=2.71188e-05
Best paths: 2
Q-3:	|00001111 01000011 00110111 10111111|
Q-2:	|-000110- +1++++++ 110000+0 0000100+|
Q-1:	|-0110111 -+00010- 000+---0 1110010+|
Q0:	|--000010 0+---+++ 01-+1--1 +0100111| ok p=0.496094
Q1:	|.1+0..-. 1.0+001+ .+-+0-0. --0....0| ok p=0.506836
Q2:	|00++^.1. +0-011-- .+...++. --1.....| ok p=1
Q3:	|.1.0+.1. 0.-1110- !010.1+. ..+^....| ok p=1
Q4:	|..110... 1.0.-01- .1...1-. 000-...^| ok p=1
Q5:	|.!..-... 0.1.++.+ .+....-. 1.11.^.-| ok p=1
Q6:	|.!..1... +.-.00.0 .+..!.+. -..0.+.0| ok p=1
Q7:	|.!..1... -00.00.0 !+....1^ 0..-.1.1| ok p=1
Q8:	|.!..1... +101.... 0+....0+ 1..0.1..| ok p=1
Q9:	|.!0.-..0 --.1.... 1+.....1 +..1.-^.| ok p=1
Q10:	|0.100000 -11-1101 +...1.10 +10..-+0| ok p=1
Q11:	|1.00000+ 1+0+0111 +01.0.1- 10010010| ok p=1
Q12:	|+^++---- 10-+-+++ -00^-^++ 1+-0101+| ok p=1
Q13:	|-.--+-++ --0+0+-0 ++--1+++ +-+--++-| ok p=1
Q14:	|+.110000 00-10-1- 110010.- 1101+01+| ok p=1
Q15:	|00011+00 110-.0-1 +100.+01 1-1110+1| ok p=0.897461
Q16:	|00..11.0 ..0-.0-1 +..1...0 .-..-.--| ok p=0.426758
Q17:	|.+..+0.1 ...+..+. 1..1.^.1 .0..0.0.| ok p=0.366211
Q18:	|....10.- ..0+..0. 0..+...- .0..+.0^| ok p=0.759766
Q19:	|0^..0+.. ..11..0. +....... ....+.0.| ok p=1
Q20:	|1.0....^ .0--..1. ...^...^ ....-.1.| ok p=0.166992
Q21:	|-.1..^.. ..+...1. ^......0 ....0.+.| ok p=0.75293
Q22:	|0.-..... .+1^..-. .......1 ....0...| ok p=0.632812
Q23:	|+....0.. .+0..... .......+ .0....^.| ok p=1
Q24:	|-.^..1.. .-....^. ........ .1......| ok p=1
Q25:	|+....+.. .-...... .......^ .+......| ok p=0.866211
Q26:	|+....... .-...... ....0... ........| ok p=0.99707
Q27:	|+....^.. .1...... ....1... .^......| ok p=1
Q28:	|+....... .0...... ....-... ........| ok p=0.503906
Q29:	|1....... ........ ........ ........| ok p=0.49707
Q30:	|-....... ........ ....^... ........| ok p=1
Q31:	|+....... ........ ........ ........| ok p=0.484375
Q32:	|........ ........ ........ ........| ok p=1
Q33:	|^....... ........ ........ ........| ok p=1
Q34:	|........ ........ ........ ........| ok p=1
Q35:	|........ ........ ........ ........| ok p=1
Q36:	|........ ........ ........ ........| ok p=1
Q37:	|........ ........ ........ ........| ok p=1
Q38:	|........ ........ ........ ........| ok p=1
Q39:	|........ ........ ........ ........| ok p=1
Q40:	|........ ........ ........ ........| ok p=1
Q41:	|........ ........ ........ ........| ok p=1
Q42:	|........ ........ ........ ........| ok p=1
Q43:	|........ ........ ........ ........| ok p=1
Q44:	|........ ........ ........ ........| ok p=1
Q45:	|........ ........ ........ ........| ok p=1
Q46:	|........ ........ ........ ........| ok p=1
Q47:	|........ ........ ........ ........| ok p=1
Q48:	|........ ........ ........ ........| ok p=1
Q49:	|........ ........ ........ ........| ok p=1
Q50:	|........ ........ ........ ........| ok p=1
Q51:	|........ ........ ........ ........| ok p=1
Q52:	|........ ........ ........ ........| ok p=1
Q53:	|........ ........ ........ ........| ok p=1
Q54:	|........ ........ ........ ........| ok p=1
Q55:	|........ ........ ........ ........| ok p=1
Q56:	|........ ........ ........ ........| ok p=1
Q57:	|........ ........ ........ ........| ok p=1
Q58:	|........ ........ ........ ........| ok p=1
Q59:	|........ ........ ........ ........| ok p=1
Q60:	|........ ........ ......0. ........| ok p=1
Q61:	|........ ........ ......0. ........| ok p=0.483398
Q62:	|........ ........ ......-. ........| ok p=1
Q63:	|........ ........ ......-. ........| ok p=0.244141
Q64:	|.+...... ........ ......-. .......+|
Best path: totcompl=-23 tottunnel=32, totcond=575, p=2.93411e-05
Q-3:	|00001111 01000011 00110111 10111111|
Q-2:	|-000110- +1++++++ 110000+0 0000100+|
Q-1:	|-0110111 -+00010- 000+---0 1110010+|
Q0:	|--000010 0+---+++ 01-+1--1 +0100111| ok p=0.499023
Q1:	|.1+0..-. 1.0+001+ .+-+0-0. --0....0| ok p=0.523438
Q2:	|00++^.1. +0-011-- .+...++. --1.....| ok p=1
Q3:	|1..0+.1. 0.-1110- !010.1+. ..+^....| ok p=1
Q4:	|..110... 1.0.-01- .1...1-. 000-...^| ok p=1
Q5:	|.!..-... 0.1.++.+ .+....-. 1.11.^.-| ok p=1
Q6:	|!...1... +.-.00.0 .+...!+1 -..0.+.0| ok p=1
Q7:	|!...1... -00.00.0 !+....11 0..-.1.1| ok p=1
Q8:	|.!..1... +00..... 1+....+- 1..0.1..| ok p=1
Q9:	|.!..-... --0..... 0+....0+ -.!0.-^.| ok p=1
Q10:	|!0..0.10 --011111 -10.1000 +.01.0+1| ok p=1
Q11:	|11^.1^11 10+10110 -110111- 1010.+00| ok p=1
Q12:	|0--^-+++ 1+-+++++ .++1++++ 11-+1+0+| ok p=1
Q13:	|-00++1+0 ++0-1+-+ 1---+0-+ .++-0-+-| ok p=0.500977
Q14:	|0+10+1.1 0.-10.-- 0101.01- .101+11+| ok p=0.496094
Q15:	|11.00-1. 000-.001 +1011+01 .-1011+1| ok p=1
Q16:	|.0..-1.0 ..1-..-1 +..1...0 .-..-.--| ok p=0.402344
Q17:	|.+..+0.1 ...+..+. 1..1.^.1 .0..0.0.| ok p=0.375
Q18:	|....00.- ..0+..1. 0..+...- .0..+.0^| ok p=0.717773
Q19:	|0^..0+.. ..11..1. +....... ....+.0.| ok p=0.944336
Q20:	|1.0....^ .0--..1. ...^...^ ....-.1.| ok p=0.50293
Q21:	|+.1..^.. ..+...1. ^......0 ....0.+.| ok p=0.756836
Q22:	|1.-..... .+1^..-. .......1 ....0...| ok p=0.572266
Q23:	|+....0.. .+0..... .......+ .0....^.| ok p=1
Q24:	|+.^..1.. .-....^. ........ .1......| ok p=1
Q25:	|-....+.. .-...... .......^ .+......| ok p=0.849609
Q26:	|-....... .-...... ....0... ........| ok p=0.993164
Q27:	|-....^.. .1...... ....1... .^......| ok p=0.999023
Q28:	|-....... .0...... ....-... ........| ok p=0.493164
Q29:	|1....... ........ ........ ........| ok p=0.530273
Q30:	|+....... ........ ....^... ........| ok p=1
Q31:	|+....... ........ ........ ........| ok p=0.505859
Q32:	|........ ........ ........ ........| ok p=1
Q33:	|!....... ........ ........ ........| ok p=1
Q34:	|........ ........ ........ ........| ok p=1
Q35:	|........ ........ ........ ........| ok p=1
Q36:	|........ ........ ........ ........| ok p=1
Q37:	|........ ........ ........ ........| ok p=1
Q38:	|........ ........ ........ ........| ok p=1
Q39:	|........ ........ ........ ........| ok p=1
Q40:	|........ ........ ........ ........| ok p=1
Q41:	|........ ........ ........ ........| ok p=1
Q42:	|........ ........ ........ ........| ok p=1
Q43:	|........ ........ ........ ........| ok p=1
Q44:	|........ ........ ........ ........| ok p=1
Q45:	|........ ........ ........ ........| ok p=1
Q46:	|........ ........ ........ ........| ok p=1
Q47:	|........ ........ ........ ........| ok p=1
Q48:	|........ ........ ........ ........| ok p=1
Q49:	|........ ........ ........ ........| ok p=1
Q50:	|........ ........ ........ ........| ok p=1
Q51:	|........ ........ ........ ........| ok p=1
Q52:	|........ ........ ........ ........| ok p=1
Q53:	|........ ........ ........ ........| ok p=1
Q54:	|........ ........ ........ ........| ok p=1
Q55:	|........ ........ ........ ........| ok p=1
Q56:	|........ ........ ........ ........| ok p=1
Q57:	|........ ........ ........ ........| ok p=1
Q58:	|........ ........ ........ ........| ok p=1
Q59:	|........ ........ ........ ........| ok p=1
Q60:	|........ ........ ......0. ........| ok p=1
Q61:	|........ ........ ......0. ........| ok p=0.50293
Q62:	|........ ........ ......-. ........| ok p=1
Q63:	|........ ........ ......-. ........| ok p=0.248047
Q64:	|.+...... ........ ......-. .......+|
Best path: totcompl=-19 tottunnel=36, totcond=569, p=2.60685e-05
Best paths: 2
Best paths: 4
Q-3:	|00001111 01000011 00110111 10111111|
Q-2:	|-000110- +1++++++ 110000+0 0000100+|
Q-1:	|-0110111 -+00010- 000+---0 1110010+|
Q0:	|--000010 0+---+++ 01-+1--1 +0100111| ok p=0.458984
Q1:	|.1+0..-. 1.0+001+ .+-+0-0. --0....0| ok p=0.467773
Q2:	|00++^.1. +0-011-- .+...++. --1.....| ok p=1
Q3:	|.1.0+.1. 0.-1110- !010.1+. ..+^....| ok p=1
Q4:	|..110... 1.0.-01- .1...1-. 000-...^| ok p=1
Q5:	|!...-... 0.1.++.+ .+....-. 1.11.^.-| ok p=1
Q6:	|!...1... +.-.00.0 .+..!.+1 -..0.+.0| ok p=1
Q7:	|!...1... -00.00.0 .+!...11 0..-.1.1| ok p=1
Q8:	|.!..1... +00..... 1+....+- 1..0.1..| ok p=1
Q9:	|!...-... --0..... 0+....0+ -.!0.-^.| ok p=1
Q10:	|.0!.0.10 --011111 -10.1000 +.01.0+1| ok p=1
Q11:	|01^.1^11 10+10110 -110111- 1010.+00| ok p=1
Q12:	|1--^-+++ 1+-+++++ .++1++++ 11-+1+0+| ok p=1
Q13:	|-00++1+0 ++0-1+-+ 1---+0-+ .++-0-+-| ok p=0.476562
Q14:	|0+10+1.1 0.-10.-- 0101.01- .101+11+| ok p=0.507812
Q15:	|11.00-1. 000-.001 +1011+01 .-1011+1| ok p=1
Q16:	|.0..-1.0 ..1-..-1 +..1...0 .-..-.--| ok p=0.422852
Q17:	|.+..+0.1 ...+..+. 1..1.^.1 .0..0.0.| ok p=0.395508
Q18:	|....00.- ..0+..1. 0..+...- .0..+.0^| ok p=0.700195
Q19:	|0^..0+.. ..11..1. +....... ....+.0.| ok p=0.932617
Q20:	|1.0....^ .0--..1. ...^...^ ....-.1.| ok p=0.547852
Q21:	|+.1..^.. ..+...1. ^......0 ....0.+.| ok p=0.772461
Q22:	|1.-..... .+1^..-. .......1 ....0...| ok p=0.591797
Q23:	|+....0.. .+0..... .......+ .0....^.| ok p=1
Q24:	|+.^..1.. .-....^. ........ .1......| ok p=1
Q25:	|-....+.. .-...... .......^ .+......| ok p=0.864258
Q26:	|-....... .-...... ....0... ........| ok p=0.999023
Q27:	|-....^.. .1...... ....1... .^......| ok p=0.995117
Q28:	|-....... .0...... ....-... ........| ok p=0.5
Q29:	|1....... ........ ........ ........| ok p=0.499023
Q30:	|+....... ........ ....^... ........| ok p=1
Q31:	|+....... ........ ........ ........| ok p=0.477539
Q32:	|........ ........ ........ ........| ok p=1
Q33:	|!....... ........ ........ ........| ok p=1
Q34:	|........ ........ ........ ........| ok p=1
Q35:	|........ ........ ........ ........| ok p=1
Q36:	|........ ........ ........ ........| ok p=1
Q37:	|........ ........ ........ ........| ok p=1
Q38:	|........ ........ ........ ........| ok p=1
Q39:	|........ ........ ........ ........| ok p=1
Q40:	|........ ........ ........ ........| ok p=1
Q41:	|........ ........ ........ ........| ok p=1
Q42:	|........ ........ ........ ........| ok p=1
Q43:	|........ ........ ........ ........| ok p=1
Q44:	|........ ........ ........ ........| ok p=1
Q45:	|........ ........ ........ ........| ok p=1
Q46:	|........ ........ ........ ........| ok p=1
Q47:	|........ ........ ........ ........| ok p=1
Q48:	|........ ........ ........ ........| ok p=1
Q49:	|........ ........ ........ ........| ok p=1
Q50:	|........ ........ ........ ........| ok p=1
Q51:	|........ ........ ........ ........| ok p=1
Q52:	|........ ........ ........ ........| ok p=1
Q53:	|........ ........ ........ ........| ok p=1
Q54:	|........ ........ ........ ........| ok p=1
Q55:	|........ ........ ........ ........| ok p=1
Q56:	|........ ........ ........ ........| ok p=1
Q57:	|........ ........ ........ ........| ok p=1
Q58:	|........ ........ ........ ........| ok p=1
Q59:	|........ ........ ........ ........| ok p=1
Q60:	|........ ........ ......0. ........| ok p=1
Q61:	|........ ........ ......0. ........| ok p=0.480469
Q62:	|........ ........ ......-. ........| ok p=1
Q63:	|........ ........ ......-. ........| ok p=0.251953
Q64:	|.+...... ........ ......-. .......+|
Best path: totcompl=-17 tottunnel=38, totcond=569, p=1.65704e-05
Best paths: 2
Best paths: 4
Q-3:	|00001111 01000011 00110111 10111111|
Q-2:	|-000110- +1++++++ 110000+0 0000100+|
Q-1:	|-0110111 -+00010- 000+---0 1110010+|
Q0:	|--000010 0+---+++ 01-+1--1 +0100111| ok p=0.501953
Q1:	|.1+0..-. 1.0+001+ .+-+0-0. --0....0| ok p=0.507812
Q2:	|00++^.1. +0-011-- .+...++. --1.....| ok p=1
Q3:	|.1.0+.1. 0.-1110- !010.1+. ..+^....| ok p=1
Q4:	|..110... 1.0.-01- .1...1-. 000-...^| ok p=1
Q5:	|.!..-... 0.1.++.+ .+....-. 1.11.^.-| ok p=1
Q6:	|!1..1... +.-.00.0 .+..!.+1 -..0.+.0| ok p=1
Q7:	|.0..1... -00.10.0 .+!...11 0..-.1.1| ok p=1
Q8:	|.1..1... +10..... .+....0- 1..0.00.| ok p=1
Q9:	|.0..-... --1..0.. .+.....+ -..0.-11| ok p=1
Q10:	|01..0.01 --1001.0 .-00..01 +.1.0-+1| ok p=1
Q11:	|11..0^10 00+11-01 ^-111^1- +10^101-| ok p=1
Q12:	|-+^.0-++ ++-++11+ ++-+0-++ -0+--+++| ok p=1
Q13:	|++-0-1++ ---++--+ 1--1-0-+ +-01+0++| ok p=1
Q14:	|1+0101.. 11-0.0-- 00.1000- 001+11-+| ok p=1
Q15:	|111.0-10 001-0100 +01.1+01 0-.0-.+1| ok p=1
Q16:	|.0..01.0 ..0-..-0 +..1...0 .-.0-.--| ok p=0.541016
Q17:	|.+..+0.1 ...+..+. 1..1.^.1 .0..1.1.| ok p=0.298828
Q18:	|....10.- ..0+..1. 0..+...- .0..+.1^| ok p=0.75293
Q19:	|0^..0+.. ..11..1. +....... ....+.0.| ok p=0.925781
Q20:	|1.0....^ .0--..1. ...^...^ ....-.1.| ok p=0.511719
Q21:	|+.1..^.. ..+...1. ^......0 ....0.+.| ok p=0.746094
Q22:	|1.-..... .+1^..-. .......1 ....0...| ok p=0.580078
Q23:	|+....0.. .+0..... .......+ .0....^.| ok p=0.998047
Q24:	|+.^..1.. .-....^. ........ .1......| ok p=1
Q25:	|-....+.. .-...... .......^ .+......| ok p=0.84668
Q26:	|-....... .-...... ....0... ........| ok p=0.994141
Q27:	|-....^.. .1...... ....1... .^......| ok p=0.996094
Q28:	|-....... .0...... ....-... ........| ok p=0.518555
Q29:	|1....... ........ ........ ........| ok p=0.501953
Q30:	|+....... ........ ....^... ........| ok p=1
Q31:	|+....... ........ ........ ........| ok p=0.541016
Q32:	|........ ........ ........ ........| ok p=1
Q33:	|!....... ........ ........ ........| ok p=1
Q34:	|........ ........ ........ ........| ok p=1
Q35:	|........ ........ ........ ........| ok p=1
Q36:	|........ ........ ........ ........| ok p=1
Q37:	|........ ........ ........ ........| ok p=1
Q38:	|........ ........ ........ ........| ok p=1
Q39:	|........ ........ ........ ........| ok p=1
Q40:	|........ ........ ........ ........| ok p=1
Q41:	|........ ........ ........ ........| ok p=1
Q42:	|........ ........ ........ ........| ok p=1
Q43:	|........ ........ ........ ........| ok p=1
Q44:	|........ ........ ........ ........| ok p=1
Q45:	|........ ........ ........ ........| ok p=1
Q46:	|........ ........ ........ ........| ok p=1
Q47:	|........ ........ ........ ........| ok p=1
Q48:	|........ ........ ........ ........| ok p=1
Q49:	|........ ........ ........ ........| ok p=1
Q50:	|........ ........ ........ ........| ok p=1
Q51:	|........ ........ ........ ........| ok p=1
Q52:	|........ ........ ........ ........| ok p=1
Q53:	|........ ........ ........ ........| ok p=1
Q54:	|........ ........ ........ ........| ok p=1
Q55:	|........ ........ ........ ........| ok p=1
Q56:	|........ ........ ........ ........| ok p=1
Q57:	|........ ........ ........ ........| ok p=1
Q58:	|........ ........ ........ ........| ok p=1
Q59:	|........ ........ ........ ........| ok p=1
Q60:	|........ ........ ......0. ........| ok p=1
Q61:	|........ ........ ......0. ........| ok p=0.496094
Q62:	|........ ........ ......-. ........| ok p=1
Q63:	|........ ........ ......-. ........| ok p=0.229492
Q64:	|.+...... ........ ......-. .......+|
Best path: totcompl=-16 tottunnel=39, totcond=569, p=9.8093e-05
Q-3:	|00001111 01000011 00110111 10111111|
Q-2:	|-000110- +1++++++ 110000+0 0000100+|
Q-1:	|-0110111 -+00010- 000+---0 1110010+|
Q0:	|--000010 0+---+++ 01-+1--1 +0100111| ok p=0.509766
Q1:	|.1+0..-. 1.0+001+ .+-+0-0. --0....0| ok p=0.513672
Q2:	|00++^.1. +0-011-- .+...++. --1.....| ok p=1
Q3:	|.1.0+.1. 0.-1110- !010.1+. ..+^....| ok p=1
Q4:	|..110... 1.0.-01- .1...1-. 000-...^| ok p=1
Q5:	|.!..-... 0.1.++.+ .+....-. 1.11.^.-| ok p=1
Q6:	|!...1... +.-.00.0 .+..!.+1 -..0.+.0| ok p=1
Q7:	|.!..1... -00.10.0 !+....11 0..-.1.1| ok p=1
Q8:	|0!..1... +10..... .+....0- 1..0.00.| ok p=1
Q9:	|1...-... --1..0.. .+.....+ -..0.-11| ok p=1
Q10:	|01..0.01 --1001.0 .-.0..01 +.1.0-+1| ok p=1
Q11:	|11..0^10 00+11-01 ^-111^1- +10^101-| ok p=1
Q12:	|-+^.0-++ ++-++11+ ++0-0-++ -0+--+++| ok p=1
Q13:	|++-.-1++ ---++--+ 1--1-0-+ +-01+0++| ok p=1
Q14:	|0+0.01.. 11-0.0-- 0011000- 001+11-+| ok p=1
Q15:	|111.0-10 001-0100 +01.1+01 0-.0-.+1| ok p=1
Q16:	|.0..01.0 ..0-..-0 +..1...0 .-.0-.--| ok p=0.53418
Q17:	|.+..+0.1 ...+..+. 1..1.^.1 .0..1.1.| ok p=0.338867
Q18:	|....10.- ..0+..1. 0..+...- .0..+.1^| ok p=0.765625
Q19:	|0^..0+.. ..11..1. +....... ....+.0.| ok p=0.93457
Q20:	|1.0....^ .0--..1. ...^...^ ....-.1.| ok p=0.15918
Q21:	|-.1..^.. ..+...1. ^......0 ....0.+.| ok p=0.727539
Q22:	|0.-..... .+1^..-. .......1 ....0...| ok p=0.637695
Q23:	|+....0.. .+0..... .......+ .0....^.| ok p=1
Q24:	|+.^..1.. .-....^. ........ .1......| ok p=1
Q25:	|-....+.. .-...... .......^ .+......| ok p=0.849609
Q26:	|-....... .-...... ....0... ........| ok p=0.998047
Q27:	|-....^.. .1...... ....1... .^......| ok p=0.993164
Q28:	|-....... .0...... ....-... ........| ok p=0.489258
Q29:	|1....... ........ ........ ........| ok p=0.499023
Q30:	|+....... ........ ....^... ........| ok p=1
Q31:	|+....... ........ ........ ........| ok p=0.516602
Q32:	|........ ........ ........ ........| ok p=1
Q33:	|!....... ........ ........ ........| ok p=1
Q34:	|........ ........ ........ ........| ok p=1
Q35:	|........ ........ ........ ........| ok p=1
Q36:	|........ ........ ........ ........| ok p=1
Q37:	|........ ........ ........ ........| ok p=1
Q38:	|........ ........ ........ ........| ok p=1
Q39:	|........ ........ ........ ........| ok p=1
Q40:	|........ ........ ........ ........| ok p=1
Q41:	|........ ........ ........ ........| ok p=1
Q42:	|........ ........ ........ ........| ok p=1
Q43:	|........ ........ ........ ........| ok p=1
Q44:	|........ ........ ........ ........| ok p=1
Q45:	|........ ........ ........ ........| ok p=1
Q46:	|........ ........ ........ ........| ok p=1
Q47:	|........ ........ ........ ........| ok p=1
Q48:	|........ ........ ........ ........| ok p=1
Q49:	|........ ........ ........ ........| ok p=1
Q50:	|........ ........ ........ ........| ok p=1
Q51:	|........ ........ ........ ........| ok p=1
Q52:	|........ ........ ........ ........| ok p=1
Q53:	|........ ........ ........ ........| ok p=1
Q54:	|........ ........ ........ ........| ok p=1
Q55:	|........ ........ ........ ........| ok p=1
Q56:	|........ ........ ........ ........| ok p=1
Q57:	|........ ........ ........ ........| ok p=1
Q58:	|........ ........ ........ ........| ok p=1
Q59:	|........ ........ ........ ........| ok p=1
Q60:	|........ ........ ......0. ........| ok p=1
Q61:	|........ ........ ......0. ........| ok p=0.513672
Q62:	|........ ........ ......-. ........| ok p=1
Q63:	|........ ........ ......-. ........| ok p=0.258789
Q64:	|.+...... ........ ......-. .......+|
Best path: totcompl=-16 tottunnel=39, totcond=567, p=3.38621e-05
Best paths: 2
Q-3:	|00001111 01000011 00110111 10111111|
Q-2:	|-000110- +1++++++ 110000+0 0000100+|
Q-1:	|-0110111 -+00010- 000+---0 1110010+|
Q0:	|--000010 0+---+++ 01-+1--1 +0100111| ok p=0.522461
Q1:	|.1+0..-. 1.0+001+ .+-+0-0. --0....0| ok p=0.508789
Q2:	|00++^.1. +0-011-- .+...++. --1.....| ok p=1
Q3:	|.1.0+.1. 0.-1110- !010.1+. ..+^....| ok p=1
Q4:	|..110... 1.0.-01- .1...1-. 000-...^| ok p=1
Q5:	|.!..-... 0.1.++.+ .+....-. 1.11.^.-| ok p=1
Q6:	|!...1... +.-.00.0 .+..!.+1 -..0.+.0| ok p=1
Q7:	|!...1... -00.10.0 .+!...11 0..-.1.1| ok p=1
Q8:	|!1..1... +00..... .+....0- 1..0.01.| ok p=1
Q9:	|.0..-... --.0.0.. .+.....+ -.!0.-01| ok p=1
Q10:	|.1..00.0 --10.0.. .-.0.1.1 +..111+1| ok p=1
Q11:	|00.^11^0 111+1+10 .-1100^- 11.000++| ok p=1
Q12:	|0-^+++++ +0++.+00 .-0-1-++ 10^++-0-| ok p=1
Q13:	|-1-0+00+ ++0-..-- 0++0+-11 ++-+1+1+| ok p=1
Q14:	|1-10001. .1+1.1++ 1111010+ 0-1.-1-1| ok p=1
Q15:	|010.-+.1 101+..00 -1110-.1 1+1110-0| ok p=0.788086
Q16:	|.0..11.0 ..1+..+0 -..1...0 .+..+.++| ok p=0.411133
Q17:	|.-..-0.1 ...-..-. 1..1.^.1 .1..0.0.| ok p=0.363281
Q18:	|....10.+ ..0-..1. 0..-...+ .1..-.0^| ok p=0.775391
Q19:	|0^..0-.. ..11..1. -....... ....-.0.| ok p=0.930664
Q20:	|1.0....^ .0++..1. ...^...^ ....+.1.| ok p=0.154297
Q21:	|+.1..^.. ..-...1. ^......0 ....0.-.| ok p=0.728516
Q22:	|0.+..... .-1^..+. .......1 ....0...| ok p=0.641602
Q23:	|-....0.. .-0..... .......- .0....^.| ok p=1
Q24:	|+.^..1.. .+....^. ........ .1......| ok p=1
Q25:	|-....-.. .+...... .......^ .-......| ok p=0.842773
Q26:	|-....... .+...... ....0... ........| ok p=0.99707
Q27:	|-....^.. .1...... ....1... .^......| ok p=0.998047
Q28:	|-....... .0...... ....+... ........| ok p=0.488281
Q29:	|1....... ........ ........ ........| ok p=0.495117
Q30:	|+....... ........ ....^... ........| ok p=1
Q31:	|-....... ........ ........ ........| ok p=0.516602
Q32:	|........ ........ ........ ........| ok p=1
Q33:	|!....... ........ ........ ........| ok p=1
Q34:	|........ ........ ........ ........| ok p=1
Q35:	|........ ........ ........ ........| ok p=1
Q36:	|........ ........ ........ ........| ok p=1
Q37:	|........ ........ ........ ........| ok p=1
Q38:	|........ ........ ........ ........| ok p=1
Q39:	|........ ........ ........ ........| ok p=1
Q40:	|........ ........ ........ ........| ok p=1
Q41:	|........ ........ ........ ........| ok p=1
Q42:	|........ ........ ........ ........| ok p=1
Q43:	|........ ........ ........ ........| ok p=1
Q44:	|........ ........ ........ ........| ok p=1
Q45:	|........ ........ ........ ........| ok p=1
Q46:	|........ ........ ........ ........| ok p=1
Q47:	|........ ........ ........ ........| ok p=1
Q48:	|........ ........ ........ ........| ok p=1
Q49:	|........ ........ ........ ........| ok p=1
Q50:	|........ ........ ........ ........| ok p=1
Q51:	|........ ........ ........ ........| ok p=1
Q52:	|........ ........ ........ ........| ok p=1
Q53:	|........ ........ ........ ........| ok p=1
Q54:	|........ ........ ........ ........| ok p=1
Q55:	|........ ........ ........ ........| ok p=1
Q56:	|........ ........ ........ ........| ok p=1
Q57:	|........ ........ ........ ........| ok p=1
Q58:	|........ ........ ........ ........| ok p=1
Q59:	|........ ........ ........ ........| ok p=1
Q60:	|........ ........ ......0. ........| ok p=1
Q61:	|........ ........ ......0. ........| ok p=0.50293
Q62:	|........ ........ ......-. ........| ok p=1
Q63:	|........ ........ ......-. ........| ok p=0.235352
Q64:	|.+...... ........ ......-. .......+|
Best path: totcompl=-16 tottunnel=39, totcond=560, p=2.22351e-05
Best paths: 2
Q-3:	|00001111 01000011 00110111 10111111|
Q-2:	|-000110- +1++++++ 110000+0 0000100+|
Q-1:	|-0110111 -+00010- 000+---0 1110010+|
Q0:	|--000010 0+---+++ 01-+1--1 +0100111| ok p=0.49707
Q1:	|.1+0..-. 1.0+001+ .+-+0-0. --0....0| ok p=0.508789
Q2:	|00++^.1. +0-011-- .+...++. --1.....| ok p=1
Q3:	|1..0+.1. 0.-1110- !010.1+. ..+^....| ok p=1
Q4:	|..110... 1.0.-01- .1...1-. 000-...^| ok p=1
Q5:	|.!..-... 0.1.++.+ .+....-. 1.11.^.-| ok p=1
Q6:	|.!..1... +.-.00.0 .+..!.+1 -..0.+.0| ok p=1
Q7:	|!...1... -10.10.0 .+!...11 0..-.1.1| ok p=1
Q8:	|!...1... +10..... .+....0- 1..0.0..| ok p=1
Q9:	|!0..-... --...... .+.1...+ -!.0.-^0| ok p=1
Q10:	|.1..1... --^.10.. 1-00...1 +00010+0| ok p=1
Q11:	|.00.01.0 00+0010^ 1-1-..0- +1110+0-| ok p=1
Q12:	|^-1^00.1 --01-+1+ +0+0^.11 1---+1-+| ok p=1
Q13:	|-10---.+ +0--0-+0 --++-0-- -0++11++| ok p=1
Q14:	|1-10+1.1 11+010++ 11.1010+ 1011-.11| ok p=1
Q15:	|01.11+.0 1.0+.101 -1010-11 0+111.-0| ok p=1
Q16:	|.0..+1.0 ..1+..+1 -..1...0 .+..+.++| ok p=0.429688
Q17:	|.-..-0.1 ...-..-. 1..1.^.1 .0..0.1.| ok p=0.37207
Q18:	|....00.+ ..0-..1. 0..-...+ .0..-.1^| ok p=0.713867
Q19:	|0^..0-.. ..11..1. -....... ....-.0.| ok p=0.925781
Q20:	|1.0....^ .0++..1. ...^...^ ....+.1.| ok p=0.175781
Q21:	|+.1..^.. ..-...1. ^......0 ....0.-.| ok p=0.511719
Q22:	|1.+..... .-1^..+. .......1 ....0...| ok p=0.621094
Q23:	|+....0.. .-0..... .......- .0....^.| ok p=1
Q24:	|+.^..1.. .+....^. ........ .1......| ok p=1
Q25:	|-....-.. .+...... .......^ .-......| ok p=0.845703
Q26:	|-....... .+...... ....0... ........| ok p=0.99707
Q27:	|-....^.. .1...... ....1... .^......| ok p=0.998047
Q28:	|-....... .0...... ....+... ........| ok p=0.527344
Q29:	|1....... ........ ........ ........| ok p=0.481445
Q30:	|+....... ........ ....^... ........| ok p=1
Q31:	|+....... ........ ........ ........| ok p=0.511719
Q32:	|........ ........ ........ ........| ok p=1
Q33:	|^....... ........ ........ ........| ok p=1
Q34:	|........ ........ ........ ........| ok p=1
Q35:	|........ ........ ........ ........| ok p=1
Q36:	|........ ........ ........ ........| ok p=1
Q37:	|........ ........ ........ ........| ok p=1
Q38:	|........ ........ ........ ........| ok p=1
Q39:	|........ ........ ........ ........| ok p=1
Q40:	|........ ........ ........ ........| ok p=1
Q41:	|........ ........ ........ ........| ok p=1
Q42:	|........ ........ ........ ........| ok p=1
Q43:	|........ ........ ........ ........| ok p=1
Q44:	|........ ........ ........ ........| ok p=1
Q45:	|........ ........ ........ ........| ok p=1
Q46:	|........ ........ ........ ........| ok p=1
Q47:	|........ ........ ........ ........| ok p=1
Q48:	|........ ........ ........ ........| ok p=1
Q49:	|........ ........ ........ ........| ok p=1
Q50:	|........ ........ ........ ........| ok p=1
Q51:	|........ ........ ........ ........| ok p=1
Q52:	|........ ........ ........ ........| ok p=1
Q53:	|........ ........ ........ ........| ok p=1
Q54:	|........ ........ ........ ........| ok p=1
Q55:	|........ ........ ........ ........| ok p=1
Q56:	|........ ........ ........ ........| ok p=1
Q57:	|........ ........ ........ ........| ok p=1
Q58:	|........ ........ ........ ........| ok p=1
Q59:	|........ ........ ........ ........| ok p=1
Q60:	|........ ........ ......0. ........| ok p=1
Q61:	|........ ........ ......0. ........| ok p=0.498047
Q62:	|........ ........ ......-. ........| ok p=1
Q63:	|........ ........ ......-. ........| ok p=0.25
Q64:	|.+...... ........ ......-. .......+|
Best path: totcompl=-15 tottunnel=40, totcond=559, p=1.99476e-05
Q-3:	|00001111 01000011 00110111 10111111|
Q-2:	|-000110- +1++++++ 110000+0 0000100+|
Q-1:	|-0110111 -+00010- 000+---0 1110010+|
Q0:	|--000010 0+---+++ 01-+1--1 +0100111| ok p=0.494141
Q1:	|.1+0..-. 1.0+001+ .+-+0-0. --0....0| ok p=0.476562
Q2:	|00++^.1. +0-011-- .+...++. --1.....| ok p=1
Q3:	|1..0+.1. 0.-1110- !010.1+. ..+^....| ok p=1
Q4:	|..110... 1.0.-01- .1...1-. 000-...^| ok p=1
Q5:	|.!..-... 0.1.++.+ .+....-. 1.11.^.-| ok p=1
Q6:	|!...1... +.-.00.0 .+..!.+1 -..0.+.0| ok p=1
Q7:	|!...1... -10.10.0 .+!...11 0..-.1.1| ok p=1
Q8:	|.!..1... +10..... .+....0- 1..0.0..| ok p=1
Q9:	|!0..-... --...... .+.1...+ -!.0.-^0| ok p=1
Q10:	|.1..1... --^.10.. 1-00...1 +00010+0| ok p=1
Q11:	|.00.01.0 00+0010^ 1-1-..0- +1110+0-| ok p=1
Q12:	|^-1^00.1 --01-+1+ +0+0^.11 1---+1-+| ok p=1
Q13:	|+10---.+ +0--0-+0 --++-0-- -0++11++| ok p=1
Q14:	|1-.0+1.1 11+010++ 11.1010+ 1011-.11| ok p=1
Q15:	|01.11+.0 1.0+.101 -1010-11 0+111.-0| ok p=1
Q16:	|.0..+1.0 ..1+..+1 -..1...0 .+..+.++| ok p=0.418945
Q17:	|.-..-0.1 ...-..-. 1..1.^.1 .0..0.1.| ok p=0.367188
Q18:	|....00.+ ..0-..1. 0..-...+ .0..-.1^| ok p=0.723633
Q19:	|0^..0-.. ..11..1. -....... ....-.0.| ok p=0.939453
Q20:	|1.0....^ .0++..1. ...^...^ ....+.1.| ok p=0.157227
Q21:	|+.1..^.. ..-...1. ^......0 ....0.-.| ok p=0.486328
Q22:	|1.+..... .-1^..+. .......1 ....0...| ok p=0.617188
Q23:	|+....0.. .-0..... .......- .0....^.| ok p=1
Q24:	|+.^..1.. .+....^. ........ .1......| ok p=1
Q25:	|-....-.. .+...... .......^ .-......| ok p=0.834961
Q26:	|-....... .+...... ....0... ........| ok p=0.995117
Q27:	|-....^.. .1...... ....1... .^......| ok p=0.999023
Q28:	|-....... .0...... ....+... ........| ok p=0.480469
Q29:	|1....... ........ ........ ........| ok p=0.507812
Q30:	|+....... ........ ....^... ........| ok p=1
Q31:	|+....... ........ ........ ........| ok p=0.53418
Q32:	|........ ........ ........ ........| ok p=1
Q33:	|^....... ........ ........ ........| ok p=1
Q34:	|........ ........ ........ ........| ok p=1
Q35:	|........ ........ ........ ........| ok p=1
Q36:	|........ ........ ........ ........| ok p=1
Q37:	|........ ........ ........ ........| ok p=1
Q38:	|........ ........ ........ ........| ok p=1
Q39:	|........ ........ ........ ........| ok p=1
Q40:	|........ ........ ........ ........| ok p=1
Q41:	|........ ........ ........ ........| ok p=1
Q42:	|........ ........ ........ ........| ok p=1
Q43:	|........ ........ ........ ........| ok p=1
Q44:	|........ ........ ........ ........| ok p=1
Q45:	|........ ........ ........ ........| ok p=1
Q46:	|........ ........ ........ ........| ok p=1
Q47:	|........ ........ ........ ........| ok p=1
Q48:	|........ ........ ........ ........| ok p=1
Q49:	|........ ........ ........ ........| ok p=1
Q50:	|........ ........ ........ ........| ok p=1
Q51:	|........ ........ ........ ........| ok p=1
Q52:	|........ ........ ........ ........| ok p=1
Q53:	|........ ........ ........ ........| ok p=1
Q54:	|........ ........ ........ ........| ok p=1
Q55:	|........ ........ ........ ........| ok p=1
Q56:	|........ ........ ........ ........| ok p=1
Q57:	|........ ........ ........ ........| ok p=1
Q58:	|........ ........ ........ ........| ok p=1
Q59:	|........ ........ ........ ........| ok p=1
Q60:	|........ ........ ......0. ........| ok p=1
Q61:	|........ ........ ......0. ........| ok p=0.518555
Q62:	|........ ........ ......-. ........| ok p=1
Q63:	|........ ........ ......-. ........| ok p=0.244141
Q64:	|.+...... ........ ......-. .......+|
Best path: totcompl=-14 tottunnel=41, totcond=558, p=1.85628e-05
****Q-3:	|00001111 01000011 00110111 10111111|
Q-2:	|-000110- +1++++++ 110000+0 0000100+|
Q-1:	|-0110111 -+00010- 000+---0 1110010+|
Q0:	|--000010 0+---+++ 01-+1--1 +0100111| ok p=0.505859
Q1:	|.1+0..-. 1.0+001+ .+-+0-0. --0....0| ok p=0.500977
Q2:	|00++^.1. +0-011-- .+...++. --1.....| ok p=1
Q3:	|.1.0+.1. 0.-1110- !010.1+. ..+^....| ok p=1
Q4:	|..110... 1.0.-01- .1...1-. 000-...^| ok p=1
Q5:	|!...-... 0.1.++.+ .+....-. 1.11.^.-| ok p=1
Q6:	|.!..1... +.-.00.0 .+..!.+. -..0.+.0| ok p=1
Q7:	|!...1... -.0.01.0 .+!...11 0..-.1.1| ok p=1
Q8:	|.1..0... +^1....1 .+....11 1..0.0..| ok p=1
Q9:	|.0..+... --1....- .+..1..+ +..1.-^0| ok p=1
Q10:	|11..0..1 -1-...01 1-100..+ 1.1..+-0| ok p=1
Q11:	|100.10.0 0+111.11 1-1110.0 -10^101+| ok p=1
Q12:	|--0^11.- -++.0^-+ +.+++1^1 -0+-0+--| ok p=1
Q13:	|-1--++.+ 0++0++10 +1-1+-+- -+10--0+| ok p=1
Q14:	|0-011-.1 1.+111++ 0.11111+ .01-11-1| ok p=1
Q15:	|1111+-.0 .1.+1100 -.0.1-11 0+.0+1-0| ok p=1
Q16:	|.0..+0.0 ..^+..+1 -..1...0 .+.0+.++| ok p=0.417969
Q17:	|.-..-0.1 ...-..-. 1..1.^.1 .0..1.0.| ok p=0.306641
Q18:	|....00.+ ..0-..1. 0..-...+ .0..-.0^| ok p=0.71582
Q19:	|0^..0-.. ..11..1. -....... ....-.0.| ok p=0.939453
Q20:	|1.0....^ .0++..1. ...^...^ ....+.1.| ok p=0.171875
Q21:	|+.1..^.. ..-...1. ^......0 ....0.-.| ok p=0.511719
Q22:	|1.+..... .-1^..+. .......1 ....0...| ok p=0.629883
Q23:	|+....0.. .-0..... .......- .0....^.| ok p=1
Q24:	|+.^..1.. .+....^. ........ .1......| ok p=1
Q25:	|-....-.. .+...... .......^ .-......| ok p=0.838867
Q26:	|-....... .+...... ....0... ........| ok p=0.998047
Q27:	|-....^.. .1...... ....1... .^......| ok p=0.999023
Q28:	|-....... .0...... ....+... ........| ok p=0.5
Q29:	|1....... ........ ........ ........| ok p=0.517578
Q30:	|+....... ........ ....^... ........| ok p=1
Q31:	|+....... ........ ........ ........| ok p=0.521484
Q32:	|........ ........ ........ ........| ok p=1
Q33:	|^....... ........ ........ ........| ok p=1
Q34:	|........ ........ ........ ........| ok p=1
Q35:	|........ ........ ........ ........| ok p=1
Q36:	|........ ........ ........ ........| ok p=1
Q37:	|........ ........ ........ ........| ok p=1
Q38:	|........ ........ ........ ........| ok p=1
Q39:	|........ ........ ........ ........| ok p=1
Q40:	|........ ........ ........ ........| ok p=1
Q41:	|........ ........ ........ ........| ok p=1
Q42:	|........ ........ ........ ........| ok p=1
Q43:	|........ ........ ........ ........| ok p=1
Q44:	|........ ........ ........ ........| ok p=1
Q45:	|........ ........ ........ ........| ok p=1
Q46:	|........ ........ ........ ........| ok p=1
Q47:	|........ ........ ........ ........| ok p=1
Q48:	|........ ........ ........ ........| ok p=1
Q49:	|........ ........ ........ ........| ok p=1
Q50:	|........ ........ ........ ........| ok p=1
Q51:	|........ ........ ........ ........| ok p=1
Q52:	|........ ........ ........ ........| ok p=1
Q53:	|........ ........ ........ ........| ok p=1
Q54:	|........ ........ ........ ........| ok p=1
Q55:	|........ ........ ........ ........| ok p=1
Q56:	|........ ........ ........ ........| ok p=1
Q57:	|........ ........ ........ ........| ok p=1
Q58:	|........ ........ ........ ........| ok p=1
Q59:	|........ ........ ........ ........| ok p=1
Q60:	|........ ........ ......0. ........| ok p=1
Q61:	|........ ........ ......0. ........| ok p=0.5
Q62:	|........ ........ ......-. ........| ok p=1
Q63:	|........ ........ ......-. ........| ok p=0.228516
Q64:	|.+...... ........ ......-. .......+|
Best path: totcompl=-14 tottunnel=41, totcond=557, p=1.38836e-05
********