Extend MD5 differential paths forward
Copyright (C) 2009 Marc Stevens
http://homepages.cwi.nl/~stevens/

delta_m[11] = [!31!]
Loading workdir5/lowerpath.bin.gz...done: 1.
Estimating maxcond for upper bound 8000000 (=2000000 * 4)...
t=1:  0%   10   20   30   40   50   60   70   80   90   100%
      |----|----|----|----|----|----|----|----|----|----|
e     ***************************************************
Found maxcond = 2176
t=1:  0%   10   20   30   40   50   60   70   80   90   100%
      |----|----|----|----|----|----|----|----|----|----|
      ***************************************************
Q-3:	|00001111 01000011 00110111 10111111|
Q-2:	|-000110- +1++++++ 110000+0 0000100+|
Q-1:	|-0110111 -+00010- 000+---0 1110010+|
Q0:	|--000010 0+---+++ 01-+1--1 +0100111| ok p=0.591797
Q1:	|.0+...-. 1.0+000+ ..+.++.. --.....1| ok p=0.952148
Q2:	|...+...- ..-..-.+ .+..-..+ .+......|
Saving 19520 paths...done.
Autobalance parameters: maxcond=2176
Verified: 0 bad out of 19520
Estimating maxcond for upper bound 8000000 (=2000000 * 4)...
t=2:  0%   10   20   30   40   50   60   70   80   90   100%
      |----|----|----|----|----|----|----|----|----|----|
e     ***************************************************
Found maxcond = 167
t=2:  0%   10   20   30   40   50   60   70   80   90   100%
      |----|----|----|----|----|----|----|----|----|----|
      ***************************************************
Q-3:	|00001111 01000011 00110111 10111111|
Q-2:	|-000110- +1++++++ 110000+0 0000100+|
Q-1:	|-0110111 -+00010- 000+---0 1110010+|
Q0:	|--000010 0+---+++ 01-+1--1 +0100111| ok p=0.291016
Q1:	|.1+0..-. 100+00+- ..++0-1. --.....1| ok p=0.384766
Q2:	|11++..-. .++11-.+ ..++.++. --......| ok p=0.541992
Q3:	|.+..+.+. ..-...-. +..-.+.. +.+.+.+.|
Saving 2000000 paths...done.
Autobalance parameters: maxcond=166
Verified: 76160 bad out of 2340356
Estimating maxcond for upper bound 8000000 (=2000000 * 4)...
t=3:  0%   10   20   30   40   50   60   70   80   90   100%
      |----|----|----|----|----|----|----|----|----|----|
e     ***************************************************
Found maxcond = 183
t=3:  0%   10   20   30   40   50   60   70   80   90   100%
      |----|----|----|----|----|----|----|----|----|----|
      ***************************************************
Q-3:	|00001111 01000011 00110111 10111111|
Q-2:	|-000110- +1++++++ 110000+0 0000100+|
Q-1:	|-0110111 -+00010- 000+---0 1110010+|
Q0:	|--000010 0+---+++ 01-+1--1 +0100111| ok p=0.320312
Q1:	|.1+1V.-. 1.0+111+ ..++0-1. --V....1| ok p=0.404297
Q2:	|110-..-. +0-01-1+ ..++.++. --......| ok p=0.53125
Q3:	|..10+.+. 0.-1.0.. ...+.++. ..+.....| ok p=0.462891
Q4:	|+...-.+. ...-.... -..+..+. ..+.+.-.|
Saving 2000000 paths...done.
Autobalance parameters: maxcond=182
Verified: 142439 bad out of 3101471
Estimating maxcond for upper bound 8000000 (=2000000 * 4)...
t=4:  0%   10   20   30   40   50   60   70   80   90   100%
      |----|----|----|----|----|----|----|----|----|----|
e     ***************************************************
Found maxcond = 198
t=4:  0%   10   20   30   40   50   60   70   80   90   100%
      |----|----|----|----|----|----|----|----|----|----|
      ***************************************************
Q-3:	|00001111 01000011 00110111 10111111|
Q-2:	|-000110- +1++++++ 110000+0 0000100+|
Q-1:	|-0110111 -+00010- 000+---0 1110010+|
Q0:	|--000010 0+---+++ 01-+1--1 +0100111| ok p=0.324219
Q1:	|.1+01.-. 1.0+001+ .+-+0-0. --.V...0| ok p=0.498047
Q2:	|10++0.1. +0-001-- .+...++. --V.....| ok p=0.467773
Q3:	|...+-.1. 0.-1..00 ..10.1+. ...+....| ok p=0.448242
Q4:	|..1.-... 1.....-1 .1...1-. 11+0....| ok p=0.647461
Q5:	|...-.... +..+.+.. +.+...-. .+.-.+.-|
Saving 2000000 paths...done.
Autobalance parameters: maxcond=197
Verified: 27456 bad out of 2555560
Estimating maxcond for upper bound 8000000 (=2000000 * 4)...
t=5:  0%   10   20   30   40   50   60   70   80   90   100%
      |----|----|----|----|----|----|----|----|----|----|
e     ***************************************************
Found maxcond = 213
t=5:  0%   10   20   30   40   50   60   70   80   90   100%
      |----|----|----|----|----|----|----|----|----|----|
      ***************************************************
Q-3:	|00001111 01000011 00110111 10111111|
Q-2:	|-000110- +1++++++ 110000+0 0000100+|
Q-1:	|-0110111 -+00010- 000+---0 1110010+|
Q0:	|--000010 0+---+++ 01-+1--1 +0100111| ok p=0.310547
Q1:	|.1+0V.-. 1.0+001+ .+-+0-0. --.V.V.0| ok p=0.479492
Q2:	|10++1.1. +1-11-0+ .+...++. --.1....| ok p=0.537109
Q3:	|...1+.1. 0.-0.0.. .101.1+. ...-.-.V| ok p=0.575195
Q4:	|..1-+... 1..0.-.1 .1...0+. 00.-.1..| ok p=0.84082
Q5:	|...-.... +.1+.+.. .+...... .....1.-| ok p=0.657227
Q6:	|.-...+.+ ....+..- .+...+.. -..+.-.+|
Saving 2000000 paths...done.
Autobalance parameters: maxcond=212
Verified: 160717 bad out of 3116298
Estimating maxcond for upper bound 8000000 (=2000000 * 4)...
t=6:  0%   10   20   30   40   50   60   70   80   90   100%
      |----|----|----|----|----|----|----|----|----|----|
e     ***************************************************
Found maxcond = 228
t=6:  0%   10   20   30   40   50   60   70   80   90   100%
      |----|----|----|----|----|----|----|----|----|----|
      ***************************************************
Q-3:	|00001111 01000011 00110111 10111111|
Q-2:	|-000110- +1++++++ 110000+0 0000100+|
Q-1:	|-0110111 -+00010- 000+---0 1110010+|
Q0:	|--000010 0+---+++ 01-+1--1 +0100111| ok p=0.157227
Q1:	|.1+0V.-. 100+001+ .+-+0-.- 0+V....0| ok p=0.503906
Q2:	|10++0.1. .+0011-- .+...+0+ 0+.V....| ok p=0.619141
Q3:	|...0+.1. .-.11.10 .010.1.1 .++....V| ok p=0.71582
Q4:	|..11-... .-.++.10 .1..V+.0 ..0-....| ok p=0.851562
Q5:	|..1+-... .1.-0... .+...+.. .010...-| ok p=0.712891
Q6:	|..-0.... .+.0+... .+..+... ...1...0| ok p=0.921875
Q7:	|..-.+..+ ....+... .+..+... -.+.....|
Saving 2000000 paths...done.
Autobalance parameters: maxcond=227
Verified: 15766 bad out of 2166600
Estimating maxcond for upper bound 8000000 (=2000000 * 4)...
t=7:  0%   10   20   30   40   50   60   70   80   90   100%
      |----|----|----|----|----|----|----|----|----|----|
e     ***************************************************
Found maxcond = 241
t=7:  0%   10   20   30   40   50   60   70   80   90   100%
      |----|----|----|----|----|----|----|----|----|----|
      ***************************************************
Q-3:	|00001111 01000011 00110111 10111111|
Q-2:	|-000110- +1++++++ 110000+0 0000100+|
Q-1:	|-0110111 -+00010- 000+---0 1110010+|
Q0:	|--000010 0+---+++ 01-+1--1 +0100111| ok p=0.584961
Q1:	|.+-1..-. 100+101+ .+0-0-0. --.....1| ok p=0.483398
Q2:	|1-1-..+. .+0+++1+ .+101.-. --......| ok p=0.74707
Q3:	|.-0+..-. .-+.00.. .1-1-11. +...V..V| ok p=0.879883
Q4:	|.-.1..-. .0-01+.1 .-+.1.0. +0..1..0| ok p=0.765625
Q5:	|...-..-. .++..+.. .++.1... +...-..-| ok p=0.513672
Q6:	|.1.0..-. .+1..... .++.+... -...-..+| ok p=0.764648
Q7:	|...-.... .+1..1.. ....0... 0......+| ok p=0.571289
Q8:	|.+.-..-. .+.-...- ....+..+ ...+...+|
Saving 2000000 paths...done.
Autobalance parameters: maxcond=239
Verified: 41352 bad out of 3494081
Estimating maxcond for upper bound 8000000 (=2000000 * 4)...
t=8:  0%   10   20   30   40   50   60   70   80   90   100%
      |----|----|----|----|----|----|----|----|----|----|
e     ***************************************************
Found maxcond = 253
t=8:  0%   10   20   30   40   50   60   70   80   90   100%
      |----|----|----|----|----|----|----|----|----|----|
      ***************************************************
Q-3:	|00001111 01000011 00110111 10111111|
Q-2:	|-000110- +1++++++ 110000+0 0000100+|
Q-1:	|-0110111 -+00010- 000+---0 1110010+|
Q0:	|--000010 0+---+++ 01-+1--1 +0100111| ok p=0.5
Q1:	|.1+0V.-. 1.0+001+ .+-+0-0. --0....0| ok p=0.485352
Q2:	|00++..1. +0-011-- .+...++. --1V....| ok p=0.574219
Q3:	|...0+.1. 0.-1110- .010.1+. ..+....V| ok p=1
Q4:	|..110... 1.0.-01- .1...1-. 000-.V..| ok p=0.96582
Q5:	|....-... 0.1.++.+ .+....-. 1.11...-| ok p=0.733398
Q6:	|....1... +.-.00.0 .+....+. -..0.+.0| ok p=0.975586
Q7:	|....1... -.0.01.0 .+....1. 0..-.0.1| ok p=1
Q8:	|........ -.1..... .+....1. 1..0.1..| ok p=0.936523
Q9:	|....+.-. .+.....- .+...... -....-..|
Saving 2000000 paths...done.
Autobalance parameters: maxcond=251
Verified: 4756 bad out of 3489967
Estimating maxcond for upper bound 8000000 (=2000000 * 4)...
t=9:  0%   10   20   30   40   50   60   70   80   90   100%
      |----|----|----|----|----|----|----|----|----|----|
e     ***************************************************
Found maxcond = 264
t=9:  0%   10   20   30   40   50   60   70   80   90   100%
      |----|----|----|----|----|----|----|----|----|----|
      ***************************************************
Q-3:	|00001111 01000011 00110111 10111111|
Q-2:	|-000110- +1++++++ 110000+0 0000100+|
Q-1:	|-0110111 -+00010- 000+---0 1110010+|
Q0:	|--000010 0+---+++ 01-+1--1 +0100111| ok p=0.488281
Q1:	|.1+0V.-. 1.0+001+ .+-+0-0. --0....0| ok p=0.500977
Q2:	|00++..1. +0-011-- .+...++. --1V....| ok p=0.548828
Q3:	|...0+.1. 0.-1110- .010.1+. ..+....V| ok p=1
Q4:	|..110... 1.0.-01- .1...1-. 000-.V..| ok p=0.952148
Q5:	|....-... 0.1.++.+ .+....-. 1.11...-| ok p=0.74707
Q6:	|....1... +.-.00.0 .+....+. -..0.+.0| ok p=0.976562
Q7:	|....1... -V0.01.0 .+....1. 0..-.1.1| ok p=0.996094
Q8:	|....1... +.0..... .+....0. 0..0.1..| ok p=0.963867
Q9:	|....-... --...... ........ -..1.-..| ok p=0.959961
Q10:	|........ -.-.-... .+...... -.....+.|
Saving 2000000 paths...done.
Autobalance parameters: maxcond=263
Verified: 11687 bad out of 2987457
Estimating maxcond for upper bound 8000000 (=2000000 * 4)...
t=10: 0%   10   20   30   40   50   60   70   80   90   100%
      |----|----|----|----|----|----|----|----|----|----|
e     ***************************************************
Found maxcond = 275
t=10: 0%   10   20   30   40   50   60   70   80   90   100%
      |----|----|----|----|----|----|----|----|----|----|
      ***************************************************
Q-3:	|00001111 01000011 00110111 10111111|
Q-2:	|-000110- +1++++++ 110000+0 0000100+|
Q-1:	|-0110111 -+00010- 000+---0 1110010+|
Q0:	|--000010 0+---+++ 01-+1--1 +0100111| ok p=0.482422
Q1:	|.1+0V.-. 1.0+001+ .+-+0-0. --0....0| ok p=0.513672
Q2:	|00++..1. +0-011-- .+...++. --1V....| ok p=0.536133
Q3:	|...0+.1. 0.-1110- .010.1+. ..+....V| ok p=1
Q4:	|..110... 1.0.-01- .1...1-. 000-.V..| ok p=0.97168
Q5:	|....-... 0.1.++.+ .+....-. 1.11...-| ok p=0.720703
Q6:	|....1... +.-.00.0 .+....+. -..0.+.0| ok p=0.984375
Q7:	|....1... -V0.01.0 .+....1. 0..-.1.1| ok p=1
Q8:	|....0... +10V.... V+....0. 1..0.1V.| ok p=0.957031
Q9:	|....-... --...... .+...... -..1.-..| ok p=0.945312
Q10:	|....0... --.+.... +....... 0....0+.| ok p=0.99707
Q11:	|.......- .+.-.... +......- .....+.-|
Saving 2000000 paths...done.
Autobalance parameters: maxcond=273
Verified: 1232 bad out of 3662701
Runtime: 266.133
Extend MD5 differential paths forward
Copyright (C) 2009 Marc Stevens
http://homepages.cwi.nl/~stevens/

delta_m[11] = [!31!]
Loading workdir5/paths10_0of1...done: 2000000 (work:2000000).
Estimating maxcond for upper bound 2000000 (=500000 * 4)...
t=11: 0%   10   20   30   40   50   60   70   80   90   100%
      |----|----|----|----|----|----|----|----|----|----|
e     ***************************************************
Found maxcond = 284
t=11: 0%   10   20   30   40   50   60   70   80   90   100%
      |----|----|----|----|----|----|----|----|----|----|
      ***************************************************
Q-3:	|00001111 01000011 00110111 10111111|
Q-2:	|-000110- +1++++++ 110000+0 0000100+|
Q-1:	|-0110111 -+00010- 000+---0 1110010+|
Q0:	|--000010 0+---+++ 01-+1--1 +0100111| ok p=0.509766
Q1:	|.1+0V.-. 1.0+001+ .+-+0-0. --0....0| ok p=0.508789
Q2:	|00++..1. +0-011-- .+...++. --1V....| ok p=0.536133
Q3:	|...0+.1. 0.-1110- .010.1+. ..+....V| ok p=1
Q4:	|..110... 1.0.-01- .1...1-. 000-.V..| ok p=0.961914
Q5:	|....-... 0.1.++.+ .+....-. 1.11...-| ok p=0.703125
Q6:	|....1... +.-.00.0 .+....+1 -..0.+.0| ok p=0.962891
Q7:	|....1... -00.00.0 .+....10 0..-.1.1| ok p=1
Q8:	|....0... +10..... .+....0+ 1..0.1V.| ok p=0.974609
Q9:	|....-... --0..... .-.....+ -..1.-0.| ok p=0.916992
Q10:	|....0... -1-..... .1.....+ 1....-+.| ok p=0.995117
Q11:	|....1... .+0..... .1...... -.....-.| ok p=0.34082
Q12:	|+.-....- ..+..... ........ -..+..-.|
Saving 500000 paths...done.
Autobalance parameters: maxcond=282
Verified: 1408 bad out of 882788
Runtime: 28.8001
