MD5 differential path toolbox
Copyright (C) 2009 Marc Stevens
http://homepages.cwi.nl/~stevens/

IHV1   = {256063423,3258478375,3078950628,2369830920}
IHV1   = bf37430f276f38c2e40e85b708c0408d

IHV2   = {256063423,38230439,927207653,218087945}
IHV2   = bf37430fa7594702e510443709c2ff0c

dIHV   = {0,1074719360,2143224321,2143224321}
NC0: delta c = delta d = [!-0,31!]
NC0: delta b           = [!-0,-20,-22,31!]
NC1: delta c = delta d = [!-9!]
NC1: delta b           = [!0,-9,30!]
NC2: delta c = delta d = [!16!]
NC2: delta b           = [!-7,16!]
NC3: delta c = delta d = [!22!]
NC3: delta b           = [!-11,13,22!]
NC0: prob=-9.31821
NC1: prob=-6.08234
NC2: prob=-7.63888
NC3: prob=-6.93221
delta m_11 = [!31!]
Q-3:	|00001111 01000011 00110111 10111111|
Q-2:	|-000110- +1++++++ 110000+0 0000100+|
Q-1:	|-0110111 -+00010- 000+---0 1110010+|
Q0:	|--000010 0+---+++ 01-+1--1 +0100111| ok p=0.266602
Q1:	|..+...-. ...+...+ .+.-.-.- .+......|
Saved lower diff. path to 'workdir5/lowerpath.bin.gz'.

Q32:	|........ ........ ........ ........|
Q33:	|........ ........ ........ ........|
Q34:	|........ ........ ........ ........|
Q35:	|........ ........ ........ ........| ok p=1
Q36:	|........ ........ ........ ........| ok p=1
Q37:	|........ ........ ........ ........| ok p=1
Q38:	|........ ........ ........ ........| ok p=1
Q39:	|........ ........ ........ ........| ok p=1
Q40:	|........ ........ ........ ........| ok p=1
Q41:	|........ ........ ........ ........| ok p=1
Q42:	|........ ........ ........ ........| ok p=1
Q43:	|........ ........ ........ ........| ok p=1
Q44:	|........ ........ ........ ........| ok p=1
Q45:	|........ ........ ........ ........| ok p=1
Q46:	|........ ........ ........ ........| ok p=1
Q47:	|........ ........ ........ ........| ok p=1
Q48:	|........ ........ ........ ........| ok p=1
Q49:	|........ ........ ........ ........| ok p=1
Q50:	|........ ........ ........ ........| ok p=1
Q51:	|........ ........ ........ ........| ok p=1
Q52:	|........ ........ ........ ........| ok p=1
Q53:	|........ ........ ........ ........| ok p=1
Q54:	|........ ........ ........ ........| ok p=1
Q55:	|........ ........ ........ ........| ok p=1
Q56:	|........ ........ ........ ........| ok p=1
Q57:	|........ ........ ........ ........| ok p=1
Q58:	|........ ........ ........ ........| ok p=1
Q59:	|........ ........ ........ ........| ok p=1
Q60:	|........ ........ ......0. ........| ok p=1
Q61:	|........ ........ ......0. ........| ok p=0.505859
Q62:	|........ ........ ......-. ........| ok p=1
Q63:	|........ ........ ......-. ........| ok p=0.246094
Q64:	|.+...... ........ ......-. .......+|
Saved upper diff. path to 'workdir5/upperpath.bin.gz'.
Saved 'md5diffpathforward.cfg'.
Saved 'md5diffpathbackward.cfg'.
Saved 'md5diffpathconnect.cfg'.
Saved 'md5diffpathhelper.cfg'.
